Clus run 'derisi0.names'
************************

Date: 3/3/23 8:42 PM
File: derisi_GO.f.out
Attributes: 64 (input: 63, output: 1)
Missing values: No

[General]
Verbose = 1
RandomSeed = 0
ResourceInfoLoaded = No
DoNotInduce = No
LoggingProperties = logging.properties

[Data]
File = raw_datasets/derisi_GO/derisi_GO.trainvalid.fake.arff
TestSet = None
PruneSet = None
XVal = 10
RemoveMissingTarget = No
NormalizeData = None

[Attributes]
Target = 64
Clustering = 64
Descriptive = 1-63
Key = None
Disable = None
Weights = Normalize
ClusteringWeights = 1.0
ReduceMemoryNominalAttrs = No
GIS = None

[Constraints]
Syntactic = None
MaxSize = Infinity
MaxError = 0.0
MaxDepth = Infinity

[Nominal]
MEstimate = 1.0

[Model]
MinimalWeight = 5.0
MinimalNumberExamples = 0
MinimalKnownWeight = 0.0
ParamTuneNumberFolds = 3
NominalSubsetTests = Yes

[Tree]
Heuristic = VarianceReduction
HeuristicComplexity = N2
SetDistance = GSMDistance
TupleDistance = Euclidean
TSDistance = DTW
PruningMethod = Default
FTest = 0.05
BinarySplit = Yes
ConvertToRules = No
AlternativeSplits = No
Optimize = []
MSENominal = No
SplitSampling = None
MissingClusteringAttrHandling = EstimateFromParentNode
MissingTargetAttrHandling = ParentNode
InductionOrder = DepthFirst
EntropyType = StandardEntropy
ConsiderUnlableInstancesInIGCalc = No
SpatialMatrix = Binary
SpatialMeasure = GlobalMoran
Bandwidth = 0.001
Longlat = No
NumNeightbours = 0.0
Alpha = 1.0
SplitPosition = Exact

[Hierarchical]
Type = Tree
Distance = WeightedEuclidean
WType = ExpAvgParentWeight
WParam = 0.75
HSeparator = /
EmptySetIndicator = n
OptimizeErrorMeasure = PooledAUPRC
DefinitionFile = None
NoRootPredictions = No
PruneInSig = 0.0
Bonferroni = No
SingleLabel = No
CalculateErrors = Yes
ClassificationThreshold = [0.0,2.0,4.0,6.0,8.0,10.0,12.0,14.0,16.0,18.0,20.0,22.0,24.0,26.0,28.0,30.0,32.0,34.0,36.0,38.0,40.0,42.0,44.0,46.0,48.0,50.0,52.0,54.0,56.0,58.0,60.0,62.0,64.0,66.0,68.0,70.0,72.0,74.0,76.0,78.0,80.0,82.0,84.0,86.0,88.0,90.0,92.0,94.0,96.0,98.0,100.0]
RecallValues = None
EvalClasses = None
MEstimate = No

[Relief]
Neighbours = [10,15]
Iterations = 1.0
WeightNeighbours = No
WeightingSigma = 0.5
ChosenInstances = [-1]
MultilabelDistance = HammingLoss
ReliefStatisticsType = DistanceClassic
MissingTargetHandling = Impute

[Ensemble]
Iterations = [10]
TimeBudget = 0
EnsembleMethod = RForest
EnsembleBootstrapping = Yes
VotingType = ProbabilityDistribution
SelectRandomSubspaces = 8
ROSTargetSubspaceSize = SQRT
ROSAlgorithmType = Disabled
ROSVotingType = SubspaceAveraging
PrintAllModels = No
PrintAllModelFiles = No
PrintAllModelInfo = No
PrintPaths = No
Optimize = No
OOBestimate = No
FeatureRanking = [Genie3, Symbolic]
FeatureRankingPerTarget = No
SymbolicWeight = Dynamic
SortRankingByRelevance = Yes
WriteEnsemblePredictions = No
EnsembleRandomDepth = No
BagSelection = -1
BagSize = 0
NumberOfThreads = 1

[kNN]
K = [1,5,10,15,20,25,30,35,40]
Distance = Euclidean
SearchMethod = BruteForce
DistanceWeighting = [Constant]
AttributeWeighting = none
ChosenInstancesTrain = [-1]
ChosenInstancesTest = [-1]
LoadNeighboursFiles = {}
SaveNeighboursFile = 
IsMlcKnn = No
MlcCountSmoother = 1.0

[SemiSupervised]
SemiSupervisedMethod = PCT
StoppingCriteria = NoneAdded
UnlabeledCriteria = Threshold
ConfidenceThreshold = 0.8
ConfidenceMeasure = Variance
Iterations = 10
K = 5
UnlabeledData = 
PercentageLabeled = 5
UseWeights = No
AirbagTrials = 0
ExhaustiveSearchThresholds = [0.5,0.6,0.7,0.8,0.9,0.99]
OOBErrorCalculation = LabeledOnly
Normalization = MinMaxNormalization
Aggregation = Average
CalibrateHmcThreshold = No
PruningWhenTuning = No
InternalFolds = 5
WeightScoresFile = NO
PossibleWeights = [0.0,0.1,0.2,0.3,0.4,0.5,0.6,0.7,0.8,0.9,1.0]
IterationsSupervisionOptimisation = 0
ForceInternalXValOptimisation = No
ImputeMissingTargetValues = No
InternalFold = -1
ProceedToMain = Yes

[Output]
ShowModels = [Default, Pruned, Others]
TrainErrors = No
ValidErrors = Yes
TestErrors = Yes
AllFoldModels = Yes
AllFoldErrors = No
AllFoldDatasets = No
UnknownFrequency = No
BranchFrequency = No
ShowInfo = [Count]
PrintModelAndExamples = No
WriteErrorFile = No
WriteModelFile = No
WritePerBagModelFile = Yes
WriteOOBFile = Yes
WritePredictions = []
GzipOutput = No
ModelIDFiles = No
WriteCurves = No
OutputPythonModel = No
PythonModelType = Object
OutputROSSubspaces = No
OutputJSONModel = No
OutputDatabaseQueries = No
OutputClowdFlowsJSON = No
ComputeSpearman = No

Run: 01
*******

Statistics
----------

FTValue (FTest): 0.05
Induction Time: 17.007 sec
Pruning Time: 0 sec
Prediction Time (total for ClusModel.Original): 
	0 microsecs
	0 millisecs
	0 secs
Prediction Time (average for ClusModel.Original): 0 microsecs
Model information:
     Default: Nodes = 1; Leaves = 1; Depth = 1
     Forest with 10 trees: FOREST with 10 models (Total nodes: 620; leaves: 315; average tree depth: 10.2)
     Forest with 10 trees(T = 0.0): FOREST with 10 models (Total nodes: 620; leaves: 315; average tree depth: 10.2)
     Forest with 10 trees(T = 2.0): FOREST with 10 models (Total nodes: 620; leaves: 315; average tree depth: 10.2)
     Forest with 10 trees(T = 4.0): FOREST with 10 models (Total nodes: 620; leaves: 315; average tree depth: 10.2)
     Forest with 10 trees(T = 6.0): FOREST with 10 models (Total nodes: 620; leaves: 315; average tree depth: 10.2)
     Forest with 10 trees(T = 8.0): FOREST with 10 models (Total nodes: 620; leaves: 315; average tree depth: 10.2)
     Forest with 10 trees(T = 10.0): FOREST with 10 models (Total nodes: 620; leaves: 315; average tree depth: 10.2)
     Forest with 10 trees(T = 12.0): FOREST with 10 models (Total nodes: 620; leaves: 315; average tree depth: 10.2)
     Forest with 10 trees(T = 14.0): FOREST with 10 models (Total nodes: 620; leaves: 315; average tree depth: 10.2)
     Forest with 10 trees(T = 16.0): FOREST with 10 models (Total nodes: 620; leaves: 315; average tree depth: 10.2)
     Forest with 10 trees(T = 18.0): FOREST with 10 models (Total nodes: 620; leaves: 315; average tree depth: 10.2)
     Forest with 10 trees(T = 20.0): FOREST with 10 models (Total nodes: 620; leaves: 315; average tree depth: 10.2)
     Forest with 10 trees(T = 22.0): FOREST with 10 models (Total nodes: 620; leaves: 315; average tree depth: 10.2)
     Forest with 10 trees(T = 24.0): FOREST with 10 models (Total nodes: 620; leaves: 315; average tree depth: 10.2)
     Forest with 10 trees(T = 26.0): FOREST with 10 models (Total nodes: 620; leaves: 315; average tree depth: 10.2)
     Forest with 10 trees(T = 28.0): FOREST with 10 models (Total nodes: 620; leaves: 315; average tree depth: 10.2)
     Forest with 10 trees(T = 30.0): FOREST with 10 models (Total nodes: 620; leaves: 315; average tree depth: 10.2)
     Forest with 10 trees(T = 32.0): FOREST with 10 models (Total nodes: 620; leaves: 315; average tree depth: 10.2)
     Forest with 10 trees(T = 34.0): FOREST with 10 models (Total nodes: 620; leaves: 315; average tree depth: 10.2)
     Forest with 10 trees(T = 36.0): FOREST with 10 models (Total nodes: 620; leaves: 315; average tree depth: 10.2)
     Forest with 10 trees(T = 38.0): FOREST with 10 models (Total nodes: 620; leaves: 315; average tree depth: 10.2)
     Forest with 10 trees(T = 40.0): FOREST with 10 models (Total nodes: 620; leaves: 315; average tree depth: 10.2)
     Forest with 10 trees(T = 42.0): FOREST with 10 models (Total nodes: 620; leaves: 315; average tree depth: 10.2)
     Forest with 10 trees(T = 44.0): FOREST with 10 models (Total nodes: 620; leaves: 315; average tree depth: 10.2)
     Forest with 10 trees(T = 46.0): FOREST with 10 models (Total nodes: 620; leaves: 315; average tree depth: 10.2)
     Forest with 10 trees(T = 48.0): FOREST with 10 models (Total nodes: 620; leaves: 315; average tree depth: 10.2)
     Forest with 10 trees(T = 50.0): FOREST with 10 models (Total nodes: 620; leaves: 315; average tree depth: 10.2)
     Forest with 10 trees(T = 52.0): FOREST with 10 models (Total nodes: 620; leaves: 315; average tree depth: 10.2)
     Forest with 10 trees(T = 54.0): FOREST with 10 models (Total nodes: 620; leaves: 315; average tree depth: 10.2)
     Forest with 10 trees(T = 56.0): FOREST with 10 models (Total nodes: 620; leaves: 315; average tree depth: 10.2)
     Forest with 10 trees(T = 58.0): FOREST with 10 models (Total nodes: 620; leaves: 315; average tree depth: 10.2)
     Forest with 10 trees(T = 60.0): FOREST with 10 models (Total nodes: 620; leaves: 315; average tree depth: 10.2)
     Forest with 10 trees(T = 62.0): FOREST with 10 models (Total nodes: 620; leaves: 315; average tree depth: 10.2)
     Forest with 10 trees(T = 64.0): FOREST with 10 models (Total nodes: 620; leaves: 315; average tree depth: 10.2)
     Forest with 10 trees(T = 66.0): FOREST with 10 models (Total nodes: 620; leaves: 315; average tree depth: 10.2)
     Forest with 10 trees(T = 68.0): FOREST with 10 models (Total nodes: 620; leaves: 315; average tree depth: 10.2)
     Forest with 10 trees(T = 70.0): FOREST with 10 models (Total nodes: 620; leaves: 315; average tree depth: 10.2)
     Forest with 10 trees(T = 72.0): FOREST with 10 models (Total nodes: 620; leaves: 315; average tree depth: 10.2)
     Forest with 10 trees(T = 74.0): FOREST with 10 models (Total nodes: 620; leaves: 315; average tree depth: 10.2)
     Forest with 10 trees(T = 76.0): FOREST with 10 models (Total nodes: 620; leaves: 315; average tree depth: 10.2)
     Forest with 10 trees(T = 78.0): FOREST with 10 models (Total nodes: 620; leaves: 315; average tree depth: 10.2)
     Forest with 10 trees(T = 80.0): FOREST with 10 models (Total nodes: 620; leaves: 315; average tree depth: 10.2)
     Forest with 10 trees(T = 82.0): FOREST with 10 models (Total nodes: 620; leaves: 315; average tree depth: 10.2)
     Forest with 10 trees(T = 84.0): FOREST with 10 models (Total nodes: 620; leaves: 315; average tree depth: 10.2)
     Forest with 10 trees(T = 86.0): FOREST with 10 models (Total nodes: 620; leaves: 315; average tree depth: 10.2)
     Forest with 10 trees(T = 88.0): FOREST with 10 models (Total nodes: 620; leaves: 315; average tree depth: 10.2)
     Forest with 10 trees(T = 90.0): FOREST with 10 models (Total nodes: 620; leaves: 315; average tree depth: 10.2)
     Forest with 10 trees(T = 92.0): FOREST with 10 models (Total nodes: 620; leaves: 315; average tree depth: 10.2)
     Forest with 10 trees(T = 94.0): FOREST with 10 models (Total nodes: 620; leaves: 315; average tree depth: 10.2)
     Forest with 10 trees(T = 96.0): FOREST with 10 models (Total nodes: 620; leaves: 315; average tree depth: 10.2)
     Forest with 10 trees(T = 98.0): FOREST with 10 models (Total nodes: 620; leaves: 315; average tree depth: 10.2)
     Forest with 10 trees(T = 100.0): FOREST with 10 models (Total nodes: 620; leaves: 315; average tree depth: 10.2)

Default Model
*************

[1,8.872088E-1,4.626073E-1,0,0,7.560278E-2,0,2.860646E-3,4.086637E-4,4.086637E-4,1.634655E-3,0,4.086637E-4,4.086637E-4,4.086637E-4,0,4.086637E-4,1.062526E-2,2.043318E-3,0,1.225991E-3,4.086637E-4,4.086637E-4,0,4.086637E-4,0,2.043318E-2,0,4.086637E-4,4.086637E-4,1.838987E-2,0,4.086637E-4,4.086637E-4,4.086637E-4,4.086637E-4,0,4.086637E-4,0,1.225991E-3,2.043318E-3,2.043318E-3,1.225991E-3,0,8.173273E-4,0,0,4.086637E-4,4.086637E-4,4.086637E-4,4.086637E-4,8.173273E-4,4.086637E-4,4.086637E-4,0,4.086637E-4,4.086637E-4,4.086637E-4,4.086637E-4,0,4.086637E-4,8.173273E-4,0,0,2.860646E-3,4.086637E-4,4.086637E-4,0,1.225991E-3,8.173273E-4,4.086637E-4,4.086637E-4,8.173273E-4,4.086637E-4,0,4.086637E-4,8.173273E-4,4.086637E-4,4.086637E-4,4.086637E-4,0,0,4.086637E-4,4.086637E-4,0,0,0,0,0,0,0,0,4.086637E-4,4.086637E-4,0,1.225991E-3,8.173273E-4,4.086637E-4,8.173273E-4,8.173273E-4,8.173273E-4,8.173273E-4,0,0,4.086637E-4,4.086637E-4,8.173273E-4,4.086637E-4,5.312628E-3,2.043318E-3,4.086637E-4,4.086637E-4,2.451982E-3,0,0,0,0,0,0,8.173273E-4,4.086637E-4,4.086637E-4,4.086637E-4,0,4.086637E-4,1.225991E-3,4.086637E-4,4.086637E-4,4.086637E-4,4.086637E-4,4.086637E-4,4.086637E-4,0,0,0,2.043318E-3,0,8.173273E-4,8.173273E-4,0,8.173273E-4,0,0,4.086637E-4,4.086637E-4,8.173273E-4,8.173273E-4,4.086637E-3,4.086637E-4,3.269309E-3,4.086637E-4,0,4.086637E-4,4.086637E-4,8.173273E-4,4.086637E-4,4.086637E-4,0,4.086637E-4,4.086637E-4,4.086637E-4,4.086637E-4,4.086637E-4,4.086637E-4,4.086637E-4,4.086637E-4,0,1.021659E-2,4.086637E-4,8.173273E-4,2.860646E-3,8.173273E-4,2.043318E-3,1.225991E-3,8.173273E-4,4.086637E-4,4.086637E-4,3.677973E-3,4.086637E-4,8.173273E-4,4.086637E-4,2.043318E-3,1.225991E-3,8.173273E-4,4.086637E-4,4.086637E-4,4.086637E-4,1.225991E-3,4.086637E-4,4.086637E-4,8.173273E-4,7.355946E-3,5.312628E-3,4.903964E-3,4.086637E-4,4.086637E-4,4.086637E-4,4.086637E-4,4.086637E-4,4.086637E-4,0,2.860646E-3,4.086637E-4,4.086637E-4,4.086637E-4,0,0,4.086637E-4,4.086637E-4,8.173273E-4,0,0,0,0,4.086637E-3,4.086637E-3,4.086637E-4,4.086637E-4,1.225991E-3,2.043318E-3,4.086637E-4,1.225991E-3,0,4.086637E-3,4.086637E-4,4.086637E-4,8.173273E-4,0,0,8.173273E-4,4.086637E-4,4.086637E-4,4.086637E-4,4.086637E-4,4.086637E-4,4.086637E-4,0,8.173273E-4,4.086637E-4,4.086637E-4,1.225991E-3,1.225991E-3,3.269309E-3,2.043318E-3,2.043318E-3,2.043318E-3,8.173273E-4,8.173273E-4,0,1.225991E-3,1.225991E-3,1.225991E-3,1.225991E-3,8.173273E-3,4.086637E-4,6.538619E-3,4.086637E-4,2.451982E-3,8.173273E-4,4.086637E-4,4.086637E-4,4.086637E-4,4.086637E-4,1.225991E-3,4.086637E-4,4.086637E-4,4.086637E-4,4.086637E-4,1.225991E-3,8.173273E-4,4.086637E-4,4.086637E-4,4.086637E-4,4.086637E-4,8.173273E-4,4.086637E-4,4.086637E-4,0,0,1.532489E-1,4.086637E-4,1.103392E-2,9.399264E-3,4.086637E-4,0,0,4.086637E-4,0,4.086637E-4,4.086637E-4,4.086637E-4,0,4.086637E-4,1.225991E-3,1.225991E-3,4.086637E-4,4.086637E-4,0,4.086637E-4,4.086637E-4,0,0,6.947282E-3,4.086637E-4,4.086637E-4,4.086637E-4,4.086637E-4,0,8.173273E-4,4.086637E-4,4.086637E-4,4.086637E-4,1.225991E-3,4.086637E-4,0,0,0,0,0,8.173273E-4,0,4.086637E-4,4.086637E-4,4.086637E-4,4.086637E-4,4.086637E-4,4.086637E-4,4.086637E-4,4.086637E-4,0,4.086637E-4,0,0,0,1.225991E-3,1.225991E-3,0,4.086637E-4,0,0,4.086637E-4,0,0,0,4.086637E-4,0,0,0,0,4.086637E-4,4.086637E-4,4.086637E-4,0,0,4.086637E-4,0,0,4.086637E-4,4.086637E-4,4.086637E-4,4.086637E-4,4.086637E-4,0,1.634655E-3,4.086637E-4,4.086637E-4,4.086637E-4,0,4.086637E-4,0,0,0,1.634655E-3,8.173273E-4,4.086637E-4,4.086637E-4,2.125051E-2,1.675521E-2,1.225991E-3,0,0,1.225991E-3,4.086637E-3,8.173273E-4,4.086637E-4,4.086637E-4,0,0,8.173273E-4,8.173273E-4,2.043318E-3,0,8.173273E-4,4.086637E-4,0,8.173273E-4,0,6.129955E-3,4.903964E-3,4.086637E-4,0,4.086637E-3,1.225991E-3,0,0,2.860646E-3,2.860646E-3,4.086637E-4,0,4.086637E-4,0,4.086637E-4,4.086637E-4,4.086637E-4,4.086637E-4,0,4.086637E-4,4.086637E-4,4.086637E-4,8.173273E-4,4.086637E-4,0,4.086637E-4,4.086637E-4,8.173273E-4,4.086637E-4,2.043318E-3,4.086637E-4,8.173273E-4,8.173273E-4,8.173273E-4,4.086637E-4,4.086637E-4,0,0,0,0,0,4.086637E-4,4.086637E-4,4.086637E-4,0,4.086637E-4,8.173273E-4,4.086637E-4,4.086637E-4,1.225991E-3,1.225991E-3,1.225991E-3,8.173273E-4,1.225991E-3,0,4.086637E-4,0,0,4.086637E-4,0,0,2.451982E-3,8.173273E-4,4.086637E-4,0,4.086637E-4,8.173273E-4,8.173273E-4,0,2.370249E-2,0,1.675521E-2,9.807928E-3,2.043318E-3,8.173273E-4,4.086637E-4,2.860646E-3,0,0,0,2.043318E-3,0,2.043318E-3,4.086637E-4,4.086637E-4,4.086637E-4,0,4.086637E-4,4.086637E-4,4.086637E-4,4.086637E-4,4.086637E-4,4.086637E-4,4.086637E-4,4.086637E-4,1.225991E-3,8.173273E-4,4.086637E-4,0,8.173273E-4,3.269309E-3,4.086637E-4,2.451982E-3,0,8.173273E-4,4.086637E-4,4.086637E-4,0,8.173273E-4,0,4.086637E-4,0,4.086637E-4,0,0,0,4.086637E-4,4.086637E-4,4.086637E-4,4.086637E-4,8.173273E-4,4.086637E-4,4.495300E-3,4.086637E-4,0,0,4.086637E-4,0,4.086637E-4,4.086637E-4,8.173273E-4,4.086637E-4,8.173273E-4,4.086637E-4,4.086637E-4,4.086637E-4,4.086637E-4,1.144258E-2,0,4.086637E-4,4.086637E-4,4.086637E-4,0,1.634655E-3,4.086637E-4,4.086637E-4,1.634655E-3,4.086637E-4,4.086637E-4,2.860646E-3,4.086637E-4,0,0,0,8.173273E-4,8.173273E-4,0,4.086637E-4,0,8.173273E-4,1.225991E-3,4.086637E-4,1.225991E-3,4.086637E-4,8.173273E-4,4.086637E-4,4.086637E-4,4.086637E-4,4.086637E-4,4.086637E-4,4.086637E-4,4.086637E-4,4.086637E-3,4.086637E-3,4.086637E-4,4.086637E-4,0,4.086637E-4,4.086637E-4,4.086637E-4,4.086637E-4,4.086637E-4,4.086637E-4,4.086637E-4,0,0,0,0,4.086637E-4,4.086637E-4,0,0,4.086637E-4,4.086637E-4,0,0,0,4.086637E-4,4.086637E-4,6.334287E-2,1.185125E-2,8.173273E-4,4.086637E-4,0,0,4.086637E-4,4.086637E-4,4.086637E-4,4.086637E-4,4.086637E-4,0,4.086637E-4,4.086637E-4,4.086637E-4,4.086637E-4,4.086637E-4,8.173273E-4,1.225991E-3,4.086637E-4,8.173273E-4,2.451982E-3,4.086637E-4,8.173273E-4,8.173273E-4,0,1.634655E-3,1.225991E-3,4.086637E-4,0,4.086637E-4,8.173273E-4,0,4.086637E-4,3.677973E-2,0,4.086637E-4,4.086637E-4,4.086637E-4,4.086637E-4,0,4.086637E-4,0,4.086637E-4,8.173273E-4,8.173273E-4,8.173273E-4,8.173273E-4,8.173273E-4,0,4.086637E-4,4.086637E-4,2.533715E-2,0,0,2.370249E-2,0,2.043318E-3,1.225991E-3,1.225991E-3,1.634655E-3,4.086637E-4,0,1.225991E-3,1.225991E-3,8.173273E-4,8.173273E-4,8.173273E-4,4.086637E-4,2.451982E-3,1.634655E-3,1.634655E-3,4.086637E-4,4.086637E-4,4.086637E-4,0,0,4.086637E-4,8.173273E-4,4.086637E-4,4.086637E-4,4.086637E-4,1.634655E-3,4.086637E-4,1.225991E-3,0,4.086637E-4,4.086637E-4,8.173273E-4,4.086637E-4,4.086637E-4,4.086637E-4,0,8.173273E-4,4.086637E-4,0,0,0,4.086637E-4,4.086637E-4,4.086637E-4,4.086637E-4,4.086637E-4,4.086637E-4,1.225991E-3,1.225991E-3,0,0,0,0,0,2.860646E-3,4.086637E-4,2.043318E-3,4.086637E-4,1.307724E-2,4.086637E-4,4.086637E-4,4.086637E-4,0,3.677973E-3,8.173273E-4,4.086637E-4,1.634655E-3,4.086637E-4,4.086637E-4,4.086637E-4,1.225991E-3,8.173273E-4,4.086637E-4,4.086637E-4,8.173273E-4,0,4.086637E-4,4.086637E-4,4.086637E-4,4.086637E-4,4.086637E-4,0,0,1.225991E-3,0,4.086637E-4,8.173273E-4,8.173273E-4,6.129955E-3,6.129955E-3,6.129955E-3,3.269309E-3,0,1.225991E-3,4.495300E-3,4.086637E-4,4.086637E-4,4.086637E-4,2.043318E-3,4.086637E-4,4.086637E-4,8.173273E-4,4.086637E-4,4.086637E-4,4.086637E-4,4.086637E-4,1.225991E-3,0,3.677973E-3,4.086637E-4,4.086637E-4,2.451982E-3,4.086637E-4,1.225991E-3,4.086637E-4,4.086637E-4,8.173273E-4,0,1.389456E-2,1.144258E-2,8.173273E-3,1.634655E-3,0,4.086637E-4,2.043318E-3,0,1.225991E-3,1.225991E-3,1.900286E-1,4.086637E-4,2.370249E-2,2.247650E-2,6.947282E-3,2.451982E-3,1.634655E-3,4.086637E-4,1.225991E-3,5.721291E-3,5.312628E-3,4.086637E-4,4.086637E-4,0,4.903964E-3,4.903964E-3,0,1.634655E-3,5.721291E-3,4.495300E-3,3.677973E-3,2.043318E-3,4.086637E-4,4.086637E-4,8.173273E-4,4.086637E-4,1.225991E-3,1.225991E-3,0,0,0,0,4.086637E-3,4.086637E-3,0,5.190029E-2,2.084185E-2,4.086637E-3,0,0,5.721291E-3,3.269309E-3,3.269309E-3,2.043318E-3,4.086637E-4,8.173273E-4,0,0,1.225991E-3,4.086637E-4,2.451982E-3,0,0,3.677973E-3,3.677973E-3,1.225991E-3,4.086637E-4,4.086637E-4,8.173273E-4,4.086637E-4,4.086637E-4,1.021659E-2,0,6.538619E-3,4.086637E-3,1.225991E-3,4.086637E-4,2.043318E-3,4.086637E-4,0,4.086637E-4,4.086637E-4,2.860646E-3,2.860646E-3,2.451982E-3,4.086637E-4,4.086637E-4,0,0,0,4.086637E-4,3.677973E-3,8.173273E-4,4.086637E-4,8.173273E-4,0,1.225991E-3,8.173273E-4,4.086637E-4,4.086637E-4,4.086637E-4,0,0,0,0,0,0,0,0,2.125051E-2,2.860646E-3,8.173273E-4,0,8.173273E-4,8.173273E-4,4.086637E-4,8.173273E-4,4.086637E-4,4.086637E-4,0,4.086637E-4,4.086637E-4,0,1.838987E-2,0,8.173273E-4,4.086637E-4,4.086637E-4,4.086637E-4,9.399264E-3,4.903964E-3,8.173273E-4,8.173273E-4,4.086637E-4,4.086637E-3,4.086637E-4,4.086637E-4,2.043318E-3,8.173273E-4,0,8.173273E-4,4.086637E-4,4.086637E-4,0,2.860646E-3,4.086637E-4,2.451982E-3,8.173273E-4,8.173273E-4,4.086637E-4,4.086637E-4,4.086637E-4,0,4.086637E-4,4.086637E-4,4.086637E-4,4.086637E-4,4.086637E-4,4.086637E-4,1.225991E-3,0,0,0,0,0,1.225991E-3,8.173273E-4,8.173273E-4,0,4.086637E-4,4.086637E-4,4.086637E-4,4.086637E-4,4.086637E-4,5.312628E-3,2.860646E-3,0,4.086637E-4,8.173273E-4,4.086637E-4,4.086637E-4,1.225991E-2,8.581937E-3,4.086637E-4,0,0,0,4.086637E-4,1.225991E-3,1.225991E-3,4.086637E-4,8.173273E-4,8.173273E-4,4.903964E-3,0,0,8.173273E-4,8.173273E-4,4.086637E-4,0,3.677973E-3,4.086637E-4,8.173273E-4,2.043318E-3,2.043318E-3,8.173273E-4,4.086637E-4,4.086637E-4,0,0,8.173273E-4,4.086637E-4,0,0,0,4.086637E-4,0,2.860646E-3,8.173273E-4,4.086637E-4,2.043318E-3,1.634655E-3,8.173273E-4,1.225991E-3,4.086637E-4,4.086637E-4,4.086637E-4,4.086637E-4,4.086637E-4,4.086637E-4,4.086637E-4,4.086637E-4,4.086637E-4,8.173273E-4,4.086637E-4,0,0,0,0,0,0,1.430323E-2,7.764610E-3,4.086637E-4,4.086637E-4,0,4.086637E-4,2.043318E-3,8.173273E-4,8.173273E-4,2.043318E-3,2.043318E-3,1.225991E-3,4.086637E-4,8.173273E-4,0,0,0,4.086637E-4,4.086637E-4,0,4.086637E-4,0,4.086637E-4,4.086637E-4,0,0,4.086637E-4,1.225991E-3,0,4.086637E-4,8.173273E-4,4.495300E-3,0,1.225991E-3,1.225991E-3,4.086637E-4,8.173273E-4,4.086637E-4,4.086637E-4,4.086637E-4,0,1.634655E-3,8.173273E-4,4.086637E-4,4.086637E-4,0,4.086637E-4,4.086637E-4,0,4.086637E-4,4.086637E-4,4.086637E-4,4.086637E-4,8.949734E-2,8.949734E-2,8.949734E-2,4.086637E-4,4.086637E-4,8.173273E-4,8.173273E-4,1.225991E-3,0,8.173273E-4,0,0,0,4.086637E-4,4.086637E-4,0,4.086637E-4,4.086637E-4,0,4.086637E-4,8.418472E-2,3.677973E-3,1.225991E-3,1.634655E-3,1.634655E-2,1.348590E-2,6.538619E-3,8.173273E-4,8.173273E-4,8.173273E-4,2.043318E-3,0,0,4.086637E-4,0,0,6.007356E-2,4.331835E-2,4.086637E-4,0,1.225991E-2,8.173273E-4,5.312628E-3,8.173273E-4,2.451982E-3,1.634655E-3,8.173273E-4,8.173273E-4,4.086637E-4,4.086637E-4,1.225991E-3,9.807928E-3,9.807928E-3,4.086637E-4,4.086637E-4,2.043318E-3,1.593788E-2,8.173273E-4,1.512056E-2,1.634655E-3,8.173273E-4,8.173273E-4,4.086637E-4,0,0,0,8.173273E-4,4.086637E-4,4.086637E-4,8.173273E-3,8.173273E-4,8.173273E-3,1.225991E-3,4.086637E-4,8.173273E-4,8.173273E-4,4.086637E-4,4.086637E-3,8.173273E-4,3.677973E-3,1.634655E-3,0,0,0,4.086637E-4,1.634655E-3,8.173273E-4,8.173273E-4,4.086637E-4,1.225991E-3,4.086637E-4,4.086637E-4,0,4.086637E-4,0,0,0,0,0,0,0,0,4.086637E-4,4.086637E-4,0,0,0,0,0,0,0,0,0,0,0,0,0,0,0,0,4.086637E-4,4.086637E-4,4.086637E-4,0,0,0,0,0,0,2.370249E-2,8.173273E-4,4.086637E-4,7.355946E-3,0,5.312628E-3,4.086637E-4,0,0,4.086637E-4,0,4.086637E-4,8.173273E-4,4.086637E-4,4.086637E-4,1.634655E-3,0,4.086637E-4,1.634655E-3,1.634655E-3,1.634655E-3,4.086637E-4,8.173273E-4,4.086637E-4,0,4.086637E-4,4.086637E-4,0,1.634655E-3,8.173273E-4,4.086637E-4,4.086637E-4,8.990601E-3,8.173273E-3,4.086637E-4,0,8.173273E-4,0,4.086637E-4,4.086637E-4,4.086637E-4,0,4.086637E-4,4.086637E-4,2.043318E-3,4.086637E-4,4.086637E-4,4.086637E-4,4.086637E-4,0,0,4.086637E-4,0,0,8.173273E-4,1.225991E-3,4.086637E-4,4.086637E-4,4.086637E-4,4.495300E-3,2.043318E-3,1.225991E-3,8.173273E-4,4.086637E-4,1.225991E-3,4.086637E-4,0,8.173273E-4,4.086637E-4,1.225991E-3,1.225991E-3,1.634655E-3,8.173273E-4,8.173273E-4,4.086637E-4,0,4.086637E-4,4.086637E-4,4.086637E-4,4.086637E-4,4.086637E-4,1.062526E-2,1.225991E-3,1.225991E-3,4.086637E-4,1.225991E-3,0,0,2.043318E-3,8.173273E-4,4.086637E-4,0,0,4.086637E-4,0,0,1.225991E-3,0,8.173273E-4,4.086637E-4,0,6.129955E-3,8.173273E-4,2.451982E-3,2.451982E-3,4.086637E-4,8.173273E-4,0,4.086637E-4,4.086637E-4,0,4.086637E-4,4.086637E-4,4.086637E-4,4.086637E-4,2.533715E-2,1.021659E-2,1.021659E-2,4.086637E-4,4.086637E-4,4.086637E-4,4.086637E-4,4.086637E-4,4.086637E-4,4.086637E-4,4.086637E-4,4.086637E-4,8.173273E-4,4.086637E-4,0,8.173273E-4,1.225991E-3,8.173273E-4,4.086637E-4,4.086637E-4,4.086637E-4,8.173273E-4,4.086637E-4,6.538619E-3,3.269309E-3,4.086637E-4,4.086637E-4,4.086637E-4,4.086637E-4,4.086637E-4,4.086637E-4,2.451982E-3,8.173273E-4,8.173273E-4,8.173273E-4,8.173273E-4,8.173273E-4,4.086637E-4,8.173273E-4,8.173273E-4,8.173273E-4,4.086637E-4,0,8.581937E-3,0,0,0,4.086637E-4,0,0,4.086637E-4,4.086637E-4,0,0,1.225991E-3,4.086637E-4,4.086637E-4,2.451982E-3,8.173273E-4,4.086637E-4,4.086637E-4,0,4.086637E-4,4.086637E-4,8.173273E-4,4.086637E-4,0,4.086637E-4,2.451982E-3,8.173273E-4,0,4.086637E-4,4.086637E-4,8.173273E-4,4.086637E-4,4.086637E-4,4.086637E-4,4.086637E-4,4.086637E-4,4.086637E-4,0,0,0,0,8.173273E-4,8.173273E-4,8.173273E-4,0,0,0,0,6.947282E-3,4.495300E-3,1.634655E-3,8.173273E-4,4.086637E-4,4.086637E-4,1.266857E-2,1.634655E-3,2.451982E-3,2.043318E-3,4.086637E-4,4.086637E-4,8.173273E-4,4.086637E-4,0,6.947282E-3,6.947282E-3,1.225991E-3,0,4.086637E-4,0,0,0,7.478545E-2,4.822231E-2,3.677973E-3,7.764610E-3,5.312628E-3,7.887209E-2,4.903964E-3,8.173273E-4,1.634655E-3,4.086637E-4,8.173273E-4,2.043318E-3,4.086637E-4,0,7.355946E-3,0,6.620351E-2,4.086637E-4,1.225991E-3,4.577033E-2,1.225991E-3,3.269309E-2,0,8.173273E-4,4.086637E-4,1.225991E-3,3.677973E-3,1.225991E-3,2.860646E-3,4.086637E-4,1.225991E-3,1.225991E-3,8.173273E-4,8.173273E-4,4.086637E-4,4.086637E-4,4.086637E-4,8.173273E-4,4.086637E-4,8.173273E-4,8.173273E-4,8.173273E-4,4.086637E-4,8.173273E-4,1.225991E-3,0,0,0,4.086637E-4,4.086637E-4,4.086637E-4,4.086637E-4,2.043318E-2,0,0,0,1.307724E-2,1.185125E-2,8.990601E-3,4.086637E-4,4.086637E-4,4.086637E-4,7.355946E-3,4.086637E-4,4.086637E-4,1.634655E-3,1.634655E-3,8.173273E-4,1.225991E-3,4.086637E-4,4.086637E-4,1.634655E-3,4.086637E-4,4.086637E-4,4.086637E-4,4.086637E-4,0,0,0,0,0,0,0,0,0,0,7.764610E-3,8.173273E-4,8.173273E-4,4.086637E-4,4.086637E-4,0,0,5.721291E-3,1.634655E-3,2.451982E-3,1.225991E-3,8.173273E-4,1.634655E-3,4.086637E-4,4.086637E-4,4.086637E-4,0,0,4.086637E-4,8.173273E-4,8.173273E-4,4.086637E-4,1.634655E-2,1.307724E-2,0,4.086637E-4,4.086637E-4,1.266857E-2,2.451982E-3,0,4.086637E-4,1.225991E-3,8.173273E-4,0,4.086637E-4,8.173273E-4,4.086637E-4,4.086637E-4,4.086637E-4,4.086637E-4,2.451982E-3,8.173273E-4,0,0,0,4.086637E-4,8.173273E-4,4.086637E-4,0,1.225991E-3,8.173273E-4,8.173273E-4,6.538619E-3,0,0,0,0,2.043318E-3,0,4.086637E-4,0,2.043318E-3,8.173273E-4,4.086637E-4,0,0,0,4.495300E-3,4.086637E-4,0,0,4.086637E-4,4.086637E-4,8.173273E-4,8.173273E-4,4.086637E-4,4.086637E-4,4.086637E-4,4.086637E-4,1.634655E-3,4.086637E-4,8.173273E-4,4.086637E-4,0,0,0,0,6.947282E-3,8.173273E-4,8.173273E-4,4.086637E-4,4.086637E-4,6.947282E-3,6.538619E-3,4.086637E-4,6.538619E-3,2.451982E-3,1.634655E-3,6.538619E-3,2.451982E-3,1.225991E-3,2.043318E-3,0,0,4.086637E-4,4.086637E-4,2.451982E-3,4.086637E-4,0,0,0,3.677973E-3,1.225991E-3,1.634655E-3,1.634655E-3,1.225991E-3,8.173273E-4,0,8.173273E-4,4.086637E-4,4.086637E-4,4.086637E-4,0,0,3.269309E-3,1.634655E-3,8.173273E-4,4.086637E-4,4.086637E-4,8.173273E-4,4.086637E-4,0,0,0,4.086637E-4,0,4.086637E-4,1.225991E-3,8.173273E-4,4.086637E-4,0,4.086637E-4,4.086637E-4,0,0,0,0,0,4.086637E-4,0,0,0,4.086637E-4,0,0,0,0,0,0,0,0,0,0,9.807928E-3,7.764610E-3,4.086637E-4,2.043318E-3,5.312628E-3,4.086637E-4,4.086637E-4,4.086637E-4,2.043318E-3,2.043318E-3,2.043318E-3,0,3.677973E-3,4.086637E-4,3.269309E-3,2.043318E-3,1.225991E-3,4.086637E-4,4.086637E-4,0,4.086637E-4,4.086637E-4,4.086637E-4,0,0,4.086637E-4,4.086637E-4,0,4.086637E-4,2.043318E-3,4.086637E-4,0,1.225991E-3,1.225991E-3,8.173273E-4,4.086637E-4,8.173273E-4,4.086637E-4,0,6.080915E-1,0,2.329383E-2,4.086637E-4,1.969759E-1,1.103392E-2,2.860646E-3,0,0,4.086637E-4,8.173273E-4,0,8.173273E-4,8.173273E-4,4.086637E-4,6.947282E-3,5.312628E-3,0,4.086637E-4,2.165917E-2,1.348590E-2,8.173273E-4,5.312628E-3,4.086637E-4,4.086637E-4,8.173273E-3,5.721291E-3,4.086637E-4,8.173273E-4,4.086637E-4,4.086637E-4,4.086637E-4,4.086637E-4,4.086637E-4,4.086637E-4,0,2.411116E-2,1.225991E-3,1.225991E-3,1.430323E-2,3.677973E-3,4.086637E-4,8.173273E-4,1.634655E-3,8.173273E-4,1.225991E-3,7.355946E-3,3.677973E-3,4.086637E-4,8.173273E-4,4.086637E-4,0,4.086637E-4,4.086637E-4,4.086637E-4,4.086637E-4,6.129955E-3,4.086637E-4,1.225991E-3,4.045770E-2,4.086637E-4,4.086637E-4,4.086637E-4,7.764610E-3,2.043318E-3,5.721291E-3,4.086637E-4,8.173273E-4,4.086637E-4,8.173273E-4,1.634655E-3,1.634655E-3,8.173273E-4,4.086637E-4,4.086637E-4,4.086637E-4,4.086637E-4,4.086637E-3,4.086637E-3,4.086637E-4,1.920719E-2,6.947282E-3,8.173273E-4,3.269309E-3,4.086637E-4,8.173273E-4,4.086637E-4,4.086637E-4,1.144258E-2,1.062526E-2,4.903964E-3,1.225991E-3,0,8.173273E-4,4.495300E-3,8.173273E-4,4.086637E-3,4.086637E-3,3.677973E-3,1.225991E-3,1.225991E-3,4.086637E-4,0,4.495300E-3,0,0,1.225991E-3,5.312628E-3,4.086637E-4,4.086637E-4,1.634655E-3,8.990601E-3,8.173273E-4,4.086637E-4,4.086637E-4,2.860646E-3,4.086637E-4,4.086637E-4,5.312628E-3,4.086637E-4,1.225991E-3,8.990601E-3,8.173273E-4,4.086637E-4,8.173273E-3,4.903964E-3,8.173273E-3,0,1.634655E-3,2.043318E-3,3.024111E-2,4.086637E-4,2.043318E-3,4.086637E-4,8.173273E-4,2.043318E-3,4.086637E-4,0,8.173273E-4,2.370249E-2,7.355946E-3,1.021659E-2,4.086637E-4,8.173273E-4,0,2.002452E-2,4.495300E-3,1.225991E-3,8.173273E-4,8.173273E-4,1.225991E-3,8.173273E-4,4.086637E-4,4.086637E-4,0,0,0,0,0,0,4.086637E-4,4.086637E-4,4.086637E-4,0,5.312628E-3,4.086637E-4,3.269309E-3,4.086637E-4,1.021659E-2,1.021659E-2,9.399264E-3,1.225991E-3,4.086637E-4,4.086637E-4,4.086637E-4,3.677973E-3,1.225991E-3,1.634655E-3,4.086637E-4,4.086637E-4,0,2.055578E-1,1.896199E-1,1.667348E-1,4.086637E-4,1.479362E-1,2.043318E-3,1.471189E-1,4.086637E-4,4.086637E-4,1.467103E-1,8.173273E-4,0,4.086637E-4,0,1.920719E-2,1.920719E-2,1.920719E-2,0,3.677973E-3,3.677973E-3,5.721291E-3,2.860646E-3,3.269309E-3,7.764610E-3,1.225991E-3,8.173273E-4,0,0,4.086637E-4,4.086637E-4,1.430323E-2,0,4.086637E-4,2.860646E-3,4.086637E-4,1.062526E-2,1.062526E-2,8.173273E-4,8.173273E-4,8.173273E-4,4.086637E-4,0,8.173273E-4,4.086637E-4,4.086637E-4,2.043318E-3,0,1.634655E-3,4.086637E-4,1.794034E-1,2.043318E-2,2.002452E-2,1.634655E-3,4.086637E-4,0,1.552922E-2,2.451982E-3,1.266857E-2,2.860646E-3,6.947282E-3,4.086637E-3,4.495300E-3,2.860646E-3,4.086637E-4,2.043318E-3,2.860646E-3,0,0,4.086637E-4,1.622395E-1,1.618308E-1,1.552922E-2,6.129955E-3,8.173273E-4,8.173273E-4,5.149162E-2,5.312628E-3,2.043318E-3,0,0,6.129955E-3,8.173273E-4,0,4.086637E-4,4.086637E-4,3.841438E-2,2.043318E-3,8.173273E-4,0,0,1.634655E-2,4.086637E-4,1.225991E-3,8.173273E-4,4.086637E-4,4.086637E-4,4.086637E-4,1.021659E-2,1.225991E-3,6.129955E-3,0,2.043318E-3,8.173273E-4,4.086637E-4,0,4.086637E-4,0,1.512056E-2,1.225991E-3,4.086637E-4,1.225991E-3,0,0,0,1.103392E-2,4.086637E-3,0,7.764610E-3,0,0,0,0,0,2.562321E-1,2.464242E-1,0,1.311810E-1,3.677973E-3,2.451982E-3,4.086637E-4,1.225991E-3,8.173273E-4,6.538619E-3,4.086637E-4,4.086637E-4,2.411116E-2,1.634655E-3,2.860646E-3,8.173273E-4,4.086637E-4,4.086637E-4,4.086637E-4,0,1.307724E-2,2.043318E-3,0,0,8.173273E-4,7.764610E-3,2.451982E-3,0,0,8.173273E-3,3.677973E-3,3.269309E-3,1.634655E-3,0,1.838987E-2,6.947282E-3,3.269309E-3,0,0,3.677973E-2,2.983245E-2,2.451982E-2,2.165917E-2,4.086637E-4,2.043318E-3,4.086637E-4,4.086637E-4,3.269309E-3,3.269309E-3,8.173273E-4,1.225991E-3,1.225991E-3,8.173273E-4,4.086637E-4,4.086637E-4,0,1.634655E-3,4.086637E-4,2.043318E-3,8.173273E-4,1.148345E-1,6.129955E-3,1.225991E-3,4.086637E-4,4.086637E-4,1.634655E-3,8.173273E-4,0,1.634655E-3,0,0,1.634655E-3,1.634655E-3,2.165917E-2,1.225991E-3,8.173273E-4,4.086637E-4,4.086637E-4,1.430323E-2,9.399264E-3,4.086637E-3,1.225991E-3,1.225991E-3,4.086637E-4,1.634655E-3,4.086637E-3,1.634655E-3,1.225991E-3,1.634655E-3,4.086637E-4,4.086637E-4,4.086637E-4,1.225991E-3,1.348590E-2,8.173273E-4,1.634655E-3,2.451982E-3,1.225991E-3,2.860646E-3,4.086637E-4,0,0,8.173273E-4,0,2.451982E-3,8.173273E-4,8.173273E-4,4.086637E-4,8.173273E-4,4.086637E-4,4.086637E-4,0,4.086637E-4,4.086637E-4,2.860646E-3,2.860646E-3,2.451982E-3,1.225991E-3,1.225991E-3,5.721291E-3,5.721291E-3,0,0,1.225991E-3,4.086637E-4,0,0,0,8.173273E-4,2.860646E-3,4.086637E-4,2.451982E-3,0,3.269309E-3,8.173273E-4,2.451982E-3,0,2.451982E-3,1.225991E-3,0,8.173273E-4,0,8.173273E-4,4.086637E-4,4.086637E-4,8.173273E-4,4.781365E-2,4.086637E-4,4.740499E-2,2.860646E-3,4.086637E-4,8.173273E-4,4.086637E-4,4.086637E-4,4.086637E-4,4.086637E-4,0,9.807928E-3,0,8.173273E-4,4.086637E-4,4.086637E-4,3.269309E-3,3.269309E-3,1.634655E-3,8.173273E-4,1.634655E-3,1.225991E-3,4.086637E-4,8.581937E-3,0,7.764610E-3,1.225991E-3,1.225991E-3,0,0,6.538619E-3,1.225991E-3,5.312628E-3,0,5.312628E-3,8.173273E-4,4.086637E-4,4.086637E-4,4.086637E-4,1.225991E-3,1.225991E-3,1.593788E-2,1.185125E-2,1.225991E-3,4.086637E-4,4.086637E-4,1.144258E-2,4.086637E-3,3.677973E-3,4.086637E-4,4.086637E-4,0,0,0,0,1.634655E-3,0,1.634655E-3,1.225991E-3,4.086637E-4,6.497752E-2,1.757254E-2,1.430323E-2,8.173273E-3,2.860646E-3,2.451982E-3,1.225991E-3,2.043318E-3,6.538619E-3,8.173273E-4,5.312628E-3,4.086637E-4,4.495300E-3,4.495300E-3,1.225991E-3,4.086637E-4,4.086637E-4,4.127503E-2,3.432775E-2,2.247650E-2,1.593788E-2,4.086637E-3,1.225991E-3,1.225991E-3,8.173273E-4,4.086637E-4,0,8.173273E-4,2.043318E-3,0,1.879853E-2,9.399264E-3,2.451982E-3,4.903964E-3,4.086637E-4,4.086637E-4,9.431957E-1,2.043318E-2,8.173273E-4,0,2.615447E-2,0,8.173273E-4,0,0,4.086637E-3,4.086637E-3,4.086637E-3,0,0,6.129955E-2,8.173273E-4,2.043318E-3,1.225991E-3,4.086637E-4,2.451982E-3,0,1.225991E-3,0,0,8.173273E-4,0,8.173273E-4,1.225991E-3,2.043318E-3,0,0,0,4.086637E-4,8.173273E-4,0,4.086637E-4,1.225991E-3,8.173273E-4,1.225991E-3,0,0,0,2.451982E-3,2.451982E-3,4.086637E-4,4.086637E-4,4.086637E-4,3.677973E-3,8.173273E-4,4.086637E-4,0,0,0,0,0,0,0,0,0,2.451982E-3,0,0,2.043318E-3,2.043318E-3,0,0,0,0,4.086637E-4,8.173273E-4,8.173273E-4,4.086637E-4,4.086637E-4,4.086637E-4,0,0,2.451982E-3,2.043318E-3,4.086637E-4,8.173273E-4,4.086637E-4,8.173273E-4,8.173273E-4,8.173273E-4,4.086637E-4,4.086637E-4,3.105844E-2,4.086637E-3,2.451982E-3,0,7.764610E-3,4.086637E-4,0,1.920719E-2,3.269309E-3,8.990601E-3,2.451982E-3,5.312628E-3,1.225991E-3,1.225991E-3,1.225991E-3,0,8.173273E-4,4.086637E-4,4.086637E-4,6.947282E-3,0,6.947282E-3,4.086637E-4,2.451982E-3,3.269309E-3,1.634655E-3,1.671434E-1,1.103392E-2,1.516142E-1,1.426236E-1,4.086637E-4,8.990601E-3,0,8.173273E-4,8.173273E-4,8.173273E-4,4.086637E-3,1.634655E-3,1.634655E-3,1.225991E-3,1.225991E-3,0,0,2.043318E-3,0,0,0,0,0,0,4.086637E-4,4.086637E-4,4.086637E-4,9.235799E-1,1.021659E-2,6.947282E-3,7.519412E-2,8.173273E-4,4.495300E-3,4.086637E-4,4.086637E-4,4.086637E-4,2.043318E-3,3.677973E-3,2.084185E-2,2.084185E-2,2.002452E-2,2.451982E-3,0,3.923171E-2,1.471189E-2,2.819779E-2,4.086637E-4,1.185125E-2,1.634655E-3,4.086637E-4,4.086637E-4,1.634655E-3,8.173273E-4,8.173273E-4,0,8.173273E-4,8.173273E-4,0,0,4.086637E-3,1.225991E-3,8.173273E-4,4.086637E-4,4.086637E-4,1.634655E-3,1.634655E-3,1.634655E-3,8.557417E-1,1.348590E-2,5.721291E-3,3.269309E-3,2.043318E-3,0,4.086637E-4,0,4.086637E-4,4.086637E-4,4.086637E-4,1.225991E-3,4.086637E-4,4.495300E-3,8.173273E-4,8.173273E-4,2.860646E-3,2.615447E-2,2.329383E-2,2.043318E-3,1.225991E-3,0,8.173273E-4,1.838987E-2,4.086637E-3,1.225991E-3,4.086637E-4,1.225991E-3,2.043318E-3,8.173273E-4,1.225991E-3,8.173273E-4,7.355946E-3,4.086637E-4,4.086637E-4,3.269309E-3,1.225991E-3,2.043318E-3,8.173273E-4,8.173273E-4,2.125051E-1,4.086637E-4,4.086637E-4,4.086637E-4,2.860646E-3,8.173273E-4,8.173273E-4,1.225991E-3,4.086637E-4,4.086637E-4,8.173273E-4,2.451982E-3,2.860646E-3,4.086637E-4,8.173273E-4,1.634655E-3,2.451982E-3,0,0,4.086637E-4,2.860646E-3,4.086637E-4,0,0,8.173273E-4,1.225991E-3,8.173273E-4,4.086637E-4,1.225991E-3,0,4.086637E-4,8.173273E-4,0,4.086637E-4,0,1.634655E-3,0,4.086637E-4,4.086637E-4,0,8.173273E-4,8.173273E-4,8.173273E-4,0,8.173273E-4,1.225991E-3,8.173273E-4,8.173273E-4,0,4.544340E-1,3.628933E-1,2.292603E-1,7.764610E-2,1.512056E-2,0,1.144258E-2,1.103392E-2,4.086637E-4,1.225991E-3,3.228443E-2,1.634655E-3,2.329383E-2,2.860646E-3,1.266857E-2,1.021659E-2,4.086637E-4,4.086637E-3,4.086637E-3,1.144258E-1,1.185125E-2,1.021659E-2,8.173273E-3,1.021659E-2,8.581937E-3,5.721291E-3,4.086637E-4,4.086637E-4,0,4.209236E-2,6.947282E-3,8.173273E-3,2.860646E-3,1.634655E-3,6.538619E-3,1.634655E-3,1.634655E-3,2.451982E-3,8.173273E-4,9.399264E-3,8.173273E-4,5.721291E-3,4.903964E-3,3.269309E-3,0,1.634655E-3,8.173273E-4,8.173273E-4,8.173273E-4,8.173273E-4,2.492848E-2,2.492848E-2,8.173273E-3,1.961586E-2,6.129955E-3,2.860646E-2,2.860646E-2,1.879853E-2,3.269309E-3,6.129955E-3,4.086637E-4,4.086637E-4,5.721291E-3,4.903964E-3,4.086637E-4,0,2.043318E-3,4.086637E-4,4.086637E-4,1.225991E-3,1.225991E-3,1.225991E-3,4.086637E-4,0,4.315488E-1,0,2.860646E-3,3.269309E-3,7.355946E-3,9.848794E-2,8.173273E-4,2.043318E-3,1.634655E-3,0,0,8.173273E-4,8.173273E-4,3.269309E-3,4.086637E-4,8.173273E-4,8.173273E-4,8.173273E-4,4.086637E-4,1.634655E-3,4.086637E-4,1.225991E-3,0,8.173273E-4,1.225991E-3,8.173273E-4,1.225991E-3,8.173273E-4,8.173273E-4,8.173273E-4,8.173273E-4,1.225991E-3,8.173273E-4,4.086637E-4,8.173273E-3,4.086637E-4,2.860646E-3,4.086637E-4,1.225991E-3,1.225991E-3,0,8.173273E-4,2.860646E-3,8.173273E-4,4.086637E-4,4.086637E-4,8.173273E-4,4.086637E-4,4.086637E-4,2.043318E-3,4.985697E-2,2.819779E-2,8.173273E-3,8.173273E-3,1.961586E-2,2.206784E-2,6.538619E-3,6.538619E-3,1.552922E-2,8.827135E-2,1.225991E-3,1.430323E-2,2.492848E-2,4.413568E-2,9.807928E-3,2.983245E-2,2.983245E-2,4.086637E-4,4.086637E-4,5.721291E-3,0,4.086637E-4,8.173273E-4,0,4.086637E-4,8.990601E-3,4.086637E-4,0,8.581937E-3,3.677973E-3,4.086637E-3,2.860646E-3,4.086637E-4,1.634655E-3,8.173273E-4,1.389456E-2,8.173273E-4,8.173273E-4,8.173273E-4,1.225991E-3,4.086637E-4,1.634655E-3,2.451982E-3,2.043318E-3,4.086637E-4,1.225991E-3,0,4.086637E-4,2.043318E-3,0,4.086637E-4,4.086637E-3,4.086637E-4,1.225991E-3,4.086637E-4,0,1.634655E-3,1.225991E-3,1.225991E-3,4.086637E-4,0,8.173273E-4,0,0,4.372701E-2,1.634655E-3,2.574581E-2,8.173273E-4,8.173273E-4,1.225991E-3,4.086637E-4,1.634655E-3,1.225991E-3,8.173273E-4,2.451982E-3,2.451982E-3,4.086637E-4,1.634655E-3,0,8.173273E-4,1.185125E-2,8.173273E-4,7.764610E-3,4.086637E-3,1.225991E-3,2.043318E-3,1.225991E-3,2.451982E-3,2.043318E-3,6.824683E-2,4.086637E-4,2.860646E-3,2.451982E-3,8.173273E-4,2.451982E-3,2.043318E-3,8.173273E-4,1.225991E-3,4.086637E-3,4.372701E-2,1.634655E-3,4.086637E-4,1.634655E-3,1.225991E-3,4.086637E-4,4.086637E-4,1.144258E-2,1.144258E-2,0,2.043318E-3,2.043318E-3,8.173273E-4,8.173273E-4,8.173273E-4,4.086637E-4,4.086637E-4,8.173273E-4,4.086637E-4,4.086637E-4,8.173273E-4,8.173273E-4,0,8.173273E-4,8.173273E-4,0,4.086637E-4,8.173273E-4,4.086637E-4,8.173273E-4,4.086637E-4,2.043318E-3,2.043318E-3,1.634655E-3,0,2.983245E-2,2.860646E-3,1.225991E-3,1.634655E-3,1.225991E-3,6.129955E-3,2.860646E-3,1.225991E-3,8.173273E-4,4.086637E-4,4.086637E-4,4.086637E-4,0,2.043318E-2,1.593788E-2,8.173273E-4,6.538619E-3,4.086637E-4,4.086637E-4,4.086637E-4,4.086637E-4,2.043318E-3,4.086637E-4,3.677973E-3,1.225991E-3,8.173273E-4,8.173273E-4,4.086637E-4,4.086637E-4,3.800572E-2,2.043318E-3,1.225991E-3,1.634655E-3,8.173273E-4,4.086637E-4,3.269309E-2,8.173273E-4,2.451982E-2,2.451982E-2,4.086637E-4,1.634655E-3,1.225991E-3,4.086637E-4,2.451982E-3,2.043318E-3,1.634655E-3,0,8.173273E-4,1.225991E-3,6.129955E-3,0,6.129955E-3,4.086637E-4,3.677973E-3,2.451982E-3,2.451982E-3,1.552922E-2,2.043318E-3,1.225991E-3,0,4.086637E-4,1.225991E-3,0,8.581937E-3,6.538619E-3,1.225991E-3,1.225991E-3,4.086637E-4,4.086637E-4,4.086637E-4,2.165917E-2,8.173273E-4,1.634655E-3,3.677973E-3,2.451982E-3,2.451982E-3,2.451982E-3,0,1.348590E-2,1.348590E-2,1.225991E-3,1.225991E-3,8.173273E-4,4.086637E-4,3.677973E-3,4.086637E-4,4.086637E-4,4.086637E-4,4.086637E-4,8.173273E-4,2.043318E-3,1.225991E-3,4.086637E-4,0,0,0,0,0,0,0,4.903964E-3,1.225991E-3,1.225991E-3,8.173273E-4,1.634655E-3,2.043318E-3,8.173273E-4,1.634655E-3,4.086637E-4,4.086637E-4,8.173273E-4,4.086637E-4,7.764610E-3,7.764610E-3,0,2.043318E-3,1.225991E-3,2.153658E-1,8.173273E-4,0,0,0,0,3.637107E-2,0,0,2.451982E-3,0,0,0,0,0,1.225991E-3,8.173273E-4,4.086637E-4,0,0,0,0,4.903964E-3,1.225991E-3,0,0,1.225991E-3,8.173273E-4,1.225991E-3,1.634655E-3,8.173273E-4,8.173273E-4,1.225991E-3,0,0,8.173273E-4,2.043318E-3,2.043318E-3,4.086637E-4,2.084185E-2,6.947282E-3,0,1.307724E-2,4.086637E-4,8.173273E-4,1.794034E-1,2.860646E-3,4.086637E-4,4.086637E-4,1.634655E-3,4.086637E-4,4.086637E-4,4.086637E-4,4.495300E-3,3.269309E-3,8.173273E-4,4.086637E-4,3.269309E-3,8.173273E-4,0,4.086637E-4,4.086637E-4,1.225991E-3,8.173273E-4,1.103392E-2,8.173273E-4,8.173273E-3,2.533715E-2,1.716387E-2,9.399264E-3,3.269309E-3,6.538619E-3,8.173273E-4,8.173273E-4,8.173273E-4,0,3.269309E-3,2.451982E-3,2.451982E-3,6.538619E-3,2.043318E-3,0,0,1.634655E-3,0,4.086637E-4,4.086637E-4,8.173273E-4,0,1.021659E-2,1.021659E-2,1.634655E-3,2.451982E-3,2.860646E-3,8.173273E-4,2.043318E-3,4.086637E-4,5.312628E-3,5.312628E-3,0,0,0,0,1.634655E-3,1.634655E-3,1.225991E-3,8.173273E-4,8.173273E-4,2.451982E-3,1.471189E-2,1.225991E-3,1.634655E-3,4.086637E-4,4.086637E-4,8.173273E-4,8.173273E-4,4.086637E-4,8.173273E-4,0,8.173273E-4,8.173273E-4,8.173273E-4,4.086637E-4,1.225991E-3,8.990601E-3,4.086637E-4,4.086637E-4,4.168369E-2,2.860646E-3,8.173273E-4,1.634655E-3,4.086637E-4,1.225991E-3,4.086637E-4,8.990601E-3,4.495300E-3,4.495300E-3,4.086637E-3,8.173273E-4,8.173273E-4,8.173273E-4,4.086637E-4,4.086637E-3,1.634655E-3,2.451982E-3,2.451982E-3,1.225991E-3,1.225991E-3,4.495300E-3,2.043318E-3,2.860646E-3,4.495300E-3,4.086637E-3,3.677973E-3,4.086637E-4,4.086637E-4,4.086637E-4,1.225991E-3,4.086637E-4,8.173273E-4,0,4.086637E-4,9.807928E-3,4.086637E-4,0,4.086637E-4,4.495300E-3,2.451982E-3,4.086637E-4,4.086637E-4,8.173273E-4,4.086637E-4,2.043318E-3,1.225991E-3,8.173273E-4,8.173273E-4,8.173273E-4,9.807928E-3,2.860646E-3,3.269309E-3,8.173273E-4,4.086637E-4,4.086637E-4,0,1.225991E-3,8.173273E-4,0,8.173273E-4,4.086637E-4,4.086637E-4,4.086637E-4,4.086637E-4,5.271761E-2,3.677973E-3,2.043318E-3,1.225991E-3,8.173273E-4,5.312628E-3,8.173273E-4,1.552922E-2,4.086637E-4,1.225991E-3,1.225991E-3,1.634655E-3,1.225991E-3,1.225991E-3,4.086637E-4,4.086637E-4,1.225991E-3,0,0,1.634655E-3,8.173273E-4,1.634655E-3,8.173273E-4,1.225991E-3,4.086637E-4,1.634655E-3,8.173273E-4,1.225991E-3,4.495300E-3,3.269309E-3,8.173273E-4,1.021659E-2,2.043318E-3,3.677973E-3,2.043318E-3,1.225991E-3,8.173273E-4,8.173273E-4,4.086637E-4,3.269309E-3,2.043318E-3,2.043318E-3,2.860646E-3,2.860646E-3,8.173273E-4,4.086637E-4,2.451982E-3,1.634655E-3,2.043318E-3,0,0,4.086637E-4,4.086637E-4,2.738047E-2,3.677973E-3,1.144258E-2,4.086637E-4,1.103392E-2,1.225991E-3,4.086637E-4,4.086637E-3,1.634655E-3,1.225991E-3,2.451982E-3,8.173273E-4,4.086637E-4,2.043318E-3,8.173273E-4,1.634655E-3,8.173273E-4,4.086637E-4,1.634655E-3,4.086637E-4,1.634655E-3,1.266857E-2,1.062526E-2,3.677973E-3,0,8.173273E-4,0,0,0,2.043318E-3,0,8.173273E-4,8.173273E-4,4.086637E-4,4.086637E-4,0,0,0,0,0,0,0,0,0,4.086637E-4,8.173273E-4,0,0,4.086637E-4,4.086637E-4,2.451982E-2,8.173273E-4,1.634655E-3,2.002452E-2,1.552922E-2,1.225991E-3,0,1.634655E-3,2.860646E-3,2.451982E-3,0,8.173273E-4,4.086637E-4,4.086637E-4,4.086637E-4,1.225991E-3,8.173273E-4,4.086637E-4,4.086637E-4,4.086637E-4,4.086637E-4,2.043318E-3,2.043318E-3,1.225991E-3,8.173273E-4,0,2.860646E-3,2.860646E-3,1.634655E-3,8.173273E-4,4.086637E-4,4.086637E-4,4.086637E-4,8.173273E-4,0,4.086637E-4,0,8.173273E-4,0,0,0,0,0,9.779322E-1,0,0,0,0,0,6.681651E-1,5.594606E-1,0,0,0,3.992644E-1,2.276257E-1,0,2.288517E-2,1.266857E-2,1.266857E-2,4.086637E-4,0,0,0,0,0,0,0,0,0,0,0,0,3.269309E-3,3.269309E-3,8.173273E-4,0,0,2.451982E-3,4.086637E-4,0,1.225991E-3,1.225991E-3,0,0,0,0,0,0,0,0,0,0,0,0,0,0,0,0,0,0,6.947282E-3,6.947282E-3,3.269309E-3,8.173273E-4,8.173273E-4,1.634655E-3,3.269309E-3,3.269309E-3,2.860646E-3,4.086637E-4,0,8.173273E-4,4.086637E-4,4.086637E-4,4.086637E-4,0,0,0,0,0,0,0,0,4.086637E-4,0,0,0,0,0,0,0,0,0,0,0,0,0,0,0,0,0,0,3.677973E-3,2.451982E-3,0,0,0,0,0,1.225991E-3,4.086637E-4,0,0,5.312628E-3,0,0,0,4.086637E-4,0,4.086637E-4,4.086637E-4,0,0,2.451982E-3,8.173273E-4,4.086637E-4,4.086637E-4,0,4.086637E-4,4.086637E-4,8.173273E-4,8.173273E-4,8.173273E-4,4.086637E-4,0,8.173273E-4,4.086637E-4,4.086637E-4,4.086637E-4,4.086637E-4,0,0,4.086637E-4,0,0,0,0,0,0,0,2.043318E-3,1.634655E-3,4.086637E-4,0,0,2.059665E-1,8.786269E-2,1.144258E-2,1.225991E-3,2.451982E-3,0,4.086637E-4,4.086637E-4,2.860646E-3,2.451982E-3,8.173273E-4,8.173273E-4,2.451982E-3,8.173273E-4,4.086637E-4,1.552922E-2,8.173273E-3,4.086637E-4,4.086637E-3,4.086637E-3,2.451982E-3,2.860646E-3,8.173273E-4,4.086637E-4,1.062526E-2,4.086637E-4,4.086637E-4,4.086637E-4,5.598692E-2,1.593788E-2,1.430323E-2,6.129955E-3,4.086637E-4,3.269309E-3,1.634655E-3,0,4.495300E-3,7.355946E-3,8.173273E-4,8.173273E-4,0,4.086637E-4,4.086637E-4,5.721291E-3,2.043318E-3,3.677973E-3,8.173273E-4,1.430323E-2,6.538619E-3,8.173273E-4,0,1.225991E-3,4.086637E-4,8.173273E-4,8.173273E-4,1.634655E-3,8.173273E-4,1.225991E-3,8.173273E-4,8.173273E-4,8.173273E-4,8.173273E-4,8.173273E-4,0,2.411116E-2,8.581937E-3,6.538619E-3,4.086637E-4,1.225991E-3,8.173273E-4,1.307724E-2,1.307724E-2,2.043318E-3,1.225991E-3,2.860646E-3,2.043318E-3,8.173273E-4,2.451982E-3,4.086637E-4,1.225991E-3,4.086637E-4,1.225991E-3,4.086637E-4,3.677973E-3,2.860646E-3,0,0,4.086637E-3,1.225991E-3,8.173273E-4,0,8.173273E-4,1.225991E-3,0,0,8.173273E-4,4.086637E-4,0,0,1.287291E-1,4.086637E-4,0,3.677973E-3,3.677973E-3,3.432775E-2,8.173273E-4,0,0,0,3.146710E-2,1.471189E-2,8.173273E-4,2.043318E-3,7.355946E-3,4.903964E-3,4.495300E-3,2.451982E-3,2.451982E-3,2.451982E-3,4.086637E-4,4.086637E-4,0,4.086637E-4,4.086637E-4,4.086637E-4,0,0,0,0,2.451982E-3,0,1.225991E-3,0,4.086637E-4,0,0,1.634655E-3,0,4.086637E-4,0,0,6.538619E-3,2.942378E-2,3.677973E-3,3.269309E-3,3.269309E-3,2.329383E-2,2.288517E-2,3.269309E-3,3.269309E-3,2.451982E-3,3.269309E-3,5.312628E-3,4.903964E-3,4.903964E-3,2.043318E-3,2.451982E-3,5.721291E-3,8.173273E-4,4.495300E-3,8.173273E-4,8.173273E-4,4.086637E-4,4.495300E-3,4.495300E-3,0,2.043318E-3,8.173273E-4,1.225991E-3,8.050674E-2,3.882305E-2,2.370249E-2,8.173273E-4,1.512056E-2,6.538619E-3,6.129955E-3,8.173273E-4,4.086637E-4,4.086637E-4,8.173273E-4,8.173273E-4,4.086637E-4,1.634655E-3,0,0,0,0,0,1.634655E-3,4.086637E-4,1.225991E-3,4.086637E-4,4.086637E-4,8.173273E-4,4.086637E-4,4.086637E-4,1.225991E-3,4.086637E-4,0,4.086637E-4,4.086637E-4,4.495300E-3,4.495300E-3,1.144258E-2,1.062526E-2,4.086637E-4,4.086637E-4,0,4.086637E-4,0,0,4.086637E-4,4.086637E-4,0,4.086637E-4,4.086637E-4,4.086637E-4,8.173273E-4,4.086637E-4,4.086637E-4,0,8.173273E-4,1.225991E-3,4.086637E-4,8.173273E-4,4.086637E-4,0,4.086637E-4,0,4.086637E-4,4.086637E-4,4.086637E-4,1.634655E-3,4.086637E-4,4.086637E-4,4.086637E-4,0,0,4.086637E-4,8.173273E-4,4.903964E-2,4.617899E-2,1.062526E-2,1.634655E-3,0,1.225991E-3,8.581937E-3,1.225991E-3,4.086637E-4,0,4.086637E-4,4.086637E-4,3.677973E-3,3.269309E-3,8.173273E-3,6.947282E-3,0,3.269309E-3,3.269309E-3,1.103392E-2,9.807928E-3,4.086637E-4,6.129955E-3,1.225991E-3,4.903964E-3,4.086637E-4,4.086637E-4,6.947282E-3,5.721291E-3,4.495300E-3,8.173273E-4,8.173273E-4,8.173273E-4,4.086637E-4,0,0,1.307724E-2,4.086637E-4,8.173273E-4,4.086637E-4,0,1.185125E-2,0,7.764610E-3,4.086637E-4,1.225991E-3,4.495300E-3,1.225991E-3,2.860646E-3,0,2.451982E-3,4.086637E-4,6.129955E-3,5.312628E-3,1.634655E-3,4.495300E-3,2.860646E-3,2.860646E-3,0,0,0,1.634655E-3,1.634655E-3,8.173273E-4,8.173273E-4,1.634655E-3,4.086637E-4,8.173273E-4,8.173273E-4,0,1.225991E-3,0,1.225991E-3,4.086637E-4,9.807928E-3,0,0,0,9.399264E-3,8.173273E-3,8.173273E-3,5.312628E-3,2.043318E-3,4.086637E-4,3.269309E-3,4.086637E-4,4.086637E-4,9.807928E-3,4.086637E-4,2.043318E-3,2.043318E-3,0,1.225991E-3,3.677973E-3,4.086637E-4,0,8.173273E-4,8.173273E-4,0,0,0,0,0,1.634655E-2,0,6.129955E-3,2.043318E-3,2.043318E-3,1.225991E-3,0,0,2.043318E-3,2.043318E-3,0,3.269309E-3,2.043318E-3,1.225991E-3,4.086637E-4,4.086637E-4,8.173273E-4,4.086637E-4,4.086637E-4,0,4.086637E-4,4.086637E-4,2.043318E-3,0,2.043318E-3,0,2.043318E-3,0,0,0,4.086637E-4,4.086637E-4,1.634655E-3,1.634655E-3,0,8.173273E-4,8.173273E-4,0,0,0,0,8.173273E-4,8.173273E-4,4.086637E-4,4.086637E-3,4.086637E-4,4.086637E-4,4.086637E-4,2.860646E-3,2.860646E-3,2.860646E-3,4.086637E-4,4.086637E-4,4.086637E-4,4.086637E-4,2.235390E-1,4.086637E-4,3.677973E-3,3.677973E-3,1.225991E-3,8.173273E-4,8.173273E-4,0,0,2.451982E-3,2.451982E-3,4.495300E-3,4.495300E-3,0,2.451982E-3,4.495300E-3,4.086637E-4,4.086637E-4,4.086637E-4,1.238251E-1,2.043318E-3,8.173273E-4,8.173273E-4,0,9.562730E-2,1.634655E-3,1.634655E-3,2.451982E-3,2.451982E-3,4.086637E-4,4.086637E-4,0,1.225991E-3,5.312628E-3,8.173273E-4,4.086637E-3,0,4.086637E-4,1.225991E-2,1.634655E-3,6.947282E-3,1.634655E-3,2.043318E-3,2.860646E-3,1.185125E-2,1.225991E-3,1.062526E-2,4.086637E-4,4.086637E-4,7.764610E-2,2.043318E-3,7.764610E-2,4.086637E-3,1.185125E-2,4.086637E-4,6.129955E-3,2.451982E-3,3.269309E-3,4.086637E-4,0,7.355946E-3,4.086637E-4,1.225991E-3,8.173273E-4,4.903964E-3,4.495300E-3,8.173273E-4,3.677973E-3,2.451982E-3,8.173273E-4,8.173273E-4,0,1.225991E-3,8.173273E-4,4.086637E-4,4.086637E-4,4.086637E-4,4.086637E-4,1.225991E-3,0,0,0,0,4.086637E-4,0,4.086637E-4,4.086637E-4,0,0,1.225991E-3,4.086637E-4,4.086637E-4,4.086637E-4,0,0,8.173273E-4,8.173273E-4,4.086637E-4,4.086637E-4,4.086637E-4,0,4.086637E-4,4.086637E-4,4.086637E-4,0,0,0,0,0,0,1.185125E-2,5.721291E-3,0,5.312628E-3,4.086637E-3,3.269309E-3,1.225991E-3,4.903964E-3,3.677973E-3,1.430323E-2,2.043318E-3,0,0,0,0,2.043318E-3,0,0,0,0,0,0,0,0,0,0,0,0,0,0,0,0,0,1.430323E-2,3.677973E-3,1.634655E-3,8.173273E-4,4.086637E-4,8.173273E-4,4.086637E-4,8.173273E-4,1.634655E-3,0,2.451982E-3,2.451982E-3,2.451982E-3,1.225991E-3,1.225991E-3,0,0,0,4.086637E-4,4.086637E-4,2.043318E-3,0,4.086637E-4,4.086637E-4,2.860646E-3,0,2.860646E-3,0,2.860646E-3,8.173273E-4,1.634655E-3,1.634655E-3,1.225991E-3,1.225991E-3,0,4.086637E-4,4.086637E-4,0,0,0,4.086637E-4,4.086637E-4,4.086637E-4,1.634655E-3,1.634655E-3,7.110748E-2,1.225991E-3,4.086637E-4,4.086637E-4,0,2.043318E-3,2.860646E-3,1.634655E-3,4.086637E-4,1.634655E-3,2.451982E-3,0,5.925623E-2,5.762158E-2,3.555374E-2,1.961586E-2,1.225991E-3,1.225991E-3,4.086637E-4,1.225991E-3,1.634655E-3,1.634655E-3,8.173273E-4,8.173273E-4,0,1.675521E-2,1.512056E-2,1.430323E-2,1.225991E-3,4.086637E-4,8.173273E-4,4.086637E-4,8.173273E-4,4.086637E-4,4.086637E-4,2.860646E-3,2.043318E-3,8.173273E-4,9.807928E-3,5.312628E-3,4.495300E-3,4.086637E-4,0,0,0,0,2.451982E-3,4.086637E-4,4.086637E-4,0,8.173273E-4,4.086637E-4,0,0,4.086637E-4,4.086637E-4,4.086637E-4,4.086637E-4,4.086637E-4,0,0,1.225991E-3,1.225991E-3,4.086637E-4,2.043318E-3,4.086637E-4,1.634655E-3,1.225991E-3,1.634655E-3,4.086637E-4,5.312628E-3,2.860646E-3,2.043318E-3,2.043318E-3,2.860646E-3,2.860646E-3,3.269309E-3,3.269309E-3,3.269309E-3,0,0,4.086637E-4,4.086637E-4,4.086637E-4,0,0,8.173273E-4,0,4.086637E-4,4.086637E-4,4.086637E-4,4.086637E-4,4.086637E-4,0,0,2.243564E-1,8.173273E-4,8.173273E-4,8.173273E-4,1.512056E-2,1.225991E-3,8.173273E-4,4.086637E-4,0,0,0,0,0,0,1.185125E-2,4.086637E-4,0,0,0,0,0,6.538619E-3,1.634655E-3,1.225991E-3,8.173273E-4,3.269309E-3,4.086637E-4,1.225991E-3,4.086637E-4,0,0,8.173273E-4,0,3.269309E-3,0,0,4.086637E-4,0,2.451982E-3,2.043318E-3,0,0,0,4.086637E-4,0,4.086637E-4,0,0,0,4.086637E-4,4.086637E-4,2.451982E-3,1.225991E-3,4.086637E-4,4.086637E-4,4.086637E-4,0,0,0,1.663261E-1,2.819779E-2,4.903964E-3,4.086637E-4,8.173273E-4,8.173273E-4,4.086637E-4,8.173273E-4,2.043318E-2,1.225991E-3,1.798120E-2,1.798120E-2,4.495300E-3,2.451982E-3,0,2.451982E-3,3.269309E-2,0,3.064978E-2,4.086637E-3,3.269309E-3,3.269309E-3,2.778913E-2,1.103392E-2,8.173273E-4,2.860646E-3,1.634655E-3,4.086637E-4,1.634655E-3,1.225991E-3,2.043318E-3,1.225991E-3,1.266857E-1,1.266857E-1,2.738047E-2,8.173273E-4,4.495300E-3,2.451982E-3,2.451982E-3,4.086637E-4,8.173273E-4,5.312628E-3,4.086637E-4,3.677973E-3,4.086637E-4,0,0,0,0,4.086637E-4,1.144258E-2,1.225991E-3,8.173273E-4,1.634655E-3,1.225991E-3,1.512056E-2,8.990601E-3,5.721291E-3,2.860646E-3,4.086637E-4,0,4.495300E-3,1.225991E-3,0,3.269309E-3,1.634655E-3,4.086637E-4,8.173273E-4,8.173273E-4,4.086637E-4,8.173273E-4,4.086637E-4,4.086637E-4,4.086637E-4,0,4.086637E-4,4.086637E-4,4.086637E-4,4.086637E-4,8.173273E-4,8.173273E-4,1.062526E-2,8.173273E-4,2.043318E-3,2.043318E-3,4.086637E-4,2.043318E-3,4.086637E-4,1.225991E-3,0,1.225991E-3,1.634655E-3,0,8.173273E-4,4.086637E-4,2.451982E-3,0,4.086637E-4,0,1.225991E-3,4.086637E-4,4.086637E-4,8.173273E-4,0,4.086637E-4,4.086637E-4,4.086637E-4,4.086637E-4,1.961586E-2,4.086637E-4,4.086637E-4,1.634655E-3,1.634655E-3,8.173273E-4,4.086637E-4,0,4.086637E-4,4.086637E-4,0,0,8.173273E-4,8.173273E-4,8.173273E-4,0,8.173273E-3,4.086637E-4,1.634655E-3,4.495300E-3,4.086637E-4,1.225991E-3,0,8.173273E-4,4.086637E-4,0,0,4.086637E-4,4.086637E-4,7.355946E-3,7.355946E-3,3.677973E-3,3.677973E-3,0,0,0,0,0,4.086637E-4,0,2.043318E-3,8.173273E-4,1.634655E-3,0,0,0,0,1.430323E-2,1.266857E-2,2.860646E-3,1.634655E-3,0,0,0,8.581937E-3,8.581937E-3,8.173273E-3,8.173273E-4,0,4.086637E-4,0,1.225991E-3,8.173273E-4,4.086637E-4,4.086637E-4,4.086637E-4,0,0,0,0,0,0,2.738047E-2,2.206784E-2,1.920719E-2,8.990601E-3,4.086637E-4,4.086637E-4,4.086637E-4,5.312628E-3,1.225991E-3,1.225991E-3,1.634655E-3,5.721291E-3,4.086637E-4,5.312628E-3,8.173273E-4,5.721291E-3,8.173273E-4,0,1.225991E-3,1.225991E-3,3.269309E-3,1.634655E-3,8.173273E-4,6.129955E-3,2.451982E-3,1.634655E-3,2.451982E-3,0,4.086637E-4,4.086637E-4,4.086637E-4,4.086637E-4,0,0,0,0,0,0,0,0,0,0,0,4.086637E-4,4.086637E-4,0,1.389456E-2,1.225991E-3,1.225991E-3,4.086637E-4,1.144258E-2,0,1.634655E-3,1.634655E-3,4.086637E-4,2.451982E-3,1.634655E-3,2.043318E-3,1.225991E-3,8.173273E-3,4.086637E-4,8.173273E-4,8.173273E-4,4.086637E-4,1.634655E-3,4.086637E-4,4.086637E-4,4.086637E-4,4.086637E-4,0,8.173273E-4,8.173273E-4,1.634655E-3,0,0,0,1.225991E-3,4.086637E-4,4.086637E-4,2.451982E-3,1.634655E-3,8.173273E-4,4.086637E-4,4.086637E-4,4.086637E-4,4.086637E-4,4.086637E-4,4.086637E-4,4.086637E-4,4.086637E-4,4.086637E-4,2.043318E-3,2.043318E-3,0,4.086637E-4,8.173273E-4,4.086637E-4,4.250102E-2,4.903964E-3,4.903964E-3,4.495300E-3,4.086637E-3,2.451982E-3,4.086637E-4,2.697180E-2,4.086637E-4,1.634655E-3,4.086637E-4,0,1.634655E-3,4.086637E-4,0,2.451982E-2,8.173273E-4,4.086637E-4,1.185125E-2,4.086637E-4,4.086637E-3,4.086637E-4,3.269309E-3,7.764610E-3,2.043318E-3,8.173273E-4,1.225991E-3,1.225991E-3,1.225991E-3,6.538619E-3,8.173273E-4,4.086637E-4,0,1.225991E-3,8.173273E-4,3.677973E-3,8.173273E-4,1.225991E-3,0,0,6.538619E-3,1.225991E-3,0,3.269309E-3,0,4.086637E-4,1.634655E-3,1.225991E-3,3.269309E-3,1.225991E-3,1.634655E-3,1.225991E-3,1.225991E-3,4.086637E-3,0,4.086637E-3,4.086637E-3,3.677973E-3,8.173273E-4,4.086637E-4,0,4.086637E-4,4.086637E-4,0,8.173273E-4,8.173273E-4,8.173273E-4,0,0,1.634655E-3,4.086637E-4,8.173273E-4,8.173273E-4,8.173273E-4,0,0,0,0,0,0,0,0,0,0,0,1.736821E-1,3.677973E-3,2.411116E-2,0,2.411116E-2,2.411116E-2,1.757254E-2,1.225991E-3,4.086637E-4,1.634655E-3,8.173273E-4,4.086637E-4,4.086637E-4,4.086637E-4,3.677973E-3,8.173273E-3,1.634655E-3,8.173273E-4,4.086637E-4,8.173273E-4,4.086637E-4,4.903964E-3,4.495300E-3,8.173273E-4,4.086637E-4,0,8.173273E-4,4.086637E-4,0,0,4.086637E-4,0,0,4.086637E-4,4.086637E-4,2.451982E-3,2.043318E-3,4.086637E-4,1.225991E-3,1.225991E-3,2.451982E-3,0,0,0,1.634655E-3,0,4.086637E-4,4.086637E-4,4.086637E-4,0,7.764610E-3,7.764610E-3,7.764610E-3,8.173273E-4,1.634655E-2,1.266857E-2,0,8.173273E-4,8.173273E-4,8.173273E-4,1.185125E-2,1.021659E-2,2.451982E-3,2.451982E-3,4.086637E-4,6.947282E-3,5.721291E-3,4.086637E-4,1.634655E-3,2.860646E-3,6.129955E-3,1.225991E-3,0,4.086637E-4,4.086637E-4,4.086637E-4,8.173273E-4,8.173273E-4,0,0,0,0,0,0,0,0,0,4.086637E-3,9.399264E-3,2.860646E-3,4.086637E-4,1.225991E-3,4.086637E-3,4.086637E-4,4.086637E-4,0,0,0,0,4.086637E-4,0,2.615447E-2,6.129955E-3,2.451982E-3,4.086637E-4,0,8.173273E-4,2.043318E-3,0,0,2.451982E-3,8.173273E-4,1.757254E-2,1.225991E-3,1.634655E-3,8.581937E-3,6.538619E-3,4.086637E-4,4.086637E-4,4.086637E-4,0,0,6.129955E-3,4.086637E-4,4.086637E-4,2.860646E-3,1.225991E-3,1.225991E-3,0,0,0,0,0,0,0,8.173273E-4,0,0,2.451982E-3,0,2.451982E-3,2.043318E-3,0,4.086637E-4,0,0,8.173273E-4,4.086637E-4,0,4.086637E-4,4.086637E-4,8.173273E-4,0,8.173273E-4,8.173273E-4,2.451982E-3,1.634655E-3,4.086637E-4,0,4.086637E-4,4.086637E-4,0,0,2.860646E-3,2.860646E-3,2.860646E-3,8.173273E-4,4.086637E-4,0,4.086637E-4,4.086637E-4,0,0,0,0,8.173273E-4,0,0,0,3.882305E-2,3.105844E-2,5.721291E-3,1.757254E-2,3.269309E-3,1.634655E-3,1.634655E-3,1.634655E-3,1.185125E-2,1.021659E-2,4.086637E-3,3.269309E-3,3.269309E-3,0,0,0,0,0,1.225991E-3,0,0,0,0,0,0,0,0,7.764610E-3,2.451982E-3,2.451982E-3,5.312628E-3,8.173273E-4,2.860646E-3,0,0,0,4.454434E-2,8.173273E-4,1.634655E-3,4.086637E-4,4.086637E-4,4.086637E-4,0,1.185125E-2,4.086637E-4,4.086637E-4,0,8.173273E-4,4.086637E-4,0,2.043318E-3,8.173273E-4,5.721291E-3,2.451982E-3,4.086637E-4,1.225991E-3,8.173273E-4,1.225991E-3,4.086637E-4,0,0,0,5.312628E-3,5.312628E-3,1.225991E-3,1.225991E-3,4.086637E-3,2.860646E-3,4.086637E-4,1.225991E-3,1.225991E-3,1.225991E-3,1.225991E-3,1.225991E-3,0,2.043318E-3,4.086637E-4,8.173273E-4,0,4.086637E-4,4.086637E-4,4.086637E-4,0,0,3.269309E-3,8.173273E-4,0,0,2.451982E-3,4.086637E-4,2.043318E-3,1.307724E-2,5.312628E-3,2.043318E-3,8.173273E-4,6.129955E-3,6.129955E-3,4.086637E-3,2.451982E-3,1.225991E-3,1.225991E-3,0,1.634655E-3,1.634655E-3,1.634655E-3,0,1.634655E-3,0,1.634655E-3,8.173273E-4,0,0,6.947282E-3,6.947282E-3,2.860646E-3,4.086637E-4,4.086637E-4,0,2.043318E-3,4.086637E-4,4.086637E-4,4.086637E-4,0,0,0,0,0,2.451982E-3,2.043318E-3,2.043318E-3,2.043318E-3,4.086637E-4,5.312628E-3,2.860646E-3,1.634655E-3,0,0,0,0,0,0,0,4.086637E-4,0,0,0,0,0,4.086637E-4,4.086637E-4,4.086637E-4,0,7.355946E-3,1.225991E-3,1.225991E-3,1.225991E-3,0,0,0,0,0,6.129955E-3,5.721291E-3,5.312628E-3,8.173273E-4,0,0,0,0,0,0,0,0,0,0,0,0,4.086637E-4,4.086637E-4,4.086637E-4,0,0,8.581937E-3,4.903964E-3,3.677973E-3,0,1.225991E-3,1.225991E-3,4.086637E-4,8.173273E-4,2.451982E-3,8.173273E-4,8.173273E-4,1.634655E-3,8.173273E-4,0,8.173273E-4,0,0,2.451982E-3,1.634655E-3,0,0,0,0,0,0,1.225991E-3,8.173273E-4,0,0,2.451982E-3,1.634655E-3,1.634655E-3,0,0,1.512056E-2,7.764610E-3,2.451982E-3,0,1.634655E-3,4.086637E-4,0,4.086637E-4,4.086637E-4,0,0,0,0,0,0,8.173273E-4,4.086637E-4,4.086637E-4,7.355946E-3,1.634655E-3,1.634655E-3,0,2.451982E-3,1.634655E-3,1.634655E-3,0,2.860646E-3,0,1.675521E-2,8.581937E-3,7.355946E-3,2.451982E-3,4.903964E-3,8.173273E-4,8.173273E-4,1.225991E-3,0,4.086637E-4,0,0,8.173273E-4,1.634655E-3,0,0,0,0,0,0,0,0,1.225991E-3,1.225991E-3,4.086637E-3,0,0,0,4.086637E-3,2.451982E-3,0,2.451982E-3,1.634655E-3,1.634655E-3,4.086637E-4,4.086637E-4,8.173273E-4,0,8.173273E-4,4.903964E-3,4.086637E-4,0,4.086637E-4,4.086637E-4,4.086637E-4,4.086637E-4,0,4.495300E-3,4.086637E-3,4.086637E-3,4.086637E-4,4.086637E-4,2.451982E-3,8.173273E-4,8.173273E-4,0,0,0,0,0,0,0,0,0,0,0,0,0,0,0,0,0,0,0,0,0,0,0,0,0,0,5.030650E-1,8.173273E-4,8.173273E-4,8.173273E-4,0,0,4.086637E-3,3.677973E-3,2.451982E-3,2.043318E-3,2.574581E-2,7.355946E-3,2.043318E-3,1.225991E-3,8.173273E-4,1.225991E-3,2.043318E-3,6.129955E-3,2.860646E-3,0,8.173273E-4,4.086637E-4,4.086637E-4,8.173273E-4,8.173273E-4,8.173273E-4,8.990601E-3,5.721291E-3,4.086637E-3,4.086637E-3,4.086637E-3,4.086637E-3,8.173273E-4,4.086637E-4,4.086637E-4,4.086637E-4,0,2.451982E-3,2.451982E-3,3.391908E-2,4.903964E-3,1.307724E-2,1.021659E-2,0,1.185125E-2,6.129955E-3,4.495300E-3,4.454434E-2,2.860646E-3,8.173273E-3,5.721291E-3,1.634655E-3,1.634655E-3,8.173273E-4,1.634655E-3,1.634655E-3,4.086637E-4,1.634655E-3,1.634655E-3,8.173273E-4,0,2.819779E-2,4.086637E-4,1.144258E-2,6.129955E-3,2.043318E-3,1.225991E-3,3.677973E-3,1.225991E-3,0,0,2.043318E-3,2.043318E-3,4.086637E-4,4.086637E-4,3.269309E-3,4.086637E-4,1.634655E-3,8.173273E-4,0,0,3.677973E-3,3.677973E-3,3.677973E-3,3.142624E-1,5.149162E-2,1.634655E-3,1.225991E-3,1.225991E-3,0,4.086637E-4,9.807928E-3,3.677973E-3,2.451982E-3,4.086637E-4,4.086637E-4,1.634655E-3,1.634655E-3,2.451982E-3,1.634655E-3,1.430323E-2,8.173273E-4,6.538619E-3,2.002452E-2,4.086637E-3,1.062526E-2,8.173273E-3,1.634655E-3,8.173273E-4,0,0,1.266857E-2,0,0,2.451982E-3,4.495300E-3,2.043318E-3,3.269309E-3,2.043318E-3,1.225991E-3,4.086637E-4,4.086637E-4,2.043318E-3,2.043318E-3,8.173273E-4,4.086637E-4,1.430323E-1,6.947282E-3,3.269309E-3,1.634655E-3,0,2.451982E-3,2.778913E-2,8.990601E-3,2.043318E-3,7.764610E-3,4.086637E-3,8.173273E-4,2.451982E-3,0,2.043318E-3,1.634655E-3,1.225991E-3,1.225991E-3,4.086637E-4,7.764610E-3,7.355946E-3,4.086637E-4,8.173273E-4,4.086637E-4,2.983245E-2,1.307724E-2,0,4.903964E-3,4.086637E-4,4.086637E-4,2.860646E-3,0,1.634655E-3,4.086637E-4,0,4.086637E-4,4.086637E-4,8.173273E-4,4.086637E-4,4.086637E-4,0,2.860646E-3,2.860646E-3,2.451982E-3,1.266857E-2,6.538619E-3,4.495300E-3,8.173273E-4,8.173273E-4,1.634655E-3,0,4.086637E-4,0,0,2.451982E-3,2.451982E-3,0,0,8.173273E-4,0,4.086637E-4,0,2.451982E-3,1.225991E-3,7.355946E-3,1.225991E-3,4.086637E-3,4.086637E-3,4.086637E-3,2.860646E-3,8.173273E-4,8.990601E-3,5.721291E-3,8.173273E-4,8.173273E-4,8.173273E-4,4.086637E-4,4.086637E-4,1.961586E-2,4.086637E-3,2.043318E-3,8.173273E-4,2.043318E-3,4.086637E-4,4.086637E-4,4.086637E-4,0,9.807928E-3,4.086637E-4,4.086637E-4,1.225991E-3,3.269309E-3,4.086637E-4,4.086637E-4,1.225991E-3,4.086637E-4,4.086637E-4,0,4.086637E-4,1.225991E-3,1.552922E-2,4.903964E-3,2.451982E-3,4.086637E-4,1.225991E-3,4.086637E-4,4.086637E-4,8.173273E-4,9.807928E-3,9.807928E-3,3.677973E-3,2.043318E-3,1.225991E-3,1.225991E-3,0,1.634655E-3,2.451982E-3,1.225991E-3,1.225991E-3,0,3.555374E-2,4.086637E-4,8.581937E-3,5.721291E-3,2.451982E-3,3.677973E-3,2.860646E-3,1.225991E-3,0,4.086637E-4,1.634655E-3,1.634655E-3,8.173273E-3,5.312628E-3,0,4.086637E-4,8.173273E-4,4.086637E-4,0,2.043318E-3,6.538619E-3,2.860646E-3,2.860646E-3,8.173273E-4,1.634655E-3,8.173273E-4,4.086637E-4,1.103392E-2,4.086637E-3,2.860646E-3,2.451982E-3,8.173273E-4,4.086637E-4,4.086637E-4,2.043318E-3,6.947282E-3,5.721291E-3,2.860646E-3,8.173273E-4,0,1.471189E-2,3.677973E-3,2.860646E-3,1.225991E-3,1.634655E-3,2.451982E-3,8.173273E-4,2.043318E-3,4.086637E-4,1.225991E-3,1.634655E-3,1.307724E-2,1.062526E-2,0,3.677973E-3,1.225991E-3,1.634655E-3,8.173273E-4,6.947282E-3,2.860646E-3,4.086637E-4,0,8.173273E-4,2.860646E-3,8.173273E-4,4.086637E-4,1.225991E-3,4.086637E-4,4.086637E-4,8.173273E-4,4.086637E-4,4.086637E-4,2.451982E-3,4.086637E-4,2.043318E-3,1.225991E-3,8.173273E-4,0,2.288517E-2,0,2.451982E-3,1.634655E-3,8.173273E-4,4.086637E-4,0,4.086637E-3,0,2.043318E-3,4.086637E-4,4.086637E-4,0,4.086637E-4,4.086637E-4,4.086637E-4,9.399264E-3,0,8.990601E-3,8.990601E-3,4.086637E-4,4.086637E-4,1.634655E-3,8.173273E-4,1.225991E-3,1.225991E-3,0,0,8.173273E-4,8.173273E-4,8.173273E-3,2.451982E-3,4.086637E-4,4.903964E-3,4.903964E-3,3.677973E-3,8.173273E-4,8.173273E-4,2.043318E-3,2.043318E-3,2.043318E-3,1.225991E-3,8.173273E-4,8.173273E-4,0,2.043318E-3,1.225991E-3,1.225991E-3,1.225991E-3,8.173273E-4,4.086637E-4,4.086637E-4,4.086637E-4,4.086637E-3,4.086637E-3,2.043318E-3,1.634655E-3,4.086637E-4,0,8.336739E-2,4.086637E-4,4.086637E-4,5.230895E-2,4.903964E-2,4.086637E-4,0,2.043318E-3,4.086637E-3,2.043318E-3,1.634655E-3,1.634655E-3,1.634655E-3,8.173273E-4,4.086637E-4,0,4.086637E-4,4.086637E-4,8.173273E-4,6.947282E-3,2.860646E-3,8.173273E-4,4.086637E-4,1.225991E-3,2.451982E-3,3.269309E-3,4.086637E-4,4.086637E-4,1.634655E-3,8.173273E-4,4.086637E-4,1.879853E-2,1.225991E-3,8.173273E-4,4.903964E-3,4.903964E-3,4.903964E-3,1.185125E-2,1.062526E-2,1.634655E-3,1.225991E-3,1.225991E-3,4.495300E-3,2.451982E-3,2.451982E-3,2.043318E-3,2.043318E-3,1.225991E-3,0,0,3.677973E-3,2.043318E-3,4.086637E-4,0,0,4.086637E-4,0,2.451982E-3,2.451982E-3,2.451982E-3,1.634655E-3,0,3.105844E-2,3.105844E-2,7.764610E-3,6.947282E-3,2.043318E-3,0,8.173273E-4,8.173273E-4,2.043318E-3,4.086637E-4,3.269309E-3,1.634655E-3,4.086637E-4,2.451982E-3,2.451982E-3,2.043318E-3,4.086637E-4,2.451982E-3,1.225991E-3,8.173273E-4,4.086637E-4,0,2.860646E-3,0,0,8.173273E-4,3.269309E-2,3.269309E-2,2.165917E-2,1.021659E-2,8.173273E-4,4.086637E-4,1.225991E-3,8.173273E-4,8.173273E-4,4.086637E-4,4.086637E-4,2.043318E-3,4.086637E-4,4.086637E-4,4.086637E-4,3.269309E-3,3.269309E-3,0,2.451982E-3,1.225991E-3,0,1.225991E-3,1.225991E-3,0,1.430323E-2,1.430323E-2,4.086637E-4,2.451982E-3,2.043318E-3,4.086637E-4,4.086637E-4,0,0,1.225991E-3,8.173273E-4,0,3.269309E-3,1.634655E-3,4.086637E-4,0,1.225991E-2,1.225991E-2,4.086637E-4,4.086637E-4,4.086637E-4,4.209236E-2,4.086637E-4,1.225991E-3,8.581937E-3,3.228443E-2,8.173273E-4,3.064978E-2,2.942378E-2,1.961586E-2,4.086637E-4,1.225991E-3,0,1.716387E-2,4.086637E-4,5.721291E-3,1.307724E-2,1.634655E-3,4.086637E-4,1.225991E-3,2.043318E-3,6.947282E-3,6.538619E-3,6.538619E-3,6.129955E-3,6.129955E-3,4.086637E-3,3.677973E-3,4.086637E-4,4.086637E-4,4.086637E-4,0,4.086637E-4,4.086637E-4,4.086637E-4,0,0,8.173273E-4,5.721291E-2,4.086637E-4,0,0,0,8.173273E-4,8.173273E-4,4.086637E-4,3.677973E-3,1.634655E-3,1.225991E-3,0,0,0,1.225991E-3,1.225991E-3,4.086637E-4,0,0,0,0,0,1.225991E-3,0,2.043318E-3,2.043318E-3,2.860646E-3,2.860646E-3,4.086637E-4,1.634655E-3,4.086637E-4,4.086637E-4,7.764610E-3,4.086637E-4,2.043318E-3,4.086637E-4,1.634655E-3,8.173273E-4,8.173273E-4,1.225991E-3,1.225991E-3,1.225991E-3,1.225991E-3,1.225991E-3,0,0,4.086637E-4,4.086637E-4,4.086637E-4,4.536167E-2,4.495300E-3,8.173273E-4,2.043318E-3,1.225991E-3,8.173273E-4,0,2.860646E-3,8.173273E-3,3.269309E-3,4.086637E-3,0,0,1.389456E-2,2.451982E-3,2.860646E-3,2.860646E-3,0,1.634655E-3,8.173273E-3,5.312628E-3,2.860646E-3,3.677973E-3,4.086637E-4,1.144258E-2,6.947282E-3,3.677973E-3,4.086637E-4,2.043318E-3,2.451982E-3,4.086637E-4,0,0,4.086637E-4,4.086637E-4,8.581937E-3,8.581937E-3,8.581937E-3,4.086637E-3,4.086637E-4,1.634655E-3,1.225991E-3,2.043318E-3,1.225991E-3,1.348590E-2,1.103392E-2,3.269309E-3,4.086637E-4,1.634655E-3,4.495300E-3,3.677973E-3,3.677973E-3,4.086637E-4,4.086637E-4,4.086637E-4,4.086637E-4,4.086637E-4,0,0,4.086637E-4,4.086637E-4,0,3.841438E-2,4.086637E-4,1.552922E-2,6.129955E-3,9.807928E-3,8.173273E-4,1.961586E-2,1.593788E-2,7.764610E-3,7.764610E-3,3.269309E-3,3.269309E-3,2.451982E-3,0,1.634655E-3,1.634655E-3,1.225991E-3,4.086637E-4,8.173273E-4,0,3.677973E-2,1.225991E-3,8.173273E-3,1.225991E-3,6.947282E-3,8.173273E-4,3.269309E-3,2.451982E-3,1.225991E-3,1.225991E-3,1.225991E-3,0,0,0,1.005313E-1,8.173273E-4,8.173273E-4,8.173273E-4,0,7.805476E-2,1.593788E-2,6.538619E-3,1.225991E-3,1.225991E-3,2.860646E-3,4.086637E-4,2.860646E-3,4.086637E-4,0,0,4.086637E-4,4.086637E-4,4.086637E-4,4.086637E-4,4.086637E-4,1.144258E-2,4.495300E-3,1.225991E-3,0,0,0,8.173273E-4,2.451982E-3,4.086637E-4,1.225991E-3,8.173273E-4,8.173273E-4,8.173273E-4,2.451982E-3,8.173273E-4,0,8.173273E-4,8.173273E-4,4.086637E-4,4.495300E-3,2.002452E-2,8.173273E-4,1.225991E-3,1.225991E-3,0,0,4.086637E-4,1.225991E-2,2.451982E-3,3.269309E-3,4.086637E-4,5.721291E-3,3.677973E-3,4.086637E-4,4.086637E-4,0,0,8.173273E-4,4.086637E-4,0,0,4.086637E-4,7.764610E-3,7.764610E-3,3.269309E-3,4.086637E-4,4.086637E-4,1.225991E-3,4.086637E-4,4.086637E-4,4.086637E-4,4.086637E-4,0,4.086637E-4,1.634655E-3,0,4.086637E-4,4.086637E-4,0,4.086637E-4,4.086637E-4,1.225991E-3,4.086637E-4,8.173273E-4,8.173273E-4,9.399264E-3,4.086637E-3,8.173273E-4,1.634655E-3,2.043318E-3,2.043318E-3,4.086637E-4,2.860646E-3,4.086637E-4,0,4.086637E-4,4.086637E-4,1.225991E-3,0,4.086637E-4,4.086637E-4,2.492848E-2,1.675521E-2,1.389456E-2,3.677973E-3,2.860646E-3,2.860646E-3,2.860646E-3,0,0,8.173273E-4,8.173273E-4,0,0,1.103392E-2,1.225991E-3,9.807928E-3,4.086637E-4,1.225991E-3,4.495300E-3,8.173273E-4,0,0,1.225991E-3,0,1.225991E-3,4.086637E-4,1.634655E-3,1.634655E-3,1.634655E-3,0,0,0,0,0,1.225991E-3,1.225991E-3,4.086637E-4,4.086637E-4,6.129955E-3,4.086637E-4,4.086637E-4,4.086637E-4,4.086637E-4,8.173273E-4,8.173273E-4,8.173273E-4,8.173273E-4,0,1.225991E-3,1.225991E-3,8.173273E-4,4.086637E-4,1.634655E-3,1.634655E-3,8.173273E-4,4.086637E-4,4.086637E-4,0,0,4.086637E-4,8.173273E-4,4.086637E-4,4.086637E-4,0,0,0,1.634655E-3,1.634655E-3,0,0,1.634655E-3,1.634655E-3,1.634655E-3,1.634655E-3,0,0,3.677973E-3,3.677973E-3,2.860646E-3,2.043318E-3,1.225991E-3,4.086637E-4,1.225991E-3,4.086637E-4,8.173273E-4,4.086637E-4,4.086637E-4,9.399264E-3,9.399264E-3,3.269309E-3,4.086637E-4,2.451982E-3,2.451982E-3,1.225991E-3,1.225991E-3,4.086637E-4,4.086637E-4,4.086637E-4,0,4.086637E-4,4.086637E-4,0,0,1.225991E-3,2.451982E-3,1.389456E-2,8.173273E-3,4.495300E-3,1.225991E-3,4.086637E-3,4.086637E-3,1.634655E-3,1.225991E-3,4.086637E-4,0,8.173273E-4,8.173273E-4,4.086637E-4,4.086637E-4,4.086637E-4,4.086637E-4,1.225991E-3,0,0,0,4.086637E-4,4.086637E-4,4.086637E-4,0,0,0,0,0,1.062526E-2,1.062526E-2,8.581937E-3,8.581937E-3,8.581937E-3,7.355946E-3,4.086637E-4,4.086637E-4,4.903964E-2,2.533715E-2,0,1.225991E-3,1.225991E-3,1.225991E-3,1.225991E-2,0,3.269309E-3,8.173273E-4,4.086637E-3,2.860646E-3,2.043318E-3,4.086637E-4,4.086637E-4,1.225991E-3,0,4.086637E-4,3.269309E-3,0,0,0,0,0,0,2.043318E-3,2.043318E-3,0,4.086637E-4,0,0,0,0,4.086637E-4,4.086637E-4,4.086637E-4,0,0,0,0,0,0,0,4.086637E-3,0,2.860646E-3,0,1.634655E-3,4.086637E-4,1.225991E-3,4.086637E-4,4.086637E-4,0,8.173273E-4,0,0,0,0,2.206784E-2,0,8.173273E-4,8.173273E-4,8.173273E-4,0,8.581937E-3,2.043318E-3,1.634655E-3,1.634655E-3,1.634655E-3,1.634655E-3,4.086637E-4,4.086637E-4,4.086637E-4,4.086637E-4,4.086637E-4,0,0,0,2.043318E-3,8.173273E-4,0,1.225991E-3,0,0,8.173273E-4,8.173273E-4,3.677973E-3,0,0,0,0,0,0,0,4.903964E-3,0,4.903964E-3,0,0,4.086637E-4,0,1.634655E-3,1.634655E-3,3.677973E-3,0,1.634655E-3,2.451982E-3,0,0,0,0,4.086637E-4,2.599101E-1,4.086637E-4,4.086637E-3,8.173273E-4,4.086637E-4,3.269309E-3,4.086637E-4,8.173273E-4,2.362076E-1,2.317123E-1,2.125051E-2,1.471189E-2,1.634655E-3,1.225991E-3,8.173273E-4,1.144258E-2,8.990601E-3,4.086637E-4,5.312628E-3,3.269309E-3,3.677973E-3,0,4.086637E-4,0,2.043318E-3,8.173273E-4,1.225991E-3,2.451982E-3,2.451982E-3,0,0,0,0,0,1.634655E-3,4.495300E-3,4.495300E-3,8.173273E-4,8.173273E-4,4.086637E-4,1.634655E-3,4.086637E-4,8.173273E-4,4.086637E-4,4.086637E-4,0,7.764610E-3,3.269309E-3,0,2.451982E-3,0,8.173273E-4,4.699632E-2,2.125051E-2,2.043318E-3,8.173273E-4,0,1.757254E-2,6.129955E-3,4.903964E-3,8.173273E-4,4.086637E-4,7.764610E-3,6.129955E-3,8.173273E-4,0,0,1.225991E-3,1.225991E-3,4.086637E-4,0,1.025746E-1,6.170821E-2,1.634655E-3,2.288517E-2,8.990601E-3,2.043318E-3,2.043318E-3,1.634655E-3,4.086637E-4,1.103392E-2,4.086637E-4,3.269309E-3,2.860646E-3,1.266857E-2,4.086637E-3,8.173273E-4,1.021659E-2,8.990601E-3,8.990601E-3,8.990601E-3,4.086637E-3,3.269309E-3,3.269309E-3,1.634655E-3,2.860646E-3,4.086637E-4,1.757254E-2,6.538619E-3,1.225991E-3,1.634655E-3,1.266857E-2,8.173273E-4,3.677973E-3,3.269309E-3,8.173273E-3,1.634655E-3,0,4.903964E-3,4.495300E-3,4.086637E-4,0,0,0,8.173273E-4,0,8.173273E-4,0,0,4.903964E-3,4.086637E-4,2.411116E-2,2.411116E-2,2.043318E-2,2.043318E-2,1.430323E-2,1.021659E-2,7.355946E-3,4.495300E-3,2.451982E-3,8.173273E-4,1.634655E-3,1.634655E-3,1.225991E-3,0,0,1.225991E-3,1.225991E-3,0,5.516960E-2,6.538619E-3,1.225991E-3,4.086637E-4,8.173273E-4,8.173273E-4,4.086637E-4,4.086637E-4,4.086637E-4,0,0,0,8.173273E-4,0,0,0,0,0,7.355946E-3,7.355946E-3,7.355946E-3,8.173273E-4,4.086637E-4,4.086637E-4,4.086637E-4,7.355946E-3,6.538619E-3,2.002452E-2,1.225991E-3,4.086637E-4,4.086637E-4,0,8.173273E-4,6.129955E-3,0,4.086637E-4,0,0,8.173273E-4,8.173273E-4,0,0,4.495300E-3,2.451982E-3,4.086637E-4,4.086637E-4,8.173273E-4,0,0,4.086637E-4,0,0,4.086637E-4,4.086637E-4,4.086637E-4,8.173273E-4,4.086637E-4,4.086637E-4,4.086637E-4,0,1.144258E-2,1.634655E-3,1.225991E-3,4.086637E-4,1.021659E-2,2.860646E-3,8.173273E-4,1.634655E-3,1.225991E-3,8.173273E-4,4.086637E-4,0,1.225991E-3,8.173273E-4,0,3.677973E-3,0,2.451982E-3,2.451982E-3,4.086637E-4,0,0,0,0,4.086637E-4,4.086637E-4,0,0,0,0,1.062526E-2,0,1.062526E-2,3.269309E-3,4.495300E-3,2.451982E-3,8.173273E-4,4.086637E-4,0,0,0,0,4.086637E-4,4.086637E-4,0,0,1.225991E-3,4.086637E-4,4.086637E-4,4.086637E-4,4.086637E-4,0,1.716387E-2,5.312628E-3,5.312628E-3,1.225991E-3,2.043318E-3,4.086637E-4,4.086637E-4,4.086637E-4,4.086637E-4,0,7.355946E-3,4.086637E-4,1.634655E-3,0,0,4.495300E-3,1.634655E-3,1.225991E-3,8.173273E-4,4.086637E-4,0,4.086637E-4,4.086637E-4,4.086637E-4,0,3.269309E-3,4.086637E-4,0,4.086637E-4,0,1.634655E-3,1.634655E-3,8.173273E-4,8.173273E-4,4.086637E-4,0,4.086637E-4,4.086637E-4,2.043318E-3,2.043318E-3,1.634655E-3,4.086637E-4,4.086637E-4,0,0,0,1.225991E-3,0,1.225991E-3,1.225991E-3,1.225991E-3,0,6.988149E-2,9.807928E-3,4.086637E-4,4.086637E-4,0,0,0,0,2.860646E-3,8.173273E-4,4.086637E-4,0,0,2.451982E-3,0,0,0,1.634655E-3,8.173273E-4,0,8.173273E-4,0,0,5.721291E-3,1.225991E-3,0,1.225991E-3,1.225991E-3,4.086637E-4,4.086637E-4,4.086637E-4,4.086637E-4,8.173273E-4,4.086637E-4,2.043318E-3,2.043318E-3,8.173273E-4,4.086637E-4,4.086637E-4,4.086637E-4,0,1.389456E-2,6.129955E-3,0,6.129955E-3,4.086637E-4,5.721291E-3,4.086637E-4,5.721291E-3,4.903964E-3,0,0,0,0,0,1.634655E-3,8.173273E-4,4.086637E-4,4.086637E-4,8.173273E-4,5.721291E-3,5.721291E-3,5.312628E-3,0,4.086637E-4,0,4.086637E-4,4.086637E-4,4.086637E-4,3.882305E-2,0,4.086637E-4,3.718839E-2,4.086637E-4,0,1.225991E-3,4.086637E-4,4.086637E-4,0,3.677973E-2,0,2.451982E-3,1.225991E-3,0,8.173273E-4,0,8.173273E-4,0,8.173273E-4,4.086637E-4,1.225991E-3,4.086637E-4,8.173273E-4,8.173273E-4,4.086637E-4,4.086637E-4,4.086637E-4,0,0,0,2.860646E-3,1.634655E-3,1.225991E-3,4.086637E-4,1.225991E-3,4.086637E-4,4.086637E-4,0,0,4.086637E-4,4.086637E-4,0,4.086637E-4,0,0,1.634655E-3,0,0,0,1.225991E-3,4.086637E-4,4.086637E-4,0,8.173273E-4,8.173273E-4,4.086637E-4,4.086637E-4,4.086637E-4,0,0,0,3.759706E-2,4.086637E-3,0,2.451982E-3,2.451982E-3,2.451982E-3,0,8.173273E-4,1.225991E-3,0,0,2.860646E-3,0,0,0,3.187577E-2,4.495300E-3,1.634655E-3,8.173273E-4,8.173273E-4,2.778913E-2,4.086637E-4,1.716387E-2,1.634655E-3,8.173273E-3,8.173273E-4,0,1.634655E-3,4.086637E-4,4.495300E-3,2.451982E-3,8.173273E-4,2.860646E-3,2.043318E-3,1.634655E-3,4.086637E-4,4.086637E-4,4.086637E-4,1.225991E-3,1.634655E-3,8.173273E-4,0,0,8.173273E-4,8.173273E-4,0,4.086637E-4,4.086637E-4,4.086637E-4,4.086637E-4,4.086637E-4,0,4.086637E-4,4.086637E-4,1.225991E-3,8.173273E-4,0,2.043318E-3,3.677973E-3,8.173273E-4,4.086637E-4,0,4.086637E-4,4.086637E-4,0,3.269309E-3,2.451982E-3,4.086637E-4,4.086637E-4,1.225991E-3,0,0,0,0,1.634655E-3,8.173273E-4,0,8.173273E-4,8.173273E-4,4.086637E-4,4.086637E-4,0,0,0,2.774826E-1,2.574581E-1,8.173273E-4,8.173273E-3,0,0,0,0,0,0,0,0,0,0,0,0,0,0,0,0,0,0,0,0,0,0,0,4.086637E-4,0,4.086637E-4,4.086637E-4,0,0,0,0,3.269309E-3,0,4.086637E-4,0,2.860646E-3,4.086637E-4,0,0,0,8.173273E-4,1.634655E-3,1.225991E-3,4.086637E-4,0,0,0,0,0,0,0,4.086637E-3,4.086637E-3,0,4.086637E-4,8.173273E-4,0,4.086637E-4,0,0,0,0,0,0,4.086637E-4,4.086637E-4,0,0,0,0,0,0,0,0,0,0,0,0,0,0,0,1.185125E-2,4.495300E-3,0,5.312628E-3,0,0,0,0,4.086637E-4,0,4.086637E-4,0,2.043318E-3,8.173273E-4,4.086637E-4,0,1.225991E-3,0,0,4.086637E-4,4.086637E-4,4.086637E-4,0,0,0,4.086637E-4,4.086637E-4,0,4.086637E-4,0,0,0,0,0,2.451982E-3,0,2.043318E-3,2.043318E-3,4.086637E-4,1.634655E-3,4.086637E-4,4.086637E-4,0,4.086637E-4,4.086637E-4,0,2.860646E-3,0,2.860646E-3,0,1.634655E-3,0,4.086637E-4,4.086637E-4,4.086637E-4,4.086637E-4,0,0,0,0,0,0,1.634655E-3,4.086637E-4,4.086637E-4,4.086637E-4,4.086637E-4,0,0,0,4.086637E-4,0,4.086637E-4,4.086637E-4,4.086637E-4,6.947282E-3,0,0,0,0,4.086637E-4,4.086637E-4,4.086637E-4,2.860646E-3,2.860646E-3,2.860646E-3,2.043318E-3,2.043318E-3,8.173273E-4,8.173273E-4,4.086637E-4,4.086637E-4,0,0,0,4.086637E-4,4.086637E-4,8.173273E-4,0,0,0,0,0,4.086637E-4,4.086637E-4,0,0,0,0,0,0,0,0,0,0,0,4.086637E-4,2.043318E-3,8.173273E-4,4.086637E-4,8.173273E-4,0,4.086637E-4,0,0,0,4.086637E-4,4.086637E-4,0,0,1.634655E-3,0,0,8.173273E-4,8.173273E-4,4.086637E-4,4.086637E-4,4.086637E-4,0,0,0,0,0,0,0,0,0,0,0,0,0,0,0,0,0,0,0,0,0,0,0,4.086637E-4,0,0,0,0,0,0,4.086637E-4,0,4.086637E-4,0,0,0,4.086637E-4,4.086637E-4,0,0,0,0,0,8.173273E-4,0,8.173273E-4,0,0,0,2.484675E-1,1.634655E-3,1.634655E-3,7.355946E-3,7.355946E-3,4.086637E-4,4.086637E-4,4.086637E-4,4.086637E-4,2.451982E-3,2.451982E-3,1.634655E-3,0,2.043318E-3,0,0,4.086637E-4,0,1.634655E-3,1.634655E-3,4.086637E-4,8.173273E-4,0,0,0,0,4.086637E-3,4.086637E-3,4.086637E-3,0,0,0,0,1.941152E-1,0,1.225991E-3,1.225991E-3,8.173273E-4,8.173273E-4,0,0,4.086637E-4,0,0,4.086637E-4,4.086637E-4,4.086637E-4,0,0,0,0,0,0,1.381283E-1,1.225991E-3,0,0,0,8.173273E-4,0,8.173273E-4,0,8.173273E-4,8.173273E-4,4.086637E-4,4.086637E-4,0,0,0,4.086637E-4,0,0,4.086637E-4,1.225991E-3,4.086637E-4,4.086637E-4,8.173273E-4,0,0,0,8.173273E-4,0,8.173273E-4,4.086637E-4,4.086637E-4,4.086637E-4,0,2.247650E-2,2.860646E-3,1.225991E-3,1.225991E-3,0,0,0,0,6.947282E-3,8.173273E-4,4.903964E-3,2.043318E-3,1.225991E-3,0,0,8.173273E-4,4.086637E-4,8.173273E-4,8.173273E-4,2.451982E-3,4.086637E-4,4.086637E-4,0,1.634655E-3,1.634655E-3,4.086637E-4,4.086637E-4,4.086637E-4,0,0,4.086637E-4,0,4.086637E-3,4.086637E-4,0,0,0,0,3.677973E-3,1.634655E-3,4.086637E-4,4.086637E-4,4.086637E-4,4.086637E-4,0,5.721291E-3,1.225991E-3,8.173273E-4,4.086637E-4,0,0,4.086637E-4,4.086637E-4,4.086637E-4,1.225991E-3,8.173273E-4,4.086637E-4,4.086637E-4,4.086637E-4,0,1.225991E-3,8.173273E-4,4.086637E-4,4.086637E-4,4.086637E-4,8.173273E-4,8.173273E-4,4.086637E-4,4.086637E-4,0,0,0,3.269309E-3,0,1.634655E-3,1.634655E-3,0,1.634655E-3,1.225991E-3,4.086637E-4,1.205558E-1,0,4.086637E-4,1.634655E-3,0,0,0,1.634655E-3,1.225991E-3,8.173273E-4,8.173273E-4,4.086637E-4,8.173273E-4,4.086637E-4,4.086637E-4,2.860646E-3,0,2.043318E-3,2.043318E-3,8.173273E-4,8.173273E-4,8.173273E-4,8.173273E-4,0,0,0,2.451982E-3,1.225991E-3,8.173273E-4,0,4.086637E-4,4.086637E-4,1.225991E-3,4.086637E-4,4.086637E-4,4.086637E-4,4.086637E-4,4.086637E-4,8.173273E-4,8.173273E-4,1.152432E-1,0,0,1.152432E-1,1.148345E-1,0,2.451982E-3,7.560278E-2,0,4.086637E-4,0,0,0,0,6.375153E-2,1.225991E-3,1.185125E-2,8.173273E-4,4.086637E-4,8.173273E-4,8.173273E-4,5.721291E-3,4.086637E-3,1.634655E-3,0,4.086637E-4,4.086637E-4,4.086637E-4,1.225991E-3,1.225991E-3,0,4.086637E-4,4.086637E-4,4.086637E-4,1.634655E-3,1.634655E-3,4.086637E-4,4.086637E-4,4.086637E-4,4.086637E-4,0,4.086637E-4,4.086637E-4,4.086637E-4,3.269309E-3,4.086637E-4,1.225991E-3,4.086637E-4,0,0,1.225991E-3,0,8.173273E-4,0,2.043318E-3,1.225991E-3,8.173273E-4,0,4.086637E-4,4.086637E-4,4.086637E-4,0,0,0,0,0,0,0,0,0,0,0,2.043318E-3,0,8.173273E-4,8.173273E-4,8.173273E-4,0,0,4.086637E-3,4.086637E-4,8.173273E-4,0,1.225991E-3,1.225991E-3,4.086637E-3,0,0,3.269309E-3,0,4.086637E-4,4.086637E-4,4.086637E-4,0,0,3.432775E-2,3.351042E-2,8.173273E-4,8.173273E-4,4.086637E-4,0,4.086637E-4,4.086637E-4,1.634655E-3,8.173273E-4,4.086637E-4,4.086637E-4,4.086637E-4,4.086637E-4,8.173273E-4,8.173273E-4,0,0,0,0,4.086637E-4,0,0,0,0,8.173273E-4,4.086637E-4,0,0,8.173273E-4,4.086637E-4,4.086637E-4,0,8.173273E-4,4.086637E-4,0,4.086637E-4,0,9.807928E-3,0,2.860646E-3,2.043318E-3,8.173273E-4,8.173273E-4,2.451982E-3,2.043318E-3,1.225991E-3,4.086637E-4,4.086637E-4,4.086637E-4,0,0,0,4.086637E-4,1.634655E-3,4.086637E-4,8.173273E-4,0,0,0,0,4.086637E-4,0,3.677973E-3,0,0,3.677973E-3,3.677973E-3,1.634655E-3,0,0,6.947282E-3,8.173273E-4,0,0,0,0,0,0,0,0,6.129955E-3,4.903964E-3,3.269309E-3,8.173273E-4,0,4.086637E-4,4.086637E-4,4.086637E-4,0,4.086637E-4,0,0,0,0,0,0,0,0,0,0,0,0,0,0,3.269309E-2,4.086637E-4,4.086637E-4,4.086637E-4,4.086637E-4,3.677973E-3,4.086637E-4,4.086637E-4,1.225991E-3,2.043318E-3,4.086637E-4,0,4.086637E-4,4.086637E-4,0,0,0,2.451982E-3,4.086637E-4,4.086637E-4,4.086637E-4,0,0,4.086637E-4,4.086637E-4,0,4.086637E-4,0,4.086637E-4,0,4.086637E-4,0,0,0,0,1.634655E-3,0,0,1.225991E-3,4.086637E-4,0,4.086637E-4,0,0,0,4.086637E-4,0,0,2.411116E-2,2.288517E-2,4.495300E-3,8.173273E-4,8.173273E-4,4.086637E-4,0,4.086637E-4,0,0,1.225991E-3,8.173273E-4,6.129955E-3,0,1.225991E-3,6.538619E-3,1.225991E-3,4.086637E-4,4.086637E-4,1.225991E-3,2.860646E-3,0,4.086637E-4,4.086637E-4,0,0,0,0,0,0,1.225991E-3,1.225991E-3,8.173273E-4,4.086637E-4,4.086637E-4,0,0,0,2.860646E-3,2.451982E-3,2.043318E-3,8.173273E-4,0,0,4.086637E-4,4.086637E-4,0,0,0,0,0,3.555374E-2,1.920719E-2,1.185125E-2,2.043318E-3,1.225991E-3,0,0,8.173273E-4,4.086637E-4,9.807928E-3,8.173273E-4,4.086637E-4,8.990601E-3,5.721291E-3,2.860646E-3,2.860646E-3,2.860646E-3,8.173273E-4,4.086637E-4,4.086637E-4,4.086637E-4,0,0,1.634655E-3,1.225991E-3,4.086637E-4,0,8.173273E-4,4.086637E-4,0,1.225991E-3,1.225991E-3,1.225991E-3,0,0,0,4.495300E-3,8.173273E-4,4.086637E-4,4.086637E-4,4.086637E-4,8.173273E-4,4.086637E-4,4.086637E-4,4.086637E-4,4.086637E-4,4.086637E-4,4.086637E-4,2.451982E-3,2.043318E-3,1.225991E-3,8.173273E-4,4.086637E-4,4.086637E-4,1.225991E-3,1.225991E-3,4.086637E-4,0,0,0,4.086637E-4,0,0,0,0,0,0,4.086637E-4,0,1.634655E-3,1.634655E-3,8.173273E-4,4.086637E-4,4.086637E-4,0,1.757254E-2,1.634655E-2,8.990601E-3,4.086637E-4,4.086637E-4,4.086637E-4,4.086637E-4,7.764610E-3,4.086637E-3,8.173273E-4,0,8.173273E-4,4.086637E-4,0,1.634655E-3,1.634655E-3,4.086637E-3,1.225991E-3,4.086637E-4,4.086637E-4,8.173273E-4,4.086637E-4,8.173273E-4,4.086637E-4,2.043318E-3,4.086637E-4,4.086637E-4,0,0,0,2.860646E-3,1.225991E-3,8.173273E-4,8.173273E-4,4.086637E-4,1.634655E-3,4.086637E-4,8.173273E-4,4.086637E-4,4.086637E-4,4.086637E-4,8.173273E-4,8.173273E-4,4.086637E-4,4.086637E-4,4.086637E-4,4.086637E-4,4.086637E-4,4.086637E-4,4.086637E-4,0,0,4.086637E-4,0,4.086637E-4,4.086637E-4,4.086637E-4,0,0,0,4.086637E-4,4.086637E-4,0,1.225991E-3,1.225991E-3,0,0,0,5.312628E-3,0,0,5.312628E-3,1.634655E-3,8.173273E-4,4.086637E-4,4.086637E-4,4.086637E-4,4.086637E-4,4.086637E-4,4.086637E-4,0,8.173273E-4,0,0,0,0,1.634655E-3,8.173273E-4,4.086637E-4,0,4.086637E-4,0,4.086637E-4,0,0,0,4.086637E-4,0,4.086637E-4,0,0,0,0,1.225991E-3,0,0,0,1.225991E-3,4.086637E-4,4.086637E-4,8.173273E-4,0,4.086637E-4,4.086637E-4,4.086637E-4,4.086637E-4,1.348590E-2,4.086637E-4,4.086637E-4,4.495300E-3,2.860646E-3,0,2.043318E-3,1.225991E-3,1.225991E-3,8.173273E-4,8.173273E-4,4.086637E-4,4.086637E-4,0,0,4.086637E-4,4.086637E-4,1.634655E-3,1.225991E-3,1.225991E-3,8.173273E-4,4.086637E-4,0,0,4.086637E-4,4.086637E-4,0,4.086637E-4,1.225991E-3,1.225991E-3,1.225991E-3,4.903964E-3,3.269309E-3,2.860646E-3,0,2.451982E-3,2.043318E-3,0,0,0,2.043318E-3,4.086637E-4,8.173273E-4,4.086637E-4,4.086637E-4,0,4.086637E-4,0,0,0,0,4.086637E-4,4.086637E-4,0,0,0,8.173273E-4,4.086637E-4,4.086637E-4,0,0,4.086637E-4,1.389456E-2,8.173273E-4,8.173273E-4,8.173273E-3,7.764610E-3,0,4.086637E-4,4.086637E-4,4.086637E-4,4.903964E-3,1.634655E-3,4.086637E-4,0,8.173273E-4,2.860646E-3,2.451982E-3,1.225991E-3,4.086637E-4,8.173273E-4,4.086637E-4,4.086637E-4,0,0,0,4.086637E-4,8.173273E-4,8.173273E-4,0,8.173273E-4,8.173273E-4,0,0,0,0,0,0,0,0,0,0,0,0,0,2.451982E-3,1.225991E-3,1.225991E-3,0,4.086637E-4,4.086637E-4,4.086637E-4,1.225991E-3,0,0,4.086637E-4,0,0,0,0,4.086637E-4,4.086637E-4,0,5.435227E-2,4.086637E-3,0,0,2.860646E-3,1.225991E-3,8.173273E-4,6.129955E-3,4.903964E-3,0,0,0,0,1.634655E-3,1.634655E-3,8.173273E-4,1.225991E-3,1.225991E-3,0,0,4.086637E-4,0,4.086637E-4,4.086637E-4,4.086637E-4,2.860646E-2,8.173273E-4,6.129955E-3,8.173273E-4,4.086637E-4,4.086637E-4,1.225991E-3,8.173273E-4,0,2.043318E-3,8.173273E-4,8.173273E-4,4.086637E-4,1.225991E-3,1.225991E-3,0,4.086637E-4,4.086637E-4,1.634655E-3,8.173273E-4,4.086637E-4,4.086637E-4,4.086637E-4,4.086637E-4,4.086637E-4,4.086637E-4,4.086637E-4,4.086637E-4,0,0,4.086637E-4,0,0,0,2.860646E-3,2.043318E-3,2.043318E-3,0,0,0,0,0,0,0,4.086637E-4,2.043318E-3,4.086637E-4,4.086637E-4,0,0,0,0,0,0,3.677973E-3,3.269309E-3,6.947282E-3,4.495300E-3,4.086637E-4,4.086637E-4,0,4.086637E-4,4.086637E-4,2.043318E-3,2.043318E-3,0,2.451982E-3,1.225991E-3,1.225991E-3,0,0,2.043318E-3,8.173273E-4,8.173273E-4,1.225991E-3,8.173273E-4,0,8.990601E-3,7.355946E-3,3.677973E-3,2.451982E-3,2.451982E-3,2.451982E-3,8.173273E-4,8.173273E-4,4.086637E-4,4.086637E-4,1.634655E-3,0,0,4.086637E-4,4.086637E-4,4.086637E-4,0,0,4.086637E-4,4.086637E-4,4.086637E-4,1.225991E-3,0,0,1.225991E-3,0,1.225991E-3,1.225991E-3,0,1.225991E-3,0,0,4.086637E-4,0,0,9.807928E-3,9.399264E-3,4.086637E-4,4.086637E-4,2.043318E-3,8.173273E-4,4.086637E-4,4.086637E-4,8.173273E-4,4.086637E-4,3.269309E-3,1.225991E-3,0,2.043318E-3,2.043318E-3,1.634655E-3,1.634655E-3,2.043318E-3,0,0,0,0,0,1.634655E-3,8.173273E-4,8.173273E-4,0,8.173273E-4,4.086637E-4,4.086637E-4,4.086637E-4,4.086637E-4,0,0,0,0,0,2.860646E-3,4.086637E-4,0,0,0,1.634655E-3,4.086637E-4,0,4.086637E-4,4.086637E-4,4.086637E-4,4.086637E-4,4.903964E-3,0,0,0,4.495300E-3,1.634655E-3,1.634655E-3,2.860646E-3,2.860646E-3,4.086637E-4,2.451982E-3,1.634655E-3,0,4.086637E-4,4.086637E-4,0,0,0,0,1.307724E-2,5.721291E-3,2.451982E-3,1.634655E-3,0,0,0,0,0,4.086637E-4,4.086637E-4,0,0,0,0,0,0,0,0,4.086637E-4,0,4.086637E-4,0,4.086637E-4,4.086637E-4,2.860646E-3,1.225991E-3,0,0,4.086637E-4,0,0,4.086637E-4,4.086637E-4,0,0,0,0,0,0,4.086637E-4,0,0,0,0,0,0,0,0,0,4.086637E-4,4.086637E-4,8.173273E-4,8.173273E-4,0,8.173273E-4,0,0,0,0,1.471189E-2,0,2.860646E-3,0,4.495300E-3,4.086637E-4,3.677973E-3,1.634655E-3,4.086637E-4,4.086637E-4,4.086637E-4,4.086637E-4,5.721291E-3,5.721291E-3,4.086637E-4,0,0,4.086637E-3,0,0,0,4.086637E-3,3.269309E-3,0,0,4.086637E-4,2.860646E-3,0,0,0,0,2.860646E-3,0,0,8.173273E-4,8.173273E-4,0,0,1.225991E-3,1.225991E-3,0,0,0,1.512056E-2,0,8.173273E-4,8.173273E-4,4.086637E-4,4.086637E-4,4.086637E-4,4.086637E-4,9.807928E-3,8.990601E-3,8.173273E-4,8.173273E-4,6.947282E-3,4.086637E-4,5.721291E-3,1.225991E-3,4.086637E-4,4.086637E-4,4.086637E-4,0,0,4.086637E-4,8.173273E-4,0,0,8.173273E-4,8.173273E-4,0,0,0,5.312628E-3,4.086637E-4,8.173273E-4,8.173273E-4,0,4.086637E-3,2.451982E-3,1.225991E-3,1.225991E-3,0,0,0,4.086637E-4,4.086637E-4,0,0,0,0,0,0,0,0,0,0,0,0,0,0,0,0,2.206784E-2,2.206784E-2,2.206784E-2,9.399264E-3,8.990601E-3,4.903964E-3,0,8.173273E-4,0,8.173273E-4,8.173273E-4,8.173273E-4]: 2447

Forest with 10 trees Model
**************************

Forest with 10 models

Forest with 10 trees(T = 0.0) Model
***********************************

Forest with 10 models

Forest with 10 trees(T = 2.0) Model
***********************************

Forest with 10 models

Forest with 10 trees(T = 4.0) Model
***********************************

Forest with 10 models

Forest with 10 trees(T = 6.0) Model
***********************************

Forest with 10 models

Forest with 10 trees(T = 8.0) Model
***********************************

Forest with 10 models

Forest with 10 trees(T = 10.0) Model
************************************

Forest with 10 models

Forest with 10 trees(T = 12.0) Model
************************************

Forest with 10 models

Forest with 10 trees(T = 14.0) Model
************************************

Forest with 10 models

Forest with 10 trees(T = 16.0) Model
************************************

Forest with 10 models

Forest with 10 trees(T = 18.0) Model
************************************

Forest with 10 models

Forest with 10 trees(T = 20.0) Model
************************************

Forest with 10 models

Forest with 10 trees(T = 22.0) Model
************************************

Forest with 10 models

Forest with 10 trees(T = 24.0) Model
************************************

Forest with 10 models

Forest with 10 trees(T = 26.0) Model
************************************

Forest with 10 models

Forest with 10 trees(T = 28.0) Model
************************************

Forest with 10 models

Forest with 10 trees(T = 30.0) Model
************************************

Forest with 10 models

Forest with 10 trees(T = 32.0) Model
************************************

Forest with 10 models

Forest with 10 trees(T = 34.0) Model
************************************

Forest with 10 models

Forest with 10 trees(T = 36.0) Model
************************************

Forest with 10 models

Forest with 10 trees(T = 38.0) Model
************************************

Forest with 10 models

Forest with 10 trees(T = 40.0) Model
************************************

Forest with 10 models

Forest with 10 trees(T = 42.0) Model
************************************

Forest with 10 models

Forest with 10 trees(T = 44.0) Model
************************************

Forest with 10 models

Forest with 10 trees(T = 46.0) Model
************************************

Forest with 10 models

Forest with 10 trees(T = 48.0) Model
************************************

Forest with 10 models

Forest with 10 trees(T = 50.0) Model
************************************

Forest with 10 models

Forest with 10 trees(T = 52.0) Model
************************************

Forest with 10 models

Forest with 10 trees(T = 54.0) Model
************************************

Forest with 10 models

Forest with 10 trees(T = 56.0) Model
************************************

Forest with 10 models

Forest with 10 trees(T = 58.0) Model
************************************

Forest with 10 models

Forest with 10 trees(T = 60.0) Model
************************************

Forest with 10 models

Forest with 10 trees(T = 62.0) Model
************************************

Forest with 10 models

Forest with 10 trees(T = 64.0) Model
************************************

Forest with 10 models

Forest with 10 trees(T = 66.0) Model
************************************

Forest with 10 models

Forest with 10 trees(T = 68.0) Model
************************************

Forest with 10 models

Forest with 10 trees(T = 70.0) Model
************************************

Forest with 10 models

Forest with 10 trees(T = 72.0) Model
************************************

Forest with 10 models

Forest with 10 trees(T = 74.0) Model
************************************

Forest with 10 models

Forest with 10 trees(T = 76.0) Model
************************************

Forest with 10 models

Forest with 10 trees(T = 78.0) Model
************************************

Forest with 10 models

Forest with 10 trees(T = 80.0) Model
************************************

Forest with 10 models

Forest with 10 trees(T = 82.0) Model
************************************

Forest with 10 models

Forest with 10 trees(T = 84.0) Model
************************************

Forest with 10 models

Forest with 10 trees(T = 86.0) Model
************************************

Forest with 10 models

Forest with 10 trees(T = 88.0) Model
************************************

Forest with 10 models

Forest with 10 trees(T = 90.0) Model
************************************

Forest with 10 models

Forest with 10 trees(T = 92.0) Model
************************************

Forest with 10 models

Forest with 10 trees(T = 94.0) Model
************************************

Forest with 10 models

Forest with 10 trees(T = 96.0) Model
************************************

Forest with 10 models

Forest with 10 trees(T = 98.0) Model
************************************

Forest with 10 models

Forest with 10 trees(T = 100.0) Model
*************************************

Forest with 10 models

