Clus run 'pheno0.names'
***********************

Date: 3/3/23 8:41 PM
File: church_GO.f.out
Attributes: 28 (input: 27, output: 1)
Missing values: Yes

[General]
Verbose = 1
RandomSeed = 0
ResourceInfoLoaded = No
DoNotInduce = No
LoggingProperties = logging.properties

[Data]
File = raw_datasets/church_GO/church_GO.trainvalid.fake.arff
TestSet = None
PruneSet = None
XVal = 10
RemoveMissingTarget = No
NormalizeData = None

[Attributes]
Target = 28
Clustering = 28
Descriptive = 1-27
Key = None
Disable = None
Weights = Normalize
ClusteringWeights = 1.0
ReduceMemoryNominalAttrs = No
GIS = None

[Constraints]
Syntactic = None
MaxSize = Infinity
MaxError = 0.0
MaxDepth = Infinity

[Nominal]
MEstimate = 1.0

[Model]
MinimalWeight = 5.0
MinimalNumberExamples = 0
MinimalKnownWeight = 0.0
ParamTuneNumberFolds = 3
NominalSubsetTests = Yes

[Tree]
Heuristic = VarianceReduction
HeuristicComplexity = N2
SetDistance = GSMDistance
TupleDistance = Euclidean
TSDistance = DTW
PruningMethod = Default
FTest = 0.05
BinarySplit = Yes
ConvertToRules = No
AlternativeSplits = No
Optimize = []
MSENominal = No
SplitSampling = None
MissingClusteringAttrHandling = EstimateFromParentNode
MissingTargetAttrHandling = ParentNode
InductionOrder = DepthFirst
EntropyType = StandardEntropy
ConsiderUnlableInstancesInIGCalc = No
SpatialMatrix = Binary
SpatialMeasure = GlobalMoran
Bandwidth = 0.001
Longlat = No
NumNeightbours = 0.0
Alpha = 1.0
SplitPosition = Exact

[Hierarchical]
Type = Tree
Distance = WeightedEuclidean
WType = ExpAvgParentWeight
WParam = 0.75
HSeparator = /
EmptySetIndicator = n
OptimizeErrorMeasure = PooledAUPRC
DefinitionFile = None
NoRootPredictions = No
PruneInSig = 0.0
Bonferroni = No
SingleLabel = No
CalculateErrors = Yes
ClassificationThreshold = [0.0,2.0,4.0,6.0,8.0,10.0,12.0,14.0,16.0,18.0,20.0,22.0,24.0,26.0,28.0,30.0,32.0,34.0,36.0,38.0,40.0,42.0,44.0,46.0,48.0,50.0,52.0,54.0,56.0,58.0,60.0,62.0,64.0,66.0,68.0,70.0,72.0,74.0,76.0,78.0,80.0,82.0,84.0,86.0,88.0,90.0,92.0,94.0,96.0,98.0,100.0]
RecallValues = None
EvalClasses = None
MEstimate = No

[Relief]
Neighbours = [10,15]
Iterations = 1.0
WeightNeighbours = No
WeightingSigma = 0.5
ChosenInstances = [-1]
MultilabelDistance = HammingLoss
ReliefStatisticsType = DistanceClassic
MissingTargetHandling = Impute

[Ensemble]
Iterations = [10]
TimeBudget = 0
EnsembleMethod = RForest
EnsembleBootstrapping = Yes
VotingType = ProbabilityDistribution
SelectRandomSubspaces = 6
ROSTargetSubspaceSize = SQRT
ROSAlgorithmType = Disabled
ROSVotingType = SubspaceAveraging
PrintAllModels = No
PrintAllModelFiles = No
PrintAllModelInfo = No
PrintPaths = No
Optimize = No
OOBestimate = No
FeatureRanking = [Genie3, Symbolic]
FeatureRankingPerTarget = No
SymbolicWeight = Dynamic
SortRankingByRelevance = Yes
WriteEnsemblePredictions = No
EnsembleRandomDepth = No
BagSelection = -1
BagSize = 0
NumberOfThreads = 1

[kNN]
K = [1,5,10,15,20,25,30,35,40]
Distance = Euclidean
SearchMethod = BruteForce
DistanceWeighting = [Constant]
AttributeWeighting = none
ChosenInstancesTrain = [-1]
ChosenInstancesTest = [-1]
LoadNeighboursFiles = {}
SaveNeighboursFile = 
IsMlcKnn = No
MlcCountSmoother = 1.0

[SemiSupervised]
SemiSupervisedMethod = PCT
StoppingCriteria = NoneAdded
UnlabeledCriteria = Threshold
ConfidenceThreshold = 0.8
ConfidenceMeasure = Variance
Iterations = 10
K = 5
UnlabeledData = 
PercentageLabeled = 5
UseWeights = No
AirbagTrials = 0
ExhaustiveSearchThresholds = [0.5,0.6,0.7,0.8,0.9,0.99]
OOBErrorCalculation = LabeledOnly
Normalization = MinMaxNormalization
Aggregation = Average
CalibrateHmcThreshold = No
PruningWhenTuning = No
InternalFolds = 5
WeightScoresFile = NO
PossibleWeights = [0.0,0.1,0.2,0.3,0.4,0.5,0.6,0.7,0.8,0.9,1.0]
IterationsSupervisionOptimisation = 0
ForceInternalXValOptimisation = No
ImputeMissingTargetValues = No
InternalFold = -1
ProceedToMain = Yes

[Output]
ShowModels = [Default, Pruned, Others]
TrainErrors = No
ValidErrors = Yes
TestErrors = Yes
AllFoldModels = Yes
AllFoldErrors = No
AllFoldDatasets = No
UnknownFrequency = No
BranchFrequency = No
ShowInfo = [Count]
PrintModelAndExamples = No
WriteErrorFile = No
WriteModelFile = No
WritePerBagModelFile = Yes
WriteOOBFile = Yes
WritePredictions = []
GzipOutput = No
ModelIDFiles = No
WriteCurves = No
OutputPythonModel = No
PythonModelType = Object
OutputROSSubspaces = No
OutputJSONModel = No
OutputDatabaseQueries = No
OutputClowdFlowsJSON = No
ComputeSpearman = No

Run: 01
*******

Statistics
----------

FTValue (FTest): 0.05
Induction Time: 1.367 sec
Pruning Time: 0 sec
Prediction Time (total for ClusModel.Original): 
	0 microsecs
	0 millisecs
	0 secs
Prediction Time (average for ClusModel.Original): 0 microsecs
Model information:
     Default: Nodes = 1; Leaves = 1; Depth = 1
     Forest with 10 trees: FOREST with 10 models (Total nodes: 230; leaves: 120; average tree depth: 6.9)
     Forest with 10 trees(T = 0.0): FOREST with 10 models (Total nodes: 230; leaves: 120; average tree depth: 6.9)
     Forest with 10 trees(T = 2.0): FOREST with 10 models (Total nodes: 230; leaves: 120; average tree depth: 6.9)
     Forest with 10 trees(T = 4.0): FOREST with 10 models (Total nodes: 230; leaves: 120; average tree depth: 6.9)
     Forest with 10 trees(T = 6.0): FOREST with 10 models (Total nodes: 230; leaves: 120; average tree depth: 6.9)
     Forest with 10 trees(T = 8.0): FOREST with 10 models (Total nodes: 230; leaves: 120; average tree depth: 6.9)
     Forest with 10 trees(T = 10.0): FOREST with 10 models (Total nodes: 230; leaves: 120; average tree depth: 6.9)
     Forest with 10 trees(T = 12.0): FOREST with 10 models (Total nodes: 230; leaves: 120; average tree depth: 6.9)
     Forest with 10 trees(T = 14.0): FOREST with 10 models (Total nodes: 230; leaves: 120; average tree depth: 6.9)
     Forest with 10 trees(T = 16.0): FOREST with 10 models (Total nodes: 230; leaves: 120; average tree depth: 6.9)
     Forest with 10 trees(T = 18.0): FOREST with 10 models (Total nodes: 230; leaves: 120; average tree depth: 6.9)
     Forest with 10 trees(T = 20.0): FOREST with 10 models (Total nodes: 230; leaves: 120; average tree depth: 6.9)
     Forest with 10 trees(T = 22.0): FOREST with 10 models (Total nodes: 230; leaves: 120; average tree depth: 6.9)
     Forest with 10 trees(T = 24.0): FOREST with 10 models (Total nodes: 230; leaves: 120; average tree depth: 6.9)
     Forest with 10 trees(T = 26.0): FOREST with 10 models (Total nodes: 230; leaves: 120; average tree depth: 6.9)
     Forest with 10 trees(T = 28.0): FOREST with 10 models (Total nodes: 230; leaves: 120; average tree depth: 6.9)
     Forest with 10 trees(T = 30.0): FOREST with 10 models (Total nodes: 230; leaves: 120; average tree depth: 6.9)
     Forest with 10 trees(T = 32.0): FOREST with 10 models (Total nodes: 230; leaves: 120; average tree depth: 6.9)
     Forest with 10 trees(T = 34.0): FOREST with 10 models (Total nodes: 230; leaves: 120; average tree depth: 6.9)
     Forest with 10 trees(T = 36.0): FOREST with 10 models (Total nodes: 230; leaves: 120; average tree depth: 6.9)
     Forest with 10 trees(T = 38.0): FOREST with 10 models (Total nodes: 230; leaves: 120; average tree depth: 6.9)
     Forest with 10 trees(T = 40.0): FOREST with 10 models (Total nodes: 230; leaves: 120; average tree depth: 6.9)
     Forest with 10 trees(T = 42.0): FOREST with 10 models (Total nodes: 230; leaves: 120; average tree depth: 6.9)
     Forest with 10 trees(T = 44.0): FOREST with 10 models (Total nodes: 230; leaves: 120; average tree depth: 6.9)
     Forest with 10 trees(T = 46.0): FOREST with 10 models (Total nodes: 230; leaves: 120; average tree depth: 6.9)
     Forest with 10 trees(T = 48.0): FOREST with 10 models (Total nodes: 230; leaves: 120; average tree depth: 6.9)
     Forest with 10 trees(T = 50.0): FOREST with 10 models (Total nodes: 230; leaves: 120; average tree depth: 6.9)
     Forest with 10 trees(T = 52.0): FOREST with 10 models (Total nodes: 230; leaves: 120; average tree depth: 6.9)
     Forest with 10 trees(T = 54.0): FOREST with 10 models (Total nodes: 230; leaves: 120; average tree depth: 6.9)
     Forest with 10 trees(T = 56.0): FOREST with 10 models (Total nodes: 230; leaves: 120; average tree depth: 6.9)
     Forest with 10 trees(T = 58.0): FOREST with 10 models (Total nodes: 230; leaves: 120; average tree depth: 6.9)
     Forest with 10 trees(T = 60.0): FOREST with 10 models (Total nodes: 230; leaves: 120; average tree depth: 6.9)
     Forest with 10 trees(T = 62.0): FOREST with 10 models (Total nodes: 230; leaves: 120; average tree depth: 6.9)
     Forest with 10 trees(T = 64.0): FOREST with 10 models (Total nodes: 230; leaves: 120; average tree depth: 6.9)
     Forest with 10 trees(T = 66.0): FOREST with 10 models (Total nodes: 230; leaves: 120; average tree depth: 6.9)
     Forest with 10 trees(T = 68.0): FOREST with 10 models (Total nodes: 230; leaves: 120; average tree depth: 6.9)
     Forest with 10 trees(T = 70.0): FOREST with 10 models (Total nodes: 230; leaves: 120; average tree depth: 6.9)
     Forest with 10 trees(T = 72.0): FOREST with 10 models (Total nodes: 230; leaves: 120; average tree depth: 6.9)
     Forest with 10 trees(T = 74.0): FOREST with 10 models (Total nodes: 230; leaves: 120; average tree depth: 6.9)
     Forest with 10 trees(T = 76.0): FOREST with 10 models (Total nodes: 230; leaves: 120; average tree depth: 6.9)
     Forest with 10 trees(T = 78.0): FOREST with 10 models (Total nodes: 230; leaves: 120; average tree depth: 6.9)
     Forest with 10 trees(T = 80.0): FOREST with 10 models (Total nodes: 230; leaves: 120; average tree depth: 6.9)
     Forest with 10 trees(T = 82.0): FOREST with 10 models (Total nodes: 230; leaves: 120; average tree depth: 6.9)
     Forest with 10 trees(T = 84.0): FOREST with 10 models (Total nodes: 230; leaves: 120; average tree depth: 6.9)
     Forest with 10 trees(T = 86.0): FOREST with 10 models (Total nodes: 230; leaves: 120; average tree depth: 6.9)
     Forest with 10 trees(T = 88.0): FOREST with 10 models (Total nodes: 230; leaves: 120; average tree depth: 6.9)
     Forest with 10 trees(T = 90.0): FOREST with 10 models (Total nodes: 230; leaves: 120; average tree depth: 6.9)
     Forest with 10 trees(T = 92.0): FOREST with 10 models (Total nodes: 230; leaves: 120; average tree depth: 6.9)
     Forest with 10 trees(T = 94.0): FOREST with 10 models (Total nodes: 230; leaves: 120; average tree depth: 6.9)
     Forest with 10 trees(T = 96.0): FOREST with 10 models (Total nodes: 230; leaves: 120; average tree depth: 6.9)
     Forest with 10 trees(T = 98.0): FOREST with 10 models (Total nodes: 230; leaves: 120; average tree depth: 6.9)
     Forest with 10 trees(T = 100.0): FOREST with 10 models (Total nodes: 230; leaves: 120; average tree depth: 6.9)

Default Model
*************

[1,8.858762E-1,4.581141E-1,0,0,7.608256E-2,0,1.214083E-3,4.046945E-4,4.046945E-4,8.498584E-3,1.214083E-3,4.046945E-4,4.046945E-4,0,4.046945E-4,0,2.063942E-2,0,4.046945E-4,4.046945E-4,1.902064E-2,0,4.046945E-4,4.046945E-4,4.046945E-4,4.046945E-4,0,8.093889E-4,0,1.214083E-3,2.023472E-3,2.023472E-3,1.214083E-3,0,8.093889E-4,0,4.046945E-4,4.046945E-4,4.046945E-4,4.046945E-4,8.093889E-4,4.046945E-4,4.046945E-4,0,4.046945E-4,4.046945E-4,8.093889E-4,4.046945E-4,0,4.046945E-4,8.093889E-4,0,0,2.832861E-3,4.046945E-4,4.046945E-4,0,1.214083E-3,8.093889E-4,4.046945E-4,4.046945E-4,8.093889E-4,4.046945E-4,0,4.046945E-4,8.093889E-4,4.046945E-4,4.046945E-4,4.046945E-4,0,0,4.046945E-4,4.046945E-4,0,0,0,0,0,0,0,0,4.046945E-4,4.046945E-4,0,1.214083E-3,8.093889E-4,4.046945E-4,0,0,4.046945E-4,4.046945E-4,4.046945E-4,4.046945E-4,0,0,8.093889E-4,8.093889E-4,8.093889E-4,4.046945E-4,5.261028E-3,2.023472E-3,4.046945E-4,4.046945E-4,2.428167E-3,0,0,0,0,8.093889E-4,4.046945E-4,4.046945E-4,4.046945E-4,0,4.046945E-4,1.214083E-3,4.046945E-4,4.046945E-4,4.046945E-4,4.046945E-4,4.046945E-4,4.046945E-4,0,0,0,2.023472E-3,0,8.093889E-4,8.093889E-4,0,8.093889E-4,0,0,4.046945E-4,4.046945E-4,8.093889E-4,8.093889E-4,4.046945E-3,4.046945E-4,3.237556E-3,4.046945E-4,0,4.046945E-4,4.046945E-4,8.093889E-4,4.046945E-4,4.046945E-4,0,4.046945E-4,4.046945E-4,4.046945E-4,4.046945E-4,4.046945E-4,4.046945E-4,4.046945E-4,4.046945E-4,0,0,6.475111E-3,8.093889E-4,4.046945E-4,4.046945E-4,8.093889E-4,2.832861E-3,8.093889E-4,2.023472E-3,8.093889E-4,8.093889E-4,8.093889E-4,4.046945E-4,4.046945E-4,4.046945E-4,1.214083E-3,4.046945E-4,4.046945E-4,8.093889E-4,8.093889E-4,7.689195E-3,6.070417E-3,2.023472E-3,4.856333E-3,1.214083E-3,1.214083E-3,8.093889E-4,4.046945E-4,1.214083E-3,4.046945E-4,8.093889E-4,4.046945E-4,4.046945E-4,4.046945E-4,4.046945E-4,0,2.832861E-3,4.046945E-4,4.046945E-4,4.046945E-4,0,0,4.046945E-4,4.046945E-4,2.428167E-3,2.428167E-3,2.428167E-3,0,0,4.046945E-3,2.023472E-3,4.046945E-4,4.046945E-4,1.214083E-3,4.046945E-4,2.428167E-3,2.023472E-3,0,5.261028E-3,4.046945E-4,4.046945E-4,8.093889E-4,0,0,8.093889E-4,4.046945E-4,4.046945E-4,1.618778E-3,0,4.046945E-4,4.046945E-4,4.046945E-4,0,4.046945E-4,4.046945E-4,4.046945E-4,4.046945E-4,4.046945E-4,0,8.093889E-4,4.046945E-4,4.046945E-4,1.214083E-3,1.214083E-3,3.237556E-3,2.023472E-3,2.023472E-3,2.023472E-3,8.093889E-4,8.093889E-4,0,1.214083E-3,1.214083E-3,1.214083E-3,1.214083E-3,8.498584E-3,4.046945E-4,6.879806E-3,4.046945E-4,2.832861E-3,8.093889E-4,4.046945E-4,4.046945E-4,4.046945E-4,4.046945E-4,1.214083E-3,4.046945E-4,4.046945E-4,4.046945E-4,4.046945E-4,1.214083E-3,8.093889E-4,4.046945E-4,4.046945E-4,4.046945E-4,4.046945E-4,8.093889E-4,4.046945E-4,4.046945E-4,0,0,1.578308E-1,4.046945E-4,1.133144E-2,9.307972E-3,4.046945E-4,0,0,4.046945E-4,0,0,0,4.046945E-4,4.046945E-4,4.046945E-4,0,4.046945E-4,1.214083E-3,1.214083E-3,4.046945E-4,4.046945E-4,0,4.046945E-4,4.046945E-4,6.879806E-3,4.046945E-4,4.046945E-4,4.046945E-4,4.046945E-4,0,8.093889E-4,4.046945E-4,4.046945E-4,4.046945E-4,1.214083E-3,4.046945E-4,0,0,0,0,0,8.093889E-4,0,4.046945E-4,4.046945E-4,4.046945E-4,4.046945E-4,4.046945E-4,4.046945E-4,4.046945E-4,4.046945E-4,0,4.046945E-4,0,0,0,1.214083E-3,1.214083E-3,0,4.046945E-4,0,0,4.046945E-4,0,0,0,4.046945E-4,0,0,0,0,4.046945E-4,4.046945E-4,4.046945E-4,0,0,4.046945E-4,0,0,4.046945E-4,4.046945E-4,4.046945E-4,4.046945E-4,4.046945E-4,0,2.023472E-3,4.046945E-4,4.046945E-4,4.046945E-4,4.046945E-4,4.046945E-4,0,0,0,1.618778E-3,8.093889E-4,4.046945E-4,4.046945E-4,2.063942E-2,1.618778E-2,1.214083E-3,0,0,0,0,0,0,1.214083E-3,0,0,0,0,2.832861E-3,8.093889E-4,4.046945E-4,4.046945E-4,0,0,8.093889E-4,8.093889E-4,0,8.093889E-3,4.856333E-3,4.046945E-4,0,0,4.046945E-3,1.214083E-3,0,0,2.832861E-3,2.832861E-3,4.046945E-4,0,4.046945E-4,0,4.046945E-4,4.046945E-4,4.046945E-4,2.023472E-3,0,8.093889E-4,4.046945E-4,0,8.093889E-4,4.046945E-4,4.046945E-4,4.046945E-4,4.046945E-4,8.093889E-4,4.046945E-4,0,4.046945E-4,4.046945E-4,8.093889E-4,4.046945E-4,1.618778E-3,4.046945E-4,4.046945E-4,4.046945E-4,8.093889E-4,4.046945E-4,4.046945E-4,4.046945E-4,0,4.046945E-4,4.046945E-4,0,0,0,0,0,4.046945E-4,8.093889E-4,4.046945E-4,4.046945E-4,1.214083E-3,1.214083E-3,1.214083E-3,8.093889E-4,1.214083E-3,0,4.046945E-4,0,0,4.046945E-4,0,0,2.428167E-3,8.093889E-4,4.046945E-4,0,4.046945E-4,8.093889E-4,8.093889E-4,0,2.387697E-2,0,1.699717E-2,1.011736E-2,2.428167E-3,8.093889E-4,4.046945E-4,2.832861E-3,0,0,0,2.023472E-3,0,2.023472E-3,4.046945E-4,4.046945E-4,4.046945E-4,0,4.046945E-4,4.046945E-4,4.046945E-4,4.046945E-4,4.046945E-4,4.046945E-4,4.046945E-4,4.046945E-4,1.214083E-3,8.093889E-4,4.046945E-4,0,8.093889E-4,3.237556E-3,4.046945E-4,2.428167E-3,0,8.093889E-4,4.046945E-4,4.046945E-4,0,8.093889E-4,0,4.046945E-4,0,4.046945E-4,0,0,0,4.046945E-4,4.046945E-4,4.046945E-4,4.046945E-4,8.093889E-4,4.046945E-4,4.451639E-3,4.046945E-4,0,0,4.046945E-4,0,4.046945E-4,4.046945E-4,8.093889E-4,4.046945E-4,8.093889E-4,4.046945E-4,4.046945E-4,4.046945E-4,4.046945E-4,1.133144E-2,0,4.046945E-4,4.046945E-4,4.046945E-4,0,1.618778E-3,4.046945E-4,4.046945E-4,1.618778E-3,4.046945E-4,4.046945E-4,2.832861E-3,4.046945E-4,0,0,0,8.093889E-4,8.093889E-4,0,4.046945E-4,0,8.093889E-4,1.214083E-3,4.046945E-4,1.214083E-3,4.046945E-4,8.093889E-4,4.046945E-4,4.046945E-4,4.046945E-4,4.046945E-4,4.046945E-4,4.046945E-4,4.046945E-4,4.046945E-3,4.046945E-3,4.046945E-4,4.046945E-4,0,4.046945E-4,4.046945E-4,4.046945E-4,4.046945E-4,4.046945E-4,4.046945E-4,4.046945E-4,0,0,0,0,4.046945E-4,4.046945E-4,0,0,4.046945E-4,4.046945E-4,0,0,0,4.046945E-4,4.046945E-4,6.839336E-2,4.451639E-2,8.093889E-4,4.046945E-4,0,0,4.046945E-4,4.046945E-4,4.046945E-4,4.046945E-4,4.046945E-4,4.046945E-4,4.046945E-4,4.046945E-4,4.046945E-4,4.046945E-4,4.046945E-4,0,4.046945E-4,4.046945E-4,8.093889E-4,4.046945E-4,4.046945E-4,4.046945E-4,4.046945E-4,2.428167E-2,0,0,2.266289E-2,0,1.618778E-3,1.214083E-3,1.214083E-3,1.618778E-3,4.046945E-4,0,1.214083E-3,8.093889E-4,8.093889E-4,8.093889E-4,8.093889E-4,4.046945E-4,2.428167E-3,1.618778E-3,1.618778E-3,4.046945E-4,4.046945E-4,4.046945E-4,0,0,4.046945E-4,4.046945E-4,0,4.046945E-4,4.046945E-4,8.093889E-4,4.046945E-4,4.046945E-4,4.046945E-4,3.642250E-3,0,8.093889E-4,8.093889E-4,8.093889E-4,8.093889E-4,4.046945E-4,4.046945E-4,1.618778E-3,4.046945E-4,1.214083E-3,1.214083E-3,4.046945E-4,8.093889E-4,0,3.237556E-3,4.046945E-4,1.214083E-3,4.046945E-4,8.093889E-4,0,1.618778E-3,1.214083E-3,4.046945E-4,0,4.046945E-4,8.093889E-4,4.046945E-4,0,0,0,0,4.046945E-4,0,4.046945E-4,0,4.046945E-4,8.093889E-4,4.046945E-4,4.046945E-4,4.046945E-4,4.046945E-4,4.046945E-4,4.046945E-4,1.214083E-3,1.214083E-3,8.093889E-4,0,8.093889E-4,0,0,0,0,2.832861E-3,4.046945E-4,2.023472E-3,4.046945E-4,1.902064E-2,4.046945E-4,6.879806E-3,6.879806E-3,1.214083E-3,0,4.046945E-4,4.046945E-4,0,3.642250E-3,8.093889E-4,4.046945E-4,1.618778E-3,4.046945E-4,4.046945E-4,4.046945E-4,1.214083E-3,8.093889E-4,4.046945E-4,4.046945E-4,8.093889E-4,0,4.046945E-4,4.046945E-4,4.046945E-4,4.046945E-4,4.046945E-4,0,0,1.214083E-3,0,4.046945E-4,8.093889E-4,8.093889E-4,6.070417E-3,6.070417E-3,6.070417E-3,3.237556E-3,0,1.214083E-3,4.451639E-3,4.046945E-4,4.046945E-4,4.046945E-4,2.023472E-3,4.046945E-4,4.046945E-4,8.093889E-4,4.046945E-4,4.046945E-4,4.046945E-4,4.046945E-4,1.214083E-3,0,3.642250E-3,4.046945E-4,4.046945E-4,2.428167E-3,4.046945E-4,1.214083E-3,4.046945E-4,4.046945E-4,8.093889E-4,0,4.046945E-4,1.375961E-2,1.133144E-2,8.093889E-3,1.618778E-3,0,4.046945E-4,2.023472E-3,0,8.093889E-4,8.093889E-4,1.877782E-1,4.046945E-4,2.347228E-2,2.225820E-2,1.375961E-2,2.428167E-3,1.618778E-3,4.046945E-4,4.451639E-3,1.214083E-3,4.046945E-3,5.665722E-3,5.261028E-3,4.046945E-4,4.046945E-4,0,4.856333E-3,4.856333E-3,0,2.023472E-3,4.046945E-4,4.046945E-4,1.618778E-3,3.237556E-3,2.023472E-3,4.046945E-4,4.046945E-4,1.214083E-3,1.214083E-3,0,0,0,0,0,0,5.180089E-2,2.063942E-2,6.879806E-3,3.642250E-3,1.214083E-3,8.093889E-4,4.046945E-4,4.046945E-4,4.046945E-4,4.046945E-4,0,0,5.261028E-3,0,4.046945E-3,2.023472E-3,4.046945E-4,8.093889E-4,0,8.093889E-4,8.093889E-4,0,0,8.093889E-4,4.046945E-4,0,1.052206E-2,0,6.879806E-3,4.046945E-3,1.214083E-3,4.046945E-4,2.023472E-3,4.046945E-4,0,8.093889E-4,4.046945E-4,4.046945E-4,2.832861E-3,2.832861E-3,2.428167E-3,4.046945E-4,4.046945E-4,0,0,0,4.046945E-4,1.618778E-3,4.046945E-4,8.093889E-4,4.046945E-4,4.046945E-4,4.046945E-4,0,0,0,0,2.104411E-2,2.832861E-3,8.093889E-4,0,8.093889E-4,8.093889E-4,4.046945E-4,8.093889E-4,4.046945E-4,4.046945E-4,0,4.046945E-4,4.046945E-4,0,1.821125E-2,0,8.093889E-4,4.046945E-4,4.046945E-4,4.046945E-4,9.307972E-3,4.856333E-3,8.093889E-4,8.093889E-4,4.046945E-4,4.046945E-3,4.046945E-4,4.046945E-4,2.023472E-3,8.093889E-4,0,8.093889E-4,4.046945E-4,4.046945E-4,0,2.832861E-3,4.046945E-4,2.428167E-3,8.093889E-4,8.093889E-4,4.046945E-4,4.046945E-4,4.046945E-4,0,4.046945E-4,4.046945E-4,4.046945E-4,4.046945E-4,4.046945E-4,4.046945E-4,1.214083E-3,0,0,0,0,0,1.214083E-3,8.093889E-4,8.093889E-4,0,4.046945E-4,4.046945E-4,4.046945E-4,4.046945E-4,4.046945E-4,8.093889E-3,2.832861E-3,0,4.046945E-4,8.093889E-4,8.093889E-4,0,8.093889E-4,1.214083E-3,4.046945E-4,4.046945E-4,1.173614E-2,8.093889E-3,4.046945E-4,0,0,0,4.046945E-4,1.214083E-3,1.214083E-3,4.046945E-4,8.093889E-4,8.093889E-4,4.451639E-3,0,0,8.093889E-4,8.093889E-4,4.046945E-4,0,3.237556E-3,4.046945E-4,8.093889E-4,1.618778E-3,1.618778E-3,8.093889E-4,4.046945E-4,4.046945E-4,0,0,8.093889E-4,4.046945E-4,0,0,0,4.046945E-4,0,2.832861E-3,8.093889E-4,4.046945E-4,2.023472E-3,1.618778E-3,8.093889E-4,1.214083E-3,4.046945E-4,4.046945E-4,4.046945E-4,4.046945E-4,4.046945E-4,4.046945E-4,4.046945E-4,0,0,4.046945E-4,4.046945E-4,8.093889E-4,4.046945E-4,0,0,0,0,0,0,1.456900E-2,8.093889E-3,4.046945E-4,4.046945E-4,0,8.093889E-4,2.023472E-3,8.093889E-4,8.093889E-4,2.023472E-3,2.023472E-3,1.214083E-3,4.046945E-4,8.093889E-4,0,0,0,4.046945E-4,4.046945E-4,0,4.046945E-4,0,4.046945E-4,4.046945E-4,0,0,4.046945E-4,8.093889E-4,0,4.046945E-4,4.046945E-4,4.856333E-3,0,1.214083E-3,1.214083E-3,4.046945E-4,8.093889E-4,4.046945E-4,4.046945E-4,4.046945E-4,0,2.023472E-3,8.093889E-4,4.046945E-4,4.046945E-4,4.046945E-4,4.046945E-4,4.046945E-4,0,4.046945E-4,4.046945E-4,4.046945E-4,4.046945E-4,8.781870E-2,8.781870E-2,8.781870E-2,4.046945E-4,4.046945E-4,8.093889E-4,8.093889E-4,1.214083E-3,0,8.093889E-4,0,0,0,4.046945E-4,4.046945E-4,0,4.046945E-4,4.046945E-4,0,4.046945E-4,8.255767E-2,3.642250E-3,1.214083E-3,1.618778E-3,1.699717E-2,1.335492E-2,6.475111E-3,8.093889E-4,8.093889E-4,8.093889E-4,2.023472E-3,0,0,4.046945E-4,0,0,5.787131E-2,4.168353E-2,4.046945E-4,9.712667E-3,9.712667E-3,4.046945E-4,4.046945E-4,1.133144E-2,8.093889E-4,5.261028E-3,8.093889E-4,2.428167E-3,1.618778E-3,0,4.046945E-4,4.046945E-4,1.214083E-3,2.832861E-3,2.023472E-3,1.537839E-2,8.093889E-4,1.456900E-2,1.618778E-3,8.093889E-4,8.093889E-4,4.046945E-4,0,0,0,8.093889E-4,4.046945E-4,4.046945E-4,7.689195E-3,8.093889E-4,7.689195E-3,1.214083E-3,4.046945E-4,8.093889E-4,8.093889E-4,4.046945E-4,4.046945E-3,8.093889E-4,3.642250E-3,1.618778E-3,0,0,0,4.046945E-4,1.618778E-3,8.093889E-4,8.093889E-4,4.046945E-4,1.214083E-3,4.046945E-4,4.046945E-4,0,4.046945E-4,0,0,0,0,0,0,0,0,4.046945E-4,4.046945E-4,0,0,0,0,0,0,0,0,0,0,0,0,0,0,0,0,4.046945E-4,4.046945E-4,4.046945E-4,0,0,0,0,0,0,2.225820E-2,8.093889E-4,4.046945E-4,7.284500E-3,0,5.261028E-3,4.046945E-4,0,0,4.046945E-4,0,4.046945E-4,8.093889E-4,4.046945E-4,4.046945E-4,1.618778E-3,0,4.046945E-4,1.618778E-3,1.618778E-3,1.618778E-3,4.046945E-4,8.093889E-4,4.046945E-4,0,4.046945E-4,4.046945E-4,0,1.618778E-3,8.093889E-4,4.046945E-4,4.046945E-4,8.093889E-3,7.284500E-3,4.046945E-4,0,8.093889E-4,0,4.046945E-4,4.046945E-4,4.046945E-4,0,4.046945E-4,4.046945E-4,2.023472E-3,4.046945E-4,4.046945E-4,4.046945E-4,4.046945E-4,0,0,4.046945E-4,0,0,1.214083E-3,4.046945E-4,4.046945E-4,4.046945E-4,4.046945E-3,2.023472E-3,1.214083E-3,8.093889E-4,4.046945E-4,8.093889E-4,4.046945E-4,0,4.046945E-4,4.046945E-4,1.214083E-3,1.214083E-3,1.618778E-3,8.093889E-4,8.093889E-4,4.046945E-4,0,4.046945E-4,4.046945E-4,4.046945E-4,4.046945E-4,4.046945E-4,1.740186E-2,8.093889E-4,4.046945E-4,0,1.214083E-3,1.214083E-3,4.046945E-4,1.214083E-3,0,4.451639E-3,4.451639E-3,3.642250E-3,8.093889E-4,4.046945E-4,0,0,4.046945E-4,0,0,1.214083E-3,0,8.093889E-4,4.046945E-4,1.618778E-3,1.618778E-3,6.070417E-3,8.093889E-4,2.428167E-3,2.428167E-3,4.046945E-4,8.093889E-4,0,4.046945E-4,4.046945E-4,0,4.046945E-4,4.046945E-4,4.046945E-4,4.046945E-4,1.375961E-2,0,6.475111E-3,3.237556E-3,4.046945E-4,4.046945E-4,4.046945E-4,4.046945E-4,4.046945E-4,2.428167E-3,8.093889E-4,8.093889E-4,8.093889E-4,8.093889E-4,8.093889E-4,4.046945E-4,8.093889E-4,8.093889E-4,8.093889E-4,4.046945E-4,0,7.284500E-3,0,0,0,4.046945E-4,0,0,4.046945E-4,4.046945E-4,0,0,1.214083E-3,4.046945E-4,4.046945E-4,2.428167E-3,8.093889E-4,4.046945E-4,4.046945E-4,0,4.046945E-4,4.046945E-4,8.093889E-4,4.046945E-4,0,4.046945E-4,1.618778E-3,8.093889E-4,0,4.046945E-4,4.046945E-4,0,0,0,0,8.093889E-4,8.093889E-4,8.093889E-4,0,0,1.214083E-3,4.046945E-4,4.046945E-4,4.046945E-4,4.046945E-4,4.046945E-4,4.046945E-4,8.093889E-4,4.046945E-4,4.046945E-4,4.856333E-3,1.618778E-3,2.428167E-3,2.023472E-3,4.046945E-4,4.046945E-4,4.046945E-4,1.214083E-2,4.046945E-4,0,0,1.173614E-2,1.011736E-2,4.046945E-4,4.046945E-4,4.046945E-4,4.046945E-4,4.046945E-4,4.046945E-4,4.046945E-4,4.046945E-4,4.046945E-4,8.093889E-4,4.046945E-4,0,8.093889E-4,1.214083E-3,8.093889E-4,4.046945E-4,4.046945E-4,4.046945E-4,8.093889E-4,4.046945E-4,8.093889E-4,8.093889E-4,0,7.729664E-2,5.018211E-2,3.642250E-3,8.498584E-3,5.261028E-3,7.891542E-2,5.261028E-3,8.093889E-4,2.023472E-3,4.046945E-4,8.093889E-4,8.093889E-4,2.023472E-3,4.046945E-4,0,7.284500E-3,0,6.596520E-2,4.046945E-4,1.214083E-3,4.613517E-2,1.214083E-3,3.278025E-2,0,8.093889E-4,4.046945E-4,1.214083E-3,3.642250E-3,1.214083E-3,2.832861E-3,4.046945E-4,1.214083E-3,1.214083E-3,8.093889E-4,8.093889E-4,4.046945E-4,4.046945E-4,0,4.046945E-4,8.093889E-4,4.046945E-4,8.093889E-4,8.093889E-4,8.093889E-4,4.046945E-4,8.093889E-4,1.214083E-3,0,0,0,4.046945E-4,4.046945E-4,4.046945E-4,4.046945E-4,2.063942E-2,0,0,0,1.254553E-2,1.133144E-2,8.498584E-3,4.046945E-4,4.046945E-4,4.046945E-4,6.879806E-3,4.046945E-4,8.093889E-4,4.046945E-4,1.618778E-3,1.618778E-3,8.093889E-4,1.214083E-3,4.046945E-4,4.046945E-4,1.618778E-3,4.046945E-4,4.046945E-4,4.046945E-4,4.046945E-4,0,0,0,0,0,4.046945E-4,0,0,0,0,4.046945E-4,4.046945E-4,8.093889E-3,8.093889E-4,8.093889E-4,4.046945E-4,4.046945E-4,0,4.046945E-4,5.665722E-3,1.618778E-3,2.428167E-3,1.214083E-3,8.093889E-4,1.618778E-3,4.046945E-4,4.046945E-4,4.046945E-4,0,0,4.046945E-4,8.093889E-4,8.093889E-4,4.046945E-4,1.659247E-2,1.335492E-2,0,4.046945E-4,4.046945E-4,0,0,4.046945E-4,0,0,0,0,4.046945E-4,1.254553E-2,2.428167E-3,0,4.046945E-4,1.214083E-3,8.093889E-4,0,4.046945E-4,8.093889E-4,4.046945E-4,4.046945E-4,4.046945E-4,4.046945E-4,2.428167E-3,8.093889E-4,0,0,0,4.046945E-4,8.093889E-4,4.046945E-4,0,4.046945E-4,1.214083E-3,8.093889E-4,8.093889E-4,6.475111E-3,0,0,0,0,2.023472E-3,0,4.046945E-4,0,2.023472E-3,8.093889E-4,4.046945E-4,0,0,0,0,0,4.451639E-3,4.046945E-4,0,0,4.046945E-4,4.046945E-4,8.093889E-4,8.093889E-4,4.046945E-4,4.046945E-4,4.046945E-4,4.046945E-4,1.618778E-3,4.046945E-4,8.093889E-4,4.046945E-4,0,0,0,0,6.475111E-3,8.093889E-4,8.093889E-4,4.046945E-4,4.046945E-4,6.475111E-3,6.070417E-3,4.046945E-4,6.070417E-3,2.428167E-3,1.618778E-3,6.070417E-3,2.428167E-3,1.214083E-3,2.023472E-3,0,2.832861E-3,4.046945E-4,0,0,0,0,4.046945E-4,3.642250E-3,1.214083E-3,1.618778E-3,1.618778E-3,1.214083E-3,8.093889E-4,0,8.093889E-4,4.046945E-4,4.046945E-4,4.046945E-4,0,4.046945E-4,4.046945E-4,4.046945E-4,0,4.046945E-4,0,0,0,0,0,0,0,0,0,0,0,0,9.712667E-3,7.689195E-3,4.046945E-4,2.023472E-3,5.261028E-3,4.046945E-4,4.046945E-4,4.046945E-4,2.023472E-3,2.023472E-3,2.023472E-3,0,3.642250E-3,4.046945E-4,3.237556E-3,2.023472E-3,1.214083E-3,4.046945E-4,4.046945E-4,0,8.093889E-4,4.046945E-4,4.046945E-4,0,4.046945E-4,4.046945E-4,4.046945E-4,4.046945E-4,0,4.046945E-4,2.428167E-3,1.618778E-3,8.093889E-4,4.046945E-4,4.046945E-4,8.093889E-4,4.046945E-4,0,4.046945E-4,0,4.046945E-4,0,0,4.046945E-4,4.046945E-4,8.093889E-4,4.046945E-4,0,6.066370E-1,0,2.306758E-2,4.046945E-4,1.958721E-1,1.092675E-2,2.832861E-3,0,0,8.093889E-4,8.093889E-4,0,8.093889E-4,8.093889E-4,4.046945E-4,7.284500E-3,4.856333E-3,0,4.046945E-4,2.144881E-2,1.295022E-2,8.093889E-4,5.665722E-3,4.046945E-4,4.046945E-4,8.498584E-3,5.665722E-3,4.046945E-4,8.093889E-4,4.046945E-4,4.046945E-4,4.046945E-4,4.046945E-4,4.046945E-4,4.046945E-4,0,2.347228E-2,1.214083E-3,1.214083E-3,1.375961E-2,3.237556E-3,4.046945E-4,8.093889E-4,1.618778E-3,4.046945E-4,8.093889E-4,6.879806E-3,3.642250E-3,4.046945E-4,8.093889E-4,4.046945E-4,0,4.046945E-4,4.046945E-4,4.046945E-4,4.046945E-4,6.070417E-3,4.046945E-4,1.214083E-3,4.006475E-2,8.093889E-4,4.046945E-4,4.046945E-4,6.879806E-3,2.023472E-3,4.856333E-3,4.046945E-4,4.046945E-4,8.093889E-4,1.618778E-3,1.618778E-3,8.093889E-4,4.046945E-4,4.046945E-4,4.046945E-4,4.046945E-4,4.046945E-3,4.046945E-3,4.046945E-4,1.942533E-2,4.046945E-3,1.214083E-3,4.046945E-4,1.456900E-2,1.375961E-2,2.428167E-3,8.093889E-4,5.261028E-3,4.046945E-4,1.214083E-3,0,8.093889E-4,4.856333E-3,4.046945E-4,8.093889E-4,4.046945E-3,4.046945E-3,3.642250E-3,1.214083E-3,1.214083E-3,4.046945E-4,0,4.451639E-3,0,0,1.214083E-3,5.261028E-3,4.046945E-4,4.046945E-4,1.618778E-3,9.307972E-3,8.093889E-4,4.046945E-4,4.046945E-4,2.832861E-3,4.046945E-4,4.046945E-4,5.261028E-3,4.046945E-4,1.214083E-3,8.903278E-3,8.093889E-4,4.046945E-4,8.093889E-3,4.856333E-3,8.093889E-3,0,1.618778E-3,2.023472E-3,3.601781E-2,7.284500E-3,4.046945E-4,2.023472E-3,4.046945E-4,8.093889E-4,2.023472E-3,4.046945E-4,0,8.093889E-4,1.618778E-2,1.011736E-2,4.046945E-4,8.093889E-4,8.093889E-4,8.093889E-4,2.023472E-2,4.451639E-3,1.214083E-3,8.093889E-4,8.093889E-4,8.093889E-4,8.093889E-4,4.046945E-4,4.046945E-4,0,0,0,0,0,0,4.046945E-4,4.046945E-4,4.046945E-4,5.261028E-3,4.046945E-4,3.237556E-3,4.046945E-4,1.052206E-2,1.052206E-2,9.712667E-3,1.618778E-3,8.093889E-4,4.046945E-4,4.046945E-4,3.642250E-3,1.214083E-3,1.618778E-3,4.046945E-4,4.046945E-4,0,0,2.428167E-3,4.046945E-4,0,0,0,2.023472E-3,0,1.618778E-3,4.046945E-4,3.326588E-1,2.023472E-1,4.046945E-4,4.046945E-4,4.046945E-4,2.063942E-2,1.618778E-3,4.046945E-4,1.578308E-2,2.428167E-3,1.254553E-2,2.832861E-3,6.879806E-3,4.046945E-3,4.451639E-3,2.832861E-3,4.046945E-4,2.023472E-3,2.832861E-3,0,3.642250E-3,1.011736E-2,0,4.046945E-4,4.046945E-4,4.046945E-4,0,0,1.630919E-1,1.440712E-1,1.983003E-2,0,4.046945E-4,4.046945E-4,5.665722E-3,2.832861E-3,1.214083E-3,0,1.626872E-1,8.093889E-4,2.832861E-3,4.046945E-4,1.606637E-1,1.537839E-2,6.070417E-3,8.093889E-4,8.093889E-4,5.099150E-2,5.261028E-3,2.023472E-3,0,0,5.665722E-3,8.093889E-4,0,4.046945E-4,4.046945E-4,3.844597E-2,2.023472E-3,8.093889E-4,0,0,0,1.578308E-2,4.046945E-4,1.214083E-3,8.093889E-4,4.046945E-4,4.046945E-4,4.046945E-4,9.712667E-3,1.214083E-3,5.665722E-3,0,1.618778E-3,8.093889E-4,4.046945E-4,0,4.046945E-4,0,1.497369E-2,1.214083E-3,4.046945E-4,1.214083E-3,0,0,0,1.092675E-2,4.046945E-3,0,7.689195E-3,0,0,0,0,0,2.703359E-1,8.093889E-4,0,0,4.046945E-4,2.464589E-1,0,1.303116E-1,3.642250E-3,2.428167E-3,4.046945E-4,1.214083E-3,8.093889E-4,6.879806E-3,4.046945E-4,4.046945E-4,8.093889E-4,1.011736E-2,2.832861E-3,8.093889E-4,4.046945E-4,4.046945E-4,4.046945E-4,0,1.133144E-2,3.237556E-3,3.237556E-3,0,4.046945E-3,4.046945E-4,4.046945E-4,3.237556E-3,1.618778E-3,0,5.625253E-2,4.856333E-3,1.618778E-3,4.289761E-2,2.023472E-3,0,0,0,3.075678E-2,2.751922E-2,2.144881E-2,3.237556E-3,2.428167E-3,4.046945E-4,4.046945E-4,4.046945E-4,8.093889E-4,8.093889E-4,8.093889E-4,7.689195E-3,2.428167E-3,0,6.879806E-3,8.093889E-4,4.046945E-4,0,4.046945E-4,1.618778E-3,4.046945E-4,2.023472E-3,8.093889E-4,1.157426E-1,6.070417E-3,1.214083E-3,4.046945E-4,4.046945E-4,8.093889E-4,2.428167E-3,0,0,8.093889E-4,0,1.618778E-3,1.618778E-3,2.185350E-2,1.214083E-3,8.093889E-4,4.046945E-4,4.046945E-4,1.375961E-2,8.903278E-3,4.046945E-3,1.214083E-3,1.214083E-3,4.046945E-4,1.618778E-3,4.046945E-3,1.618778E-3,1.214083E-3,1.618778E-3,4.046945E-4,4.046945E-4,4.046945E-4,1.214083E-3,1.416431E-2,8.093889E-4,1.618778E-3,2.428167E-3,1.214083E-3,2.832861E-3,4.046945E-4,0,0,8.093889E-4,0,2.428167E-3,8.093889E-4,8.093889E-4,4.046945E-4,8.093889E-4,4.046945E-4,4.046945E-4,0,4.046945E-4,4.046945E-4,2.832861E-3,2.832861E-3,2.428167E-3,4.046945E-4,1.214083E-3,1.214083E-3,4.046945E-4,5.665722E-3,5.665722E-3,0,1.699717E-2,1.699717E-2,2.832861E-3,4.046945E-4,0,2.023472E-3,2.023472E-3,0,0,0,0,3.237556E-3,6.879806E-3,1.214083E-3,4.046945E-4,0,0,0,8.093889E-4,2.832861E-3,4.046945E-4,2.428167E-3,0,3.237556E-3,8.093889E-4,2.428167E-3,0,2.428167E-3,1.214083E-3,0,8.093889E-4,0,8.093889E-4,4.046945E-4,4.046945E-4,8.093889E-4,4.896803E-2,4.046945E-4,4.856333E-2,4.856333E-3,4.046945E-4,8.093889E-4,1.214083E-3,1.214083E-3,4.046945E-4,8.093889E-4,8.093889E-4,4.046945E-4,4.046945E-4,4.046945E-4,0,4.046945E-4,0,6.475111E-3,0,8.093889E-4,4.046945E-4,4.046945E-4,1.618778E-3,1.214083E-3,4.046945E-4,1.173614E-2,0,0,1.092675E-2,1.214083E-3,1.214083E-3,0,0,6.475111E-3,1.214083E-3,3.237556E-3,1.618778E-3,8.093889E-4,4.451639E-3,4.451639E-3,4.046945E-4,4.046945E-4,1.214083E-3,1.214083E-3,1.578308E-2,1.214083E-2,1.618778E-3,4.046945E-4,4.046945E-4,1.133144E-2,3.642250E-3,3.642250E-3,4.046945E-4,0,0,0,1.618778E-3,0,1.618778E-3,1.214083E-3,4.046945E-4,6.394172E-2,1.699717E-2,1.375961E-2,8.093889E-3,2.832861E-3,2.428167E-3,1.214083E-3,2.023472E-3,6.070417E-3,8.093889E-4,4.856333E-3,4.046945E-4,4.451639E-3,4.451639E-3,1.214083E-3,4.046945E-4,4.046945E-4,4.087414E-2,3.399433E-2,2.023472E-2,1.578308E-2,1.214083E-3,1.214083E-3,8.093889E-4,4.046945E-4,0,4.856333E-3,4.046945E-3,2.023472E-3,0,1.821125E-2,8.903278E-3,2.023472E-3,4.856333E-3,4.046945E-4,4.046945E-4,9.429381E-1,2.063942E-2,8.093889E-4,0,2.104411E-2,0,0,0,6.151356E-2,8.093889E-4,2.023472E-3,1.618778E-3,4.046945E-4,2.428167E-3,0,1.214083E-3,0,0,8.093889E-4,0,8.093889E-4,1.214083E-3,2.023472E-3,0,0,0,4.046945E-4,8.093889E-4,0,4.046945E-4,8.093889E-4,8.093889E-4,1.214083E-3,0,0,0,2.428167E-3,2.428167E-3,4.046945E-4,4.046945E-4,4.046945E-4,3.642250E-3,8.093889E-4,4.046945E-4,0,0,0,0,0,0,0,0,0,2.428167E-3,0,0,2.023472E-3,2.023472E-3,0,0,0,0,4.046945E-4,8.093889E-4,8.093889E-4,4.046945E-4,4.046945E-4,4.046945E-4,0,0,2.832861E-3,2.428167E-3,4.046945E-4,8.093889E-4,4.046945E-4,8.093889E-4,8.093889E-4,8.093889E-4,4.046945E-4,4.046945E-4,3.035208E-2,4.046945E-3,2.428167E-3,0,7.689195E-3,4.046945E-4,0,1.861594E-2,3.237556E-3,8.903278E-3,2.023472E-3,5.261028E-3,1.214083E-3,1.214083E-3,1.214083E-3,0,8.093889E-4,4.046945E-4,4.046945E-4,7.689195E-3,8.093889E-4,0,0,0,6.879806E-3,4.046945E-4,2.428167E-3,3.237556E-3,1.618778E-3,1.703764E-1,1.092675E-2,1.529745E-1,1.436665E-1,4.046945E-4,9.307972E-3,0,8.093889E-4,8.093889E-4,8.093889E-4,3.642250E-3,3.642250E-3,3.642250E-3,4.046945E-3,1.618778E-3,1.618778E-3,1.214083E-3,1.214083E-3,0,0,2.023472E-3,0,0,0,0,0,0,4.046945E-4,4.046945E-4,4.046945E-4,9.239174E-1,9.712667E-3,6.879806E-3,7.486847E-2,8.093889E-4,4.451639E-3,4.046945E-4,4.046945E-4,4.046945E-4,2.023472E-3,3.642250E-3,2.063942E-2,2.063942E-2,1.983003E-2,2.428167E-3,0,3.885067E-2,1.456900E-2,2.792392E-2,4.046945E-4,1.173614E-2,1.618778E-3,1.618778E-3,8.093889E-4,8.093889E-4,0,8.093889E-4,8.093889E-4,0,0,4.046945E-3,1.214083E-3,8.093889E-4,4.046945E-4,4.046945E-4,1.618778E-3,1.618778E-3,1.618778E-3,8.563335E-1,1.335492E-2,5.665722E-3,3.237556E-3,2.023472E-3,0,4.046945E-4,0,4.046945E-4,4.046945E-4,4.046945E-4,1.214083E-3,4.046945E-4,4.451639E-3,8.093889E-4,8.093889E-4,2.832861E-3,2.832861E-3,8.093889E-4,8.093889E-4,2.124646E-1,4.046945E-4,4.046945E-4,4.046945E-4,2.832861E-3,8.093889E-4,8.093889E-4,1.214083E-3,4.046945E-4,4.046945E-4,8.093889E-4,2.428167E-3,2.832861E-3,4.046945E-4,8.093889E-4,1.618778E-3,2.428167E-3,0,0,4.046945E-4,2.832861E-3,4.046945E-4,0,0,8.093889E-4,1.214083E-3,8.093889E-4,4.046945E-4,1.214083E-3,0,4.046945E-4,8.093889E-4,0,4.046945E-4,0,1.618778E-3,0,4.046945E-4,4.046945E-4,0,8.093889E-4,8.093889E-4,8.093889E-4,0,8.093889E-4,1.214083E-3,8.093889E-4,8.093889E-4,0,4.512343E-1,3.601781E-1,2.266289E-1,7.567786E-2,1.578308E-2,0,1.173614E-2,1.133144E-2,4.046945E-4,1.214083E-3,3.278025E-2,1.618778E-3,2.347228E-2,2.832861E-3,1.295022E-2,1.052206E-2,4.046945E-4,4.451639E-3,4.451639E-3,1.133144E-1,1.173614E-2,1.011736E-2,8.093889E-3,1.011736E-2,8.498584E-3,5.665722E-3,4.046945E-4,4.046945E-4,0,4.127883E-2,6.879806E-3,8.093889E-3,2.832861E-3,1.618778E-3,6.475111E-3,1.618778E-3,1.618778E-3,2.428167E-3,8.093889E-4,9.307972E-3,8.093889E-4,5.665722E-3,4.856333E-3,3.237556E-3,0,1.618778E-3,8.093889E-4,8.093889E-4,8.093889E-4,8.093889E-4,2.509106E-2,2.509106E-2,8.498584E-3,1.942533E-2,6.070417E-3,2.873331E-2,2.873331E-2,1.861594E-2,3.237556E-3,6.070417E-3,4.046945E-4,4.046945E-4,6.070417E-3,5.261028E-3,4.046945E-4,0,2.023472E-3,4.046945E-4,4.046945E-4,1.214083E-3,1.214083E-3,1.214083E-3,4.046945E-4,0,4.342372E-1,0,2.832861E-3,3.237556E-3,0,7.689195E-3,9.915014E-2,8.093889E-4,2.023472E-3,1.618778E-3,0,0,8.093889E-4,8.093889E-4,4.046945E-3,4.046945E-4,8.093889E-4,8.093889E-4,8.093889E-4,4.046945E-4,1.618778E-3,4.046945E-4,1.214083E-3,0,8.093889E-4,8.093889E-4,8.093889E-4,1.214083E-3,8.093889E-4,8.093889E-4,8.093889E-4,8.093889E-4,1.214083E-3,8.093889E-4,4.046945E-4,8.498584E-3,4.046945E-4,2.832861E-3,4.046945E-4,1.214083E-3,1.214083E-3,4.046945E-4,8.093889E-4,2.832861E-3,8.093889E-4,4.046945E-4,4.046945E-4,8.093889E-4,4.046945E-4,4.046945E-4,2.023472E-3,5.220558E-2,2.994739E-2,8.903278E-3,8.903278E-3,2.104411E-2,2.266289E-2,6.475111E-3,6.475111E-3,1.618778E-2,8.781870E-2,1.214083E-3,1.416431E-2,2.387697E-2,4.451639E-2,1.011736E-2,2.994739E-2,3.035208E-2,4.046945E-4,4.046945E-4,5.665722E-3,0,4.046945E-4,8.093889E-4,0,4.046945E-4,8.498584E-3,4.046945E-4,0,8.093889E-3,3.642250E-3,3.642250E-3,3.237556E-3,8.093889E-4,1.618778E-3,8.093889E-4,1.456900E-2,8.093889E-4,8.093889E-4,8.093889E-4,1.214083E-3,4.046945E-4,1.618778E-3,2.428167E-3,2.428167E-3,4.046945E-4,1.214083E-3,0,8.093889E-4,2.023472E-3,0,4.046945E-4,4.046945E-3,4.046945E-4,1.214083E-3,4.046945E-4,0,1.618778E-3,1.214083E-3,1.214083E-3,4.046945E-4,0,8.093889E-4,0,4.573047E-2,2.023472E-3,2.670983E-2,8.093889E-4,8.093889E-4,1.214083E-3,4.046945E-4,1.618778E-3,1.214083E-3,8.093889E-4,2.832861E-3,2.832861E-3,4.046945E-4,1.618778E-3,0,8.093889E-4,1.254553E-2,8.093889E-4,7.689195E-3,4.856333E-3,1.618778E-3,2.428167E-3,1.214083E-3,2.832861E-3,2.428167E-3,6.839336E-2,4.046945E-4,2.832861E-3,2.428167E-3,8.093889E-4,2.428167E-3,2.023472E-3,8.093889E-4,1.214083E-3,4.046945E-3,4.370700E-2,1.618778E-3,4.046945E-4,4.046945E-4,1.618778E-3,8.093889E-4,4.046945E-4,4.046945E-4,1.173614E-2,1.173614E-2,0,2.023472E-3,2.023472E-3,8.093889E-4,8.093889E-4,8.093889E-4,4.046945E-4,4.046945E-4,8.093889E-4,4.046945E-4,4.046945E-4,4.046945E-4,8.093889E-4,0,8.093889E-4,8.093889E-4,0,4.046945E-4,1.214083E-3,8.093889E-4,1.214083E-3,4.046945E-4,2.023472E-3,2.023472E-3,1.618778E-3,0,2.913800E-2,2.832861E-3,1.214083E-3,1.618778E-3,1.214083E-3,5.665722E-3,2.428167E-3,1.214083E-3,4.046945E-4,4.046945E-4,4.046945E-4,4.046945E-4,0,2.023472E-2,1.578308E-2,8.093889E-4,6.475111E-3,4.046945E-4,4.046945E-4,4.046945E-4,4.046945E-4,2.023472E-3,4.046945E-4,3.642250E-3,1.214083E-3,8.093889E-4,8.093889E-4,4.046945E-4,4.046945E-4,3.844597E-2,2.023472E-3,1.214083E-3,1.618778E-3,8.093889E-4,4.046945E-4,3.278025E-2,8.093889E-4,2.468636E-2,2.468636E-2,4.046945E-4,2.023472E-3,1.214083E-3,4.046945E-4,2.428167E-3,2.023472E-3,1.618778E-3,0,8.093889E-4,1.214083E-3,6.070417E-3,0,6.070417E-3,4.046945E-4,3.642250E-3,2.428167E-3,2.428167E-3,1.537839E-2,2.023472E-3,1.214083E-3,0,4.046945E-4,1.214083E-3,0,8.498584E-3,6.475111E-3,1.214083E-3,1.214083E-3,4.046945E-4,4.046945E-4,4.046945E-4,2.144881E-2,8.093889E-4,1.618778E-3,3.237556E-3,2.023472E-3,2.023472E-3,2.428167E-3,0,1.375961E-2,1.375961E-2,1.214083E-3,1.214083E-3,8.093889E-4,4.046945E-4,3.642250E-3,4.046945E-4,4.046945E-4,4.046945E-4,4.046945E-4,8.093889E-4,2.023472E-3,1.214083E-3,4.046945E-4,0,0,0,0,0,0,0,4.856333E-3,1.214083E-3,1.214083E-3,8.093889E-4,1.618778E-3,2.023472E-3,8.093889E-4,1.618778E-3,4.046945E-4,4.046945E-4,8.093889E-4,4.046945E-4,7.284500E-3,7.284500E-3,0,2.428167E-3,1.214083E-3,2.225820E-1,8.093889E-4,0,1.092675E-2,1.092675E-2,0,0,3.601781E-2,0,0,2.428167E-3,0,0,0,0,0,1.214083E-3,8.093889E-4,4.046945E-4,0,0,0,0,4.856333E-3,1.214083E-3,0,0,1.214083E-3,8.093889E-4,1.214083E-3,1.618778E-3,8.093889E-4,8.093889E-4,1.214083E-3,0,0,8.093889E-4,2.023472E-3,2.023472E-3,4.046945E-4,2.063942E-2,6.879806E-3,0,1.295022E-2,4.046945E-4,8.093889E-4,1.813031E-1,3.237556E-3,8.093889E-4,4.046945E-4,1.618778E-3,4.046945E-4,4.046945E-4,4.046945E-4,4.451639E-3,3.237556E-3,8.093889E-4,4.046945E-4,3.237556E-3,8.093889E-4,0,4.046945E-4,4.046945E-4,1.214083E-3,8.093889E-4,8.093889E-4,8.093889E-3,2.468636E-2,1.699717E-2,1.133144E-2,3.642250E-3,6.879806E-3,2.428167E-3,8.093889E-4,8.093889E-4,8.093889E-4,0,3.237556E-3,0,6.070417E-3,2.023472E-3,0,0,1.618778E-3,0,1.214083E-3,4.046945E-4,8.093889E-4,0,1.092675E-2,1.092675E-2,2.023472E-3,2.832861E-3,2.832861E-3,8.093889E-4,2.023472E-3,4.046945E-4,5.261028E-3,5.261028E-3,0,0,0,0,1.618778E-3,1.618778E-3,1.214083E-3,8.093889E-4,8.093889E-4,2.428167E-3,1.456900E-2,1.214083E-3,1.618778E-3,4.046945E-4,4.046945E-4,8.093889E-4,8.093889E-4,4.046945E-4,8.093889E-4,0,8.093889E-4,8.093889E-4,8.093889E-4,4.046945E-4,1.214083E-3,8.903278E-3,4.046945E-4,4.046945E-4,4.653986E-2,2.832861E-3,8.093889E-4,1.618778E-3,4.046945E-4,1.214083E-3,4.046945E-4,8.903278E-3,4.451639E-3,4.451639E-3,4.046945E-3,8.093889E-4,8.093889E-4,8.093889E-4,4.046945E-4,4.046945E-3,1.618778E-3,2.428167E-3,2.428167E-3,1.214083E-3,1.214083E-3,4.451639E-3,2.023472E-3,2.832861E-3,4.046945E-3,1.214083E-3,4.046945E-4,1.214083E-3,2.023472E-3,4.451639E-3,4.046945E-3,3.642250E-3,4.046945E-4,4.046945E-4,4.046945E-4,1.214083E-3,4.046945E-4,8.093889E-4,0,4.046945E-4,9.307972E-3,4.046945E-4,0,4.046945E-4,4.451639E-3,2.428167E-3,4.046945E-4,4.046945E-4,8.093889E-4,6.879806E-3,4.046945E-4,4.046945E-4,1.618778E-3,8.093889E-4,8.093889E-4,8.093889E-4,1.335492E-2,2.023472E-3,1.214083E-3,0,8.093889E-4,2.832861E-3,3.237556E-3,8.093889E-4,8.093889E-4,8.093889E-4,4.046945E-4,4.046945E-4,0,1.214083E-3,8.093889E-4,0,8.093889E-4,4.046945E-4,4.046945E-4,4.046945E-4,4.046945E-4,5.139620E-2,3.642250E-3,2.023472E-3,1.214083E-3,8.093889E-4,5.261028E-3,8.093889E-4,1.537839E-2,4.046945E-4,1.214083E-3,1.214083E-3,1.618778E-3,1.214083E-3,1.214083E-3,4.046945E-4,4.046945E-4,1.214083E-3,4.046945E-4,0,1.618778E-3,8.093889E-4,8.093889E-4,1.214083E-3,4.046945E-4,1.618778E-3,1.214083E-3,4.451639E-3,3.237556E-3,8.093889E-4,1.011736E-2,2.023472E-3,3.642250E-3,2.023472E-3,1.214083E-3,8.093889E-4,8.093889E-4,4.046945E-4,3.237556E-3,2.023472E-3,2.023472E-3,2.832861E-3,2.832861E-3,8.093889E-4,4.046945E-4,2.428167E-3,1.618778E-3,2.023472E-3,5.665722E-3,2.832861E-3,8.093889E-4,1.214083E-3,8.093889E-4,4.046945E-4,2.832861E-3,1.214083E-3,1.618778E-3,1.618778E-3,1.618778E-3,0,4.046945E-4,4.046945E-4,2.832861E-2,4.046945E-3,1.214083E-2,4.046945E-4,1.173614E-2,1.214083E-3,4.046945E-4,4.046945E-3,1.618778E-3,1.214083E-3,2.428167E-3,8.093889E-4,4.046945E-4,2.023472E-3,8.093889E-4,1.618778E-3,8.093889E-4,4.046945E-4,1.618778E-3,1.214083E-3,1.618778E-3,1.335492E-2,1.133144E-2,4.451639E-3,4.046945E-4,1.618778E-3,0,0,0,2.023472E-3,0,8.093889E-4,8.093889E-4,4.046945E-4,4.046945E-4,0,0,0,0,0,0,0,0,0,4.046945E-4,8.093889E-4,0,0,4.046945E-4,4.046945E-4,2.509106E-2,8.093889E-4,1.618778E-3,1.942533E-2,1.537839E-2,1.214083E-3,0,1.618778E-3,2.428167E-3,2.023472E-3,0,8.093889E-4,4.046945E-4,1.618778E-3,1.214083E-3,8.093889E-4,4.046945E-4,4.046945E-4,4.046945E-4,1.214083E-3,8.093889E-4,4.046945E-4,4.046945E-4,4.046945E-4,4.046945E-4,1.618778E-3,1.618778E-3,8.093889E-4,8.093889E-4,0,1.618778E-3,1.618778E-3,1.618778E-3,8.093889E-4,0,4.046945E-4,0,8.093889E-4,0,0,0,0,0,9.773371E-1,0,0,0,0,0,5.908539E-2,2.185350E-2,0,0,2.144881E-2,0,0,2.104411E-2,1.497369E-2,4.856333E-3,4.046945E-4,8.093889E-4,8.093889E-4,4.046945E-4,8.093889E-4,6.879806E-3,1.214083E-3,4.451639E-3,4.046945E-3,2.023472E-3,0,4.451639E-3,8.093889E-4,2.428167E-3,0,0,4.046945E-4,0,0,4.046945E-4,0,0,0,0,0,2.023472E-3,0,4.046945E-4,1.214083E-3,8.093889E-4,8.093889E-4,0,0,0,0,0,4.046945E-4,4.046945E-4,0,0,0,0,4.046945E-4,4.046945E-4,0,0,0,0,0,2.873331E-2,2.144881E-2,2.428167E-3,2.023472E-3,4.046945E-4,4.046945E-4,0,0,1.011736E-2,8.093889E-3,2.428167E-3,4.856333E-3,3.237556E-3,2.428167E-3,1.618778E-3,8.093889E-4,0,0,1.214083E-3,0,4.046945E-4,0,0,8.093889E-4,1.618778E-3,1.618778E-3,4.046945E-4,4.046945E-4,8.093889E-4,0,8.093889E-4,0,0,0,4.451639E-3,0,0,0,4.451639E-3,4.046945E-3,4.046945E-3,4.046945E-4,4.046945E-4,8.093889E-4,4.046945E-4,4.046945E-4,7.284500E-3,1.618778E-3,1.618778E-3,0,2.428167E-3,1.618778E-3,1.618778E-3,0,2.832861E-3,0,0,0,0,0,2.428167E-3,8.093889E-4,8.093889E-4,0,2.832861E-3,1.214083E-3,1.214083E-3,0,0,0,0,0,0,0,0,0,0,0,0,0,0,0,0,0,0,0,0,0,1.618778E-3,1.618778E-3,0,0,0,0,0,0,0,0,0,0,8.174828E-1,3.642250E-3,3.642250E-3,2.428167E-3,2.023472E-3,2.549575E-2,6.475111E-3,2.023472E-3,4.046945E-4,1.214083E-3,2.023472E-3,5.665722E-3,3.642250E-3,8.093889E-4,0,8.093889E-4,4.046945E-4,4.046945E-4,0,9.307972E-3,6.475111E-3,4.856333E-3,4.856333E-3,4.856333E-3,4.856333E-3,8.093889E-4,4.046945E-4,4.046945E-4,4.046945E-4,0,2.428167E-3,2.428167E-3,3.318495E-2,4.856333E-3,1.295022E-2,1.052206E-2,0,1.214083E-2,6.475111E-3,4.451639E-3,4.046945E-3,4.046945E-3,4.046945E-3,3.006880E-1,2.711453E-2,4.046945E-4,0,0,4.046945E-4,3.237556E-3,1.416431E-2,8.093889E-4,6.475111E-3,0,0,0,8.093889E-4,2.428167E-3,0,2.428167E-3,4.046945E-4,1.270741E-1,3.642250E-3,0,2.428167E-3,0,2.144881E-2,8.498584E-3,2.023472E-3,8.093889E-3,1.618778E-3,8.093889E-4,2.023472E-3,1.618778E-3,4.046945E-3,2.428167E-3,1.618778E-3,4.046945E-4,4.046945E-4,4.046945E-4,4.046945E-4,0,2.428167E-2,1.214083E-2,0,4.856333E-3,4.046945E-4,4.046945E-4,2.832861E-3,0,1.618778E-3,4.046945E-4,0,0,8.093889E-4,4.046945E-4,4.046945E-4,0,2.832861E-3,2.832861E-3,2.428167E-3,8.093889E-3,1.214083E-3,0,1.618778E-3,0,4.046945E-4,0,0,2.428167E-3,2.428167E-3,0,0,8.093889E-4,0,4.046945E-4,0,1.214083E-3,7.689195E-3,1.214083E-3,4.451639E-3,4.451639E-3,4.451639E-3,3.237556E-3,8.093889E-4,1.092675E-2,8.093889E-4,8.093889E-4,9.712667E-3,9.712667E-3,4.046945E-4,4.046945E-4,9.307972E-3,2.428167E-3,2.428167E-3,8.093889E-4,4.046945E-4,4.046945E-4,4.046945E-4,2.832861E-3,0,2.023472E-3,0,1.214083E-3,1.537839E-2,4.856333E-3,2.428167E-3,1.092675E-2,4.046945E-4,4.046945E-4,1.011736E-2,4.046945E-4,4.046945E-4,1.214083E-3,3.237556E-3,4.046945E-4,8.093889E-4,3.642250E-3,2.023472E-3,1.214083E-3,1.214083E-3,0,1.618778E-3,1.375961E-2,7.284500E-3,5.665722E-3,1.214083E-3,1.214083E-3,1.214083E-3,3.723189E-2,8.093889E-4,9.712667E-3,6.879806E-3,2.428167E-3,3.642250E-3,2.832861E-3,1.214083E-3,0,4.046945E-4,1.618778E-3,1.618778E-3,9.712667E-3,5.261028E-3,1.618778E-3,8.093889E-4,0,4.046945E-4,4.046945E-4,2.023472E-3,3.642250E-3,2.832861E-3,8.093889E-4,8.093889E-4,4.046945E-4,1.092675E-2,4.046945E-3,2.832861E-3,2.428167E-3,8.093889E-4,4.046945E-4,4.046945E-4,2.023472E-3,6.879806E-3,5.665722E-3,2.832861E-3,8.093889E-4,4.046945E-4,4.046945E-4,2.428167E-3,4.046945E-4,2.023472E-3,1.214083E-3,8.093889E-4,0,1.375961E-1,4.451639E-3,8.093889E-4,8.093889E-4,2.832861E-3,5.665722E-3,1.618778E-3,8.093889E-4,3.237556E-3,4.046945E-4,0,4.046945E-3,0,3.642250E-3,2.428167E-3,4.046945E-4,4.046945E-4,2.428167E-3,4.046945E-4,4.046945E-4,0,4.046945E-4,4.046945E-4,4.046945E-4,9.712667E-2,9.388911E-2,2.832861E-3,4.046945E-4,0,2.428167E-3,8.093889E-4,4.046945E-4,0,3.358964E-2,8.093889E-3,6.879806E-3,2.023472E-3,0,8.093889E-4,8.093889E-4,2.023472E-3,4.046945E-4,3.237556E-3,1.618778E-3,4.046945E-4,2.428167E-3,2.428167E-3,2.023472E-3,4.046945E-4,2.832861E-3,1.214083E-3,1.214083E-3,1.214083E-3,1.618778E-3,4.046945E-4,0,2.023472E-3,4.046945E-4,2.428167E-3,0,4.451639E-3,1.618778E-3,1.618778E-3,4.046945E-4,0,4.046945E-4,4.046945E-4,8.093889E-4,6.879806E-3,2.832861E-3,8.093889E-4,4.046945E-4,1.214083E-3,2.428167E-3,3.642250E-3,4.046945E-4,4.046945E-4,1.618778E-3,8.093889E-4,4.046945E-4,1.618778E-3,2.023472E-3,4.046945E-4,2.387697E-2,1.214083E-3,8.093889E-4,4.856333E-3,1.618778E-3,1.618778E-3,8.093889E-4,4.856333E-3,4.856333E-3,4.856333E-3,1.133144E-2,1.011736E-2,1.618778E-3,1.214083E-3,1.214083E-3,4.451639E-3,2.428167E-3,2.428167E-3,2.023472E-3,2.023472E-3,1.618778E-3,0,4.046945E-4,0,0,3.642250E-3,2.023472E-3,4.046945E-4,0,0,4.046945E-4,0,9.307972E-3,0,8.903278E-3,8.903278E-3,4.046945E-4,4.046945E-4,6.475111E-3,3.642250E-3,4.046945E-4,2.023472E-3,4.046945E-4,1.214083E-3,4.046945E-4,1.618778E-3,8.093889E-4,0,1.618778E-3,1.618778E-3,0,0,8.093889E-4,8.093889E-4,2.590045E-2,2.023472E-3,1.214083E-2,4.451639E-3,4.451639E-3,6.879806E-3,2.832861E-3,4.046945E-4,0,8.093889E-4,2.832861E-3,8.093889E-4,4.046945E-4,1.214083E-3,4.046945E-4,4.046945E-4,8.093889E-4,4.046945E-4,4.046945E-4,4.046945E-4,0,8.903278E-3,2.428167E-3,2.428167E-3,1.618778E-3,6.475111E-3,0,0,0,8.093889E-4,2.023472E-3,3.237556E-3,0,3.642250E-3,3.642250E-3,1.214083E-3,1.618778E-3,8.093889E-4,0,8.093889E-4,3.237556E-2,3.237556E-2,2.104411E-2,6.070417E-3,8.093889E-4,4.046945E-4,1.618778E-3,8.093889E-4,8.093889E-4,4.046945E-4,4.046945E-4,2.023472E-3,4.046945E-4,4.046945E-4,4.046945E-4,0,1.295022E-2,1.295022E-2,4.046945E-4,4.046945E-4,4.046945E-4,0,0,1.214083E-3,8.093889E-4,0,3.237556E-3,1.618778E-3,4.046945E-4,1.214083E-2,1.214083E-2,4.127883E-2,4.046945E-4,0,0,3.642250E-3,1.618778E-3,1.214083E-3,1.214083E-3,1.214083E-3,4.046945E-4,0,0,0,0,1.214083E-3,0,2.023472E-3,2.023472E-3,3.642250E-3,3.642250E-3,4.046945E-4,2.428167E-3,4.046945E-4,4.046945E-4,5.261028E-3,4.046945E-4,8.093889E-4,8.093889E-4,1.214083E-3,1.214083E-3,1.214083E-3,1.214083E-3,1.214083E-3,0,0,4.046945E-4,2.873331E-2,2.832861E-3,8.093889E-3,3.237556E-3,4.046945E-3,3.642250E-3,4.046945E-4,1.133144E-2,6.879806E-3,3.642250E-3,2.023472E-3,2.428167E-3,4.046945E-4,4.046945E-4,4.046945E-4,4.451639E-3,4.451639E-3,4.451639E-3,4.046945E-4,2.428167E-3,8.093889E-4,8.093889E-4,1.214083E-3,2.023472E-3,1.214083E-3,1.335492E-2,1.092675E-2,3.237556E-3,4.046945E-4,1.214083E-3,6.357750E-1,3.642250E-3,0,2.751922E-2,0,2.751922E-2,2.670983E-2,1.295022E-2,1.214083E-3,0,0,0,1.052206E-2,4.046945E-4,0,0,0,0,6.070417E-3,1.618778E-3,1.214083E-3,8.093889E-4,3.237556E-3,1.214083E-3,4.046945E-4,0,0,8.093889E-4,0,8.093889E-4,0,0,0,4.046945E-4,0,0,0,4.046945E-4,2.023472E-3,2.023472E-3,0,6.070417E-3,1.214083E-3,4.046945E-4,1.214083E-3,8.093889E-4,3.642250E-3,0,0,3.642250E-3,1.618778E-3,0,0,0,1.618778E-3,0,4.046945E-4,7.689195E-3,7.689195E-3,7.689195E-3,8.093889E-4,8.093889E-4,8.093889E-4,1.578308E-2,1.214083E-2,0,0,0,0,1.214083E-2,1.052206E-2,2.832861E-3,2.832861E-3,4.046945E-4,6.879806E-3,5.665722E-3,4.046945E-4,1.618778E-3,2.832861E-3,6.070417E-3,1.214083E-3,0,4.046945E-4,4.046945E-4,4.046945E-4,8.093889E-4,0,3.286119E-1,3.075678E-1,3.561311E-2,2.023472E-3,0,0,1.214083E-3,1.214083E-3,4.046945E-4,8.093889E-4,8.093889E-4,0,1.173614E-2,5.261028E-3,0,2.023472E-3,8.093889E-4,1.214083E-3,4.046945E-4,0,8.093889E-4,8.093889E-4,8.093889E-4,0,1.618778E-3,1.618778E-3,4.046945E-4,4.046945E-4,1.214083E-3,1.214083E-3,1.214083E-3,1.214083E-3,0,0,0,4.046945E-4,4.046945E-4,4.046945E-4,6.475111E-3,0,0,0,0,4.046945E-4,0,4.046945E-4,4.046945E-4,0,0,6.475111E-3,5.261028E-3,4.046945E-4,4.046945E-4,4.046945E-4,0,0,8.093889E-4,8.093889E-4,4.046945E-4,4.046945E-4,4.046945E-4,0,4.046945E-4,4.046945E-4,4.046945E-4,0,0,0,0,0,0,8.093889E-4,8.093889E-4,4.046945E-4,4.046945E-4,0,2.347228E-2,1.214083E-2,0,1.214083E-3,0,1.214083E-3,8.093889E-4,8.093889E-4,1.092675E-2,8.903278E-3,1.214083E-3,4.046945E-4,8.093889E-4,4.046945E-4,3.237556E-3,2.428167E-3,8.093889E-4,4.451639E-3,4.451639E-3,4.046945E-4,0,0,0,0,0,0,0,0,0,0,0,0,0,0,0,0,0,0,1.618778E-2,3.237556E-3,2.832861E-3,0,8.093889E-4,4.046945E-4,4.046945E-4,8.093889E-4,1.618778E-3,2.023472E-3,2.023472E-3,4.046945E-4,1.618778E-3,1.618778E-3,8.093889E-4,8.093889E-4,0,2.023472E-3,0,4.046945E-4,4.046945E-4,2.832861E-3,0,2.832861E-3,0,2.832861E-3,8.093889E-4,1.618778E-3,1.618778E-3,1.214083E-3,1.214083E-3,1.214083E-3,0,4.046945E-4,4.046945E-4,0,0,0,0,2.832861E-2,1.497369E-2,1.295022E-2,4.046945E-4,0,0,0,0,0,0,0,0,0,0,3.642250E-3,3.642250E-3,3.237556E-3,2.023472E-3,1.214083E-3,4.046945E-4,4.046945E-4,8.093889E-4,4.046945E-4,4.046945E-4,0,8.093889E-4,0,0,0,0,0,0,0,0,0,6.475111E-3,6.475111E-3,3.237556E-3,8.093889E-4,8.093889E-4,1.618778E-3,2.832861E-3,2.832861E-3,2.428167E-3,4.046945E-4,0,8.093889E-4,4.046945E-4,4.046945E-4,4.046945E-4,2.428167E-3,0,0,0,0,0,0,2.428167E-3,2.428167E-3,0,0,2.428167E-3,4.046945E-4,0,1.214083E-3,1.214083E-3,0,0,0,0,4.046945E-4,0,0,0,0,0,0,0,0,0,0,0,0,0,0,0,0,0,0,6.879806E-3,3.642250E-3,0,1.618778E-3,4.046945E-4,0,0,0,0,0,0,3.237556E-3,2.023472E-3,2.023472E-3,4.046945E-4,0,0,5.261028E-3,1.214083E-3,0,0,1.214083E-3,0,0,0,1.214083E-3,8.093889E-4,0,4.046945E-4,4.046945E-4,8.093889E-4,4.046945E-4,4.046945E-4,8.093889E-4,0,0,8.093889E-4,0,0,4.046945E-4,4.046945E-4,0,4.046945E-4,0,0,4.046945E-4,0,0,0,0,4.046945E-4,4.046945E-4,0,1.214083E-3,0,4.046945E-4,4.046945E-4,0,0,0,2.023472E-3,1.618778E-3,4.046945E-4,0,0,2.581951E-1,8.215297E-2,2.832861E-3,2.428167E-3,8.093889E-4,8.093889E-4,2.428167E-3,8.093889E-4,4.046945E-4,1.537839E-2,8.093889E-3,4.046945E-4,4.046945E-3,4.046945E-3,2.428167E-3,2.832861E-3,8.093889E-4,4.046945E-4,1.052206E-2,4.046945E-4,4.046945E-4,4.046945E-4,5.868070E-2,1.618778E-3,7.284500E-3,6.475111E-3,8.093889E-4,4.856333E-3,7.689195E-3,8.093889E-4,8.093889E-4,4.046945E-4,4.046945E-4,4.046945E-4,5.665722E-3,2.023472E-3,7.689195E-3,5.261028E-3,4.046945E-3,3.237556E-3,8.093889E-4,2.225820E-2,1.416431E-2,6.070417E-3,4.046945E-4,3.237556E-3,1.618778E-3,1.618778E-3,1.214083E-3,4.046945E-4,8.093889E-4,1.214083E-3,1.618778E-3,0,8.093889E-4,1.214083E-3,8.093889E-4,8.093889E-4,8.093889E-4,8.093889E-4,8.093889E-4,0,1.983003E-2,2.832861E-3,4.046945E-4,1.214083E-3,8.093889E-4,1.295022E-2,1.295022E-2,2.023472E-3,1.214083E-3,2.832861E-3,2.023472E-3,8.093889E-4,2.428167E-3,4.046945E-4,1.214083E-3,4.046945E-4,1.214083E-3,4.046945E-4,3.642250E-3,2.832861E-3,0,2.428167E-3,1.214083E-3,8.093889E-4,0,0,0,8.093889E-4,3.237556E-3,4.046945E-4,0,1.214083E-3,1.214083E-3,4.046945E-4,0,0,1.999191E-1,4.046945E-4,0,3.642250E-3,3.642250E-3,3.399433E-2,8.093889E-4,0,0,0,2.468636E-2,1.497369E-2,8.093889E-4,2.023472E-3,4.046945E-3,2.428167E-3,2.428167E-3,2.428167E-3,4.046945E-4,4.046945E-4,0,4.046945E-4,4.046945E-4,4.046945E-4,7.284500E-3,0,7.284500E-3,4.856333E-3,0,0,2.832861E-3,0,1.214083E-3,0,4.046945E-4,0,0,1.618778E-3,0,4.046945E-4,0,0,6.475111E-3,2.428167E-3,0,2.023472E-3,8.093889E-4,1.214083E-3,9.429381E-2,1.618778E-3,1.618778E-3,2.428167E-3,2.428167E-3,4.046945E-4,4.046945E-4,0,1.214083E-3,5.261028E-3,8.093889E-4,4.046945E-3,0,4.046945E-4,1.214083E-2,1.618778E-3,6.879806E-3,1.618778E-3,2.023472E-3,2.832861E-3,1.173614E-2,1.214083E-3,1.052206E-2,4.046945E-4,4.046945E-4,7.648725E-2,2.023472E-3,7.648725E-2,7.284500E-3,4.451639E-3,1.254553E-2,8.093889E-4,4.046945E-4,5.665722E-3,2.023472E-3,3.237556E-3,4.046945E-4,0,1.618778E-3,4.046945E-4,4.046945E-4,4.046945E-4,4.046945E-4,7.851072E-2,1.133144E-2,1.133144E-2,1.052206E-2,4.046945E-4,4.046945E-4,4.046945E-4,0,4.046945E-4,4.046945E-4,4.046945E-4,4.046945E-4,4.046945E-4,4.046945E-4,4.046945E-4,8.093889E-4,4.046945E-4,0,8.093889E-4,1.214083E-3,4.046945E-4,8.093889E-4,4.046945E-4,4.046945E-4,0,4.046945E-4,4.046945E-4,4.046945E-4,1.618778E-3,4.046945E-4,0,0,4.046945E-4,4.046945E-4,0,0,0,4.046945E-4,8.093889E-4,4.775395E-2,4.492108E-2,1.052206E-2,1.618778E-3,0,1.214083E-3,8.498584E-3,1.214083E-3,4.046945E-4,0,4.046945E-4,4.046945E-4,3.237556E-3,2.832861E-3,7.689195E-3,6.475111E-3,0,3.237556E-3,3.237556E-3,1.052206E-2,9.307972E-3,4.046945E-4,6.070417E-3,1.214083E-3,4.856333E-3,4.046945E-4,4.046945E-4,6.879806E-3,5.665722E-3,4.451639E-3,8.093889E-4,8.093889E-4,8.093889E-4,4.046945E-4,0,0,3.237556E-2,2.185350E-2,8.093889E-4,1.456900E-2,6.070417E-3,5.665722E-3,8.093889E-4,4.046945E-4,4.046945E-4,0,8.093889E-4,8.093889E-4,4.046945E-4,1.618778E-3,0,0,0,1.618778E-3,4.046945E-4,1.214083E-3,4.046945E-4,4.046945E-4,8.093889E-4,4.046945E-4,0,4.046945E-4,0,4.046945E-4,8.093889E-4,4.046945E-4,4.046945E-4,4.046945E-4,4.046945E-4,4.451639E-3,0,1.214083E-3,2.832861E-3,2.428167E-3,4.046945E-4,9.712667E-3,7.689195E-3,0,4.046945E-4,1.214083E-3,4.451639E-3,5.261028E-3,1.618778E-3,4.451639E-3,2.832861E-3,1.214083E-3,4.046945E-4,5.261028E-3,0,0,0,0,4.451639E-3,4.451639E-3,8.093889E-4,8.093889E-4,4.451639E-3,1.618778E-3,4.046945E-4,8.093889E-4,8.093889E-4,0,1.214083E-3,0,1.214083E-3,4.046945E-4,1.375961E-2,8.498584E-3,0,8.498584E-3,8.498584E-3,5.665722E-3,2.023472E-3,4.046945E-4,3.237556E-3,3.642250E-3,3.237556E-3,3.237556E-3,0,1.214083E-3,4.046945E-4,4.046945E-4,1.011736E-2,4.046945E-4,2.023472E-3,2.428167E-3,0,1.214083E-3,3.642250E-3,4.046945E-4,0,4.046945E-4,8.093889E-4,0,0,0,4.046945E-4,0,0,0,0,1.861594E-2,3.237556E-3,1.214083E-3,5.261028E-3,2.428167E-3,4.046945E-4,1.214083E-3,8.093889E-4,1.214083E-3,2.832861E-3,4.046945E-3,4.046945E-3,0,2.023472E-3,4.046945E-3,4.046945E-4,4.046945E-4,4.046945E-4,0,0,0,2.832861E-3,4.046945E-4,2.832861E-3,1.618778E-3,4.046945E-4,1.618778E-3,4.046945E-4,2.832861E-3,2.832861E-3,1.618778E-3,4.046945E-4,0,0,4.046945E-3,3.237556E-3,1.618778E-3,2.023472E-3,2.832861E-3,4.046945E-4,8.093889E-4,0,0,4.046945E-4,4.046945E-4,4.046945E-4,0,0,4.046945E-4,4.046945E-4,0,0,0,4.046945E-4,4.046945E-4,4.046945E-4,4.046945E-4,4.046945E-4,0,0,0,0,0,0,0,0,0,4.046945E-4,0,4.046945E-4,0,2.023472E-3,2.023472E-3,0,2.023472E-3,0,2.023472E-3,0,0,0,4.046945E-4,4.046945E-4,0,0,0,0,0,4.046945E-3,8.903278E-3,2.832861E-3,4.046945E-4,1.214083E-3,4.046945E-3,4.046945E-4,4.046945E-4,0,2.751922E-2,6.070417E-3,2.428167E-3,4.046945E-4,0,8.093889E-4,2.023472E-3,0,0,2.428167E-3,8.093889E-4,1.902064E-2,1.214083E-3,1.618778E-3,1.052206E-2,7.689195E-3,8.093889E-4,4.046945E-4,4.046945E-4,0,0,4.046945E-4,4.046945E-4,0,0,6.879806E-3,8.093889E-4,4.046945E-4,4.046945E-4,2.832861E-3,1.214083E-3,8.093889E-4,4.046945E-4,1.618778E-3,0,0,0,0,0,0,0,8.093889E-4,0,0,2.428167E-3,0,2.428167E-3,2.023472E-3,0,4.046945E-4,0,0,8.093889E-4,4.046945E-4,0,4.046945E-4,4.046945E-4,8.093889E-4,0,4.046945E-4,4.046945E-4,2.428167E-3,1.618778E-3,4.046945E-4,0,4.046945E-4,4.046945E-4,4.046945E-4,4.046945E-4,0,3.642250E-3,8.093889E-4,8.093889E-4,2.428167E-3,2.023472E-3,4.046945E-4,4.046945E-4,0,0,4.046945E-4,0,8.215297E-2,8.093889E-4,8.093889E-4,0,0,1.052206E-2,0,6.070417E-3,2.023472E-3,2.023472E-3,0,1.214083E-3,0,2.023472E-3,2.023472E-3,0,4.046945E-4,4.046945E-4,0,0,0,1.618778E-3,1.214083E-3,0,4.046945E-4,1.214083E-3,1.214083E-3,0,0,0,0,1.214083E-3,1.214083E-3,4.046945E-4,4.046945E-4,4.046945E-4,4.046945E-4,7.122622E-2,1.214083E-3,1.214083E-3,1.214083E-3,8.093889E-4,8.093889E-4,0,0,1.618778E-3,1.618778E-3,6.879806E-2,1.214083E-3,4.046945E-4,4.046945E-4,0,2.023472E-3,2.832861E-3,0,6.110886E-2,5.949008E-2,3.682720E-2,2.023472E-2,1.214083E-3,1.214083E-3,4.046945E-4,1.214083E-3,4.046945E-4,4.046945E-4,0,0,0,0,0,0,0,8.093889E-4,0,1.214083E-3,1.214083E-3,4.411170E-2,3.116147E-2,5.665722E-3,1.740186E-2,3.237556E-3,1.618778E-3,1.618778E-3,1.618778E-3,1.173614E-2,1.011736E-2,4.046945E-3,3.237556E-3,3.237556E-3,0,0,8.093889E-3,8.093889E-3,6.879806E-3,1.214083E-3,1.214083E-3,2.428167E-3,4.046945E-4,3.237556E-3,4.046945E-4,8.093889E-4,4.046945E-4,8.093889E-4,4.046945E-4,4.046945E-4,4.046945E-4,4.046945E-4,0,1.214083E-3,0,0,1.214083E-3,4.046945E-4,4.046945E-4,4.046945E-4,4.046945E-4,4.046945E-4,0,4.046945E-4,4.046945E-4,8.093889E-4,4.046945E-4,4.046945E-4,4.046945E-4,4.046945E-4,0,0,3.642250E-3,8.093889E-4,8.093889E-4,0,1.214083E-3,8.093889E-4,0,8.093889E-4,8.093889E-4,0,4.046945E-4,4.046945E-4,4.046945E-4,4.046945E-4,0,4.046945E-4,4.046945E-4,4.046945E-4,4.046945E-4,0,0,8.134359E-2,8.093889E-4,1.618778E-3,4.046945E-4,4.046945E-4,4.046945E-4,0,1.618778E-2,4.046945E-4,4.046945E-4,0,8.093889E-4,4.046945E-4,0,2.023472E-3,8.093889E-4,9.712667E-3,2.428167E-3,4.046945E-4,1.214083E-3,8.093889E-4,2.428167E-3,4.046945E-4,4.046945E-4,4.451639E-3,3.237556E-3,4.046945E-4,4.046945E-4,0,0,0,2.751922E-2,2.751922E-2,2.225820E-2,4.046945E-4,4.046945E-3,3.237556E-3,1.214083E-3,1.618778E-3,0,1.902064E-2,4.046945E-4,1.173614E-2,4.046945E-4,4.046945E-3,4.046945E-4,3.237556E-3,7.689195E-3,2.023472E-3,8.093889E-4,1.214083E-3,1.214083E-3,1.214083E-3,6.475111E-3,1.618778E-3,8.093889E-4,3.642250E-3,8.093889E-4,1.214083E-3,0,0,4.856333E-3,1.214083E-3,0,3.237556E-3,4.046945E-4,0,1.214083E-3,1.214083E-3,4.046945E-3,2.832861E-3,4.046945E-4,1.214083E-3,1.214083E-3,1.214083E-3,1.214083E-3,1.214083E-3,0,2.023472E-3,4.046945E-4,8.093889E-4,0,4.046945E-4,4.046945E-4,4.046945E-4,2.023472E-3,1.618778E-3,1.214083E-3,4.046945E-4,0,0,0,3.237556E-3,8.093889E-4,0,0,2.428167E-3,4.046945E-4,2.023472E-3,2.144881E-2,5.261028E-3,2.023472E-3,8.093889E-4,4.451639E-3,0,4.451639E-3,4.451639E-3,6.070417E-3,6.070417E-3,4.046945E-3,2.428167E-3,1.214083E-3,1.214083E-3,0,5.665722E-3,5.665722E-3,5.665722E-3,4.451639E-3,4.046945E-3,0,1.214083E-3,0,1.214083E-3,4.046945E-4,0,6.879806E-3,6.879806E-3,2.832861E-3,4.046945E-4,4.046945E-4,0,2.023472E-3,4.046945E-4,4.046945E-4,4.046945E-4,0,0,0,3.642250E-3,0,3.642250E-3,8.093889E-4,2.428167E-3,2.023472E-3,2.023472E-3,2.023472E-3,4.046945E-4,1.497369E-2,2.832861E-3,1.618778E-3,8.093889E-3,1.618778E-3,8.093889E-4,4.046945E-4,8.093889E-4,0,0,0,4.046945E-4,4.856333E-3,4.451639E-3,8.093889E-4,4.046945E-4,0,8.093889E-4,4.046945E-4,4.046945E-4,0,1.618778E-3,0,1.618778E-3,0,4.046945E-4,0,0,0,0,0,0,0,4.046945E-4,0,0,0,0,0,0,0,0,0,0,0,0,4.046945E-4,4.046945E-4,4.046945E-4,0,1.485229E-1,2.428167E-3,0,2.428167E-3,1.214083E-3,1.214083E-3,1.214083E-3,0,1.214083E-3,1.214083E-3,1.214083E-3,4.046945E-4,0,0,0,0,0,0,0,6.070417E-3,5.665722E-3,5.261028E-3,8.093889E-4,0,0,0,0,0,0,0,4.046945E-4,4.046945E-4,4.046945E-4,3.885067E-2,0,3.885067E-2,3.885067E-2,3.885067E-2,2.751922E-2,1.092675E-2,8.093889E-4,2.832861E-3,1.618778E-3,4.046945E-4,1.618778E-3,1.214083E-3,2.023472E-3,1.214083E-3,4.451639E-3,1.205989E-1,1.161473E-1,2.266289E-2,8.093889E-4,1.214083E-3,4.856333E-3,4.046945E-4,1.011736E-2,1.214083E-3,8.093889E-4,1.618778E-3,1.537839E-2,9.307972E-3,5.665722E-3,2.832861E-3,4.046945E-4,0,8.093889E-4,0,8.093889E-4,0,0,1.618778E-3,4.046945E-4,8.093889E-4,8.093889E-4,4.046945E-4,8.093889E-4,0,0,0,4.046945E-4,4.046945E-4,4.046945E-4,4.046945E-4,8.093889E-4,8.093889E-4,4.451639E-3,0,0,2.428167E-3,0,4.046945E-4,0,1.214083E-3,4.046945E-4,4.046945E-4,0,4.046945E-4,4.046945E-4,4.046945E-4,4.046945E-4,2.630514E-2,4.046945E-4,4.046945E-4,1.618778E-3,1.618778E-3,1.214083E-3,4.046945E-4,4.046945E-4,4.046945E-4,4.046945E-4,4.046945E-4,0,0,4.046945E-4,4.046945E-4,0,0,0,1.335492E-2,4.046945E-4,1.618778E-3,2.832861E-3,0,8.093889E-4,4.046945E-4,2.023472E-3,4.046945E-4,2.023472E-3,4.046945E-4,1.214083E-3,8.498584E-3,8.498584E-3,8.093889E-3,8.093889E-4,0,4.046945E-4,0,1.618778E-3,1.618778E-3,1.214083E-3,1.214083E-3,8.093889E-4,6.879806E-3,0,6.879806E-3,3.237556E-3,3.237556E-3,0,0,0,0,0,4.046945E-4,0,2.023472E-3,8.093889E-4,1.618778E-3,0,0,0,2.832861E-3,2.832861E-3,1.618778E-3,0,0,1.618778E-3,1.618778E-3,4.046945E-4,1.214083E-3,0,0,0,0,0,3.318495E-2,2.711453E-2,2.063942E-2,8.903278E-3,4.046945E-4,4.046945E-4,4.046945E-4,5.261028E-3,0,1.618778E-3,8.093889E-4,4.046945E-4,1.214083E-3,4.451639E-3,1.214083E-3,1.618778E-3,6.475111E-3,4.046945E-4,5.665722E-3,8.093889E-4,4.046945E-4,8.093889E-4,8.093889E-4,0,1.214083E-3,1.214083E-3,3.642250E-3,2.023472E-3,8.093889E-4,1.456900E-2,7.284500E-3,3.237556E-3,2.832861E-3,2.832861E-3,1.214083E-3,0,1.214083E-3,4.046945E-4,2.832861E-3,8.093889E-4,8.093889E-4,2.023472E-3,3.237556E-3,8.093889E-4,8.093889E-4,2.428167E-3,2.023472E-3,8.093889E-4,0,8.093889E-4,8.093889E-4,4.046945E-4,0,0,2.023472E-3,4.046945E-4,0,8.093889E-4,0,8.093889E-4,8.093889E-4,8.093889E-4,0,0,0,0,0,0,0,0,0,2.428167E-3,1.618778E-3,1.618778E-3,0,0,4.451639E-3,3.642250E-3,3.642250E-3,4.046945E-4,4.046945E-4,4.046945E-4,4.046945E-4,4.046945E-4,0,0,4.046945E-4,4.046945E-4,0,4.087414E-2,4.046945E-4,1.537839E-2,6.070417E-3,9.712667E-3,8.093889E-4,1.983003E-2,1.618778E-2,8.093889E-3,8.093889E-3,5.261028E-3,4.451639E-3,2.023472E-3,1.618778E-3,4.046945E-4,8.093889E-4,8.093889E-4,8.093889E-4,8.093889E-4,8.093889E-4,0,3.723189E-2,1.618778E-3,6.151356E-2,0,0,0,0,5.382436E-2,9.307972E-3,4.046945E-4,8.498584E-3,3.237556E-3,0,8.093889E-4,1.214083E-3,0,1.618778E-3,4.046945E-4,1.942533E-2,8.093889E-4,1.214083E-3,1.214083E-3,0,0,4.046945E-4,8.903278E-3,2.428167E-3,4.046945E-4,6.475111E-3,3.237556E-3,3.237556E-3,4.046945E-4,4.046945E-4,4.046945E-4,0,0,1.214083E-3,4.046945E-4,8.093889E-4,8.093889E-4,4.451639E-3,2.023472E-3,0,8.093889E-4,0,4.046945E-4,4.046945E-4,6.879806E-3,1.214083E-3,0,4.046945E-4,4.046945E-4,4.046945E-4,0,0,1.214083E-3,1.214083E-3,4.046945E-4,4.046945E-4,2.023472E-3,0,0,0,8.093889E-4,8.093889E-4,8.093889E-4,8.093889E-4,0,0,0,0,0,4.046945E-4,8.093889E-4,1.618778E-3,1.214083E-3,1.214083E-3,8.093889E-4,4.046945E-4,0,0,0,1.618778E-3,1.618778E-3,0,0,1.618778E-3,1.618778E-3,1.618778E-3,1.618778E-3,0,0,2.832861E-3,2.832861E-3,1.618778E-3,8.093889E-4,4.046945E-4,1.214083E-3,4.046945E-4,8.093889E-4,4.046945E-4,4.046945E-4,9.307972E-3,9.307972E-3,3.237556E-3,4.046945E-4,2.428167E-3,2.428167E-3,1.214083E-3,1.214083E-3,4.046945E-4,4.046945E-4,4.046945E-4,4.046945E-3,4.046945E-3,4.046945E-4,4.046945E-4,0,0,1.214083E-3,2.428167E-3,1.335492E-2,0,0,0,7.689195E-3,4.451639E-3,1.214083E-3,4.046945E-3,4.046945E-3,1.618778E-3,1.214083E-3,4.046945E-4,0,0,8.093889E-4,8.093889E-4,4.046945E-4,4.046945E-4,4.046945E-4,4.046945E-4,1.214083E-3,0,4.046945E-4,4.046945E-4,4.046945E-4,0,0,0,0,1.052206E-2,1.052206E-2,8.903278E-3,8.903278E-3,8.903278E-3,7.689195E-3,4.046945E-4,4.046945E-4,4.653986E-2,1.983003E-2,0,0,1.173614E-2,0,2.832861E-3,4.856333E-3,8.093889E-4,4.046945E-4,0,3.237556E-3,0,0,0,0,4.046945E-4,0,0,0,0,4.046945E-4,4.046945E-4,4.046945E-4,0,0,0,0,0,4.046945E-3,0,2.832861E-3,0,1.618778E-3,4.046945E-4,1.214083E-3,4.046945E-4,4.046945E-4,0,8.093889E-4,0,0,0,0,2.549575E-2,0,8.093889E-4,8.093889E-4,3.237556E-3,1.214083E-3,0,1.214083E-3,1.214083E-3,0,8.903278E-3,1.618778E-3,4.046945E-4,4.046945E-4,4.046945E-4,1.618778E-3,1.618778E-3,0,1.618778E-3,1.214083E-3,0,0,0,0,8.093889E-4,8.093889E-4,0,0,8.093889E-4,8.093889E-4,3.642250E-3,0,0,0,2.023472E-3,2.023472E-3,0,0,0,0,4.856333E-3,4.856333E-3,0,0,4.046945E-4,0,1.618778E-3,1.618778E-3,4.046945E-3,4.046945E-4,0,1.618778E-3,2.428167E-3,0,1.214083E-3,8.093889E-4,4.046945E-4,0,0,0,4.046945E-4,0,0,4.046945E-4,2.598138E-1,4.046945E-3,0,3.642250E-3,8.093889E-4,4.046945E-4,4.046945E-4,0,4.046945E-4,4.046945E-4,4.451639E-3,8.093889E-4,4.046945E-4,3.642250E-3,4.046945E-4,1.214083E-3,2.367463E-1,1.388102E-1,3.197086E-2,1.456900E-2,1.618778E-3,1.214083E-3,8.093889E-4,1.133144E-2,8.498584E-3,4.046945E-4,4.856333E-3,3.237556E-3,3.642250E-3,0,4.046945E-4,0,2.023472E-3,8.093889E-4,1.214083E-3,2.832861E-3,2.428167E-3,0,0,4.046945E-4,0,0,1.618778E-3,4.451639E-3,4.451639E-3,8.093889E-4,8.093889E-4,4.046945E-4,1.618778E-3,4.046945E-4,8.093889E-4,4.046945E-4,4.046945E-4,1.416431E-2,0,1.618778E-3,8.093889E-4,8.093889E-4,1.092675E-2,2.023472E-3,1.214083E-3,4.046945E-4,4.046945E-4,9.307972E-3,2.832861E-3,8.093889E-4,1.214083E-3,8.093889E-4,8.093889E-4,4.046945E-4,0,4.046945E-4,3.642250E-3,0,2.428167E-3,2.428167E-3,4.046945E-4,4.046945E-4,4.046945E-4,4.046945E-4,0,0,7.689195E-3,3.237556E-3,2.428167E-3,0,8.093889E-4,4.694456E-2,2.104411E-2,2.023472E-3,8.093889E-4,0,1.780656E-2,6.070417E-3,5.261028E-3,8.093889E-4,4.046945E-4,7.689195E-3,6.070417E-3,8.093889E-4,0,0,1.214083E-3,1.214083E-3,4.046945E-4,0,0,1.214083E-3,1.214083E-3,0,1.821125E-2,2.023472E-3,4.046945E-4,0,0,0,0,4.046945E-4,4.046945E-4,2.549575E-2,5.261028E-3,5.261028E-3,1.214083E-3,0,8.498584E-3,4.046945E-4,4.046945E-4,4.046945E-4,4.046945E-4,7.284500E-3,7.284500E-3,7.284500E-3,8.093889E-4,4.046945E-4,4.046945E-4,4.046945E-4,7.284500E-3,6.475111E-3,0,3.642250E-3,0,4.046945E-4,0,2.428167E-3,0,0,0,4.046945E-4,7.284500E-3,6.879806E-3,1.618778E-3,1.214083E-3,8.093889E-4,4.046945E-4,0,4.046945E-4,4.046945E-4,4.046945E-4,1.214083E-3,0,1.214083E-3,1.214083E-3,1.214083E-3,2.832861E-3,4.046945E-4,0,4.046945E-4,0,1.618778E-3,1.618778E-3,8.093889E-4,8.093889E-4,2.428167E-3,8.093889E-4,8.093889E-4,4.046945E-4,4.046945E-4,4.046945E-4,4.046945E-4,8.093889E-4,4.046945E-4,4.046945E-4,4.046945E-4,0,2.023472E-3,2.023472E-3,1.618778E-3,4.046945E-4,4.046945E-4,0,0,0,1.214083E-3,1.214083E-3,1.214083E-3,1.214083E-3,0,3.601781E-2,1.254553E-2,8.093889E-4,0,4.046945E-4,8.093889E-4,4.046945E-3,4.046945E-4,4.046945E-4,8.093889E-4,8.093889E-4,0,8.093889E-4,1.214083E-3,4.046945E-4,0,0,8.093889E-4,0,0,0,0,2.832861E-3,8.093889E-4,4.046945E-4,0,0,1.618778E-3,0,0,1.618778E-3,0,8.093889E-4,0,0,6.070417E-3,1.214083E-3,8.093889E-4,8.093889E-4,8.093889E-4,4.046945E-4,4.046945E-4,1.214083E-3,1.214083E-3,4.046945E-4,4.046945E-4,4.046945E-4,4.046945E-4,4.046945E-4,4.046945E-4,2.023472E-3,0,2.428167E-3,1.214083E-3,8.093889E-4,4.046945E-4,8.093889E-4,4.046945E-4,0,8.903278E-3,6.475111E-3,0,6.070417E-3,4.046945E-4,5.665722E-3,4.046945E-4,5.665722E-3,4.856333E-3,0,0,0,0,0,0,0,4.046945E-4,4.046945E-4,0,4.046945E-4,0,0,0,4.046945E-4,4.046945E-4,0,1.618778E-3,8.093889E-4,4.046945E-4,4.046945E-4,8.093889E-4,0,0,4.046945E-4,4.046945E-4,4.046945E-4,4.451639E-3,0,4.046945E-4,1.618778E-3,0,1.618778E-3,4.046945E-4,0,0,4.046945E-4,4.046945E-4,4.046945E-4,0,8.093889E-4,0,4.046945E-4,8.093889E-4,0,4.046945E-4,1.214083E-3,4.046945E-4,4.046945E-4,4.046945E-4,4.046945E-4,4.046945E-4,8.093889E-4,0,0,4.046945E-4,8.093889E-4,8.093889E-4,8.093889E-4,8.093889E-4,8.093889E-4,0,0,4.087414E-2,3.804128E-2,0,0,2.832861E-3,1.214083E-3,0,0,1.618778E-3,1.214083E-3,4.046945E-4,1.214083E-3,4.046945E-4,4.046945E-4,0,0,4.046945E-4,4.046945E-4,0,4.046945E-4,0,3.318495E-2,3.318495E-2,4.046945E-4,2.630514E-2,1.456900E-2,1.011736E-2,8.498584E-3,8.498584E-3,8.498584E-3,4.046945E-3,3.237556E-3,7.689195E-3,4.856333E-3,2.428167E-3,8.093889E-4,0,5.261028E-3,0,2.023472E-3,4.046945E-4,1.214083E-3,9.469850E-2,9.307972E-2,5.180089E-2,1.618778E-3,2.266289E-2,5.261028E-3,0,4.046945E-4,1.092675E-2,4.046945E-4,3.237556E-3,5.665722E-3,2.428167E-3,1.618778E-3,3.237556E-3,1.618778E-3,2.832861E-3,1.092675E-2,3.642250E-3,4.451639E-3,2.832861E-3,8.093889E-4,4.046945E-4,1.861594E-2,6.879806E-3,1.214083E-3,1.618778E-3,5.261028E-3,8.093889E-4,3.642250E-3,3.237556E-3,1.295022E-2,4.451639E-3,8.498584E-3,1.618778E-3,0,4.046945E-4,0,0,0,8.093889E-4,0,8.093889E-4,0,0,4.856333E-3,4.046945E-4,1.456900E-2,1.456900E-2,2.023472E-3,2.023472E-3,1.254553E-2,1.254553E-2,4.046945E-3,8.093889E-4,0,0,0,1.214083E-3,4.046945E-4,4.046945E-4,0,8.093889E-4,3.439903E-2,4.046945E-3,2.428167E-3,2.428167E-3,2.428167E-3,0,8.093889E-4,1.214083E-3,0,0,3.237556E-3,0,0,0,2.832861E-2,4.451639E-3,1.618778E-3,8.093889E-4,8.093889E-4,2.428167E-2,1.659247E-2,1.618778E-3,8.093889E-3,8.093889E-4,0,8.093889E-4,5.261028E-3,2.832861E-3,4.046945E-4,8.093889E-4,2.428167E-3,2.023472E-3,1.618778E-3,4.046945E-4,0,1.214083E-3,1.618778E-3,8.093889E-4,0,0,8.093889E-4,8.093889E-4,0,4.046945E-4,4.046945E-4,4.046945E-4,4.046945E-4,4.046945E-4,0,4.046945E-4,4.046945E-4,1.214083E-3,8.093889E-4,0,2.023472E-3,2.832861E-3,2.023472E-3,4.046945E-4,4.046945E-4,1.214083E-3,0,0,0,0,2.832861E-3,8.093889E-4,0,1.214083E-3,1.214083E-3,1.214083E-3,0,8.093889E-4,8.093889E-4,4.046945E-4,4.046945E-4,0,0,0,3.889114E-1,3.342776E-1,8.093889E-4,2.832861E-2,0,0,0,0,0,0,0,0,0,0,0,0,0,0,0,0,0,0,0,0,0,1.214083E-3,0,0,0,1.214083E-3,4.046945E-4,0,0,0,0,8.093889E-4,0,0,0,0,0,2.670983E-2,2.670983E-2,0,2.428167E-2,2.306758E-2,2.266289E-2,7.689195E-3,4.856333E-3,3.237556E-3,2.428167E-3,3.237556E-3,4.046945E-3,3.642250E-3,2.023472E-3,2.428167E-3,5.665722E-3,8.093889E-4,4.451639E-3,8.093889E-4,8.093889E-4,4.046945E-4,4.451639E-3,4.451639E-3,4.046945E-4,4.046945E-4,4.046945E-4,0,4.046945E-4,0,0,0,0,4.046945E-4,4.046945E-4,0,0,0,0,0,0,0,0,0,0,0,1.173614E-2,4.856333E-3,0,5.261028E-3,0,0,0,0,0,2.428167E-3,0,2.023472E-3,4.046945E-4,1.618778E-3,4.046945E-4,4.046945E-4,4.046945E-4,0,8.093889E-4,8.093889E-4,4.046945E-4,0,0,1.618778E-3,4.046945E-4,0,4.046945E-4,8.093889E-4,0,0,0,4.046945E-4,4.046945E-4,4.046945E-4,0,0,0,0,4.046945E-4,0,0,0,4.046945E-4,4.046945E-4,0,2.428167E-3,0,2.428167E-3,0,1.214083E-3,0,4.046945E-4,4.046945E-4,4.046945E-4,4.046945E-4,0,0,0,0,0,0,1.618778E-3,4.046945E-4,4.046945E-4,4.046945E-4,4.046945E-4,0,0,0,0,0,0,0,4.046945E-4,4.046945E-4,4.046945E-4,4.046945E-4,9.307972E-3,2.832861E-3,0,0,0,0,0,0,0,2.023472E-3,0,8.093889E-4,0,4.046945E-4,1.214083E-3,1.214083E-3,0,0,0,4.046945E-4,0,4.046945E-4,4.046945E-4,0,0,0,0,4.046945E-4,4.046945E-4,4.046945E-4,1.618778E-3,0,1.618778E-3,1.618778E-3,1.618778E-3,1.618778E-3,1.214083E-3,1.214083E-3,1.214083E-3,8.093889E-4,8.093889E-4,0,0,0,1.618778E-3,0,0,0,8.093889E-4,0,8.093889E-4,0,4.046945E-4,4.046945E-4,4.046945E-4,4.046945E-4,0,0,4.046945E-4,4.046945E-4,4.046945E-4,0,0,0,0,0,0,4.046945E-4,0,1.214083E-3,8.093889E-4,4.046945E-4,0,0,0,4.046945E-4,4.046945E-4,0,1.618778E-3,0,8.093889E-4,8.093889E-4,4.046945E-4,4.046945E-4,4.046945E-4,0,0,0,0,0,0,0,0,0,0,0,0,0,0,0,0,0,0,0,0,4.046945E-4,0,0,0,0,0,0,0,0,0,4.046945E-4,4.046945E-4,0,0,0,0,4.046945E-4,4.046945E-4,0,0,0,0,0,8.093889E-4,0,8.093889E-4,0,3.116147E-1,5.058681E-2,2.832861E-3,8.903278E-3,5.665722E-3,2.023472E-3,2.023472E-3,4.046945E-4,8.093889E-4,2.428167E-3,8.093889E-4,1.214083E-3,1.214083E-3,4.046945E-4,1.214083E-3,1.214083E-3,2.023472E-3,3.642250E-3,8.093889E-4,0,3.278025E-2,1.618778E-3,1.214083E-3,2.023472E-3,2.023472E-3,4.046945E-4,8.093889E-4,1.133144E-2,6.070417E-3,2.023472E-3,1.214083E-3,3.237556E-3,1.214083E-3,0,0,1.618778E-3,1.618778E-3,4.046945E-4,4.046945E-3,3.237556E-3,4.046945E-4,4.046945E-4,4.046945E-4,4.046945E-4,1.618778E-3,8.093889E-4,4.046945E-4,0,4.046945E-4,4.046945E-4,0,0,1.618778E-3,1.618778E-3,7.284500E-3,7.284500E-3,4.046945E-4,4.046945E-4,4.046945E-4,4.046945E-4,2.428167E-3,2.428167E-3,0,1.618778E-3,0,2.023472E-3,0,0,4.046945E-4,0,1.618778E-3,1.618778E-3,4.046945E-4,8.093889E-4,0,0,0,0,3.642250E-3,3.642250E-3,3.642250E-3,0,0,0,0,1.590449E-1,0,0,0,0,0,0,4.046945E-4,4.046945E-4,4.046945E-4,0,0,0,0,0,1.201943E-1,1.214083E-3,8.093889E-4,8.093889E-4,8.093889E-4,8.093889E-4,0,0,0,0,0,4.046945E-4,4.046945E-4,0,0,0,9.712667E-3,0,0,9.307972E-3,3.237556E-3,2.428167E-3,4.046945E-4,8.093889E-4,0,1.214083E-3,4.046945E-4,4.046945E-4,4.046945E-4,0,0,0,0,3.642250E-3,1.618778E-3,4.046945E-4,4.046945E-4,4.046945E-4,4.046945E-4,0,2.832861E-3,1.214083E-3,1.618778E-3,4.046945E-4,4.046945E-4,1.092675E-2,2.832861E-3,1.214083E-3,1.214083E-3,0,0,0,0,5.261028E-3,4.046945E-3,2.023472E-3,1.214083E-3,0,0,0,8.093889E-4,8.093889E-4,2.428167E-3,4.046945E-4,4.046945E-4,0,1.618778E-3,1.618778E-3,0,0,0,4.046945E-4,0,0,0,4.046945E-4,0,0,0,1.068393E-1,0,4.046945E-4,1.618778E-3,0,0,0,1.618778E-3,1.214083E-3,8.093889E-4,8.093889E-4,4.046945E-4,8.093889E-4,4.046945E-4,4.046945E-4,2.428167E-3,1.214083E-3,8.093889E-4,0,4.046945E-4,4.046945E-4,1.214083E-3,4.046945E-4,4.046945E-4,4.046945E-4,4.046945E-4,4.046945E-4,8.093889E-4,8.093889E-4,1.023877E-1,0,1.023877E-1,1.019830E-1,1.618778E-3,4.046945E-4,0,2.428167E-3,6.151356E-2,3.358964E-2,8.093889E-4,8.093889E-4,8.093889E-4,0,0,4.046945E-4,4.046945E-4,8.093889E-4,4.046945E-4,4.046945E-4,1.618778E-3,0,8.093889E-4,8.093889E-4,4.046945E-4,4.046945E-4,0,0,0,0,4.046945E-4,0,0,0,8.093889E-4,4.046945E-4,2.832861E-3,2.832861E-3,2.832861E-3,2.832861E-3,0,0,4.046945E-4,4.046945E-4,1.618778E-3,1.618778E-3,0,4.046945E-4,0,0,0,0,5.665722E-3,0,0,4.046945E-4,1.618778E-3,8.093889E-4,4.046945E-4,0,0,0,4.046945E-4,0,2.023472E-3,1.214083E-3,8.093889E-4,1.214083E-3,1.214083E-3,4.046945E-4,8.093889E-4,4.046945E-4,4.046945E-4,3.642250E-3,4.046945E-4,0,0,0,0,1.214083E-3,4.046945E-4,0,4.046945E-4,0,0,0,0,0,0,0,1.214083E-3,0,8.093889E-4,0,0,2.428167E-3,8.093889E-4,0,0,1.214083E-3,1.214083E-3,3.642250E-3,3.237556E-3,0,4.046945E-4,0,0,0,2.266289E-2,1.861594E-2,4.046945E-3,1.052206E-2,8.093889E-3,8.093889E-4,4.046945E-4,0,0,8.093889E-4,4.046945E-4,4.046945E-4,4.046945E-4,0,0,0,8.093889E-4,4.046945E-4,0,8.093889E-4,8.093889E-4,0,4.046945E-4,0,0,0,0,4.046945E-4,1.618778E-3,4.046945E-4,0,8.093889E-4,0,0,0,0,4.046945E-4,0,1.456900E-2,8.093889E-4,8.093889E-4,0,0,0,0,0,0,0,3.642250E-3,3.642250E-3,1.618778E-3,1.133144E-2,9.712667E-3,5.261028E-3,4.451639E-3,4.046945E-4,4.046945E-4,3.237556E-3,2.832861E-3,2.832861E-3,8.093889E-4,4.046945E-4,4.046945E-4,1.214083E-3,1.214083E-3,4.046945E-4,4.046945E-4,4.046945E-4,4.046945E-4,4.046945E-4,4.046945E-4,8.093889E-4,4.046945E-4,0,0,2.428167E-3,2.023472E-3,1.214083E-3,8.093889E-4,4.046945E-4,4.046945E-4,2.023472E-3,4.046945E-4,4.046945E-4,8.093889E-4,4.046945E-4,4.046945E-4,0,0,0,0,2.509106E-2,4.046945E-4,4.046945E-4,4.046945E-4,4.046945E-4,4.046945E-3,4.046945E-4,4.046945E-4,1.214083E-3,2.428167E-3,4.046945E-4,0,8.093889E-4,8.093889E-4,0,0,0,4.046945E-4,0,0,0,0,4.046945E-4,0,0,0,0,0,4.046945E-4,0,0,1.861594E-2,1.740186E-2,4.046945E-3,4.046945E-4,0,8.093889E-4,4.046945E-4,0,1.214083E-3,8.093889E-4,8.093889E-4,0,0,4.046945E-4,6.879806E-3,4.046945E-4,4.046945E-4,4.046945E-4,1.214083E-3,4.046945E-4,4.046945E-4,0,0,0,0,0,0,0,1.214083E-3,1.214083E-3,8.093889E-4,4.046945E-4,4.046945E-4,0,0,0,2.428167E-3,2.428167E-3,2.023472E-3,8.093889E-4,0,0,0,0,1.052206E-2,1.011736E-2,6.879806E-3,0,0,8.093889E-4,4.046945E-4,5.665722E-3,5.665722E-3,5.665722E-3,0,0,0,1.214083E-3,1.214083E-3,4.046945E-4,0,8.093889E-4,4.046945E-4,0,0,0,0,1.214083E-3,1.214083E-3,4.046945E-4,0,0,0,1.618778E-3,1.214083E-3,1.214083E-3,1.214083E-3,1.214083E-3,0,0,0,0,0,4.046945E-4,0,4.046945E-4,4.046945E-4,4.046945E-4,4.046945E-4,0,2.023472E-3,2.023472E-3,1.214083E-3,1.214083E-3,4.046945E-4,0,0,0,4.046945E-4,4.046945E-4,0,0,0,0,0,0,0,0,1.214083E-3,1.214083E-3,0,0,0,1.618778E-3,1.618778E-3,4.046945E-4,0,0,4.046945E-4,4.046945E-4,0,0,4.046945E-4,4.046945E-4,4.046945E-4,0,4.046945E-4,0,0,0,0,1.214083E-3,0,0,0,8.498584E-3,1.214083E-3,4.046945E-4,4.046945E-4,8.093889E-4,0,2.428167E-3,2.428167E-3,8.093889E-4,4.046945E-4,4.046945E-4,4.046945E-4,0,1.618778E-3,1.618778E-3,8.093889E-4,1.214083E-3,1.392149E-1,4.046945E-4,4.046945E-4,4.451639E-3,2.832861E-3,0,2.023472E-3,1.214083E-3,1.214083E-3,8.093889E-4,8.093889E-4,4.046945E-4,4.046945E-4,0,0,4.046945E-4,4.046945E-4,1.618778E-3,8.093889E-4,8.093889E-4,8.093889E-4,8.093889E-4,8.093889E-4,4.451639E-3,4.451639E-3,1.618778E-3,1.618778E-3,8.093889E-4,8.093889E-4,8.093889E-4,1.137191E-1,8.093889E-4,1.295022E-2,1.295022E-2,1.618778E-3,8.093889E-4,4.046945E-4,4.046945E-4,1.052206E-2,9.712667E-3,4.046945E-4,4.046945E-4,4.046945E-4,4.046945E-4,7.689195E-3,2.428167E-3,2.023472E-3,1.618778E-3,8.093889E-4,0,8.093889E-4,1.618778E-3,1.618778E-3,1.618778E-3,8.093889E-4,4.046945E-4,0,0,0,0,0,0,0,0,1.133144E-2,4.046945E-4,4.046945E-4,4.046945E-4,0,7.689195E-3,0,1.214083E-3,4.046945E-4,4.046945E-4,1.214083E-3,8.093889E-4,1.618778E-3,8.093889E-4,8.093889E-4,4.046945E-4,2.832861E-3,0,0,1.214083E-3,4.046945E-4,0,0,4.046945E-4,4.046945E-4,4.046945E-4,0,4.046945E-4,0,4.046945E-4,0,6.475111E-3,4.856333E-3,3.237556E-3,8.093889E-4,0,4.046945E-4,8.093889E-4,4.046945E-4,4.046945E-4,0,0,0,4.046945E-4,0,8.498584E-3,7.284500E-3,4.046945E-3,1.214083E-3,4.046945E-4,4.046945E-4,8.093889E-4,4.046945E-4,8.093889E-4,4.046945E-4,2.023472E-3,4.046945E-4,0,0,0,2.832861E-3,1.214083E-3,8.093889E-4,8.093889E-4,4.046945E-4,1.618778E-3,4.046945E-4,8.093889E-4,4.046945E-4,4.046945E-4,4.046945E-4,8.093889E-4,8.093889E-4,4.046945E-4,4.046945E-4,4.046945E-4,0,0,0,0,4.046945E-4,4.046945E-4,4.046945E-4,0,0,8.741400E-2,4.046945E-4,4.046945E-4,8.093889E-4,0,0,4.046945E-4,4.046945E-4,4.046945E-4,0,4.046945E-4,0,4.046945E-4,5.665722E-3,1.214083E-3,8.093889E-4,4.046945E-4,0,0,4.046945E-4,4.046945E-4,4.046945E-4,1.214083E-3,8.093889E-4,4.046945E-4,4.046945E-4,4.046945E-4,0,1.214083E-3,8.093889E-4,4.046945E-4,4.046945E-4,4.046945E-4,8.093889E-4,8.093889E-4,4.046945E-4,4.046945E-4,8.174828E-2,0,2.023472E-3,2.023472E-3,8.093889E-4,7.972481E-2,7.972481E-2,7.972481E-2,0,0,0,4.046945E-3,1.214083E-3,2.023472E-3,8.093889E-4,8.093889E-4,2.428167E-3,2.023472E-3,1.214083E-3,4.046945E-4,1.214083E-3,7.203561E-2,9.712667E-3,4.046945E-4,1.214083E-3,4.451639E-3,8.093889E-4,1.214083E-3,1.214083E-2,8.093889E-4,4.046945E-4,8.093889E-4,8.903278E-3,0,4.046945E-4,4.046945E-4,2.023472E-3,4.046945E-4,4.046945E-4,4.046945E-4,1.214083E-3,4.046945E-4,4.046945E-4,8.093889E-4,3.237556E-3,4.046945E-4,4.046945E-4,1.214083E-3,0,4.046945E-4,8.093889E-4,8.093889E-4,1.214083E-3,5.665722E-3,4.046945E-3,1.618778E-3,1.214083E-3,0,4.046945E-4,4.046945E-4,4.046945E-4,1.214083E-3,1.214083E-3,0,4.046945E-4,4.046945E-4,4.046945E-4,1.618778E-3,1.618778E-3,4.046945E-4,8.093889E-4,0,4.046945E-4,4.046945E-4,4.046945E-4,4.046945E-4,0,4.046945E-4,4.046945E-4,4.046945E-4,3.237556E-3,4.046945E-4,1.214083E-3,4.046945E-4,0,0,1.214083E-3,0,8.093889E-4,8.093889E-4,1.214083E-3,1.214083E-3,0,0,4.046945E-4,4.046945E-4,4.046945E-4,0,2.023472E-3,1.618778E-3,1.618778E-3,0,8.093889E-4,8.093889E-4,8.093889E-4,0,0,0,0,0,0,0,0,0,0,0,0,4.046945E-4,1.214083E-3,1.214083E-3,1.214083E-3,0,6.070417E-3,4.046945E-3,4.046945E-4,4.046945E-4,3.237556E-3,4.046945E-4,2.428167E-3,2.023472E-3,0,0,0,2.023472E-3,4.046945E-4,8.093889E-4,4.046945E-4,0,4.046945E-4,0,4.046945E-4,0,4.046945E-4,0,4.046945E-4,1.983003E-2,1.092675E-2,8.093889E-4,4.046945E-4,4.046945E-4,4.046945E-4,0,5.665722E-3,1.214083E-3,8.093889E-4,0,2.023472E-3,1.618778E-3,1.618778E-3,4.046945E-4,4.046945E-4,2.023472E-3,8.093889E-4,8.093889E-4,4.046945E-4,1.214083E-3,1.214083E-3,0,0,2.023472E-3,8.093889E-4,4.046945E-4,4.046945E-4,4.046945E-4,4.046945E-4,4.046945E-4,4.046945E-4,4.046945E-4,8.093889E-4,4.046945E-4,0,0,4.046945E-4,0,0,4.046945E-4,7.284500E-3,4.046945E-4,5.665722E-3,4.046945E-3,2.428167E-3,2.023472E-3,2.023472E-3,2.023472E-3,1.618778E-3,0,8.093889E-4,0,0,0,1.618778E-3,4.046945E-4,0,4.046945E-4,4.046945E-4,4.046945E-4,4.046945E-4,0,0,0,0,0,0,4.046945E-4,4.046945E-4,0,0,0,0,8.093889E-4,4.046945E-4,4.046945E-4,0,0,8.093889E-4,4.046945E-4,4.046945E-4,4.411170E-2,8.093889E-4,8.093889E-4,8.093889E-3,7.689195E-3,0,4.046945E-4,4.856333E-3,1.618778E-3,4.046945E-4,0,8.093889E-4,2.832861E-3,2.428167E-3,0,1.214083E-3,4.046945E-4,1.214083E-3,4.046945E-4,1.214083E-3,1.214083E-3,4.046945E-4,0,0,0,4.046945E-4,1.375961E-2,1.214083E-2,2.023472E-3,0,0,1.618778E-3,1.052206E-2,8.093889E-4,6.475111E-3,1.214083E-3,1.214083E-3,2.832861E-3,4.046945E-4,2.832861E-3,4.046945E-4,5.261028E-3,2.832861E-3,4.046945E-4,0,0,0,0,8.093889E-4,0,8.093889E-4,8.093889E-4,0,0,0,0,0,8.093889E-4,8.093889E-4,4.046945E-4,0,0,0,0,0,0,2.306758E-2,1.821125E-2,0,3.642250E-3,8.093889E-4,0,1.214083E-3,1.214083E-3,8.093889E-4,4.046945E-4,8.093889E-4,8.093889E-4,4.856333E-3,2.832861E-3,1.618778E-3,0,2.023472E-3,2.023472E-3,0,1.011736E-2,8.093889E-3,8.093889E-3,8.093889E-3,8.093889E-3,8.093889E-3,5.261028E-3,2.832861E-3,0,1.618778E-3,8.093889E-4,8.093889E-4,0,8.093889E-4,4.046945E-4,4.046945E-4,4.046945E-4,4.856333E-3,1.618778E-3,2.428167E-3,2.023472E-3,8.093889E-4,1.214083E-3,1.214083E-3,4.046945E-4,4.046945E-4,0,0,0,0,0,0,0,0,2.428167E-3,1.214083E-3,1.214083E-3,0,4.046945E-4,4.046945E-4,4.046945E-4,1.214083E-3,0,0,4.046945E-4,0,0,0,0,3.520842E-2,2.023472E-3,8.093889E-4,4.856333E-3,4.856333E-3,0,0,0,0,1.214083E-3,0,0,8.093889E-4,0,8.093889E-4,8.093889E-4,8.093889E-4,2.225820E-2,8.093889E-4,0,0,0,2.832861E-3,2.023472E-3,5.665722E-3,3.237556E-3,0,0,0,0,0,1.214083E-3,4.046945E-4,4.046945E-4,8.093889E-4,0,2.023472E-3,2.023472E-3,4.046945E-4,4.046945E-4,4.046945E-4,4.046945E-4,2.023472E-3,4.046945E-4,4.046945E-4,0,0,0,0,0,0,3.642250E-3,3.237556E-3,4.046945E-3,3.642250E-3,0,0,0,0,0,0,1.618778E-3,4.046945E-4,4.046945E-4,4.046945E-4,0,0,1.214083E-3,1.214083E-3,0,4.046945E-4,0,0,0,0,4.046945E-4,0,4.046945E-4,6.070417E-3,4.856333E-3,3.642250E-3,1.214083E-3,0,0,0,0,1.214083E-3,4.046945E-4,8.093889E-4,8.093889E-4,4.046945E-4,0,0,1.214083E-3,0,0,4.046945E-4,0,0,4.856333E-3,1.214083E-3,0,0,0,0,4.046945E-4,4.046945E-4,0,0,0,0,1.173614E-2,5.261028E-3,2.428167E-3,1.618778E-3,0,0,0,0,0,4.046945E-4,4.046945E-4,0,0,0,0,0,0,0,0,4.046945E-4,0,0,0,4.046945E-4,2.832861E-3,1.214083E-3,0,0,4.046945E-4,0,0,4.046945E-4,8.093889E-4,0,0,0,0,0,0,8.093889E-4,4.046945E-4,0,0,0,0,0,0,0,4.046945E-4,4.046945E-4,8.093889E-4,8.093889E-4,0,8.093889E-4,0,0,0,0,0,0,8.255767E-2,5.261028E-3,5.261028E-3,4.046945E-4,0,0,3.237556E-3,1.618778E-3,8.093889E-4,1.214083E-3,4.046945E-4,1.618778E-3,8.093889E-4,4.046945E-4,0,8.093889E-4,4.046945E-4,4.046945E-4,0,2.832861E-3,4.046945E-4,4.046945E-4,4.046945E-4,4.046945E-3,4.046945E-4,3.237556E-3,1.618778E-3,4.046945E-4,4.046945E-4,4.046945E-4,4.046945E-4,5.463375E-2,3.358964E-2,4.046945E-4,1.214083E-3,3.197086E-2,1.214083E-3,4.046945E-4,2.994739E-2,2.873331E-2,1.983003E-2,3.642250E-3,4.046945E-4,4.046945E-4,4.046945E-4,0,4.046945E-4,4.046945E-4,0,1.659247E-2,4.046945E-4,4.046945E-4,5.665722E-3,1.254553E-2,1.618778E-3,4.046945E-4,1.214083E-3,0,2.023472E-3,8.093889E-3,4.046945E-4,1.214083E-3,6.475111E-3,6.475111E-3,6.070417E-3,6.070417E-3,0,8.093889E-4,5.665722E-3,4.046945E-4,0,0,4.046945E-3,0,0,0,4.046945E-3,2.832861E-3,0,0,2.832861E-3,0,0,0,0,2.832861E-3,0,1.214083E-3,8.093889E-4,0,4.046945E-4,0,0,1.214083E-3,1.214083E-3,1.618778E-2,1.618778E-2,6.475111E-3,4.046945E-3,3.642250E-3,2.428167E-3,0,4.046945E-4,4.046945E-4,8.903278E-3,4.046945E-4,7.284500E-3,6.879806E-3,8.093889E-4,3.237556E-3,2.428167E-3,1.214083E-3,1.214083E-3,1.214083E-3,4.046945E-4,0,0,1.214083E-3,1.214083E-3,0,0,0,0,2.023472E-3,3.642250E-3,3.642250E-3,2.428167E-3,4.046945E-4,4.046945E-4,4.046945E-4,4.046945E-4,4.046945E-4,4.046945E-4,0,0,1.214083E-3,1.214083E-3,0,1.214083E-3,0,1.497369E-2,0,2.428167E-3,1.618778E-3,1.618778E-3,1.214083E-3,4.046945E-4,0,0,8.093889E-4,4.046945E-4,4.046945E-4,4.046945E-4,4.046945E-4,8.093889E-4,8.093889E-4,0,0,8.093889E-4,8.093889E-4,0,0,0,1.173614E-2,4.046945E-4,8.093889E-4,8.093889E-4,9.307972E-3,8.093889E-4,8.093889E-4,7.284500E-3,1.214083E-3,4.046945E-4,5.665722E-3,1.214083E-3,4.046945E-4,0,0,4.046945E-4,2.023472E-3,2.023472E-3,0,0,0,0,0,0,0,0,0,0,0,0,0,0,0,0,0,0,0,2.185350E-2,2.185350E-2,2.185350E-2,9.712667E-3,8.498584E-3,4.856333E-3,0,8.093889E-4,0,8.093889E-4,8.093889E-4,8.093889E-4]: 2471

Forest with 10 trees Model
**************************

Forest with 10 models

Forest with 10 trees(T = 0.0) Model
***********************************

Forest with 10 models

Forest with 10 trees(T = 2.0) Model
***********************************

Forest with 10 models

Forest with 10 trees(T = 4.0) Model
***********************************

Forest with 10 models

Forest with 10 trees(T = 6.0) Model
***********************************

Forest with 10 models

Forest with 10 trees(T = 8.0) Model
***********************************

Forest with 10 models

Forest with 10 trees(T = 10.0) Model
************************************

Forest with 10 models

Forest with 10 trees(T = 12.0) Model
************************************

Forest with 10 models

Forest with 10 trees(T = 14.0) Model
************************************

Forest with 10 models

Forest with 10 trees(T = 16.0) Model
************************************

Forest with 10 models

Forest with 10 trees(T = 18.0) Model
************************************

Forest with 10 models

Forest with 10 trees(T = 20.0) Model
************************************

Forest with 10 models

Forest with 10 trees(T = 22.0) Model
************************************

Forest with 10 models

Forest with 10 trees(T = 24.0) Model
************************************

Forest with 10 models

Forest with 10 trees(T = 26.0) Model
************************************

Forest with 10 models

Forest with 10 trees(T = 28.0) Model
************************************

Forest with 10 models

Forest with 10 trees(T = 30.0) Model
************************************

Forest with 10 models

Forest with 10 trees(T = 32.0) Model
************************************

Forest with 10 models

Forest with 10 trees(T = 34.0) Model
************************************

Forest with 10 models

Forest with 10 trees(T = 36.0) Model
************************************

Forest with 10 models

Forest with 10 trees(T = 38.0) Model
************************************

Forest with 10 models

Forest with 10 trees(T = 40.0) Model
************************************

Forest with 10 models

Forest with 10 trees(T = 42.0) Model
************************************

Forest with 10 models

Forest with 10 trees(T = 44.0) Model
************************************

Forest with 10 models

Forest with 10 trees(T = 46.0) Model
************************************

Forest with 10 models

Forest with 10 trees(T = 48.0) Model
************************************

Forest with 10 models

Forest with 10 trees(T = 50.0) Model
************************************

Forest with 10 models

Forest with 10 trees(T = 52.0) Model
************************************

Forest with 10 models

Forest with 10 trees(T = 54.0) Model
************************************

Forest with 10 models

Forest with 10 trees(T = 56.0) Model
************************************

Forest with 10 models

Forest with 10 trees(T = 58.0) Model
************************************

Forest with 10 models

Forest with 10 trees(T = 60.0) Model
************************************

Forest with 10 models

Forest with 10 trees(T = 62.0) Model
************************************

Forest with 10 models

Forest with 10 trees(T = 64.0) Model
************************************

Forest with 10 models

Forest with 10 trees(T = 66.0) Model
************************************

Forest with 10 models

Forest with 10 trees(T = 68.0) Model
************************************

Forest with 10 models

Forest with 10 trees(T = 70.0) Model
************************************

Forest with 10 models

Forest with 10 trees(T = 72.0) Model
************************************

Forest with 10 models

Forest with 10 trees(T = 74.0) Model
************************************

Forest with 10 models

Forest with 10 trees(T = 76.0) Model
************************************

Forest with 10 models

Forest with 10 trees(T = 78.0) Model
************************************

Forest with 10 models

Forest with 10 trees(T = 80.0) Model
************************************

Forest with 10 models

Forest with 10 trees(T = 82.0) Model
************************************

Forest with 10 models

Forest with 10 trees(T = 84.0) Model
************************************

Forest with 10 models

Forest with 10 trees(T = 86.0) Model
************************************

Forest with 10 models

Forest with 10 trees(T = 88.0) Model
************************************

Forest with 10 models

Forest with 10 trees(T = 90.0) Model
************************************

Forest with 10 models

Forest with 10 trees(T = 92.0) Model
************************************

Forest with 10 models

Forest with 10 trees(T = 94.0) Model
************************************

Forest with 10 models

Forest with 10 trees(T = 96.0) Model
************************************

Forest with 10 models

Forest with 10 trees(T = 98.0) Model
************************************

Forest with 10 models

Forest with 10 trees(T = 100.0) Model
*************************************

Forest with 10 models

