Clus run 'pheno0.names'
***********************

Date: 3/3/23 9:07 PM
File: pheno_GO.f.out
Attributes: 70 (input: 69, output: 1)
Missing values: No

[General]
Verbose = 1
RandomSeed = 0
ResourceInfoLoaded = No
DoNotInduce = No
LoggingProperties = logging.properties

[Data]
File = raw_datasets/pheno_GO/pheno_GO.trainvalid.fake.arff
TestSet = None
PruneSet = None
XVal = 10
RemoveMissingTarget = No
NormalizeData = None

[Attributes]
Target = 70
Clustering = 70
Descriptive = 1-69
Key = None
Disable = None
Weights = Normalize
ClusteringWeights = 1.0
ReduceMemoryNominalAttrs = No
GIS = None

[Constraints]
Syntactic = None
MaxSize = Infinity
MaxError = 0.0
MaxDepth = Infinity

[Nominal]
MEstimate = 1.0

[Model]
MinimalWeight = 5.0
MinimalNumberExamples = 0
MinimalKnownWeight = 0.0
ParamTuneNumberFolds = 3
NominalSubsetTests = Yes

[Tree]
Heuristic = VarianceReduction
HeuristicComplexity = N2
SetDistance = GSMDistance
TupleDistance = Euclidean
TSDistance = DTW
PruningMethod = Default
FTest = 0.125
BinarySplit = Yes
ConvertToRules = No
AlternativeSplits = No
Optimize = []
MSENominal = No
SplitSampling = None
MissingClusteringAttrHandling = EstimateFromParentNode
MissingTargetAttrHandling = ParentNode
InductionOrder = DepthFirst
EntropyType = StandardEntropy
ConsiderUnlableInstancesInIGCalc = No
SpatialMatrix = Binary
SpatialMeasure = GlobalMoran
Bandwidth = 0.001
Longlat = No
NumNeightbours = 0.0
Alpha = 1.0
SplitPosition = Exact

[Hierarchical]
Type = Tree
Distance = WeightedEuclidean
WType = ExpAvgParentWeight
WParam = 0.75
HSeparator = /
EmptySetIndicator = n
OptimizeErrorMeasure = PooledAUPRC
DefinitionFile = None
NoRootPredictions = No
PruneInSig = 0.0
Bonferroni = No
SingleLabel = No
CalculateErrors = Yes
ClassificationThreshold = [0.0,2.0,4.0,6.0,8.0,10.0,12.0,14.0,16.0,18.0,20.0,22.0,24.0,26.0,28.0,30.0,32.0,34.0,36.0,38.0,40.0,42.0,44.0,46.0,48.0,50.0,52.0,54.0,56.0,58.0,60.0,62.0,64.0,66.0,68.0,70.0,72.0,74.0,76.0,78.0,80.0,82.0,84.0,86.0,88.0,90.0,92.0,94.0,96.0,98.0,100.0]
RecallValues = None
EvalClasses = None
MEstimate = No

[Relief]
Neighbours = [10,15]
Iterations = 1.0
WeightNeighbours = No
WeightingSigma = 0.5
ChosenInstances = [-1]
MultilabelDistance = HammingLoss
ReliefStatisticsType = DistanceClassic
MissingTargetHandling = Impute

[Ensemble]
Iterations = [10]
TimeBudget = 0
EnsembleMethod = RForest
EnsembleBootstrapping = Yes
VotingType = ProbabilityDistribution
SelectRandomSubspaces = 9
ROSTargetSubspaceSize = SQRT
ROSAlgorithmType = Disabled
ROSVotingType = SubspaceAveraging
PrintAllModels = No
PrintAllModelFiles = No
PrintAllModelInfo = No
PrintPaths = No
Optimize = No
OOBestimate = No
FeatureRanking = [Genie3, Symbolic]
FeatureRankingPerTarget = No
SymbolicWeight = Dynamic
SortRankingByRelevance = Yes
WriteEnsemblePredictions = No
EnsembleRandomDepth = No
BagSelection = -1
BagSize = 0
NumberOfThreads = 1

[kNN]
K = [1,5,10,15,20,25,30,35,40]
Distance = Euclidean
SearchMethod = BruteForce
DistanceWeighting = [Constant]
AttributeWeighting = none
ChosenInstancesTrain = [-1]
ChosenInstancesTest = [-1]
LoadNeighboursFiles = {}
SaveNeighboursFile = 
IsMlcKnn = No
MlcCountSmoother = 1.0

[SemiSupervised]
SemiSupervisedMethod = PCT
StoppingCriteria = NoneAdded
UnlabeledCriteria = Threshold
ConfidenceThreshold = 0.8
ConfidenceMeasure = Variance
Iterations = 10
K = 5
UnlabeledData = 
PercentageLabeled = 5
UseWeights = No
AirbagTrials = 0
ExhaustiveSearchThresholds = [0.5,0.6,0.7,0.8,0.9,0.99]
OOBErrorCalculation = LabeledOnly
Normalization = MinMaxNormalization
Aggregation = Average
CalibrateHmcThreshold = No
PruningWhenTuning = No
InternalFolds = 5
WeightScoresFile = NO
PossibleWeights = [0.0,0.1,0.2,0.3,0.4,0.5,0.6,0.7,0.8,0.9,1.0]
IterationsSupervisionOptimisation = 0
ForceInternalXValOptimisation = No
ImputeMissingTargetValues = No
InternalFold = -1
ProceedToMain = Yes

[Output]
ShowModels = [Default, Pruned, Others]
TrainErrors = No
ValidErrors = Yes
TestErrors = Yes
AllFoldModels = Yes
AllFoldErrors = No
AllFoldDatasets = No
UnknownFrequency = No
BranchFrequency = No
ShowInfo = [Count]
PrintModelAndExamples = No
WriteErrorFile = No
WriteModelFile = No
WritePerBagModelFile = Yes
WriteOOBFile = Yes
WritePredictions = []
GzipOutput = No
ModelIDFiles = No
WriteCurves = No
OutputPythonModel = No
PythonModelType = Object
OutputROSSubspaces = No
OutputJSONModel = No
OutputDatabaseQueries = No
OutputClowdFlowsJSON = No
ComputeSpearman = No

Run: 01
*******

Statistics
----------

FTValue (FTest): 0.125
Induction Time: 4.0000E-1 sec
Pruning Time: 0 sec
Prediction Time (total for ClusModel.Original): 
	0 microsecs
	0 millisecs
	0 secs
Prediction Time (average for ClusModel.Original): 0 microsecs
Model information:
     Default: Nodes = 1; Leaves = 1; Depth = 1
     Forest with 10 trees: FOREST with 10 models (Total nodes: 164; leaves: 87; average tree depth: 5.9)
     Forest with 10 trees(T = 0.0): FOREST with 10 models (Total nodes: 164; leaves: 87; average tree depth: 5.9)
     Forest with 10 trees(T = 2.0): FOREST with 10 models (Total nodes: 164; leaves: 87; average tree depth: 5.9)
     Forest with 10 trees(T = 4.0): FOREST with 10 models (Total nodes: 164; leaves: 87; average tree depth: 5.9)
     Forest with 10 trees(T = 6.0): FOREST with 10 models (Total nodes: 164; leaves: 87; average tree depth: 5.9)
     Forest with 10 trees(T = 8.0): FOREST with 10 models (Total nodes: 164; leaves: 87; average tree depth: 5.9)
     Forest with 10 trees(T = 10.0): FOREST with 10 models (Total nodes: 164; leaves: 87; average tree depth: 5.9)
     Forest with 10 trees(T = 12.0): FOREST with 10 models (Total nodes: 164; leaves: 87; average tree depth: 5.9)
     Forest with 10 trees(T = 14.0): FOREST with 10 models (Total nodes: 164; leaves: 87; average tree depth: 5.9)
     Forest with 10 trees(T = 16.0): FOREST with 10 models (Total nodes: 164; leaves: 87; average tree depth: 5.9)
     Forest with 10 trees(T = 18.0): FOREST with 10 models (Total nodes: 164; leaves: 87; average tree depth: 5.9)
     Forest with 10 trees(T = 20.0): FOREST with 10 models (Total nodes: 164; leaves: 87; average tree depth: 5.9)
     Forest with 10 trees(T = 22.0): FOREST with 10 models (Total nodes: 164; leaves: 87; average tree depth: 5.9)
     Forest with 10 trees(T = 24.0): FOREST with 10 models (Total nodes: 164; leaves: 87; average tree depth: 5.9)
     Forest with 10 trees(T = 26.0): FOREST with 10 models (Total nodes: 164; leaves: 87; average tree depth: 5.9)
     Forest with 10 trees(T = 28.0): FOREST with 10 models (Total nodes: 164; leaves: 87; average tree depth: 5.9)
     Forest with 10 trees(T = 30.0): FOREST with 10 models (Total nodes: 164; leaves: 87; average tree depth: 5.9)
     Forest with 10 trees(T = 32.0): FOREST with 10 models (Total nodes: 164; leaves: 87; average tree depth: 5.9)
     Forest with 10 trees(T = 34.0): FOREST with 10 models (Total nodes: 164; leaves: 87; average tree depth: 5.9)
     Forest with 10 trees(T = 36.0): FOREST with 10 models (Total nodes: 164; leaves: 87; average tree depth: 5.9)
     Forest with 10 trees(T = 38.0): FOREST with 10 models (Total nodes: 164; leaves: 87; average tree depth: 5.9)
     Forest with 10 trees(T = 40.0): FOREST with 10 models (Total nodes: 164; leaves: 87; average tree depth: 5.9)
     Forest with 10 trees(T = 42.0): FOREST with 10 models (Total nodes: 164; leaves: 87; average tree depth: 5.9)
     Forest with 10 trees(T = 44.0): FOREST with 10 models (Total nodes: 164; leaves: 87; average tree depth: 5.9)
     Forest with 10 trees(T = 46.0): FOREST with 10 models (Total nodes: 164; leaves: 87; average tree depth: 5.9)
     Forest with 10 trees(T = 48.0): FOREST with 10 models (Total nodes: 164; leaves: 87; average tree depth: 5.9)
     Forest with 10 trees(T = 50.0): FOREST with 10 models (Total nodes: 164; leaves: 87; average tree depth: 5.9)
     Forest with 10 trees(T = 52.0): FOREST with 10 models (Total nodes: 164; leaves: 87; average tree depth: 5.9)
     Forest with 10 trees(T = 54.0): FOREST with 10 models (Total nodes: 164; leaves: 87; average tree depth: 5.9)
     Forest with 10 trees(T = 56.0): FOREST with 10 models (Total nodes: 164; leaves: 87; average tree depth: 5.9)
     Forest with 10 trees(T = 58.0): FOREST with 10 models (Total nodes: 164; leaves: 87; average tree depth: 5.9)
     Forest with 10 trees(T = 60.0): FOREST with 10 models (Total nodes: 164; leaves: 87; average tree depth: 5.9)
     Forest with 10 trees(T = 62.0): FOREST with 10 models (Total nodes: 164; leaves: 87; average tree depth: 5.9)
     Forest with 10 trees(T = 64.0): FOREST with 10 models (Total nodes: 164; leaves: 87; average tree depth: 5.9)
     Forest with 10 trees(T = 66.0): FOREST with 10 models (Total nodes: 164; leaves: 87; average tree depth: 5.9)
     Forest with 10 trees(T = 68.0): FOREST with 10 models (Total nodes: 164; leaves: 87; average tree depth: 5.9)
     Forest with 10 trees(T = 70.0): FOREST with 10 models (Total nodes: 164; leaves: 87; average tree depth: 5.9)
     Forest with 10 trees(T = 72.0): FOREST with 10 models (Total nodes: 164; leaves: 87; average tree depth: 5.9)
     Forest with 10 trees(T = 74.0): FOREST with 10 models (Total nodes: 164; leaves: 87; average tree depth: 5.9)
     Forest with 10 trees(T = 76.0): FOREST with 10 models (Total nodes: 164; leaves: 87; average tree depth: 5.9)
     Forest with 10 trees(T = 78.0): FOREST with 10 models (Total nodes: 164; leaves: 87; average tree depth: 5.9)
     Forest with 10 trees(T = 80.0): FOREST with 10 models (Total nodes: 164; leaves: 87; average tree depth: 5.9)
     Forest with 10 trees(T = 82.0): FOREST with 10 models (Total nodes: 164; leaves: 87; average tree depth: 5.9)
     Forest with 10 trees(T = 84.0): FOREST with 10 models (Total nodes: 164; leaves: 87; average tree depth: 5.9)
     Forest with 10 trees(T = 86.0): FOREST with 10 models (Total nodes: 164; leaves: 87; average tree depth: 5.9)
     Forest with 10 trees(T = 88.0): FOREST with 10 models (Total nodes: 164; leaves: 87; average tree depth: 5.9)
     Forest with 10 trees(T = 90.0): FOREST with 10 models (Total nodes: 164; leaves: 87; average tree depth: 5.9)
     Forest with 10 trees(T = 92.0): FOREST with 10 models (Total nodes: 164; leaves: 87; average tree depth: 5.9)
     Forest with 10 trees(T = 94.0): FOREST with 10 models (Total nodes: 164; leaves: 87; average tree depth: 5.9)
     Forest with 10 trees(T = 96.0): FOREST with 10 models (Total nodes: 164; leaves: 87; average tree depth: 5.9)
     Forest with 10 trees(T = 98.0): FOREST with 10 models (Total nodes: 164; leaves: 87; average tree depth: 5.9)
     Forest with 10 trees(T = 100.0): FOREST with 10 models (Total nodes: 164; leaves: 87; average tree depth: 5.9)

Default Model
*************

[1,8.895522E-1,4.815920E-1,0,8.557214E-2,2.985075E-3,9.950249E-4,9.950249E-4,0,1.094527E-2,9.950249E-4,0,1.990050E-3,0,0,2.487562E-2,0,9.950249E-4,9.950249E-4,2.189055E-2,0,9.950249E-4,9.950249E-4,9.950249E-4,9.950249E-4,0,9.950249E-4,0,9.950249E-4,9.950249E-4,9.950249E-4,9.950249E-4,0,0,0,9.950249E-4,9.950249E-4,9.950249E-4,9.950249E-4,0,9.950249E-4,0,9.950249E-4,9.950249E-4,9.950249E-4,0,9.950249E-4,0,0,2.985075E-3,0,9.950249E-4,9.950249E-4,9.950249E-4,9.950249E-4,0,9.950249E-4,9.950249E-4,9.950249E-4,9.950249E-4,0,0,9.950249E-4,0,0,0,9.950249E-4,9.950249E-4,0,1.990050E-3,1.990050E-3,9.950249E-4,9.950249E-4,9.950249E-4,9.950249E-4,0,9.950249E-4,9.950249E-4,1.990050E-3,9.950249E-4,5.970149E-3,1.990050E-3,9.950249E-4,3.980100E-3,0,0,0,0,0,9.950249E-4,9.950249E-4,9.950249E-4,9.950249E-4,9.950249E-4,9.950249E-4,9.950249E-4,1.990050E-3,0,9.950249E-4,9.950249E-4,0,9.950249E-4,0,0,9.950249E-4,9.950249E-4,4.975124E-3,9.950249E-4,2.985075E-3,9.950249E-4,9.950249E-4,9.950249E-4,9.950249E-4,9.950249E-4,9.950249E-4,9.950249E-4,9.950249E-4,9.950249E-4,9.950249E-4,0,7.960199E-3,9.950249E-4,9.950249E-4,2.985075E-3,1.990050E-3,9.950249E-4,1.990050E-3,9.950249E-4,9.950249E-4,9.950249E-4,9.950249E-4,9.950249E-4,9.950249E-4,9.950249E-4,9.950249E-3,7.960199E-3,9.950249E-4,5.970149E-3,2.985075E-3,2.985075E-3,1.990050E-3,9.950249E-4,9.950249E-4,9.950249E-4,9.950249E-4,9.950249E-4,9.950249E-4,9.950249E-4,0,9.950249E-4,9.950249E-4,9.950249E-4,0,0,0,0,5.970149E-3,5.970149E-3,9.950249E-4,9.950249E-4,9.950249E-4,2.985075E-3,9.950249E-4,0,4.975124E-3,0,0,0,9.950249E-4,9.950249E-4,9.950249E-4,9.950249E-4,1.990050E-3,9.950249E-4,9.950249E-4,1.990050E-3,1.990050E-3,2.985075E-3,1.990050E-3,1.990050E-3,1.990050E-3,0,0,0,9.950249E-4,9.950249E-4,9.950249E-4,9.950249E-4,7.960199E-3,0,6.965174E-3,3.980100E-3,9.950249E-4,9.950249E-4,9.950249E-4,9.950249E-4,9.950249E-4,9.950249E-4,9.950249E-4,0,0,9.950249E-4,9.950249E-4,1.990050E-3,9.950249E-4,9.950249E-4,0,0,1.582090E-1,9.950249E-4,1.194030E-2,7.960199E-3,9.950249E-4,0,0,9.950249E-4,9.950249E-4,9.950249E-4,0,0,9.950249E-4,9.950249E-4,0,0,4.975124E-3,9.950249E-4,9.950249E-4,9.950249E-4,9.950249E-4,0,9.950249E-4,9.950249E-4,9.950249E-4,0,0,0,0,0,0,0,0,0,0,0,0,9.950249E-4,9.950249E-4,0,0,9.950249E-4,9.950249E-4,9.950249E-4,9.950249E-4,9.950249E-4,0,3.980100E-3,9.950249E-4,9.950249E-4,9.950249E-4,9.950249E-4,0,0,0,9.950249E-4,9.950249E-4,0,2.487562E-2,1.791045E-2,2.985075E-3,0,0,2.985075E-3,5.970149E-3,1.990050E-3,9.950249E-4,9.950249E-4,0,0,9.950249E-4,9.950249E-4,3.980100E-3,9.950249E-4,9.950249E-4,0,1.990050E-3,3.980100E-3,2.985075E-3,0,0,1.990050E-3,1.990050E-3,1.990050E-3,9.950249E-4,0,0,9.950249E-4,9.950249E-4,9.950249E-4,0,9.950249E-4,9.950249E-4,0,9.950249E-4,9.950249E-4,0,0,2.985075E-3,9.950249E-4,9.950249E-4,1.990050E-3,0,0,0,0,0,9.950249E-4,9.950249E-4,9.950249E-4,9.950249E-4,9.950249E-4,2.985075E-3,2.985075E-3,2.985075E-3,1.990050E-3,2.985075E-3,0,9.950249E-4,9.950249E-4,0,0,3.980100E-3,1.990050E-3,9.950249E-4,0,9.950249E-4,9.950249E-4,0,2.786070E-2,0,2.089552E-2,1.094527E-2,3.980100E-3,9.950249E-4,3.980100E-3,0,0,9.950249E-4,0,9.950249E-4,9.950249E-4,0,0,9.950249E-4,9.950249E-4,2.985075E-3,1.990050E-3,9.950249E-4,9.950249E-4,4.975124E-3,3.980100E-3,9.950249E-4,9.950249E-4,0,1.990050E-3,9.950249E-4,9.950249E-4,9.950249E-4,1.990050E-3,4.975124E-3,9.950249E-4,1.990050E-3,9.950249E-4,9.950249E-4,1.194030E-2,9.950249E-4,0,2.985075E-3,0,2.985075E-3,9.950249E-4,9.950249E-4,0,0,0,0,9.950249E-4,9.950249E-4,9.950249E-4,9.950249E-4,9.950249E-4,9.950249E-4,4.975124E-3,4.975124E-3,9.950249E-4,9.950249E-4,9.950249E-4,9.950249E-4,9.950249E-4,9.950249E-4,0,0,0,9.950249E-4,9.950249E-4,0,0,9.950249E-4,0,0,0,6.169154E-2,4.975124E-2,9.950249E-4,9.950249E-4,9.950249E-4,9.950249E-4,9.950249E-4,9.950249E-4,9.950249E-4,2.985075E-2,0,0,2.885572E-2,9.950249E-4,9.950249E-4,9.950249E-4,3.980100E-3,9.950249E-4,0,2.985075E-3,1.990050E-3,9.950249E-4,1.990050E-3,9.950249E-4,3.980100E-3,2.985075E-3,1.990050E-3,0,9.950249E-4,0,0,9.950249E-4,1.990050E-3,9.950249E-4,9.950249E-4,9.950249E-4,4.975124E-3,9.950249E-4,9.950249E-4,9.950249E-4,9.950249E-4,9.950249E-4,9.950249E-4,1.990050E-3,9.950249E-4,9.950249E-4,1.990050E-3,9.950249E-4,9.950249E-4,9.950249E-4,9.950249E-4,9.950249E-4,0,0,9.950249E-4,9.950249E-4,1.990050E-3,1.990050E-3,9.950249E-4,9.950249E-4,0,0,0,1.990050E-3,1.990050E-3,6.965174E-3,9.950249E-4,2.985075E-3,2.985075E-3,9.950249E-4,9.950249E-4,9.950249E-4,9.950249E-4,9.950249E-4,9.950249E-4,3.980100E-3,9.950249E-4,0,9.950249E-4,9.950249E-4,9.950249E-4,9.950249E-4,9.950249E-4,9.950249E-4,0,4.975124E-3,9.950249E-4,9.950249E-4,1.990050E-3,9.950249E-4,0,9.950249E-4,1.990050E-3,0,1.094527E-2,8.955224E-3,6.965174E-3,1.990050E-3,0,1.990050E-3,0,1.990050E-3,1.990050E-3,1.970149E-1,1.890547E-2,1.791045E-2,1.194030E-2,1.990050E-3,5.970149E-3,1.990050E-3,1.990050E-3,9.950249E-4,9.950249E-4,9.950249E-4,9.950249E-4,0,0,2.985075E-3,9.950249E-4,9.950249E-4,9.950249E-4,3.980100E-3,1.990050E-3,9.950249E-4,9.950249E-4,9.950249E-4,1.990050E-3,1.990050E-3,0,0,0,1.990050E-3,1.990050E-3,0,5.970149E-2,2.388060E-2,4.975124E-3,0,0,7.960199E-3,4.975124E-3,4.975124E-3,3.980100E-3,1.990050E-3,0,9.950249E-4,3.980100E-3,0,0,2.985075E-3,2.985075E-3,9.950249E-4,0,9.950249E-4,1.393035E-2,5.970149E-3,4.975124E-3,1.990050E-3,9.950249E-4,9.950249E-4,9.950249E-4,6.965174E-3,6.965174E-3,5.970149E-3,9.950249E-4,9.950249E-4,0,0,9.950249E-4,0,9.950249E-4,9.950249E-4,9.950249E-4,0,0,0,0,0,0,0,0,2.885572E-2,4.975124E-3,9.950249E-4,9.950249E-4,9.950249E-4,9.950249E-4,9.950249E-4,9.950249E-4,0,9.950249E-4,9.950249E-4,0,2.388060E-2,0,9.950249E-4,9.950249E-4,1.293532E-2,5.970149E-3,9.950249E-4,5.970149E-3,9.950249E-4,9.950249E-4,4.975124E-3,1.990050E-3,0,1.990050E-3,2.985075E-3,9.950249E-4,1.990050E-3,9.950249E-4,9.950249E-4,9.950249E-4,2.985075E-3,0,0,0,0,0,2.985075E-3,1.990050E-3,1.990050E-3,0,9.950249E-4,9.950249E-4,9.950249E-4,9.950249E-4,9.950249E-4,5.970149E-3,1.990050E-3,0,0,0,0,9.950249E-4,1.990050E-3,9.950249E-4,9.950249E-3,7.960199E-3,9.950249E-4,0,0,9.950249E-4,0,0,3.980100E-3,0,0,9.950249E-4,9.950249E-4,9.950249E-4,0,1.990050E-3,9.950249E-4,9.950249E-4,9.950249E-4,9.950249E-4,0,0,9.950249E-4,0,0,0,9.950249E-4,0,9.950249E-4,9.950249E-4,9.950249E-4,9.950249E-4,9.950249E-4,0,0,0,0,0,0,1.393035E-2,5.970149E-3,0,9.950249E-4,0,2.985075E-3,1.990050E-3,9.950249E-4,1.990050E-3,1.990050E-3,0,9.950249E-4,9.950249E-4,0,9.950249E-4,9.950249E-4,9.950249E-4,0,0,9.950249E-4,6.965174E-3,1.990050E-3,1.990050E-3,9.950249E-4,9.950249E-4,3.980100E-3,9.950249E-4,9.950249E-4,9.950249E-4,9.950249E-4,9.950249E-4,9.950249E-4,9.950249E-4,9.751244E-2,9.751244E-2,9.751244E-2,0,9.950249E-4,9.950249E-4,0,0,9.950249E-4,9.154229E-2,9.950249E-4,9.950249E-4,9.950249E-4,1.791045E-2,1.194030E-2,4.975124E-3,9.950249E-4,0,1.990050E-3,0,9.950249E-4,0,6.965174E-2,4.776119E-2,9.950249E-4,0,1.094527E-2,9.950249E-4,4.975124E-3,9.950249E-4,2.985075E-3,1.990050E-3,0,0,1.094527E-2,1.094527E-2,9.950249E-4,0,1.990050E-2,9.950249E-4,1.890547E-2,2.985075E-3,1.990050E-3,1.990050E-3,9.950249E-4,0,0,0,9.950249E-4,9.950249E-4,1.194030E-2,1.990050E-3,1.194030E-2,1.990050E-3,9.950249E-4,1.990050E-3,1.990050E-3,4.975124E-3,9.950249E-4,3.980100E-3,3.980100E-3,0,0,0,9.950249E-4,1.990050E-3,9.950249E-4,9.950249E-4,9.950249E-4,9.950249E-4,9.950249E-4,9.950249E-4,0,0,0,0,0,2.985075E-3,2.985075E-3,2.985075E-3,2.587065E-2,1.990050E-3,9.950249E-4,8.955224E-3,7.960199E-3,9.950249E-4,0,0,9.950249E-4,0,9.950249E-4,9.950249E-4,9.950249E-4,9.950249E-4,1.990050E-3,9.950249E-4,1.990050E-3,1.990050E-3,1.990050E-3,9.950249E-4,0,9.950249E-4,9.950249E-4,0,9.950249E-4,9.950249E-4,8.955224E-3,7.960199E-3,0,1.990050E-3,0,9.950249E-4,9.950249E-4,0,9.950249E-4,9.950249E-4,9.950249E-4,0,0,9.950249E-4,9.950249E-4,9.950249E-4,1.990050E-3,9.950249E-4,9.950249E-4,9.950249E-4,9.950249E-4,2.985075E-3,9.950249E-4,1.990050E-3,9.950249E-4,9.950249E-4,9.950249E-4,9.950249E-4,9.950249E-4,1.393035E-2,9.950249E-4,9.950249E-4,9.950249E-4,0,4.975124E-3,4.975124E-3,2.985075E-3,0,0,0,2.985075E-3,2.985075E-3,2.985075E-3,9.950249E-4,1.990050E-3,9.950249E-4,9.950249E-4,9.950249E-4,2.189055E-2,5.970149E-3,5.970149E-3,9.950249E-4,9.950249E-4,0,9.950249E-4,9.950249E-4,0,0,1.990050E-3,0,0,6.965174E-3,1.990050E-3,9.950249E-4,3.980100E-3,1.990050E-3,9.950249E-4,9.950249E-4,9.950249E-4,9.950249E-4,9.950249E-4,9.950249E-4,0,1.194030E-2,0,0,9.950249E-4,9.950249E-4,0,0,1.990050E-3,4.975124E-3,1.990050E-3,9.950249E-4,9.950249E-4,9.950249E-4,0,0,1.990050E-3,9.950249E-4,0,0,9.950249E-4,9.950249E-4,9.950249E-4,9.950249E-4,9.950249E-4,9.950249E-4,9.950249E-4,0,0,0,0,0,9.950249E-4,9.950249E-4,9.950249E-4,1.393035E-2,0,2.985075E-3,2.985075E-3,1.990050E-3,1.990050E-3,1.990050E-3,9.950249E-4,0,5.970149E-3,5.970149E-3,9.950249E-4,9.950249E-4,0,0,0,7.164179E-2,4.378109E-2,4.975124E-3,8.955224E-3,6.965174E-3,7.761194E-2,5.970149E-3,9.950249E-4,9.950249E-4,9.950249E-4,3.980100E-3,0,3.980100E-3,0,6.666667E-2,9.950249E-4,1.990050E-3,9.950249E-3,8.955224E-3,2.985075E-3,2.985075E-3,9.950249E-4,1.990050E-3,9.950249E-4,9.950249E-4,9.950249E-4,9.950249E-4,0,0,0,0,0,0,0,0,2.985075E-3,2.985075E-3,2.985075E-3,2.985075E-3,2.985075E-3,1.990050E-3,1.990050E-3,7.960199E-3,9.950249E-4,1.990050E-3,0,9.950249E-4,0,3.980100E-2,9.950249E-4,0,0,0,9.950249E-4,2.985075E-3,2.985075E-3,4.975124E-3,0,9.950249E-4,9.950249E-4,1.990050E-3,0,1.990050E-3,0,1.194030E-2,6.965174E-3,6.965174E-3,3.980100E-3,3.980100E-3,0,2.985075E-3,2.985075E-3,9.950249E-4,1.990050E-3,9.950249E-4,9.950249E-4,9.950249E-4,0,0,0,0,4.975124E-3,0,0,0,3.980100E-3,1.990050E-3,9.950249E-4,9.950249E-4,1.990050E-3,9.950249E-4,0,0,1.990050E-2,3.980100E-3,0,2.985075E-3,1.990050E-3,0,9.950249E-4,1.990050E-3,9.950249E-4,0,9.950249E-4,9.950249E-4,3.980100E-3,9.950249E-4,9.950249E-4,9.950249E-4,9.950249E-4,0,1.990050E-3,9.950249E-4,9.950249E-4,9.950249E-3,0,0,0,0,0,1.990050E-3,0,9.950249E-4,9.950249E-4,0,0,6.965174E-3,9.950249E-4,9.950249E-4,9.950249E-4,0,9.950249E-4,1.990050E-3,9.950249E-4,0,9.950249E-4,9.950249E-4,9.950249E-4,1.990050E-3,0,0,0,0,0,0,0,0,0,0,0,0,0,3.980100E-3,1.990050E-3,9.950249E-4,9.950249E-4,9.950249E-4,1.990050E-3,9.950249E-4,9.950249E-4,0,9.950249E-4,9.950249E-4,0,0,0,0,0,0,0,9.950249E-4,0,0,0,0,0,0,0,6.965174E-3,5.970149E-3,9.950249E-4,4.975124E-3,9.950249E-4,9.950249E-4,9.950249E-4,9.950249E-4,0,1.990050E-3,1.990050E-3,1.990050E-3,0,9.950249E-4,9.950249E-4,9.950249E-4,9.950249E-4,9.950249E-4,0,9.950249E-4,9.950249E-4,0,1.990050E-3,9.950249E-4,0,0,9.950249E-4,9.950249E-4,6.049751E-1,0,2.388060E-2,9.950249E-4,1.860697E-1,6.965174E-3,1.990050E-3,0,0,1.990050E-3,0,0,6.965174E-3,6.965174E-3,0,2.388060E-2,1.592040E-2,9.950249E-4,3.980100E-3,9.950249E-4,9.950249E-4,8.955224E-3,5.970149E-3,9.950249E-4,1.990050E-3,0,9.950249E-4,0,1.791045E-2,9.950249E-4,9.950249E-4,1.094527E-2,2.985075E-3,2.985075E-3,4.975124E-3,2.985075E-3,3.980100E-3,0,2.985075E-3,2.985075E-2,9.950249E-4,4.975124E-3,4.975124E-3,9.950249E-4,9.950249E-4,0,1.990050E-3,1.990050E-3,9.950249E-4,9.950249E-4,9.950249E-4,2.985075E-3,2.985075E-3,1.393035E-2,4.975124E-3,0,2.985075E-3,0,9.950249E-4,0,8.955224E-3,7.960199E-3,1.990050E-3,1.990050E-3,9.950249E-4,3.980100E-3,9.950249E-4,1.990050E-3,1.990050E-3,9.950249E-4,0,0,9.950249E-4,5.970149E-3,1.990050E-3,5.970149E-3,9.950249E-4,1.990050E-3,8.955224E-3,1.990050E-3,9.950249E-4,9.950249E-4,9.950249E-4,5.970149E-3,9.950249E-4,9.950249E-3,9.950249E-4,8.955224E-3,4.975124E-3,1.094527E-2,0,3.980100E-3,3.980100E-3,4.179104E-2,8.955224E-3,9.950249E-4,9.950249E-4,1.990050E-3,1.990050E-3,9.950249E-4,9.950249E-4,9.950249E-3,4.975124E-3,9.950249E-4,0,2.288557E-2,2.985075E-3,1.990050E-3,1.990050E-3,1.990050E-3,0,9.950249E-4,9.950249E-4,0,0,0,9.950249E-4,0,5.970149E-3,9.950249E-4,2.985075E-3,9.950249E-4,8.955224E-3,8.955224E-3,6.965174E-3,9.950249E-4,9.950249E-4,2.985075E-3,9.950249E-4,5.970149E-3,9.950249E-4,9.950249E-4,9.950249E-4,9.950249E-4,9.950249E-4,0,0,9.950249E-4,9.950249E-4,2.985075E-3,2.985075E-3,1.890547E-1,2.288557E-2,2.288557E-2,1.990050E-3,1.691542E-2,4.975124E-3,1.094527E-2,2.985075E-3,5.970149E-3,3.980100E-3,3.980100E-3,2.985075E-3,1.990050E-3,9.950249E-4,1.701493E-1,1.701493E-1,1.592040E-2,4.975124E-3,9.950249E-4,9.950249E-4,6.368159E-2,9.950249E-3,3.980100E-3,0,0,3.980100E-3,9.950249E-4,0,0,4.577114E-2,3.980100E-3,9.950249E-4,0,1.691542E-2,9.950249E-4,9.950249E-4,0,9.950249E-4,1.094527E-2,0,6.965174E-3,0,9.950249E-4,1.990050E-3,9.950249E-4,0,0,1.592040E-2,0,0,9.950249E-4,0,0,0,1.393035E-2,6.965174E-3,0,9.950249E-3,0,0,0,4.159204E-1,9.950249E-4,0,0,0,2.477612E-1,0,1.303483E-1,9.950249E-4,0,9.950249E-4,9.950249E-4,2.985075E-3,9.950249E-4,5.472637E-2,1.990050E-3,3.980100E-3,9.950249E-4,9.950249E-4,9.950249E-4,4.477612E-2,2.985075E-3,3.681592E-2,3.383085E-2,2.885572E-2,1.990050E-3,3.980100E-3,0,0,0,0,4.975124E-3,9.950249E-4,7.960199E-3,1.990050E-3,3.980100E-3,1.990050E-3,1.791045E-2,5.970149E-3,1.990050E-3,0,5.970149E-3,0,0,0,1.990050E-3,0,2.985075E-3,9.950249E-4,1.164179E-1,9.950249E-3,9.950249E-4,2.985075E-3,9.950249E-4,0,3.980100E-3,3.980100E-3,3.980100E-3,2.089552E-2,1.990050E-3,1.990050E-3,0,1.791045E-2,1.194030E-2,4.975124E-3,1.990050E-3,1.990050E-3,9.950249E-4,9.950249E-4,4.975124E-3,2.985075E-3,9.950249E-4,2.985075E-3,9.950249E-4,9.950249E-4,1.094527E-2,1.990050E-3,1.990050E-3,9.950249E-4,9.950249E-4,1.990050E-3,9.950249E-4,0,1.990050E-3,2.985075E-3,9.950249E-4,9.950249E-4,9.950249E-4,9.950249E-4,9.950249E-4,0,4.975124E-3,4.975124E-3,3.980100E-3,9.950249E-4,9.950249E-4,9.950249E-4,0,2.985075E-3,5.970149E-3,5.970149E-3,1.293532E-2,1.293532E-2,2.009950E-1,3.681592E-2,7.960199E-3,9.950249E-4,5.970149E-3,2.985075E-3,2.985075E-3,1.990050E-3,0,9.950249E-4,0,0,0,4.975124E-3,4.975124E-3,6.965174E-3,2.985075E-3,3.980100E-3,8.955224E-3,9.950249E-4,1.711443E-1,1.522388E-1,1.990050E-2,9.950249E-4,9.950249E-4,0,0,9.950249E-4,1.990050E-3,0,1.990050E-3,0,3.980100E-3,1.990050E-3,1.990050E-3,0,1.990050E-3,1.990050E-3,0,9.950249E-4,0,9.950249E-4,9.950249E-4,0,4.975124E-2,0,4.975124E-2,4.975124E-3,9.950249E-4,1.990050E-3,9.950249E-4,9.950249E-4,0,9.950249E-4,0,2.686567E-2,2.985075E-3,1.293532E-2,9.950249E-4,9.950249E-4,0,2.985075E-3,2.985075E-3,9.950249E-4,2.985075E-3,1.990050E-3,9.950249E-4,6.965174E-3,0,4.975124E-3,0,0,0,0,4.975124E-3,9.950249E-4,7.960199E-3,0,7.960199E-3,2.985075E-3,9.950249E-4,9.950249E-4,9.950249E-4,9.950249E-4,1.990050E-3,1.990050E-3,1.990050E-3,9.950249E-4,0,0,0,0,2.985075E-3,0,2.985075E-3,1.990050E-3,9.950249E-4,6.766169E-2,1.094527E-2,9.950249E-3,5.970149E-3,1.990050E-3,9.950249E-4,9.950249E-4,2.985075E-3,3.980100E-3,3.980100E-3,1.990050E-3,1.990050E-3,9.950249E-4,5.174129E-2,4.278607E-2,3.084577E-2,2.189055E-2,4.975124E-3,9.950249E-4,9.950249E-4,0,0,0,0,1.492537E-2,8.955224E-3,9.950249E-4,3.980100E-3,9.462687E-1,2.089552E-2,1.990050E-3,0,2.388060E-2,0,5.970149E-3,5.970149E-3,5.970149E-3,0,0,6.169154E-2,9.950249E-4,1.990050E-3,9.950249E-4,9.950249E-4,1.990050E-3,0,9.950249E-4,9.950249E-4,0,9.950249E-4,0,0,0,9.950249E-4,0,9.950249E-4,9.950249E-4,9.950249E-4,9.950249E-4,0,0,0,0,0,0,0,0,0,3.980100E-3,3.980100E-3,0,0,4.975124E-3,9.950249E-4,0,0,0,0,0,0,0,0,3.980100E-3,0,0,3.980100E-3,1.990050E-3,1.990050E-3,1.990050E-3,1.990050E-3,9.950249E-4,0,0,0,0,9.950249E-4,9.950249E-4,9.950249E-4,0,0,1.990050E-3,9.950249E-4,9.950249E-4,9.950249E-4,1.990050E-3,0,3.084577E-2,3.980100E-3,1.990050E-3,9.950249E-3,9.950249E-4,0,1.691542E-2,2.985075E-3,8.955224E-3,1.990050E-3,2.985075E-3,9.950249E-4,9.950249E-4,9.950249E-4,0,9.950249E-4,9.950249E-4,7.960199E-3,9.950249E-4,0,0,0,0,0,6.965174E-3,9.950249E-4,2.985075E-3,2.985075E-3,9.950249E-4,1.691542E-1,1.492537E-2,1.522388E-1,1.432836E-1,8.955224E-3,0,1.990050E-3,1.990050E-3,9.273632E-1,1.094527E-2,7.960199E-3,8.855721E-2,5.970149E-3,9.950249E-4,9.950249E-4,9.950249E-4,1.990050E-3,2.189055E-2,2.189055E-2,2.089552E-2,1.990050E-3,0,4.278607E-2,1.791045E-2,3.084577E-2,9.950249E-4,1.194030E-2,4.975124E-3,9.950249E-4,9.950249E-4,9.950249E-4,9.950249E-4,0,1.990050E-3,1.990050E-3,0,0,2.985075E-3,9.950249E-4,9.950249E-4,9.950249E-4,9.950249E-4,9.950249E-4,8.656716E-1,1.791045E-2,3.980100E-3,9.950249E-4,9.950249E-4,0,0,2.985075E-3,9.950249E-4,4.975124E-3,1.990050E-3,3.980100E-3,1.990050E-2,1.691542E-2,9.950249E-4,9.950249E-4,0,0,1.194030E-2,1.990050E-3,9.950249E-4,9.950249E-4,9.950249E-4,2.985075E-3,1.990050E-3,3.980100E-3,0,3.980100E-3,9.950249E-4,2.985075E-3,2.238806E-1,0,9.950249E-4,9.950249E-4,2.985075E-3,1.990050E-3,9.950249E-4,9.950249E-4,9.950249E-4,1.990050E-3,9.950249E-4,9.950249E-4,9.950249E-4,0,0,3.980100E-3,0,0,9.950249E-4,1.990050E-3,9.950249E-4,9.950249E-4,2.985075E-3,0,9.950249E-4,9.950249E-4,0,0,0,9.950249E-4,0,9.950249E-4,9.950249E-4,0,9.950249E-4,1.990050E-3,0,0,2.985075E-3,1.990050E-3,1.990050E-3,0,2.537313E-1,2.378109E-1,2.368159E-1,1.691542E-2,1.990050E-3,0,9.950249E-3,4.975124E-3,9.950249E-4,0,0,0,3.472637E-1,0,2.985075E-3,2.985075E-3,6.965174E-3,1.004975E-1,2.089552E-2,0,1.393035E-2,1.293532E-2,9.950249E-4,9.950249E-4,3.980100E-2,9.950249E-4,2.487562E-2,9.353234E-2,6.965174E-3,0,1.990050E-3,9.950249E-4,1.990050E-3,1.990050E-3,9.950249E-4,1.990050E-3,9.950249E-4,9.950249E-4,1.990050E-3,9.950249E-4,9.950249E-4,9.950249E-4,9.950249E-4,1.990050E-3,9.950249E-4,9.950249E-4,9.950249E-4,1.990050E-3,9.950249E-4,9.950249E-4,7.960199E-3,9.950249E-4,2.487562E-2,1.691542E-2,3.980100E-3,5.970149E-3,9.950249E-4,0,1.990050E-3,0,4.975124E-3,2.985075E-3,1.990050E-3,9.950249E-4,9.950249E-4,1.990050E-3,9.950249E-4,9.950249E-4,9.950249E-4,3.980100E-3,0,9.950249E-4,9.950249E-4,3.283582E-2,1.393035E-2,2.288557E-2,6.965174E-3,6.965174E-3,0,0,0,2.985075E-3,1.492537E-2,9.950249E-4,9.950249E-4,0,9.950249E-4,9.950249E-4,0,3.980100E-3,3.980100E-3,3.980100E-3,2.985075E-3,2.985075E-3,3.980100E-3,9.950249E-4,1.990050E-3,0,9.950249E-4,9.950249E-4,0,0,0,0,0,0,5.970149E-3,0,0,9.950249E-4,1.990050E-3,2.985075E-3,9.950249E-4,1.990050E-3,9.950249E-4,9.950249E-4,7.960199E-3,7.960199E-3,9.950249E-4,1.990050E-3,5.164179E-1,0,0,0,0,0,4.776119E-2,2.786070E-2,3.980100E-3,3.980100E-3,2.288557E-2,2.089552E-2,5.970149E-3,5.970149E-3,1.393035E-2,3.880597E-2,4.975124E-3,0,0,1.990050E-3,0,0,0,0,0,9.950249E-4,9.950249E-4,0,0,0,0,5.970149E-3,9.950249E-4,0,0,9.950249E-4,9.950249E-4,1.990050E-3,1.990050E-3,9.950249E-4,9.950249E-4,0,9.950249E-4,9.950249E-4,9.950249E-4,2.189055E-2,8.955224E-3,0,1.194030E-2,9.950249E-4,9.950249E-4,1.840796E-1,9.950249E-4,0,9.950249E-4,5.970149E-3,3.980100E-3,9.950249E-4,9.950249E-4,2.985075E-3,9.950249E-3,5.970149E-3,0,0,0,9.950249E-3,9.950249E-4,8.955224E-3,1.592040E-2,1.492537E-2,8.955224E-3,1.990050E-3,3.980100E-3,2.985075E-3,9.950249E-4,1.990050E-3,0,1.990050E-3,1.990050E-3,1.990050E-3,3.980100E-3,0,0,1.990050E-3,3.781095E-2,2.985075E-3,0,7.960199E-3,7.960199E-3,1.990050E-3,9.950249E-4,2.985075E-3,1.990050E-3,1.990050E-3,5.970149E-3,5.970149E-3,0,0,0,1.990050E-3,9.950249E-4,2.985075E-3,9.950249E-4,9.950249E-4,0,1.293532E-2,1.990050E-3,9.950249E-4,9.950249E-4,9.950249E-4,0,9.950249E-4,9.950249E-4,1.990050E-3,9.950249E-3,9.950249E-4,0,3.283582E-2,5.970149E-3,1.990050E-3,2.985075E-3,9.950249E-4,2.985075E-3,9.950249E-4,9.950249E-3,5.970149E-3,5.970149E-3,4.975124E-3,9.950249E-4,9.950249E-4,9.950249E-4,0,4.975124E-3,2.985075E-3,1.990050E-3,1.990050E-3,9.950249E-4,9.950249E-4,9.950249E-4,9.950249E-4,9.950249E-4,4.975124E-3,4.975124E-3,1.990050E-3,0,0,0,0,9.950249E-4,6.965174E-3,0,0,9.950249E-4,0,9.950249E-4,9.950249E-4,9.950249E-4,4.975124E-3,1.990050E-3,9.950249E-4,9.950249E-4,0,9.950249E-4,0,0,9.950249E-4,9.950249E-4,9.950249E-4,4.975124E-2,8.955224E-3,2.985075E-3,1.990050E-3,1.990050E-3,3.980100E-3,0,1.592040E-2,9.950249E-4,9.950249E-4,9.950249E-4,1.990050E-3,9.950249E-4,0,0,9.950249E-4,0,0,0,9.950249E-4,0,9.950249E-4,9.950249E-4,1.990050E-3,2.985075E-3,1.990050E-3,8.955224E-3,9.950249E-4,3.980100E-3,9.950249E-4,9.950249E-4,2.985075E-3,2.985075E-3,0,4.975124E-3,4.975124E-3,9.950249E-4,9.950249E-4,2.985075E-3,9.950249E-4,2.985075E-3,0,0,9.950249E-4,9.054726E-2,9.950249E-4,1.393035E-2,2.189055E-2,5.074627E-2,6.965174E-3,3.681592E-2,6.965174E-3,2.885572E-2,9.950249E-4,1.990050E-3,0,9.950249E-4,0,9.950249E-4,9.950249E-3,0,0,9.950249E-3,3.980100E-3,4.975124E-3,2.985075E-3,9.950249E-4,1.990050E-3,1.492537E-2,0,9.950249E-4,9.950249E-4,9.950249E-4,9.950249E-4,3.980100E-3,9.950249E-4,9.950249E-4,2.985075E-3,9.950249E-4,9.950249E-4,0,2.985075E-3,9.950249E-4,0,9.950249E-4,0,9.950249E-4,9.950249E-4,9.950249E-4,0,0,0,5.671642E-2,3.980100E-3,1.492537E-2,0,1.492537E-2,1.990050E-3,0,8.955224E-3,2.985075E-3,9.950249E-4,2.985075E-3,1.990050E-3,1.990050E-3,2.985075E-3,9.950249E-4,9.950249E-4,9.950249E-4,9.950249E-4,9.950249E-4,4.975124E-3,2.985075E-3,0,9.950249E-4,9.950249E-4,9.950249E-4,1.791045E-2,9.950249E-4,0,9.950249E-4,1.990050E-3,9.950249E-4,9.950249E-4,0,0,9.950249E-4,2.985075E-3,0,0,0,9.950249E-4,1.990050E-3,9.950249E-4,0,2.985075E-3,2.985075E-3,1.791045E-2,1.691542E-2,6.965174E-3,9.950249E-4,9.950249E-4,3.980100E-3,0,0,6.965174E-3,9.950249E-4,0,2.985075E-3,2.985075E-3,9.950249E-4,9.950249E-4,4.378109E-2,3.980100E-3,2.388060E-2,9.950249E-4,1.990050E-3,1.990050E-3,3.980100E-3,9.950249E-4,9.950249E-4,9.950249E-4,9.950249E-4,1.990050E-3,1.990050E-3,1.990050E-3,9.950249E-4,1.094527E-2,9.950249E-4,4.975124E-3,5.970149E-3,9.950249E-4,3.980100E-3,1.990050E-3,9.950249E-4,9.950249E-4,7.363184E-2,9.950249E-4,0,0,0,0,9.950249E-4,5.970149E-3,4.875622E-2,0,9.950249E-4,1.990050E-3,9.950249E-4,9.950249E-4,1.094527E-2,1.094527E-2,0,0,0,9.950249E-4,0,9.950249E-4,0,1.990050E-3,0,9.950249E-4,9.950249E-4,0,9.950249E-4,9.950249E-4,2.985075E-3,2.985075E-3,2.985075E-3,3.482587E-2,3.980100E-3,9.950249E-4,2.985075E-3,9.950249E-4,5.970149E-3,1.990050E-3,9.950249E-4,9.950249E-4,9.950249E-4,0,2.487562E-2,2.089552E-2,0,5.970149E-3,9.950249E-4,9.950249E-4,9.950249E-4,9.950249E-4,9.950249E-4,3.980100E-3,9.950249E-4,9.950249E-4,9.950249E-4,9.950249E-4,4.477612E-2,9.950249E-4,1.990050E-3,1.990050E-3,9.950249E-4,9.950249E-4,3.880597E-2,9.950249E-4,3.084577E-2,3.084577E-2,9.950249E-4,3.980100E-3,2.985075E-3,1.990050E-3,1.990050E-3,1.990050E-3,0,9.950249E-4,2.985075E-3,6.965174E-3,4.975124E-3,4.975124E-3,0,3.980100E-3,1.990050E-3,1.990050E-3,1.990050E-3,0,0,0,0,0,0,0,0,0,9.950249E-4,0,9.950249E-4,9.950249E-4,2.388060E-2,9.950249E-4,1.890547E-2,1.492537E-2,0,1.990050E-3,1.990050E-3,1.990050E-3,0,1.990050E-3,0,1.990050E-3,9.950249E-4,0,9.950249E-4,9.950249E-4,9.950249E-4,9.950249E-4,9.950249E-4,9.950249E-4,9.950249E-4,9.950249E-4,0,9.950249E-4,9.950249E-4,9.950249E-4,0,0,1.990050E-3,0,0,0,0,0,9.791045E-1,0,0,0,0,0,6.507463E-1,5.273632E-1,0,3.711443E-1,1.990050E-1,0,2.288557E-2,1.990050E-2,1.990050E-2,9.950249E-4,0,0,0,0,0,0,7.960199E-3,7.960199E-3,3.980100E-3,2.985075E-3,9.950249E-4,9.950249E-4,9.950249E-4,9.950249E-4,1.990050E-3,0,0,2.985075E-3,0,0,1.990050E-3,1.990050E-3,0,0,0,0,0,0,0,0,0,0,0,9.950249E-3,9.950249E-3,4.975124E-3,0,1.990050E-3,2.985075E-3,3.980100E-3,3.980100E-3,3.980100E-3,0,9.950249E-4,0,0,0,0,0,0,0,0,0,9.950249E-4,0,0,0,0,0,0,0,0,0,0,0,0,0,0,9.950249E-4,0,0,0,0,9.950249E-4,0,0,1.990050E-3,0,0,0,0,0,0,0,0,0,0,0,0,0,0,0,0,0,1.781095E-1,8.159204E-2,2.985075E-3,2.985075E-3,1.990050E-3,9.950249E-4,2.985075E-3,0,1.293532E-2,6.965174E-3,9.950249E-4,3.980100E-3,3.980100E-3,2.985075E-3,9.950249E-4,1.990050E-3,9.950249E-4,5.970149E-3,0,0,0,5.572139E-2,1.194030E-2,1.094527E-2,3.980100E-3,3.980100E-3,9.950249E-4,0,6.965174E-3,3.980100E-3,0,5.970149E-3,9.950249E-4,2.985075E-3,1.293532E-2,7.960199E-3,9.950249E-4,0,9.950249E-4,9.950249E-4,9.950249E-4,9.950249E-4,9.950249E-4,9.950249E-4,1.990050E-3,1.990050E-3,1.990050E-3,2.587065E-2,0,9.950249E-4,1.791045E-2,1.791045E-2,1.990050E-3,9.950249E-4,9.950249E-4,0,9.950249E-4,9.950249E-4,9.950249E-4,1.990050E-3,9.950249E-4,9.950249E-4,9.950249E-4,3.980100E-3,2.985075E-3,0,2.985075E-3,1.990050E-3,1.990050E-3,0,0,0,9.950249E-4,9.950249E-4,1.004975E-1,9.950249E-4,0,2.985075E-3,3.980100E-3,2.885572E-2,0,0,0,2.686567E-2,1.194030E-2,9.950249E-4,5.970149E-3,4.975124E-3,1.990050E-3,9.950249E-4,9.950249E-4,9.950249E-4,0,0,9.950249E-4,9.950249E-4,9.950249E-4,0,0,0,0,4.975124E-3,0,2.985075E-3,0,0,0,0,0,0,0,0,0,6.965174E-3,3.980100E-3,2.985075E-3,2.985075E-3,2.985075E-3,0,9.950249E-4,0,9.950249E-4,6.865672E-2,3.084577E-2,1.990050E-2,9.950249E-4,1.393035E-2,5.970149E-3,4.975124E-3,0,0,9.950249E-4,0,9.950249E-4,9.950249E-4,9.950249E-4,0,0,0,9.950249E-4,9.950249E-4,0,9.950249E-4,9.950249E-4,0,0,5.970149E-3,5.970149E-3,6.965174E-3,5.970149E-3,9.950249E-4,0,9.950249E-4,9.950249E-4,9.950249E-4,9.950249E-4,0,0,1.990050E-3,9.950249E-4,0,0,9.950249E-4,9.950249E-4,0,0,9.950249E-4,4.378109E-2,4.179104E-2,3.980100E-3,2.985075E-3,0,9.950249E-4,9.950249E-4,2.985075E-3,2.985075E-3,6.965174E-3,5.970149E-3,0,2.985075E-3,2.985075E-3,1.094527E-2,9.950249E-3,7.960199E-3,1.990050E-3,5.970149E-3,9.950249E-4,6.965174E-3,3.980100E-3,5.970149E-3,0,2.985075E-3,1.990050E-3,1.990050E-3,0,0,1.492537E-2,0,9.950249E-4,9.950249E-4,0,1.293532E-2,0,7.960199E-3,2.985075E-3,5.970149E-3,9.950249E-4,2.985075E-3,0,1.990050E-3,9.950249E-4,8.955224E-3,6.965174E-3,9.950249E-4,5.970149E-3,3.980100E-3,4.975124E-3,0,0,2.985075E-3,2.985075E-3,1.990050E-3,2.985075E-3,9.950249E-4,1.990050E-3,9.950249E-4,0,2.985075E-3,0,9.950249E-4,0,1.094527E-2,0,0,0,9.950249E-3,8.955224E-3,8.955224E-3,3.980100E-3,2.985075E-3,9.950249E-4,2.985075E-3,9.950249E-4,9.950249E-4,1.393035E-2,9.950249E-4,3.980100E-3,1.990050E-3,9.950249E-4,5.970149E-3,9.950249E-4,9.950249E-4,9.950249E-4,0,0,0,1.393035E-2,0,7.960199E-3,2.985075E-3,2.985075E-3,9.950249E-4,0,0,9.950249E-4,9.950249E-4,0,9.950249E-4,9.950249E-4,2.985075E-3,2.985075E-3,0,2.985075E-3,0,0,0,0,0,0,0,0,2.985075E-3,2.985075E-3,0,0,0,0,2.985075E-3,2.985075E-3,9.950249E-4,3.980100E-3,2.985075E-3,2.985075E-3,2.985075E-3,0,9.950249E-4,9.950249E-4,2.089552E-1,4.975124E-3,4.975124E-3,2.985075E-3,1.990050E-3,1.990050E-3,0,0,1.990050E-3,1.990050E-3,5.970149E-3,5.970149E-3,1.990050E-3,5.970149E-3,0,9.950249E-4,1.353234E-1,9.950249E-4,9.950249E-4,9.950249E-4,9.054726E-2,9.950249E-4,9.950249E-4,0,0,1.990050E-3,0,1.990050E-3,6.965174E-3,9.950249E-4,4.975124E-3,1.990050E-3,1.990050E-3,9.950249E-4,1.094527E-2,0,1.094527E-2,7.462687E-2,9.950249E-4,7.462687E-2,1.990050E-3,5.970149E-3,9.950249E-4,4.975124E-3,2.985075E-3,9.950249E-4,0,5.970149E-3,9.950249E-4,0,0,3.980100E-3,2.985075E-3,9.950249E-4,5.970149E-3,3.980100E-3,0,9.950249E-4,9.950249E-4,9.950249E-4,0,1.990050E-3,9.950249E-4,9.950249E-4,9.950249E-4,9.950249E-4,1.990050E-3,1.990050E-3,0,9.950249E-4,9.950249E-4,9.950249E-4,9.950249E-4,9.950249E-4,9.950249E-4,0,0,0,1.990050E-3,1.990050E-3,9.950249E-4,9.950249E-4,6.965174E-3,1.990050E-3,9.950249E-4,9.950249E-4,9.950249E-4,9.950249E-4,2.985075E-3,3.383085E-2,1.990050E-3,0,0,0,0,1.990050E-3,0,0,0,0,0,0,0,0,0,0,0,0,0,0,2.985075E-2,1.791045E-2,1.691542E-2,9.950249E-4,9.950249E-4,9.950249E-4,9.950249E-4,2.985075E-3,1.990050E-3,9.950249E-4,1.194030E-2,5.970149E-3,5.970149E-3,0,0,2.985075E-3,9.950249E-4,9.950249E-4,9.950249E-4,1.990050E-3,0,2.985075E-3,2.985075E-3,1.990050E-3,1.990050E-3,0,0,9.950249E-4,9.950249E-4,0,9.950249E-4,0,2.985075E-3,0,2.985075E-3,2.985075E-3,1.990050E-3,1.990050E-3,9.950249E-4,9.950249E-4,0,3.980100E-3,3.980100E-3,9.950249E-4,2.985075E-3,2.985075E-3,9.950249E-4,1.990050E-3,0,0,9.950249E-4,9.950249E-4,9.950249E-4,6.567164E-2,0,0,0,1.990050E-3,2.985075E-3,1.990050E-3,9.950249E-4,1.990050E-3,6.965174E-3,0,5.174129E-2,4.975124E-2,3.482587E-2,1.293532E-2,9.950249E-4,9.950249E-4,9.950249E-4,1.990050E-3,9.950249E-4,9.950249E-4,0,0,9.950249E-4,9.950249E-4,9.950249E-4,9.950249E-4,2.985075E-3,9.950249E-4,1.990050E-3,1.990050E-3,9.950249E-4,9.950249E-4,1.990050E-3,1.990050E-3,1.990050E-3,0,0,0,0,0,0,0,0,0,0,0,0,0,2.218905E-1,9.950249E-4,9.950249E-4,9.950249E-4,1.194030E-2,9.950249E-4,9.950249E-4,0,0,8.955224E-3,0,0,0,0,0,3.980100E-3,9.950249E-4,9.950249E-4,9.950249E-4,9.950249E-4,9.950249E-4,0,0,0,0,0,4.975124E-3,3.980100E-3,3.980100E-3,0,0,9.950249E-4,0,0,0,0,0,0,0,0,0,0,2.985075E-3,1.990050E-3,9.950249E-4,9.950249E-4,9.950249E-4,0,0,0,1.582090E-1,3.084577E-2,5.970149E-3,1.990050E-3,1.990050E-3,9.950249E-4,1.990050E-2,9.950249E-4,1.592040E-2,1.592040E-2,3.980100E-3,8.955224E-3,0,1.990050E-3,7.960199E-3,0,7.960199E-3,7.960199E-3,2.189055E-2,0,1.990050E-2,1.990050E-3,9.950249E-4,9.950249E-4,1.890547E-2,2.985075E-3,0,1.990050E-3,9.950249E-4,9.950249E-4,1.990050E-3,0,2.985075E-3,9.950249E-4,1.194030E-1,1.194030E-1,2.587065E-2,6.965174E-3,1.691542E-2,0,1.990050E-3,1.990050E-3,3.980100E-3,1.393035E-2,1.293532E-2,3.980100E-3,9.950249E-4,0,1.990050E-3,0,0,1.990050E-3,9.950249E-4,0,9.950249E-4,9.950249E-4,9.950249E-4,0,0,0,9.950249E-4,9.950249E-4,9.950249E-4,9.950249E-4,9.950249E-4,6.965174E-3,0,0,9.950249E-4,4.975124E-3,0,9.950249E-4,9.950249E-4,9.950249E-4,9.950249E-4,9.950249E-4,9.950249E-4,9.950249E-4,0,1.194030E-2,9.950249E-4,9.950249E-4,9.950249E-4,9.950249E-4,0,0,0,0,1.990050E-3,1.990050E-3,0,7.960199E-3,7.960199E-3,9.950249E-4,9.950249E-4,0,0,0,0,0,1.293532E-2,1.194030E-2,1.990050E-3,1.990050E-3,0,8.955224E-3,8.955224E-3,8.955224E-3,0,0,9.950249E-4,9.950249E-4,0,0,0,3.084577E-2,2.587065E-2,1.990050E-2,8.955224E-3,9.950249E-4,5.970149E-3,1.990050E-3,9.950249E-4,9.950249E-4,9.950249E-4,5.970149E-3,9.950249E-4,5.970149E-3,4.975124E-3,9.950249E-4,9.950249E-4,9.950249E-3,9.950249E-4,9.950249E-4,9.950249E-4,6.965174E-3,3.980100E-3,9.950249E-4,4.975124E-3,0,3.980100E-3,0,0,0,0,0,0,0,0,0,0,0,0,0,1.293532E-2,9.950249E-4,9.950249E-4,9.950249E-4,1.094527E-2,0,9.950249E-4,9.950249E-4,3.980100E-3,1.990050E-3,3.980100E-3,7.960199E-3,9.950249E-4,1.990050E-3,0,9.950249E-4,9.950249E-4,0,9.950249E-4,9.950249E-4,9.950249E-4,0,0,9.950249E-4,0,9.950249E-4,9.950249E-4,9.950249E-4,9.950249E-4,0,2.985075E-3,2.985075E-3,0,0,9.950249E-4,4.676617E-2,7.960199E-3,7.960199E-3,6.965174E-3,5.970149E-3,1.990050E-3,2.985075E-2,9.950249E-4,9.950249E-4,0,1.990050E-3,0,2.786070E-2,9.950249E-4,0,1.791045E-2,6.965174E-3,6.965174E-3,1.094527E-2,3.980100E-3,1.990050E-3,1.990050E-3,1.990050E-3,1.990050E-3,7.960199E-3,9.950249E-4,9.950249E-4,4.975124E-3,9.950249E-4,2.985075E-3,0,0,3.980100E-3,0,0,2.985075E-3,9.950249E-4,0,2.985075E-3,2.985075E-3,1.990050E-3,9.950249E-4,9.950249E-4,6.965174E-3,9.950249E-4,9.950249E-4,0,0,0,0,0,0,0,2.985075E-3,0,0,1.990050E-3,9.950249E-4,9.950249E-4,0,0,0,0,0,9.950249E-4,9.950249E-4,0,0,0,0,9.950249E-4,9.950249E-4,0,0,0,0,1.950249E-1,3.980100E-3,2.388060E-2,2.388060E-2,2.388060E-2,1.691542E-2,2.985075E-3,9.950249E-4,1.990050E-3,1.990050E-3,4.975124E-3,5.970149E-3,1.990050E-3,0,9.950249E-4,0,9.950249E-4,9.950249E-4,9.950249E-4,9.950249E-4,9.950249E-4,9.950249E-4,9.950249E-4,1.990050E-3,0,0,1.990050E-3,0,0,7.960199E-3,7.960199E-3,7.960199E-3,9.950249E-4,1.592040E-2,1.094527E-2,0,0,0,1.094527E-2,9.950249E-3,9.950249E-4,9.950249E-4,9.950249E-4,8.955224E-3,7.960199E-3,9.950249E-4,9.950249E-4,3.980100E-3,8.955224E-3,9.950249E-4,0,9.950249E-4,9.950249E-4,0,0,0,5.970149E-3,8.955224E-3,1.990050E-3,4.975124E-3,9.950249E-4,0,0,0,0,2.686567E-2,2.587065E-2,9.950249E-4,1.990050E-3,7.960199E-3,4.975124E-3,0,0,0,0,4.975124E-3,0,9.950249E-4,2.985075E-3,0,0,0,0,0,0,9.950249E-4,0,9.950249E-4,6.965174E-3,2.985075E-3,2.985075E-3,0,0,0,1.990050E-3,0,1.990050E-3,1.990050E-3,0,9.950249E-4,9.950249E-4,0,9.950249E-4,9.950249E-4,9.950249E-4,1.990050E-3,1.990050E-3,9.950249E-4,9.950249E-4,0,0,0,0,0,1.990050E-3,1.990050E-3,1.990050E-3,0,9.950249E-4,0,0,5.074627E-2,9.950249E-4,3.084577E-2,5.970149E-3,1.592040E-2,2.985075E-3,9.950249E-4,9.950249E-4,1.990050E-3,1.094527E-2,8.955224E-3,6.965174E-3,2.985075E-3,2.985075E-3,3.980100E-3,0,3.980100E-3,9.950249E-4,9.950249E-4,2.985075E-3,9.950249E-4,9.950249E-4,9.950249E-4,9.950249E-4,0,0,0,2.985075E-3,9.950249E-4,1.990050E-3,9.950249E-4,5.970149E-3,3.980100E-3,2.985075E-3,9.950249E-4,0,0,0,1.990050E-3,0,0,0,0,0,0,5.970149E-3,2.985075E-3,2.985075E-3,9.950249E-4,2.985075E-3,1.990050E-3,0,0,0,0,5.373134E-2,9.950249E-4,1.990050E-3,9.950249E-4,1.393035E-2,9.950249E-4,0,0,9.950249E-4,9.950249E-4,9.950249E-4,5.970149E-3,1.990050E-3,9.950249E-4,1.990050E-3,1.990050E-3,9.950249E-4,0,0,0,7.960199E-3,7.960199E-3,9.950249E-4,9.950249E-4,6.965174E-3,4.975124E-3,9.950249E-4,2.985075E-3,2.985075E-3,2.985075E-3,2.985075E-3,2.985075E-3,0,3.980100E-3,9.950249E-4,9.950249E-4,0,0,0,0,9.950249E-4,9.950249E-4,0,2.985075E-3,9.950249E-4,0,0,1.990050E-3,1.990050E-3,1.492537E-2,6.965174E-3,2.985075E-3,4.975124E-3,4.975124E-3,2.985075E-3,1.990050E-3,9.950249E-4,9.950249E-4,0,2.985075E-3,2.985075E-3,2.985075E-3,0,2.985075E-3,0,2.985075E-3,9.950249E-4,0,8.955224E-3,8.955224E-3,1.990050E-3,0,0,1.990050E-3,9.950249E-4,9.950249E-4,9.950249E-4,0,0,0,0,0,1.990050E-3,9.950249E-4,9.950249E-4,9.950249E-4,7.960199E-3,3.980100E-3,1.990050E-3,0,0,0,0,0,9.950249E-4,0,0,9.950249E-4,9.950249E-4,9.950249E-4,0,7.960199E-3,9.950249E-4,9.950249E-4,9.950249E-4,0,0,0,0,0,6.965174E-3,5.970149E-3,5.970149E-3,9.950249E-4,0,0,0,0,0,0,0,0,0,0,0,0,9.950249E-4,9.950249E-4,9.950249E-4,0,0,7.960199E-3,4.975124E-3,1.990050E-3,0,2.985075E-3,2.985075E-3,9.950249E-4,0,2.985075E-3,9.950249E-4,9.950249E-4,1.990050E-3,0,0,0,0,9.950249E-4,9.950249E-4,0,0,0,0,0,2.985075E-3,1.990050E-3,1.990050E-3,0,3.184080E-2,2.189055E-2,1.990050E-3,0,9.950249E-4,9.950249E-4,0,0,8.955224E-3,5.970149E-3,1.990050E-3,3.980100E-3,1.990050E-3,9.950249E-4,9.950249E-4,9.950249E-4,0,0,2.985075E-3,0,9.950249E-4,9.950249E-4,9.950249E-4,9.950249E-4,0,0,0,0,0,1.990050E-3,0,0,0,0,6.965174E-3,0,0,6.965174E-3,5.970149E-3,5.970149E-3,9.950249E-4,9.950249E-4,9.950249E-4,9.950249E-4,9.950249E-4,9.950249E-3,9.950249E-4,9.950249E-4,0,2.985075E-3,9.950249E-4,9.950249E-4,0,2.985075E-3,0,0,0,0,2.985075E-3,1.990050E-3,1.990050E-3,0,1.990050E-3,0,0,0,0,0,0,0,0,0,0,0,0,0,0,0,0,0,0,0,0,0,0,0,1.990050E-3,1.990050E-3,0,0,0,0,0,0,4.427861E-1,6.965174E-3,4.975124E-3,1.990050E-3,1.990050E-3,2.985075E-2,8.955224E-3,1.990050E-3,1.990050E-3,9.950249E-4,2.985075E-3,1.990050E-3,9.950249E-3,3.980100E-3,0,0,9.950249E-3,7.960199E-3,6.965174E-3,6.965174E-3,6.965174E-3,6.965174E-3,9.950249E-4,9.950249E-4,9.950249E-4,0,3.582090E-2,3.980100E-3,1.293532E-2,1.293532E-2,0,1.990050E-2,1.492537E-2,7.960199E-3,2.985075E-3,3.980100E-3,4.975124E-3,3.980100E-3,3.980100E-3,3.980100E-3,3.044776E-1,2.885572E-2,9.950249E-4,0,9.950249E-4,9.950249E-4,1.691542E-2,0,5.970149E-3,0,0,9.950249E-4,9.950249E-4,0,9.950249E-4,0,1.373134E-1,8.955224E-3,4.975124E-3,1.990050E-3,0,1.990050E-3,3.184080E-2,1.293532E-2,9.950249E-4,7.960199E-3,1.990050E-3,9.950249E-4,9.950249E-4,9.950249E-4,3.980100E-3,9.950249E-4,2.985075E-3,9.950249E-4,7.960199E-3,6.965174E-3,9.950249E-4,3.084577E-2,1.094527E-2,0,4.975124E-3,0,0,3.980100E-3,0,2.985075E-3,9.950249E-4,9.950249E-4,9.950249E-4,9.950249E-4,0,0,9.950249E-4,9.950249E-4,9.950249E-4,1.492537E-2,7.960199E-3,4.975124E-3,9.950249E-4,9.950249E-4,1.990050E-3,0,9.950249E-4,0,0,1.990050E-3,1.990050E-3,0,0,0,0,0,1.990050E-3,4.975124E-3,9.950249E-4,2.985075E-3,2.985075E-3,2.985075E-3,1.990050E-3,9.950249E-4,9.950249E-4,0,1.492537E-2,5.970149E-3,2.985075E-3,9.950249E-4,2.985075E-3,0,7.960199E-3,9.950249E-4,9.950249E-4,0,0,0,0,2.985075E-3,1.094527E-2,4.975124E-3,1.990050E-3,0,5.970149E-3,5.970149E-3,2.985075E-3,1.990050E-3,9.950249E-4,9.950249E-4,0,9.950249E-4,5.970149E-3,1.990050E-3,9.950249E-4,1.990050E-3,1.990050E-3,3.383085E-2,4.975124E-3,4.975124E-3,3.980100E-3,2.985075E-3,9.950249E-4,0,9.950249E-4,9.950249E-4,9.950249E-4,6.965174E-3,3.980100E-3,0,0,9.950249E-4,0,0,8.955224E-3,2.985075E-3,2.985075E-3,1.990050E-3,2.985075E-3,1.990050E-3,9.950249E-4,9.950249E-4,6.965174E-3,2.985075E-3,1.990050E-3,9.950249E-4,0,9.950249E-4,3.980100E-3,1.990050E-3,1.990050E-3,0,0,7.960199E-3,2.985075E-3,0,9.950249E-4,1.990050E-3,1.990050E-3,0,0,0,1.990050E-2,1.791045E-2,3.980100E-3,3.980100E-3,6.965174E-3,2.985075E-3,1.990050E-3,1.990050E-3,7.960199E-3,5.970149E-3,9.950249E-4,0,1.990050E-3,9.950249E-4,0,0,9.950249E-4,9.950249E-4,9.950249E-4,1.990050E-3,0,1.990050E-3,9.950249E-4,9.950249E-4,0,2.686567E-2,0,2.985075E-3,2.985075E-3,1.990050E-3,0,1.990050E-3,9.950249E-4,9.950249E-4,2.985075E-3,0,0,9.950249E-4,9.950249E-4,9.950249E-4,9.950249E-3,0,9.950249E-3,9.950249E-3,9.950249E-4,9.950249E-4,2.985075E-3,1.990050E-3,1.990050E-3,0,0,3.980100E-3,3.980100E-3,9.950249E-4,9.950249E-4,8.457711E-2,2.985075E-3,2.985075E-3,2.985075E-3,1.990050E-3,4.975124E-2,4.577114E-2,9.950249E-4,3.980100E-3,9.950249E-4,0,0,9.950249E-4,9.950249E-4,1.990050E-3,9.950249E-4,0,9.950249E-4,9.950249E-4,0,5.970149E-3,9.950249E-4,9.950249E-4,0,2.985075E-3,1.990050E-3,2.985075E-3,0,0,1.990050E-3,9.950249E-4,1.592040E-2,0,4.975124E-3,1.990050E-3,1.990050E-3,1.990050E-3,1.990050E-3,1.990050E-3,7.960199E-3,5.970149E-3,1.990050E-3,9.950249E-4,9.950249E-4,3.980100E-3,1.990050E-3,1.990050E-3,1.990050E-3,1.990050E-3,1.990050E-3,0,0,3.980100E-3,1.990050E-3,0,0,9.950249E-4,9.950249E-3,9.950249E-3,0,0,3.980100E-3,0,9.950249E-4,1.990050E-3,2.985075E-3,0,2.786070E-2,2.786070E-2,4.975124E-3,8.955224E-3,1.990050E-3,0,2.985075E-3,3.980100E-3,1.990050E-3,0,1.990050E-3,1.990050E-3,2.985075E-3,9.950249E-4,9.950249E-4,9.950249E-4,0,9.950249E-4,0,0,0,4.278607E-2,4.278607E-2,2.487562E-2,9.950249E-3,9.950249E-4,1.990050E-3,9.950249E-4,9.950249E-4,9.950249E-4,9.950249E-4,9.950249E-4,3.980100E-3,3.980100E-3,1.691542E-2,1.691542E-2,9.950249E-4,0,0,1.990050E-3,9.950249E-4,2.985075E-3,1.990050E-3,9.950249E-4,1.393035E-2,1.393035E-2,3.084577E-2,0,0,1.990050E-3,0,1.990050E-3,1.990050E-3,1.990050E-3,9.950249E-4,9.950249E-4,0,0,0,0,0,0,9.950249E-4,0,9.950249E-4,9.950249E-4,0,0,0,6.965174E-3,0,5.970149E-3,9.950249E-4,4.975124E-3,0,9.950249E-4,9.950249E-4,0,0,9.950249E-4,1.990050E-2,1.990050E-3,1.990050E-3,9.950249E-4,9.950249E-4,1.194030E-2,8.955224E-3,1.990050E-3,9.950249E-4,1.990050E-3,0,6.965174E-3,6.965174E-3,6.965174E-3,2.985075E-3,0,9.950249E-4,2.985075E-3,9.950249E-4,1.492537E-2,1.194030E-2,3.980100E-3,0,1.990050E-3,2.985075E-3,2.985075E-3,2.985075E-3,4.179104E-2,9.950249E-4,2.089552E-2,5.970149E-3,1.492537E-2,1.990050E-2,1.890547E-2,7.960199E-3,7.960199E-3,9.950249E-4,9.950249E-4,9.950249E-4,0,3.482587E-2,9.950249E-4,6.467662E-2,0,0,0,5.572139E-2,4.975124E-3,1.293532E-2,2.985075E-3,0,9.950249E-4,1.990050E-3,0,3.980100E-3,2.189055E-2,1.990050E-3,1.990050E-3,1.990050E-3,0,0,9.950249E-4,1.293532E-2,2.985075E-3,9.950249E-4,2.985075E-3,9.950249E-4,0,0,9.950249E-4,0,9.950249E-4,9.950249E-4,7.960199E-3,2.985075E-3,0,1.990050E-3,0,0,9.950249E-4,8.955224E-3,0,0,0,0,0,2.985075E-3,2.985075E-3,9.950249E-4,9.950249E-4,4.975124E-3,0,0,0,9.950249E-4,0,2.985075E-3,1.990050E-3,9.950249E-4,9.950249E-4,9.950249E-4,0,0,0,0,0,9.950249E-4,0,0,0,0,1.990050E-3,1.990050E-3,1.990050E-3,1.990050E-3,1.990050E-3,1.990050E-3,0,0,3.980100E-3,3.980100E-3,1.990050E-3,9.950249E-4,0,1.990050E-3,1.990050E-3,9.950249E-4,9.950249E-4,1.094527E-2,1.094527E-2,9.950249E-4,0,9.950249E-4,9.950249E-4,1.990050E-3,1.990050E-3,9.950249E-4,9.950249E-4,9.950249E-4,0,0,0,0,9.950249E-4,2.985075E-3,9.950249E-3,5.970149E-3,3.980100E-3,9.950249E-4,1.990050E-3,1.990050E-3,1.990050E-3,1.990050E-3,0,0,0,0,9.950249E-4,0,0,0,0,9.950249E-4,0,0,0,0,8.955224E-3,8.955224E-3,4.975124E-3,4.975124E-3,4.975124E-3,4.975124E-3,9.950249E-4,9.950249E-4,5.273632E-2,2.487562E-2,0,9.950249E-4,9.950249E-4,9.950249E-4,1.492537E-2,0,3.980100E-3,9.950249E-4,5.970149E-3,5.970149E-3,4.975124E-3,9.950249E-4,9.950249E-4,2.985075E-3,0,9.950249E-4,2.985075E-3,0,0,0,0,0,0,9.950249E-4,9.950249E-4,0,9.950249E-4,0,0,0,0,9.950249E-4,9.950249E-4,9.950249E-4,0,0,0,0,0,0,0,5.970149E-3,0,5.970149E-3,0,2.985075E-3,9.950249E-4,0,0,0,0,0,0,0,0,0,2.587065E-2,0,1.990050E-3,9.950249E-4,9.950249E-4,0,9.950249E-3,2.985075E-3,2.985075E-3,2.985075E-3,2.985075E-3,2.985075E-3,9.950249E-4,9.950249E-4,0,0,0,0,0,0,2.985075E-3,0,0,2.985075E-3,0,0,9.950249E-4,9.950249E-4,2.985075E-3,0,0,0,0,5.970149E-3,5.970149E-3,0,0,9.950249E-4,0,2.985075E-3,9.950249E-4,4.975124E-3,0,1.990050E-3,1.990050E-3,0,0,0,0,0,2.577114E-1,0,2.587065E-2,0,2.587065E-2,9.950249E-4,0,2.487562E-2,2.487562E-2,0,0,0,1.522388E-1,1.522388E-1,2.189055E-2,1.492537E-2,2.985075E-3,1.990050E-3,1.990050E-3,1.094527E-2,7.960199E-3,2.985075E-3,1.990050E-3,3.980100E-3,9.950249E-4,0,1.990050E-3,9.950249E-4,9.950249E-4,1.990050E-3,1.990050E-3,0,0,9.950249E-4,4.975124E-3,4.975124E-3,9.950249E-4,9.950249E-4,1.990050E-3,9.950249E-4,9.950249E-4,0,1.293532E-2,3.980100E-3,1.990050E-3,0,9.950249E-4,4.875622E-2,2.587065E-2,9.950249E-4,9.950249E-4,1.592040E-2,2.985075E-3,3.980100E-3,9.950249E-4,8.955224E-3,6.965174E-3,9.950249E-4,0,1.990050E-3,1.990050E-3,9.950249E-4,0,0,9.950249E-4,9.950249E-4,0,3.681592E-2,5.970149E-3,9.950249E-4,1.492537E-2,0,0,0,9.950249E-3,1.990050E-3,1.990050E-3,0,7.960199E-3,9.950249E-4,0,9.950249E-4,9.950249E-4,9.950249E-4,9.950249E-4,9.950249E-4,9.950249E-4,0,3.980100E-3,0,1.990050E-3,1.990050E-3,9.950249E-4,0,0,0,0,0,0,0,2.587065E-2,6.965174E-3,6.965174E-3,9.950249E-4,4.975124E-3,4.975124E-3,4.975124E-3,4.975124E-3,9.950249E-4,9.950249E-4,4.975124E-3,2.985075E-3,0,1.293532E-2,0,0,1.990050E-3,9.950249E-3,3.980100E-3,2.985075E-3,1.990050E-3,9.950249E-4,0,9.950249E-4,9.950249E-4,9.950249E-4,0,5.970149E-3,9.950249E-4,9.950249E-4,9.950249E-4,9.950249E-4,9.950249E-4,9.950249E-4,9.950249E-4,9.950249E-4,9.950249E-4,9.950249E-4,9.950249E-4,2.985075E-3,1.990050E-3,1.990050E-3,1.990050E-3,9.950249E-4,9.950249E-4,0,9.950249E-4,0,0,9.950249E-4,9.950249E-4,9.950249E-4,0,0,0,4.577114E-2,1.393035E-2,9.950249E-4,9.950249E-4,4.975124E-3,9.950249E-4,9.950249E-4,0,9.950249E-4,1.990050E-3,1.990050E-3,0,0,0,2.985075E-3,9.950249E-4,9.950249E-4,0,2.985075E-3,0,0,1.990050E-3,9.950249E-4,0,9.950249E-4,0,5.970149E-3,1.990050E-3,0,9.950249E-4,1.990050E-3,9.950249E-4,0,9.950249E-4,1.990050E-3,0,1.990050E-3,0,0,1.990050E-3,9.950249E-4,0,1.592040E-2,5.970149E-3,0,4.975124E-3,4.975124E-3,9.950249E-4,4.975124E-3,3.980100E-3,0,0,0,0,9.950249E-4,9.950249E-4,0,0,0,9.950249E-4,9.950249E-4,9.950249E-4,1.990050E-3,9.950249E-4,9.950249E-4,9.950249E-4,6.965174E-3,6.965174E-3,0,5.970149E-3,0,9.950249E-4,9.950249E-4,0,9.950249E-4,1.990050E-3,9.950249E-4,0,9.950249E-4,9.950249E-4,9.950249E-4,9.950249E-4,0,9.950249E-4,1.990050E-3,9.950249E-4,9.950249E-4,9.950249E-4,0,9.950249E-4,9.950249E-4,9.950249E-4,0,0,0,0,0,0,0,0,1.353234E-1,7.661692E-2,2.885572E-2,1.990050E-3,0,7.960199E-3,6.965174E-3,6.965174E-3,6.965174E-3,2.985075E-3,9.950249E-4,1.990050E-3,0,3.980100E-3,3.980100E-3,0,0,6.965174E-3,7.960199E-3,9.950249E-4,9.950249E-4,1.293532E-2,1.990050E-3,3.980100E-3,3.980100E-3,6.965174E-3,0,3.980100E-3,3.980100E-3,0,0,9.950249E-4,0,9.950249E-4,0,0,5.970149E-3,2.686567E-2,2.686567E-2,2.288557E-2,2.288557E-2,1.791045E-2,1.094527E-2,3.980100E-3,1.990050E-3,1.990050E-3,9.950249E-4,1.990050E-3,1.990050E-3,1.990050E-3,0,6.965174E-3,0,1.990050E-3,1.990050E-3,1.990050E-3,1.990050E-3,9.950249E-4,0,0,2.985075E-3,0,0,0,2.985075E-3,5.970149E-3,0,7.363184E-2,5.970149E-3,2.985075E-3,9.950249E-4,1.990050E-3,6.865672E-2,5.373134E-2,9.950249E-4,7.960199E-3,9.950249E-4,0,9.950249E-4,9.950249E-4,2.985075E-3,1.990050E-3,3.980100E-3,2.985075E-3,2.985075E-3,2.985075E-3,1.990050E-3,9.950249E-4,9.950249E-4,9.950249E-4,9.950249E-4,0,0,4.179104E-2,1.194030E-2,4.975124E-3,9.950249E-4,0,2.985075E-3,3.980100E-3,3.980100E-3,9.950249E-4,9.950249E-4,9.950249E-3,4.975124E-3,4.975124E-3,0,1.393035E-2,1.094527E-2,9.950249E-4,3.980100E-3,1.990050E-3,1.990050E-3,0,9.950249E-4,2.985075E-3,9.950249E-4,0,9.950249E-4,9.950249E-4,1.194030E-2,4.975124E-3,6.965174E-3,3.980100E-3,0,9.950249E-4,0,9.950249E-4,1.990050E-3,1.990050E-3,9.950249E-4,0,1.990050E-3,0,0,0,0,0,0,0,4.089552E-1,3.562189E-1,1.990050E-3,4.179104E-2,0,0,0,0,0,0,0,0,0,0,0,0,0,0,0,0,0,0,0,0,0,0,0,0,0,9.950249E-4,0,9.950249E-4,9.950249E-4,0,0,0,2.985075E-3,0,1.990050E-3,1.990050E-3,9.950249E-4,9.950249E-4,9.950249E-4,0,0,0,0,9.950249E-4,0,0,0,0,0,0,3.681592E-2,3.681592E-2,0,9.950249E-4,0,3.184080E-2,2.985075E-2,2.985075E-2,9.950249E-3,5.970149E-3,4.975124E-3,4.975124E-3,5.970149E-3,3.980100E-3,2.985075E-3,1.990050E-3,2.985075E-3,5.970149E-3,2.985075E-3,1.990050E-3,1.990050E-3,5.970149E-3,5.970149E-3,9.950249E-4,9.950249E-4,9.950249E-4,0,9.950249E-4,0,0,0,0,0,9.950249E-4,9.950249E-4,0,0,0,0,0,0,0,0,0,0,0,0,0,1.592040E-2,7.960199E-3,0,6.965174E-3,0,0,0,0,0,0,0,0,9.950249E-4,9.950249E-4,9.950249E-4,0,0,0,0,0,0,0,0,0,0,0,0,5.970149E-3,4.975124E-3,4.975124E-3,9.950249E-4,3.980100E-3,9.950249E-4,9.950249E-4,0,9.950249E-4,9.950249E-4,0,1.990050E-3,1.990050E-3,0,9.950249E-4,0,9.950249E-4,9.950249E-4,0,0,0,2.985075E-3,9.950249E-4,9.950249E-4,9.950249E-4,9.950249E-4,0,9.950249E-4,9.950249E-4,9.950249E-4,9.950249E-4,6.965174E-3,0,0,0,0,0,1.990050E-3,1.990050E-3,1.990050E-3,1.990050E-3,1.990050E-3,1.990050E-3,9.950249E-4,9.950249E-4,9.950249E-4,9.950249E-4,0,0,9.950249E-4,9.950249E-4,1.990050E-3,0,0,0,9.950249E-4,0,9.950249E-4,0,9.950249E-4,9.950249E-4,0,0,0,0,0,0,0,0,9.950249E-4,0,9.950249E-4,0,9.950249E-4,9.950249E-4,0,0,1.990050E-3,0,0,9.950249E-4,9.950249E-4,0,0,0,0,0,0,0,0,0,0,0,0,0,0,0,0,0,0,9.950249E-4,0,0,0,0,0,0,0,0,0,0,0,0,9.950249E-4,0,9.950249E-4,0,0,0,3.283582E-1,6.268657E-2,3.980100E-3,5.970149E-3,2.985075E-3,2.985075E-3,9.950249E-4,1.990050E-3,2.985075E-3,2.985075E-3,9.950249E-4,2.985075E-3,2.985075E-3,3.980100E-3,4.975124E-3,9.950249E-4,4.477612E-2,2.985075E-3,1.990050E-3,3.980100E-3,3.980100E-3,1.990050E-3,1.194030E-2,7.960199E-3,1.990050E-3,9.950249E-4,5.970149E-3,2.985075E-3,1.990050E-3,1.990050E-3,0,9.950249E-4,6.965174E-3,6.965174E-3,9.950249E-4,1.990050E-3,9.950249E-4,1.990050E-3,1.990050E-3,7.960199E-3,7.960199E-3,0,4.975124E-3,4.975124E-3,9.950249E-4,9.950249E-4,0,0,9.950249E-4,0,0,0,0,0,0,0,0,0,6.965174E-3,6.965174E-3,6.965174E-3,2.328358E-1,0,9.950249E-4,9.950249E-4,9.950249E-4,9.950249E-4,9.950249E-4,0,0,0,0,9.950249E-4,9.950249E-4,9.950249E-4,0,0,0,0,0,0,0,1.721393E-1,9.950249E-4,0,0,9.950249E-4,0,9.950249E-4,0,9.950249E-4,9.950249E-4,0,0,0,0,0,0,1.990050E-3,9.950249E-4,9.950249E-4,9.950249E-4,9.950249E-4,9.950249E-4,9.950249E-4,2.388060E-2,2.985075E-3,9.950249E-4,9.950249E-4,0,9.950249E-3,0,8.955224E-3,2.985075E-3,1.990050E-3,0,0,2.985075E-3,9.950249E-4,9.950249E-4,9.950249E-4,9.950249E-4,9.950249E-4,9.950249E-4,0,0,0,0,9.950249E-4,0,4.975124E-3,0,0,2.985075E-3,0,9.950249E-4,9.950249E-4,1.990050E-3,1.990050E-3,9.950249E-4,4.975124E-3,9.950249E-4,9.950249E-4,0,0,9.950249E-4,9.950249E-4,0,0,9.950249E-4,9.950249E-4,9.950249E-4,9.950249E-4,9.950249E-4,9.950249E-4,9.950249E-4,9.950249E-4,0,0,9.950249E-4,0,0,1.552239E-1,0,9.950249E-4,1.990050E-3,0,0,1.990050E-3,1.990050E-3,1.990050E-3,1.990050E-3,9.950249E-4,0,9.950249E-4,3.980100E-3,0,2.985075E-3,2.985075E-3,9.950249E-4,9.950249E-4,9.950249E-4,9.950249E-4,0,0,2.985075E-3,9.950249E-4,9.950249E-4,0,0,1.990050E-3,9.950249E-4,9.950249E-4,9.950249E-4,9.950249E-4,9.950249E-4,1.990050E-3,9.950249E-4,1.472637E-1,0,0,1.472637E-1,1.472637E-1,1.990050E-3,9.950249E-4,0,9.950249E-4,1.074627E-1,3.980100E-2,9.950249E-4,9.950249E-4,1.990050E-3,1.990050E-3,9.950249E-4,1.990050E-3,9.950249E-4,9.950249E-4,9.950249E-4,9.950249E-4,9.950249E-4,9.950249E-4,2.985075E-3,9.950249E-4,9.950249E-4,9.950249E-4,9.950249E-4,9.950249E-4,0,0,9.950249E-4,9.950249E-4,4.975124E-3,4.975124E-3,4.975124E-3,4.975124E-3,0,0,1.990050E-3,9.950249E-4,9.950249E-4,9.950249E-4,9.950249E-4,0,0,0,0,0,9.950249E-3,0,0,9.950249E-4,3.980100E-3,1.990050E-3,9.950249E-4,0,0,0,8.358209E-2,1.293532E-2,9.950249E-4,1.990050E-3,6.965174E-3,1.990050E-3,1.393035E-2,9.950249E-4,0,1.990050E-3,1.592040E-2,0,9.950249E-4,9.950249E-4,3.980100E-3,9.950249E-4,9.950249E-4,9.950249E-4,2.985075E-3,9.950249E-4,9.950249E-4,1.990050E-3,5.970149E-3,9.950249E-4,9.950249E-4,1.990050E-3,0,9.950249E-4,1.990050E-3,9.950249E-4,1.990050E-3,4.975124E-3,1.990050E-3,1.990050E-3,1.990050E-3,1.990050E-3,0,0,2.985075E-3,2.985075E-3,9.950249E-4,9.950249E-4,9.950249E-4,9.950249E-4,9.950249E-4,0,0,9.950249E-4,2.985075E-3,9.950249E-4,9.950249E-4,0,9.950249E-4,0,1.990050E-3,0,2.985075E-3,1.990050E-3,9.950249E-4,0,9.950249E-4,9.950249E-4,2.985075E-3,0,9.950249E-4,9.950249E-4,0,0,0,0,0,0,0,0,0,0,9.950249E-4,9.950249E-4,0,0,0,0,4.975124E-3,0,1.990050E-3,0,0,9.950249E-4,9.950249E-4,1.990050E-3,1.990050E-3,0,9.950249E-4,0,0,0,2.487562E-2,1.890547E-2,5.970149E-3,1.094527E-2,3.980100E-3,9.950249E-4,9.950249E-4,0,0,1.990050E-3,0,0,0,0,1.990050E-3,0,9.950249E-4,0,9.950249E-4,0,1.691542E-2,0,0,0,4.975124E-3,9.950249E-4,2.985075E-3,1.990050E-3,1.990050E-3,0,0,9.950249E-4,2.985075E-3,2.985075E-3,0,9.950249E-4,9.950249E-4,0,4.975124E-3,0,0,0,0,0,9.950249E-4,2.985075E-3,9.950249E-4,0,1.990050E-3,0,0,0,0,0,0,1.393035E-2,0,0,6.965174E-3,6.965174E-3,2.985075E-3,6.965174E-3,3.980100E-3,0,9.950249E-4,9.950249E-4,9.950249E-4,9.950249E-4,9.950249E-4,2.985075E-3,2.985075E-3,2.985075E-3,1.990050E-3,2.985075E-3,9.950249E-4,9.950249E-4,9.950249E-4,9.950249E-4,0,0,0,1.791045E-2,1.990050E-3,0,0,0,0,7.960199E-3,6.965174E-3,3.980100E-3,9.950249E-4,9.950249E-4,9.950249E-4,7.960199E-3,5.970149E-3,9.950249E-4,9.950249E-4,0,0,9.950249E-4,0,0,1.990050E-3,1.990050E-3,1.990050E-3,1.990050E-3,9.950249E-4,9.950249E-4,9.950249E-4,9.950249E-4,9.950249E-4,9.950249E-4,9.950249E-4,9.950249E-4,1.990050E-3,1.990050E-3,9.950249E-4,9.950249E-4,9.950249E-4,0,0,0,0,0,0,0,0,0,0,0,0,0,3.880597E-2,9.950249E-4,9.950249E-4,9.950249E-4,5.970149E-3,9.950249E-4,9.950249E-4,1.990050E-3,2.985075E-3,9.950249E-4,0,9.950249E-4,0,0,0,2.985075E-3,9.950249E-4,0,9.950249E-4,0,0,9.950249E-4,0,0,0,9.950249E-4,0,0,0,0,2.985075E-3,0,0,2.985075E-3,9.950249E-4,0,9.950249E-4,0,0,0,9.950249E-4,0,0,2.587065E-2,2.388060E-2,5.970149E-3,0,0,9.950249E-4,1.990050E-3,9.950249E-4,9.950249E-4,9.950249E-4,9.950249E-4,9.950249E-4,9.950249E-4,0,0,0,7.960199E-3,9.950249E-4,9.950249E-4,0,5.970149E-3,0,9.950249E-4,9.950249E-4,9.950249E-4,0,9.950249E-4,3.980100E-3,0,0,0,0,0,0,0,0,1.990050E-3,1.990050E-3,1.990050E-3,9.950249E-4,9.950249E-4,0,2.985075E-3,2.985075E-3,2.985075E-3,9.950249E-4,0,2.985075E-3,1.990050E-3,9.950249E-4,9.950249E-4,9.950249E-4,0,0,0,0,0,0,0,0,0,0,0,0,9.950249E-4,0,0,0,0,9.950249E-4,0,9.950249E-4,9.950249E-4,9.950249E-4,9.950249E-4,0,0,0,0,0,1.990050E-3,1.990050E-3,0,3.283582E-2,0,0,3.283582E-2,3.980100E-3,1.990050E-3,0,9.950249E-4,9.950249E-4,9.950249E-4,0,9.950249E-4,0,3.980100E-3,9.950249E-4,0,9.950249E-4,0,2.985075E-3,2.985075E-3,2.985075E-3,2.985075E-3,0,0,0,1.194030E-2,9.950249E-3,2.985075E-3,9.950249E-4,8.955224E-3,8.955224E-3,9.950249E-4,9.950249E-4,5.970149E-3,4.975124E-3,4.975124E-3,1.990050E-3,9.950249E-4,9.950249E-4,1.293532E-2,1.194030E-2,1.094527E-2,9.950249E-4,2.985075E-3,9.950249E-4,1.990050E-3,9.950249E-4,9.950249E-4,7.960199E-3,3.980100E-3,1.990050E-3,9.950249E-4,0,9.950249E-4,9.950249E-4,9.950249E-4,0,0,9.950249E-4,0,9.950249E-4,0,0,0,9.950249E-4,0,0,0,8.955224E-3,9.950249E-4,0,0,9.950249E-4,0,9.950249E-4,9.950249E-4,9.950249E-4,9.950249E-4,4.378109E-2,9.950249E-4,9.950249E-4,3.980100E-3,1.990050E-3,0,1.990050E-3,9.950249E-4,9.950249E-4,9.950249E-4,9.950249E-4,9.950249E-4,0,1.990050E-3,1.990050E-3,1.990050E-3,9.950249E-4,9.950249E-4,0,0,1.990050E-3,1.990050E-3,8.955224E-3,8.955224E-3,2.985075E-3,3.980100E-3,3.980100E-3,1.990050E-3,0,9.950249E-4,9.950249E-4,9.950249E-4,5.970149E-3,4.975124E-3,4.975124E-3,9.950249E-4,2.985075E-3,2.985075E-3,0,0,0,1.990050E-3,9.950249E-4,0,0,0,0,0,9.950249E-4,0,1.990050E-2,1.592040E-2,0,0,1.094527E-2,0,0,4.975124E-3,1.990050E-3,9.950249E-4,3.980100E-3,3.980100E-3,9.950249E-4,9.950249E-4,2.985075E-3,1.990050E-3,2.985075E-3,9.950249E-4,9.950249E-4,1.990050E-3,9.950249E-4,9.950249E-4,9.950249E-4,9.950249E-4,0,0,2.985075E-3,9.950249E-4,9.950249E-4,9.950249E-4,9.950249E-4,9.950249E-4,9.950249E-4,9.950249E-4,9.950249E-4,0,0,9.950249E-4,0,0,0,0,0,2.985075E-3,9.950249E-4,9.950249E-4,9.950249E-4,0,0,0,9.950249E-4,9.950249E-4,0,0,0,0,9.950249E-4,5.273632E-2,0,0,9.950249E-3,9.950249E-3,9.950249E-4,5.970149E-3,1.990050E-3,9.950249E-4,0,1.990050E-3,2.985075E-3,1.990050E-3,9.950249E-4,0,1.990050E-3,0,0,9.950249E-4,0,0,0,9.950249E-4,1.791045E-2,1.194030E-2,5.970149E-3,4.975124E-3,1.990050E-3,1.990050E-3,9.950249E-4,6.965174E-3,9.950249E-4,5.970149E-3,0,0,0,9.950249E-4,9.950249E-4,0,6.965174E-3,0,0,0,1.990050E-3,1.990050E-3,3.980100E-3,3.980100E-3,3.980100E-3,3.980100E-3,0,3.980100E-3,0,0,0,0,9.950249E-4,0,9.950249E-4,9.950249E-4,0,0,2.686567E-2,2.587065E-2,8.955224E-3,9.950249E-4,9.950249E-4,9.950249E-4,9.950249E-4,9.950249E-4,9.950249E-4,3.980100E-3,2.985075E-3,9.950249E-4,1.990050E-3,1.990050E-3,1.293532E-2,3.980100E-3,9.950249E-4,0,8.955224E-3,9.950249E-4,7.960199E-3,7.960199E-3,7.960199E-3,7.960199E-3,5.970149E-3,1.990050E-3,1.990050E-3,1.990050E-3,2.985075E-3,0,2.985075E-3,1.990050E-3,1.990050E-3,9.950249E-4,9.950249E-4,0,0,0,0,0,0,0,0,0,4.975124E-3,1.990050E-3,1.990050E-3,9.950249E-4,9.950249E-4,9.950249E-4,2.985075E-3,0,0,0,0,0,0,3.582090E-2,2.985075E-3,0,3.980100E-3,2.985075E-3,0,9.950249E-4,9.950249E-4,9.950249E-4,0,9.950249E-4,0,0,0,0,0,0,2.089552E-2,9.950249E-4,0,2.985075E-3,9.950249E-4,1.990050E-3,0,0,0,0,0,0,9.950249E-4,1.990050E-3,0,0,0,0,2.985075E-3,2.985075E-3,3.980100E-3,3.980100E-3,0,0,0,0,0,9.950249E-4,9.950249E-4,9.950249E-4,9.950249E-4,0,0,0,0,0,0,0,0,0,0,0,0,0,7.960199E-3,6.965174E-3,2.985075E-3,0,2.985075E-3,2.985075E-3,9.950249E-4,1.990050E-3,9.950249E-4,9.950249E-4,9.950249E-4,9.950249E-4,0,0,0,9.950249E-4,9.950249E-4,0,0,9.950249E-4,0,9.950249E-4,0,8.955224E-3,9.950249E-4,0,0,0,0,1.791045E-2,8.955224E-3,3.980100E-3,2.985075E-3,0,0,0,0,0,0,9.950249E-4,0,0,0,0,0,0,0,0,9.950249E-4,0,0,0,0,9.950249E-4,9.950249E-4,0,0,0,0,9.950249E-4,9.950249E-4,0,0,0,0,0,9.950249E-4,0,0,0,0,0,0,0,0,0,0,0,0,9.950249E-4,0,0,0,8.756219E-2,8.955224E-3,8.955224E-3,3.980100E-3,1.990050E-3,9.950249E-4,0,1.990050E-3,9.950249E-4,0,0,1.990050E-3,1.990050E-3,2.985075E-3,9.950249E-4,1.990050E-3,0,0,3.980100E-3,9.950249E-4,9.950249E-4,9.950249E-4,3.980100E-3,9.950249E-4,1.990050E-3,9.950249E-4,9.950249E-4,4.875622E-2,2.885572E-2,2.885572E-2,1.990050E-3,9.950249E-4,2.487562E-2,2.189055E-2,1.393035E-2,4.975124E-3,0,1.094527E-2,1.990050E-3,9.950249E-3,9.950249E-4,9.950249E-4,0,1.990050E-3,5.970149E-3,9.950249E-4,4.975124E-3,4.975124E-3,4.975124E-3,4.975124E-3,0,1.990050E-3,6.965174E-3,9.950249E-4,0,0,3.980100E-3,0,0,0,3.980100E-3,2.985075E-3,0,0,0,2.985075E-3,0,0,0,2.985075E-3,9.950249E-4,9.950249E-4,0,0,1.990050E-3,1.990050E-3,1.393035E-2,1.393035E-2,4.975124E-3,3.980100E-3,2.985075E-3,9.950249E-4,9.950249E-4,9.950249E-4,9.950249E-3,9.950249E-4,6.965174E-3,6.965174E-3,5.970149E-3,9.950249E-4,0,0,9.950249E-4,0,0,0,1.990050E-3,1.990050E-3,1.990050E-3,6.965174E-3,6.965174E-3,4.975124E-3,9.950249E-4,9.950249E-4,9.950249E-4,0,0,1.990050E-3,1.990050E-3,1.990050E-3,1.194030E-2,9.950249E-4,9.950249E-4,9.950249E-4,9.950249E-4,0,0,6.965174E-3,6.965174E-3,9.950249E-4,9.950249E-4,5.970149E-3,0,5.970149E-3,1.990050E-3,0,0,0,0,0,0,0,0,4.975124E-3,9.950249E-4,0,0,0,0,3.980100E-3,2.985075E-3,9.950249E-4,9.950249E-4,0,0,0,0,0,0,0,0,0,0,0,0,1.592040E-2,1.592040E-2,1.592040E-2,8.955224E-3,4.975124E-3,1.990050E-3,0,9.950249E-4,9.950249E-4,9.950249E-4,9.950249E-4]: 1005

Forest with 10 trees Model
**************************

Forest with 10 models

Forest with 10 trees(T = 0.0) Model
***********************************

Forest with 10 models

Forest with 10 trees(T = 2.0) Model
***********************************

Forest with 10 models

Forest with 10 trees(T = 4.0) Model
***********************************

Forest with 10 models

Forest with 10 trees(T = 6.0) Model
***********************************

Forest with 10 models

Forest with 10 trees(T = 8.0) Model
***********************************

Forest with 10 models

Forest with 10 trees(T = 10.0) Model
************************************

Forest with 10 models

Forest with 10 trees(T = 12.0) Model
************************************

Forest with 10 models

Forest with 10 trees(T = 14.0) Model
************************************

Forest with 10 models

Forest with 10 trees(T = 16.0) Model
************************************

Forest with 10 models

Forest with 10 trees(T = 18.0) Model
************************************

Forest with 10 models

Forest with 10 trees(T = 20.0) Model
************************************

Forest with 10 models

Forest with 10 trees(T = 22.0) Model
************************************

Forest with 10 models

Forest with 10 trees(T = 24.0) Model
************************************

Forest with 10 models

Forest with 10 trees(T = 26.0) Model
************************************

Forest with 10 models

Forest with 10 trees(T = 28.0) Model
************************************

Forest with 10 models

Forest with 10 trees(T = 30.0) Model
************************************

Forest with 10 models

Forest with 10 trees(T = 32.0) Model
************************************

Forest with 10 models

Forest with 10 trees(T = 34.0) Model
************************************

Forest with 10 models

Forest with 10 trees(T = 36.0) Model
************************************

Forest with 10 models

Forest with 10 trees(T = 38.0) Model
************************************

Forest with 10 models

Forest with 10 trees(T = 40.0) Model
************************************

Forest with 10 models

Forest with 10 trees(T = 42.0) Model
************************************

Forest with 10 models

Forest with 10 trees(T = 44.0) Model
************************************

Forest with 10 models

Forest with 10 trees(T = 46.0) Model
************************************

Forest with 10 models

Forest with 10 trees(T = 48.0) Model
************************************

Forest with 10 models

Forest with 10 trees(T = 50.0) Model
************************************

Forest with 10 models

Forest with 10 trees(T = 52.0) Model
************************************

Forest with 10 models

Forest with 10 trees(T = 54.0) Model
************************************

Forest with 10 models

Forest with 10 trees(T = 56.0) Model
************************************

Forest with 10 models

Forest with 10 trees(T = 58.0) Model
************************************

Forest with 10 models

Forest with 10 trees(T = 60.0) Model
************************************

Forest with 10 models

Forest with 10 trees(T = 62.0) Model
************************************

Forest with 10 models

Forest with 10 trees(T = 64.0) Model
************************************

Forest with 10 models

Forest with 10 trees(T = 66.0) Model
************************************

Forest with 10 models

Forest with 10 trees(T = 68.0) Model
************************************

Forest with 10 models

Forest with 10 trees(T = 70.0) Model
************************************

Forest with 10 models

Forest with 10 trees(T = 72.0) Model
************************************

Forest with 10 models

Forest with 10 trees(T = 74.0) Model
************************************

Forest with 10 models

Forest with 10 trees(T = 76.0) Model
************************************

Forest with 10 models

Forest with 10 trees(T = 78.0) Model
************************************

Forest with 10 models

Forest with 10 trees(T = 80.0) Model
************************************

Forest with 10 models

Forest with 10 trees(T = 82.0) Model
************************************

Forest with 10 models

Forest with 10 trees(T = 84.0) Model
************************************

Forest with 10 models

Forest with 10 trees(T = 86.0) Model
************************************

Forest with 10 models

Forest with 10 trees(T = 88.0) Model
************************************

Forest with 10 models

Forest with 10 trees(T = 90.0) Model
************************************

Forest with 10 models

Forest with 10 trees(T = 92.0) Model
************************************

Forest with 10 models

Forest with 10 trees(T = 94.0) Model
************************************

Forest with 10 models

Forest with 10 trees(T = 96.0) Model
************************************

Forest with 10 models

Forest with 10 trees(T = 98.0) Model
************************************

Forest with 10 models

Forest with 10 trees(T = 100.0) Model
*************************************

Forest with 10 models

