Clus run 'seq0.names'
*********************

Date: 3/3/23 9:08 PM
File: seq_GO.f.out
Attributes: 479 (input: 478, output: 1)
Missing values: Yes

[General]
Verbose = 1
RandomSeed = 0
ResourceInfoLoaded = No
DoNotInduce = No
LoggingProperties = logging.properties

[Data]
File = raw_datasets/seq_GO/seq_GO.trainvalid.fake.arff
TestSet = None
PruneSet = None
XVal = 10
RemoveMissingTarget = No
NormalizeData = None

[Attributes]
Target = 479
Clustering = 479
Descriptive = 1-478
Key = None
Disable = None
Weights = Normalize
ClusteringWeights = 1.0
ReduceMemoryNominalAttrs = No
GIS = None

[Constraints]
Syntactic = None
MaxSize = Infinity
MaxError = 0.0
MaxDepth = Infinity

[Nominal]
MEstimate = 1.0

[Model]
MinimalWeight = 5.0
MinimalNumberExamples = 0
MinimalKnownWeight = 0.0
ParamTuneNumberFolds = 3
NominalSubsetTests = Yes

[Tree]
Heuristic = VarianceReduction
HeuristicComplexity = N2
SetDistance = GSMDistance
TupleDistance = Euclidean
TSDistance = DTW
PruningMethod = Default
FTest = 0.1
BinarySplit = Yes
ConvertToRules = No
AlternativeSplits = No
Optimize = []
MSENominal = No
SplitSampling = None
MissingClusteringAttrHandling = EstimateFromParentNode
MissingTargetAttrHandling = ParentNode
InductionOrder = DepthFirst
EntropyType = StandardEntropy
ConsiderUnlableInstancesInIGCalc = No
SpatialMatrix = Binary
SpatialMeasure = GlobalMoran
Bandwidth = 0.001
Longlat = No
NumNeightbours = 0.0
Alpha = 1.0
SplitPosition = Exact

[Hierarchical]
Type = Tree
Distance = WeightedEuclidean
WType = ExpAvgParentWeight
WParam = 0.75
HSeparator = /
EmptySetIndicator = n
OptimizeErrorMeasure = PooledAUPRC
DefinitionFile = None
NoRootPredictions = No
PruneInSig = 0.0
Bonferroni = No
SingleLabel = No
CalculateErrors = Yes
ClassificationThreshold = [0.0,2.0,4.0,6.0,8.0,10.0,12.0,14.0,16.0,18.0,20.0,22.0,24.0,26.0,28.0,30.0,32.0,34.0,36.0,38.0,40.0,42.0,44.0,46.0,48.0,50.0,52.0,54.0,56.0,58.0,60.0,62.0,64.0,66.0,68.0,70.0,72.0,74.0,76.0,78.0,80.0,82.0,84.0,86.0,88.0,90.0,92.0,94.0,96.0,98.0,100.0]
RecallValues = None
EvalClasses = None
MEstimate = No

[Relief]
Neighbours = [10,15]
Iterations = 1.0
WeightNeighbours = No
WeightingSigma = 0.5
ChosenInstances = [-1]
MultilabelDistance = HammingLoss
ReliefStatisticsType = DistanceClassic
MissingTargetHandling = Impute

[Ensemble]
Iterations = [10]
TimeBudget = 0
EnsembleMethod = RForest
EnsembleBootstrapping = Yes
VotingType = ProbabilityDistribution
SelectRandomSubspaces = 22
ROSTargetSubspaceSize = SQRT
ROSAlgorithmType = Disabled
ROSVotingType = SubspaceAveraging
PrintAllModels = No
PrintAllModelFiles = No
PrintAllModelInfo = No
PrintPaths = No
Optimize = No
OOBestimate = No
FeatureRanking = [Genie3, Symbolic]
FeatureRankingPerTarget = No
SymbolicWeight = Dynamic
SortRankingByRelevance = Yes
WriteEnsemblePredictions = No
EnsembleRandomDepth = No
BagSelection = -1
BagSize = 0
NumberOfThreads = 1

[kNN]
K = [1,5,10,15,20,25,30,35,40]
Distance = Euclidean
SearchMethod = BruteForce
DistanceWeighting = [Constant]
AttributeWeighting = none
ChosenInstancesTrain = [-1]
ChosenInstancesTest = [-1]
LoadNeighboursFiles = {}
SaveNeighboursFile = 
IsMlcKnn = No
MlcCountSmoother = 1.0

[SemiSupervised]
SemiSupervisedMethod = PCT
StoppingCriteria = NoneAdded
UnlabeledCriteria = Threshold
ConfidenceThreshold = 0.8
ConfidenceMeasure = Variance
Iterations = 10
K = 5
UnlabeledData = 
PercentageLabeled = 5
UseWeights = No
AirbagTrials = 0
ExhaustiveSearchThresholds = [0.5,0.6,0.7,0.8,0.9,0.99]
OOBErrorCalculation = LabeledOnly
Normalization = MinMaxNormalization
Aggregation = Average
CalibrateHmcThreshold = No
PruningWhenTuning = No
InternalFolds = 5
WeightScoresFile = NO
PossibleWeights = [0.0,0.1,0.2,0.3,0.4,0.5,0.6,0.7,0.8,0.9,1.0]
IterationsSupervisionOptimisation = 0
ForceInternalXValOptimisation = No
ImputeMissingTargetValues = No
InternalFold = -1
ProceedToMain = Yes

[Output]
ShowModels = [Default, Pruned, Others]
TrainErrors = No
ValidErrors = Yes
TestErrors = Yes
AllFoldModels = Yes
AllFoldErrors = No
AllFoldDatasets = No
UnknownFrequency = No
BranchFrequency = No
ShowInfo = [Count]
PrintModelAndExamples = No
WriteErrorFile = No
WriteModelFile = No
WritePerBagModelFile = Yes
WriteOOBFile = Yes
WritePredictions = []
GzipOutput = No
ModelIDFiles = No
WriteCurves = No
OutputPythonModel = No
PythonModelType = Object
OutputROSSubspaces = No
OutputJSONModel = No
OutputDatabaseQueries = No
OutputClowdFlowsJSON = No
ComputeSpearman = No

Run: 01
*******

Statistics
----------

FTValue (FTest): 0.1
Induction Time: 55.959 sec
Pruning Time: 0 sec
Prediction Time (total for ClusModel.Original): 
	0 microsecs
	0 millisecs
	0 secs
Prediction Time (average for ClusModel.Original): 0 microsecs
Model information:
     Default: Nodes = 1; Leaves = 1; Depth = 1
     Forest with 10 trees: FOREST with 10 models (Total nodes: 5156; leaves: 2583; average tree depth: 20.3)
     Forest with 10 trees(T = 0.0): FOREST with 10 models (Total nodes: 5156; leaves: 2583; average tree depth: 20.3)
     Forest with 10 trees(T = 2.0): FOREST with 10 models (Total nodes: 5156; leaves: 2583; average tree depth: 20.3)
     Forest with 10 trees(T = 4.0): FOREST with 10 models (Total nodes: 5156; leaves: 2583; average tree depth: 20.3)
     Forest with 10 trees(T = 6.0): FOREST with 10 models (Total nodes: 5156; leaves: 2583; average tree depth: 20.3)
     Forest with 10 trees(T = 8.0): FOREST with 10 models (Total nodes: 5156; leaves: 2583; average tree depth: 20.3)
     Forest with 10 trees(T = 10.0): FOREST with 10 models (Total nodes: 5156; leaves: 2583; average tree depth: 20.3)
     Forest with 10 trees(T = 12.0): FOREST with 10 models (Total nodes: 5156; leaves: 2583; average tree depth: 20.3)
     Forest with 10 trees(T = 14.0): FOREST with 10 models (Total nodes: 5156; leaves: 2583; average tree depth: 20.3)
     Forest with 10 trees(T = 16.0): FOREST with 10 models (Total nodes: 5156; leaves: 2583; average tree depth: 20.3)
     Forest with 10 trees(T = 18.0): FOREST with 10 models (Total nodes: 5156; leaves: 2583; average tree depth: 20.3)
     Forest with 10 trees(T = 20.0): FOREST with 10 models (Total nodes: 5156; leaves: 2583; average tree depth: 20.3)
     Forest with 10 trees(T = 22.0): FOREST with 10 models (Total nodes: 5156; leaves: 2583; average tree depth: 20.3)
     Forest with 10 trees(T = 24.0): FOREST with 10 models (Total nodes: 5156; leaves: 2583; average tree depth: 20.3)
     Forest with 10 trees(T = 26.0): FOREST with 10 models (Total nodes: 5156; leaves: 2583; average tree depth: 20.3)
     Forest with 10 trees(T = 28.0): FOREST with 10 models (Total nodes: 5156; leaves: 2583; average tree depth: 20.3)
     Forest with 10 trees(T = 30.0): FOREST with 10 models (Total nodes: 5156; leaves: 2583; average tree depth: 20.3)
     Forest with 10 trees(T = 32.0): FOREST with 10 models (Total nodes: 5156; leaves: 2583; average tree depth: 20.3)
     Forest with 10 trees(T = 34.0): FOREST with 10 models (Total nodes: 5156; leaves: 2583; average tree depth: 20.3)
     Forest with 10 trees(T = 36.0): FOREST with 10 models (Total nodes: 5156; leaves: 2583; average tree depth: 20.3)
     Forest with 10 trees(T = 38.0): FOREST with 10 models (Total nodes: 5156; leaves: 2583; average tree depth: 20.3)
     Forest with 10 trees(T = 40.0): FOREST with 10 models (Total nodes: 5156; leaves: 2583; average tree depth: 20.3)
     Forest with 10 trees(T = 42.0): FOREST with 10 models (Total nodes: 5156; leaves: 2583; average tree depth: 20.3)
     Forest with 10 trees(T = 44.0): FOREST with 10 models (Total nodes: 5156; leaves: 2583; average tree depth: 20.3)
     Forest with 10 trees(T = 46.0): FOREST with 10 models (Total nodes: 5156; leaves: 2583; average tree depth: 20.3)
     Forest with 10 trees(T = 48.0): FOREST with 10 models (Total nodes: 5156; leaves: 2583; average tree depth: 20.3)
     Forest with 10 trees(T = 50.0): FOREST with 10 models (Total nodes: 5156; leaves: 2583; average tree depth: 20.3)
     Forest with 10 trees(T = 52.0): FOREST with 10 models (Total nodes: 5156; leaves: 2583; average tree depth: 20.3)
     Forest with 10 trees(T = 54.0): FOREST with 10 models (Total nodes: 5156; leaves: 2583; average tree depth: 20.3)
     Forest with 10 trees(T = 56.0): FOREST with 10 models (Total nodes: 5156; leaves: 2583; average tree depth: 20.3)
     Forest with 10 trees(T = 58.0): FOREST with 10 models (Total nodes: 5156; leaves: 2583; average tree depth: 20.3)
     Forest with 10 trees(T = 60.0): FOREST with 10 models (Total nodes: 5156; leaves: 2583; average tree depth: 20.3)
     Forest with 10 trees(T = 62.0): FOREST with 10 models (Total nodes: 5156; leaves: 2583; average tree depth: 20.3)
     Forest with 10 trees(T = 64.0): FOREST with 10 models (Total nodes: 5156; leaves: 2583; average tree depth: 20.3)
     Forest with 10 trees(T = 66.0): FOREST with 10 models (Total nodes: 5156; leaves: 2583; average tree depth: 20.3)
     Forest with 10 trees(T = 68.0): FOREST with 10 models (Total nodes: 5156; leaves: 2583; average tree depth: 20.3)
     Forest with 10 trees(T = 70.0): FOREST with 10 models (Total nodes: 5156; leaves: 2583; average tree depth: 20.3)
     Forest with 10 trees(T = 72.0): FOREST with 10 models (Total nodes: 5156; leaves: 2583; average tree depth: 20.3)
     Forest with 10 trees(T = 74.0): FOREST with 10 models (Total nodes: 5156; leaves: 2583; average tree depth: 20.3)
     Forest with 10 trees(T = 76.0): FOREST with 10 models (Total nodes: 5156; leaves: 2583; average tree depth: 20.3)
     Forest with 10 trees(T = 78.0): FOREST with 10 models (Total nodes: 5156; leaves: 2583; average tree depth: 20.3)
     Forest with 10 trees(T = 80.0): FOREST with 10 models (Total nodes: 5156; leaves: 2583; average tree depth: 20.3)
     Forest with 10 trees(T = 82.0): FOREST with 10 models (Total nodes: 5156; leaves: 2583; average tree depth: 20.3)
     Forest with 10 trees(T = 84.0): FOREST with 10 models (Total nodes: 5156; leaves: 2583; average tree depth: 20.3)
     Forest with 10 trees(T = 86.0): FOREST with 10 models (Total nodes: 5156; leaves: 2583; average tree depth: 20.3)
     Forest with 10 trees(T = 88.0): FOREST with 10 models (Total nodes: 5156; leaves: 2583; average tree depth: 20.3)
     Forest with 10 trees(T = 90.0): FOREST with 10 models (Total nodes: 5156; leaves: 2583; average tree depth: 20.3)
     Forest with 10 trees(T = 92.0): FOREST with 10 models (Total nodes: 5156; leaves: 2583; average tree depth: 20.3)
     Forest with 10 trees(T = 94.0): FOREST with 10 models (Total nodes: 5156; leaves: 2583; average tree depth: 20.3)
     Forest with 10 trees(T = 96.0): FOREST with 10 models (Total nodes: 5156; leaves: 2583; average tree depth: 20.3)
     Forest with 10 trees(T = 98.0): FOREST with 10 models (Total nodes: 5156; leaves: 2583; average tree depth: 20.3)
     Forest with 10 trees(T = 100.0): FOREST with 10 models (Total nodes: 5156; leaves: 2583; average tree depth: 20.3)

Default Model
*************

[1,8.882399E-1,4.408100E-1,0,0,7.126168E-2,0,2.725857E-3,3.894081E-4,3.894081E-4,1.557632E-3,0,3.894081E-4,3.894081E-4,3.894081E-4,0,3.894081E-4,8.566978E-3,0,1.168224E-3,3.894081E-4,3.894081E-4,0,3.894081E-4,0,1.985981E-2,0,3.894081E-4,3.894081E-4,1.830218E-2,0,3.894081E-4,3.894081E-4,3.894081E-4,3.894081E-4,0,7.788162E-4,0,1.168224E-3,1.947040E-3,1.947040E-3,1.168224E-3,0,7.788162E-4,0,0,3.894081E-4,3.894081E-4,3.894081E-4,3.894081E-4,7.788162E-4,3.894081E-4,3.894081E-4,0,3.894081E-4,3.894081E-4,7.788162E-4,3.894081E-4,0,3.894081E-4,7.788162E-4,0,0,2.725857E-3,3.894081E-4,3.894081E-4,0,1.168224E-3,7.788162E-4,3.894081E-4,3.894081E-4,7.788162E-4,3.894081E-4,0,3.894081E-4,7.788162E-4,3.894081E-4,3.894081E-4,3.894081E-4,0,0,3.894081E-4,3.894081E-4,0,0,0,0,0,0,0,0,3.894081E-4,3.894081E-4,0,1.168224E-3,7.788162E-4,3.894081E-4,0,0,3.894081E-4,3.894081E-4,3.894081E-4,3.894081E-4,0,0,7.788162E-4,7.788162E-4,7.788162E-4,3.894081E-4,5.062305E-3,1.947040E-3,3.894081E-4,3.894081E-4,2.336449E-3,0,0,0,0,0,0,7.788162E-4,3.894081E-4,3.894081E-4,3.894081E-4,0,3.894081E-4,1.168224E-3,3.894081E-4,3.894081E-4,3.894081E-4,3.894081E-4,3.894081E-4,3.894081E-4,0,0,0,1.947040E-3,0,7.788162E-4,7.788162E-4,0,7.788162E-4,0,0,3.894081E-4,3.894081E-4,7.788162E-4,7.788162E-4,3.894081E-3,3.894081E-4,3.115265E-3,3.894081E-4,0,3.894081E-4,3.894081E-4,7.788162E-4,3.894081E-4,3.894081E-4,0,3.894081E-4,3.894081E-4,3.894081E-4,3.894081E-4,3.894081E-4,3.894081E-4,3.894081E-4,3.894081E-4,0,9.735202E-3,3.894081E-4,7.788162E-4,2.725857E-3,7.788162E-4,1.947040E-3,1.168224E-3,7.788162E-4,3.894081E-4,3.894081E-4,0,3.504673E-3,3.894081E-4,7.788162E-4,3.894081E-4,1.947040E-3,1.168224E-3,7.788162E-4,3.894081E-4,3.894081E-4,3.894081E-4,1.168224E-3,3.894081E-4,3.894081E-4,7.788162E-4,7.009346E-3,5.062305E-3,4.672897E-3,3.894081E-4,3.894081E-4,3.894081E-4,3.894081E-4,3.894081E-4,3.894081E-4,0,2.725857E-3,3.894081E-4,3.894081E-4,3.894081E-4,0,0,3.894081E-4,3.894081E-4,7.788162E-4,0,0,0,0,3.894081E-3,3.894081E-3,3.894081E-4,3.894081E-4,1.168224E-3,1.947040E-3,3.894081E-4,1.168224E-3,0,3.894081E-3,3.894081E-4,3.894081E-4,7.788162E-4,0,0,7.788162E-4,3.894081E-4,3.894081E-4,3.894081E-4,3.894081E-4,3.894081E-4,3.894081E-4,0,7.788162E-4,3.894081E-4,3.894081E-4,1.168224E-3,1.168224E-3,3.115265E-3,1.947040E-3,1.947040E-3,1.947040E-3,7.788162E-4,7.788162E-4,0,1.168224E-3,1.168224E-3,1.168224E-3,1.168224E-3,8.177570E-3,3.894081E-4,6.619938E-3,3.894081E-4,2.725857E-3,7.788162E-4,3.894081E-4,3.894081E-4,3.894081E-4,3.894081E-4,1.168224E-3,3.894081E-4,3.894081E-4,3.894081E-4,3.894081E-4,1.168224E-3,7.788162E-4,3.894081E-4,3.894081E-4,3.894081E-4,3.894081E-4,7.788162E-4,3.894081E-4,3.894081E-4,0,0,1.654984E-1,3.894081E-4,1.090343E-2,8.956386E-3,3.894081E-4,0,0,3.894081E-4,0,3.894081E-4,3.894081E-4,3.894081E-4,0,3.894081E-4,1.168224E-3,1.168224E-3,3.894081E-4,3.894081E-4,0,3.894081E-4,3.894081E-4,0,0,6.619938E-3,3.894081E-4,3.894081E-4,3.894081E-4,3.894081E-4,0,7.788162E-4,3.894081E-4,3.894081E-4,3.894081E-4,1.168224E-3,3.894081E-4,0,0,0,0,0,7.788162E-4,0,3.894081E-4,3.894081E-4,3.894081E-4,3.894081E-4,3.894081E-4,3.894081E-4,3.894081E-4,3.894081E-4,0,3.894081E-4,0,0,0,1.168224E-3,1.168224E-3,0,3.894081E-4,0,0,3.894081E-4,0,0,0,3.894081E-4,0,0,0,0,3.894081E-4,3.894081E-4,3.894081E-4,0,0,3.894081E-4,0,0,3.894081E-4,3.894081E-4,3.894081E-4,3.894081E-4,3.894081E-4,0,1.947040E-3,3.894081E-4,3.894081E-4,3.894081E-4,3.894081E-4,3.894081E-4,0,0,0,1.557632E-3,7.788162E-4,3.894081E-4,3.894081E-4,1.985981E-2,1.557632E-2,1.168224E-3,0,0,1.168224E-3,0,0,0,0,3.894081E-3,7.788162E-4,3.894081E-4,3.894081E-4,0,0,7.788162E-4,7.788162E-4,1.947040E-3,0,7.788162E-4,3.894081E-4,0,7.788162E-4,0,5.841121E-3,4.672897E-3,3.894081E-4,0,0,3.894081E-3,1.168224E-3,0,0,2.725857E-3,2.725857E-3,3.894081E-4,0,3.894081E-4,0,3.894081E-4,3.894081E-4,3.894081E-4,3.894081E-4,0,3.894081E-4,3.894081E-4,3.894081E-4,7.788162E-4,3.894081E-4,0,3.894081E-4,3.894081E-4,7.788162E-4,3.894081E-4,1.557632E-3,3.894081E-4,3.894081E-4,3.894081E-4,7.788162E-4,3.894081E-4,3.894081E-4,0,0,0,0,0,3.894081E-4,3.894081E-4,3.894081E-4,0,3.894081E-4,7.788162E-4,3.894081E-4,3.894081E-4,1.168224E-3,1.168224E-3,1.168224E-3,7.788162E-4,1.168224E-3,0,3.894081E-4,0,0,3.894081E-4,0,0,2.336449E-3,7.788162E-4,3.894081E-4,0,3.894081E-4,7.788162E-4,7.788162E-4,0,2.297508E-2,0,1.635514E-2,9.735202E-3,2.336449E-3,7.788162E-4,3.894081E-4,2.725857E-3,0,0,0,1.947040E-3,0,1.947040E-3,3.894081E-4,3.894081E-4,3.894081E-4,0,3.894081E-4,3.894081E-4,3.894081E-4,3.894081E-4,3.894081E-4,3.894081E-4,3.894081E-4,3.894081E-4,1.168224E-3,7.788162E-4,3.894081E-4,0,7.788162E-4,3.115265E-3,3.894081E-4,2.336449E-3,0,7.788162E-4,3.894081E-4,3.894081E-4,0,7.788162E-4,0,3.894081E-4,0,3.894081E-4,0,0,0,3.894081E-4,3.894081E-4,3.894081E-4,3.894081E-4,7.788162E-4,3.894081E-4,4.283489E-3,3.894081E-4,0,0,3.894081E-4,0,3.894081E-4,3.894081E-4,7.788162E-4,3.894081E-4,7.788162E-4,3.894081E-4,3.894081E-4,3.894081E-4,3.894081E-4,1.090343E-2,0,3.894081E-4,3.894081E-4,3.894081E-4,0,1.557632E-3,3.894081E-4,3.894081E-4,1.557632E-3,3.894081E-4,3.894081E-4,2.725857E-3,3.894081E-4,0,0,0,7.788162E-4,7.788162E-4,0,3.894081E-4,0,7.788162E-4,1.168224E-3,3.894081E-4,1.168224E-3,3.894081E-4,7.788162E-4,3.894081E-4,3.894081E-4,3.894081E-4,3.894081E-4,3.894081E-4,3.894081E-4,3.894081E-4,3.894081E-3,3.894081E-3,3.894081E-4,3.894081E-4,0,3.894081E-4,3.894081E-4,3.894081E-4,3.894081E-4,3.894081E-4,3.894081E-4,3.894081E-4,0,0,0,0,3.894081E-4,3.894081E-4,0,0,3.894081E-4,3.894081E-4,0,0,0,3.894081E-4,3.894081E-4,7.866044E-2,1.129283E-2,7.788162E-4,3.894081E-4,0,0,3.894081E-4,3.894081E-4,3.894081E-4,3.894081E-4,3.894081E-4,0,3.894081E-4,3.894081E-4,3.894081E-4,3.894081E-4,3.894081E-4,7.788162E-4,1.168224E-3,3.894081E-4,7.788162E-4,2.336449E-3,3.894081E-4,7.788162E-4,7.788162E-4,0,1.557632E-3,1.168224E-3,3.894081E-4,0,3.894081E-4,7.788162E-4,0,3.894081E-4,3.465732E-2,0,3.894081E-4,3.894081E-4,3.894081E-4,3.894081E-4,0,3.894081E-4,0,3.894081E-4,7.788162E-4,7.788162E-4,7.788162E-4,7.788162E-4,7.788162E-4,0,3.894081E-4,3.894081E-4,2.336449E-2,0,0,2.180685E-2,0,1.557632E-3,1.168224E-3,1.168224E-3,1.557632E-3,3.894081E-4,0,1.168224E-3,7.788162E-4,7.788162E-4,7.788162E-4,7.788162E-4,3.894081E-4,2.336449E-3,1.557632E-3,1.557632E-3,3.894081E-4,3.894081E-4,3.894081E-4,0,0,3.894081E-4,7.788162E-4,3.894081E-4,3.894081E-4,3.894081E-4,1.557632E-3,3.894081E-4,1.168224E-3,0,3.894081E-4,3.894081E-4,7.788162E-4,3.894081E-4,3.894081E-4,3.894081E-4,0,3.894081E-4,7.788162E-4,3.894081E-4,0,0,0,3.894081E-4,3.894081E-4,3.894081E-4,3.894081E-4,3.894081E-4,3.894081E-4,1.168224E-3,1.168224E-3,0,0,0,0,0,2.725857E-3,3.894081E-4,1.947040E-3,3.894081E-4,3.115265E-2,3.894081E-4,1.947040E-2,1.869159E-2,1.401869E-2,0,3.894081E-4,3.894081E-4,0,3.504673E-3,7.788162E-4,3.894081E-4,1.557632E-3,3.894081E-4,3.894081E-4,3.894081E-4,1.168224E-3,7.788162E-4,3.894081E-4,3.894081E-4,7.788162E-4,0,3.894081E-4,3.894081E-4,3.894081E-4,3.894081E-4,3.894081E-4,0,0,1.168224E-3,0,3.894081E-4,7.788162E-4,7.788162E-4,5.841121E-3,5.841121E-3,5.841121E-3,3.115265E-3,0,1.168224E-3,4.283489E-3,3.894081E-4,3.894081E-4,3.894081E-4,1.947040E-3,3.894081E-4,3.894081E-4,7.788162E-4,3.894081E-4,3.894081E-4,3.894081E-4,3.894081E-4,1.168224E-3,0,3.504673E-3,3.894081E-4,3.894081E-4,2.336449E-3,3.894081E-4,1.168224E-3,3.894081E-4,3.894081E-4,7.788162E-4,0,3.894081E-4,1.323988E-2,1.090343E-2,7.788162E-3,1.557632E-3,0,3.894081E-4,1.947040E-3,0,1.168224E-3,1.168224E-3,1.690031E-1,3.894081E-4,3.504673E-2,3.387850E-2,1.090343E-2,1.557632E-3,3.894081E-4,4.283489E-3,1.168224E-3,3.894081E-3,3.894081E-4,5.451713E-3,5.062305E-3,3.894081E-4,3.894081E-4,0,4.672897E-3,4.672897E-3,0,1.557632E-3,1.557632E-3,3.504673E-3,1.947040E-3,3.894081E-4,3.894081E-4,7.788162E-4,3.894081E-4,1.168224E-3,1.168224E-3,0,0,0,1.440810E-2,1.440810E-2,0,0,6.035826E-2,2.998442E-2,2.414330E-2,2.725857E-3,7.788162E-4,3.894081E-4,3.894081E-4,1.635514E-2,1.635514E-2,1.323988E-2,7.788162E-4,1.947040E-3,3.894081E-4,0,0,2.725857E-3,2.336449E-3,0,0,1.557632E-2,0,2.725857E-3,2.725857E-3,2.336449E-3,3.894081E-4,3.894081E-4,0,0,0,3.894081E-4,3.894081E-3,1.168224E-3,7.788162E-4,7.788162E-4,0,1.168224E-3,7.788162E-4,3.894081E-4,3.894081E-4,3.894081E-4,0,0,0,0,2.024922E-2,2.725857E-3,7.788162E-4,0,7.788162E-4,7.788162E-4,3.894081E-4,7.788162E-4,3.894081E-4,3.894081E-4,0,0,1.752336E-2,0,7.788162E-4,3.894081E-4,3.894081E-4,3.894081E-4,8.956386E-3,4.672897E-3,7.788162E-4,7.788162E-4,3.894081E-4,3.894081E-3,3.894081E-4,3.894081E-4,1.947040E-3,7.788162E-4,0,7.788162E-4,3.894081E-4,3.894081E-4,0,2.725857E-3,3.894081E-4,2.336449E-3,7.788162E-4,7.788162E-4,3.894081E-4,3.894081E-4,3.894081E-4,0,3.894081E-4,3.894081E-4,3.894081E-4,3.894081E-4,3.894081E-4,3.894081E-4,1.168224E-3,0,0,0,0,0,1.168224E-3,7.788162E-4,7.788162E-4,0,3.894081E-4,3.894081E-4,3.894081E-4,3.894081E-4,3.894081E-4,5.062305E-3,2.725857E-3,0,3.894081E-4,7.788162E-4,3.894081E-4,3.894081E-4,9.345794E-3,7.788162E-3,3.894081E-4,0,0,0,3.894081E-4,1.168224E-3,1.168224E-3,3.894081E-4,7.788162E-4,7.788162E-4,4.283489E-3,0,0,7.788162E-4,7.788162E-4,3.894081E-4,0,3.115265E-3,3.894081E-4,7.788162E-4,1.557632E-3,1.557632E-3,7.788162E-4,3.894081E-4,3.894081E-4,0,0,7.788162E-4,3.894081E-4,0,0,0,3.894081E-4,0,7.788162E-4,7.788162E-4,3.894081E-4,3.894081E-4,3.894081E-4,7.788162E-4,3.894081E-4,0,0,0,0,0,0,1.401869E-2,7.788162E-3,3.894081E-4,3.894081E-4,0,7.788162E-4,1.947040E-3,7.788162E-4,7.788162E-4,1.947040E-3,1.947040E-3,1.168224E-3,3.894081E-4,7.788162E-4,0,0,0,3.894081E-4,3.894081E-4,0,3.894081E-4,0,3.894081E-4,3.894081E-4,0,0,3.894081E-4,7.788162E-4,0,3.894081E-4,3.894081E-4,4.672897E-3,0,1.168224E-3,1.168224E-3,3.894081E-4,7.788162E-4,3.894081E-4,3.894081E-4,3.894081E-4,0,1.947040E-3,7.788162E-4,3.894081E-4,3.894081E-4,3.894081E-4,3.894081E-4,3.894081E-4,0,3.894081E-4,3.894081E-4,3.894081E-4,3.894081E-4,6.347352E-2,6.347352E-2,6.347352E-2,3.894081E-4,3.894081E-4,7.788162E-4,7.788162E-4,7.788162E-4,0,7.788162E-4,0,0,0,3.894081E-4,0,3.894081E-4,3.894081E-4,0,3.894081E-4,5.841121E-2,3.504673E-3,1.168224E-3,1.557632E-3,1.674455E-2,6.619938E-3,1.947040E-3,0,0,0,3.660436E-2,2.063863E-2,0,6.230530E-3,7.788162E-4,7.788162E-4,1.168224E-3,9.345794E-3,9.345794E-3,3.894081E-4,3.894081E-4,1.947040E-3,0,3.894081E-4,1.557632E-3,7.788162E-4,7.788162E-4,3.894081E-4,1.168224E-3,3.894081E-4,3.894081E-4,0,3.894081E-4,0,0,0,0,0,0,0,0,3.894081E-4,3.894081E-4,0,0,0,0,0,0,0,0,0,0,0,0,0,0,0,0,3.894081E-4,3.894081E-4,3.894081E-4,0,0,0,0,0,0,2.141745E-2,7.788162E-4,3.894081E-4,7.009346E-3,0,5.062305E-3,3.894081E-4,0,0,3.894081E-4,0,3.894081E-4,7.788162E-4,3.894081E-4,3.894081E-4,1.557632E-3,0,3.894081E-4,1.557632E-3,1.557632E-3,1.557632E-3,3.894081E-4,7.788162E-4,3.894081E-4,0,3.894081E-4,3.894081E-4,0,1.557632E-3,7.788162E-4,3.894081E-4,3.894081E-4,7.788162E-3,7.009346E-3,3.894081E-4,0,7.788162E-4,0,3.894081E-4,3.894081E-4,3.894081E-4,0,3.894081E-4,3.894081E-4,1.947040E-3,3.894081E-4,3.894081E-4,3.894081E-4,3.894081E-4,0,0,3.894081E-4,0,0,1.168224E-3,3.894081E-4,3.894081E-4,3.894081E-4,3.894081E-3,1.947040E-3,1.168224E-3,7.788162E-4,3.894081E-4,7.788162E-4,3.894081E-4,0,3.894081E-4,3.894081E-4,1.168224E-3,1.168224E-3,1.557632E-3,7.788162E-4,7.788162E-4,3.894081E-4,0,3.894081E-4,3.894081E-4,3.894081E-4,3.894081E-4,3.894081E-4,1.012461E-2,1.168224E-3,1.168224E-3,3.894081E-4,1.168224E-3,0,0,1.947040E-3,7.788162E-4,3.894081E-4,0,0,3.894081E-4,0,0,1.168224E-3,0,7.788162E-4,3.894081E-4,0,5.841121E-3,7.788162E-4,2.336449E-3,2.336449E-3,3.894081E-4,7.788162E-4,0,3.894081E-4,3.894081E-4,0,3.894081E-4,3.894081E-4,3.894081E-4,3.894081E-4,1.246106E-2,0,6.230530E-3,3.115265E-3,3.894081E-4,3.894081E-4,3.894081E-4,3.894081E-4,3.894081E-4,2.336449E-3,7.788162E-4,7.788162E-4,7.788162E-4,7.788162E-4,7.788162E-4,3.894081E-4,7.788162E-4,7.788162E-4,7.788162E-4,3.894081E-4,0,7.009346E-3,0,0,0,3.894081E-4,0,0,3.894081E-4,3.894081E-4,0,0,1.168224E-3,3.894081E-4,3.894081E-4,2.336449E-3,7.788162E-4,3.894081E-4,3.894081E-4,0,3.894081E-4,3.894081E-4,7.788162E-4,3.894081E-4,0,3.894081E-4,1.557632E-3,7.788162E-4,0,3.894081E-4,3.894081E-4,0,0,0,0,0,0,0,7.009346E-3,4.283489E-3,1.557632E-3,3.894081E-4,3.894081E-4,3.894081E-4,3.894081E-4,3.894081E-4,3.894081E-4,7.788162E-4,3.894081E-4,3.894081E-4,2.219626E-2,1.557632E-3,8.956386E-3,5.062305E-3,7.788162E-4,2.336449E-3,7.788162E-4,7.788162E-4,7.788162E-4,2.336449E-3,1.947040E-3,7.788162E-4,7.788162E-4,3.894081E-4,3.894081E-4,1.557632E-3,3.894081E-4,7.788162E-4,7.788162E-4,6.230530E-3,3.504673E-3,1.168224E-3,3.894081E-4,3.894081E-4,7.788162E-4,3.894081E-4,3.894081E-4,2.725857E-3,2.725857E-3,1.947040E-3,3.894081E-4,7.788162E-4,0,0,7.788162E-4,3.894081E-4,1.557632E-3,1.947040E-3,1.557632E-3,7.788162E-4,1.168224E-3,3.894081E-4,3.894081E-4,3.894081E-4,3.894081E-4,3.894081E-4,3.894081E-4,3.894081E-4,0,0,1.168224E-3,0,7.788162E-4,3.894081E-4,3.894081E-4,3.894081E-4,3.894081E-4,1.168224E-2,3.894081E-4,0,0,1.129283E-2,9.735202E-3,3.894081E-4,3.894081E-4,3.894081E-4,3.894081E-4,3.894081E-4,3.894081E-4,3.894081E-4,3.894081E-4,3.894081E-4,7.788162E-4,3.894081E-4,0,7.788162E-4,1.168224E-3,7.788162E-4,3.894081E-4,3.894081E-4,3.894081E-4,7.788162E-4,3.894081E-4,7.788162E-4,7.788162E-4,0,7.671340E-2,4.984424E-2,3.894081E-3,8.177570E-3,5.062305E-3,9.540498E-2,5.841121E-3,7.788162E-4,2.725857E-3,7.788162E-4,3.894081E-4,7.788162E-4,7.788162E-4,1.947040E-3,3.894081E-4,0,7.398754E-3,0,8.216511E-2,3.894081E-4,1.168224E-3,0,5.802181E-2,1.168224E-3,4.478193E-2,0,7.788162E-4,3.894081E-4,1.168224E-3,3.504673E-3,1.168224E-3,2.725857E-3,3.894081E-4,1.168224E-3,1.168224E-3,7.788162E-4,7.788162E-4,3.894081E-4,3.894081E-4,0,3.894081E-4,7.788162E-4,3.894081E-4,7.788162E-4,7.788162E-4,7.788162E-4,3.894081E-4,7.788162E-4,1.168224E-3,0,0,0,3.894081E-4,3.894081E-4,3.894081E-4,3.894081E-4,3.309969E-2,0,0,0,2.375389E-2,2.180685E-2,3.894081E-3,7.788162E-4,8.177570E-3,3.894081E-4,3.894081E-4,3.894081E-4,6.619938E-3,3.894081E-4,7.788162E-4,3.894081E-4,1.557632E-3,1.557632E-3,7.788162E-4,1.168224E-3,3.894081E-4,3.894081E-4,1.557632E-3,3.894081E-3,2.336449E-3,3.894081E-4,3.894081E-4,3.894081E-4,7.788162E-4,3.894081E-4,0,7.788162E-4,7.788162E-4,0,0,0,3.894081E-4,0,0,0,0,3.894081E-4,3.894081E-4,1.557632E-3,1.168224E-3,3.894081E-4,3.894081E-4,0,7.788162E-3,7.788162E-4,7.788162E-4,3.894081E-4,3.894081E-4,0,3.894081E-4,5.451713E-3,1.557632E-3,2.336449E-3,1.168224E-3,7.788162E-4,1.557632E-3,3.894081E-4,3.894081E-4,3.894081E-4,0,0,3.894081E-4,7.788162E-4,7.788162E-4,3.894081E-4,1.635514E-2,1.323988E-2,0,3.894081E-4,3.894081E-4,0,0,3.894081E-4,0,0,0,0,3.894081E-4,1.246106E-2,2.336449E-3,0,3.894081E-4,1.168224E-3,7.788162E-4,0,3.894081E-4,7.788162E-4,3.894081E-4,3.894081E-4,3.894081E-4,3.894081E-4,2.725857E-3,7.788162E-4,0,3.894081E-4,3.894081E-4,0,3.894081E-4,7.788162E-4,3.894081E-4,0,0,3.894081E-4,1.168224E-3,7.788162E-4,7.788162E-4,6.230530E-3,0,0,0,0,1.947040E-3,0,3.894081E-4,0,1.947040E-3,7.788162E-4,3.894081E-4,0,0,0,0,0,0,4.283489E-3,3.894081E-4,0,0,3.894081E-4,3.894081E-4,7.788162E-4,7.788162E-4,3.894081E-4,3.894081E-4,3.894081E-4,3.894081E-4,1.557632E-3,3.894081E-4,7.788162E-4,3.894081E-4,0,0,7.788162E-4,7.788162E-4,7.788162E-4,0,0,6.230530E-3,7.788162E-4,7.788162E-4,3.894081E-4,3.894081E-4,6.230530E-3,5.841121E-3,3.894081E-4,5.841121E-3,2.336449E-3,1.557632E-3,5.841121E-3,2.336449E-3,1.168224E-3,1.947040E-3,0,0,3.894081E-3,3.894081E-4,1.557632E-3,0,0,0,3.894081E-3,1.168224E-3,1.557632E-3,1.557632E-3,1.557632E-3,7.788162E-4,0,7.788162E-4,3.894081E-4,3.894081E-4,3.894081E-4,3.894081E-4,0,0,2.725857E-3,1.557632E-3,7.788162E-4,3.894081E-4,3.894081E-4,7.788162E-4,3.894081E-4,0,3.894081E-4,0,3.894081E-4,7.788162E-4,3.894081E-4,0,0,3.894081E-4,0,0,3.894081E-4,0,0,0,0,0,0,0,0,0,0,1.401869E-2,7.398754E-3,3.894081E-4,1.947040E-3,5.062305E-3,3.894081E-4,3.894081E-4,3.894081E-4,6.619938E-3,6.619938E-3,1.947040E-3,4.672897E-3,7.788162E-4,7.788162E-4,3.894081E-4,0,0,0,0,3.504673E-3,3.894081E-4,3.115265E-3,1.947040E-3,1.168224E-3,3.894081E-4,3.894081E-4,0,3.894081E-4,3.894081E-4,3.894081E-4,0,0,3.894081E-4,3.894081E-4,0,3.894081E-4,7.788162E-4,3.894081E-4,3.894081E-4,3.894081E-4,7.788162E-4,3.894081E-4,0,6.133178E-1,0,2.219626E-2,3.894081E-4,1.900312E-1,1.051402E-2,2.725857E-3,0,0,7.788162E-4,7.788162E-4,0,7.788162E-4,7.788162E-4,3.894081E-4,7.009346E-3,4.672897E-3,0,3.894081E-4,2.102804E-2,1.285047E-2,7.788162E-4,5.451713E-3,3.894081E-4,3.894081E-4,8.177570E-3,5.451713E-3,3.894081E-4,7.788162E-4,3.894081E-4,3.894081E-4,3.894081E-4,3.894081E-4,3.894081E-4,3.894081E-4,0,2.258567E-2,1.168224E-3,1.168224E-3,1.323988E-2,3.115265E-3,3.894081E-4,7.788162E-4,1.557632E-3,3.894081E-4,7.788162E-4,6.619938E-3,3.504673E-3,3.894081E-4,7.788162E-4,3.894081E-4,0,3.894081E-4,3.894081E-4,3.894081E-4,3.894081E-4,5.841121E-3,3.894081E-4,1.168224E-3,3.971963E-2,7.788162E-4,3.894081E-4,3.894081E-4,7.398754E-3,1.947040E-3,5.451713E-3,3.894081E-4,7.788162E-4,3.894081E-4,7.788162E-4,1.557632E-3,1.557632E-3,7.788162E-4,3.894081E-4,3.894081E-4,3.894081E-4,3.894081E-4,3.894081E-3,3.894081E-3,3.894081E-4,1.869159E-2,7.009346E-3,1.168224E-3,3.115265E-3,3.894081E-4,7.788162E-4,3.894081E-4,3.894081E-4,1.090343E-2,1.012461E-2,4.672897E-3,1.168224E-3,0,7.788162E-4,4.283489E-3,1.168224E-3,3.894081E-3,3.894081E-3,3.504673E-3,1.168224E-3,1.168224E-3,3.894081E-4,0,4.283489E-3,0,0,1.168224E-3,5.062305E-3,3.894081E-4,3.894081E-4,1.557632E-3,8.956386E-3,7.788162E-4,3.894081E-4,3.894081E-4,2.725857E-3,3.894081E-4,3.894081E-4,5.062305E-3,3.894081E-4,1.168224E-3,8.566978E-3,7.788162E-4,3.894081E-4,7.788162E-3,4.672897E-3,7.788162E-3,0,1.557632E-3,1.947040E-3,3.504673E-2,7.009346E-3,3.894081E-4,1.947040E-3,3.894081E-4,7.788162E-4,1.947040E-3,3.894081E-4,0,7.788162E-4,1.557632E-2,9.735202E-3,3.894081E-4,7.788162E-4,0,1.985981E-2,4.283489E-3,1.168224E-3,7.788162E-4,7.788162E-4,7.788162E-4,7.788162E-4,3.894081E-4,3.894081E-4,0,0,0,0,0,0,3.894081E-4,3.894081E-4,3.894081E-4,0,5.451713E-3,3.894081E-4,3.115265E-3,3.894081E-4,1.012461E-2,1.012461E-2,9.345794E-3,1.557632E-3,7.788162E-4,3.894081E-4,3.894081E-4,3.504673E-3,1.168224E-3,1.557632E-3,3.894081E-4,3.894081E-4,0,2.336449E-3,3.894081E-4,0,0,0,1.947040E-3,0,1.557632E-3,3.894081E-4,1.861371E-1,2.063863E-2,3.894081E-4,1.985981E-2,1.557632E-3,3.894081E-4,1.518692E-2,2.336449E-3,1.207165E-2,2.725857E-3,6.619938E-3,3.894081E-3,4.283489E-3,2.725857E-3,3.894081E-4,1.947040E-3,2.725857E-3,0,3.894081E-4,3.894081E-4,0,0,1.686137E-1,3.894081E-4,1.678349E-1,1.479751E-2,5.841121E-3,7.788162E-4,7.788162E-4,5.023364E-2,5.062305E-3,1.947040E-3,0,0,5.841121E-3,7.788162E-4,0,3.894081E-4,3.894081E-4,3.777259E-2,1.947040E-3,7.788162E-4,0,0,0,1.557632E-2,3.894081E-4,1.557632E-3,7.788162E-4,3.894081E-4,3.894081E-4,3.894081E-4,9.345794E-3,1.168224E-3,5.451713E-3,0,1.557632E-3,7.788162E-4,3.894081E-4,0,3.894081E-4,0,1.518692E-2,3.894081E-4,3.894081E-4,1.168224E-3,3.894081E-4,1.168224E-3,0,0,0,1.051402E-2,3.894081E-3,0,7.398754E-3,0,0,0,0,0,4.182243E-1,7.788162E-4,0,0,3.894081E-4,2.636293E-1,0,1.390187E-1,3.504673E-3,2.336449E-3,3.894081E-4,1.168224E-3,7.788162E-4,6.619938E-3,3.894081E-4,3.894081E-4,2.297508E-2,1.557632E-3,2.725857E-3,7.788162E-4,3.894081E-4,3.894081E-4,3.894081E-4,0,1.246106E-2,1.947040E-3,0,0,7.788162E-4,7.398754E-3,2.336449E-3,0,0,8.177570E-3,3.894081E-3,3.115265E-3,1.557632E-3,0,1.830218E-2,7.009346E-3,3.115265E-3,0,0,3.504673E-2,2.842679E-2,2.336449E-2,2.063863E-2,3.894081E-4,1.947040E-3,3.894081E-4,3.894081E-4,3.115265E-3,3.115265E-3,7.788162E-4,1.168224E-3,1.168224E-3,7.788162E-4,3.894081E-4,3.894081E-4,0,1.557632E-3,3.894081E-4,1.947040E-3,7.788162E-4,1.370717E-1,5.841121E-3,1.168224E-3,3.894081E-4,3.894081E-4,1.557632E-3,7.788162E-4,0,1.557632E-3,0,0,1.557632E-3,1.557632E-3,2.102804E-2,1.168224E-3,7.788162E-4,3.894081E-4,3.894081E-4,1.323988E-2,8.566978E-3,3.894081E-3,1.168224E-3,1.168224E-3,3.894081E-4,1.557632E-3,3.894081E-3,1.557632E-3,1.168224E-3,1.557632E-3,3.894081E-4,3.894081E-4,3.894081E-4,1.168224E-3,1.362928E-2,7.788162E-4,1.557632E-3,2.336449E-3,1.168224E-3,2.725857E-3,3.894081E-4,0,0,7.788162E-4,0,2.336449E-3,7.788162E-4,7.788162E-4,3.894081E-4,7.788162E-4,3.894081E-4,3.894081E-4,0,3.894081E-4,3.894081E-4,2.725857E-3,2.725857E-3,2.336449E-3,3.894081E-4,1.168224E-3,1.168224E-3,0,3.894081E-4,2.725857E-3,6.230530E-3,6.230530E-3,9.735202E-3,9.735202E-3,1.923676E-1,2.725857E-2,4.283489E-3,3.894081E-4,3.504673E-3,1.947040E-3,1.557632E-3,3.894081E-4,3.894081E-4,7.788162E-4,0,3.894081E-4,0,0,0,0,3.504673E-3,3.504673E-3,5.451713E-3,2.725857E-3,3.115265E-3,7.788162E-3,1.168224E-3,1.690031E-1,1.507009E-1,1.908100E-2,1.168224E-3,3.894081E-4,0,0,0,7.788162E-4,2.725857E-3,3.894081E-4,2.336449E-3,0,3.115265E-3,7.788162E-4,2.336449E-3,0,2.336449E-3,1.168224E-3,0,7.788162E-4,0,7.788162E-4,3.894081E-4,3.894081E-4,7.788162E-4,4.828660E-2,3.894081E-4,4.789720E-2,3.504673E-3,3.894081E-4,7.788162E-4,7.788162E-4,7.788162E-4,3.894081E-4,3.894081E-4,3.894081E-4,3.894081E-4,9.735202E-3,0,7.788162E-4,3.894081E-4,3.894081E-4,3.115265E-3,3.115265E-3,1.557632E-3,7.788162E-4,1.557632E-3,1.168224E-3,3.894081E-4,8.177570E-3,0,7.398754E-3,1.168224E-3,1.168224E-3,0,0,6.230530E-3,1.168224E-3,5.451713E-3,0,5.451713E-3,1.168224E-3,3.894081E-4,3.894081E-4,3.894081E-4,1.168224E-3,1.168224E-3,1.596573E-2,1.168224E-2,1.557632E-3,3.894081E-4,3.894081E-4,1.090343E-2,4.283489E-3,3.504673E-3,3.894081E-4,7.788162E-4,0,0,0,0,1.557632E-3,0,1.557632E-3,1.168224E-3,3.894081E-4,6.191589E-2,1.635514E-2,1.323988E-2,7.788162E-3,2.725857E-3,2.336449E-3,1.168224E-3,1.947040E-3,5.841121E-3,7.788162E-4,4.672897E-3,3.894081E-4,4.283489E-3,4.283489E-3,1.168224E-3,3.894081E-4,3.894081E-4,3.933022E-2,3.271028E-2,2.141745E-2,1.518692E-2,3.894081E-3,1.168224E-3,1.168224E-3,7.788162E-4,3.894081E-4,0,7.788162E-4,1.947040E-3,0,1.791277E-2,8.956386E-3,1.947040E-3,4.672897E-3,3.894081E-4,3.894081E-4,9.447040E-1,2.063863E-2,7.788162E-4,0,2.024922E-2,0,0,0,5.919003E-2,7.788162E-4,1.947040E-3,1.557632E-3,3.894081E-4,2.336449E-3,0,1.168224E-3,0,0,7.788162E-4,0,7.788162E-4,1.168224E-3,1.947040E-3,0,0,0,3.894081E-4,7.788162E-4,0,3.894081E-4,7.788162E-4,7.788162E-4,1.168224E-3,0,0,0,2.336449E-3,2.336449E-3,3.894081E-4,3.894081E-4,3.894081E-4,3.504673E-3,7.788162E-4,3.894081E-4,0,0,0,0,0,0,0,0,0,2.336449E-3,0,0,1.947040E-3,1.947040E-3,0,0,0,0,3.894081E-4,7.788162E-4,7.788162E-4,3.894081E-4,3.894081E-4,3.894081E-4,0,0,2.725857E-3,2.336449E-3,3.894081E-4,7.788162E-4,3.894081E-4,7.788162E-4,7.788162E-4,7.788162E-4,3.894081E-4,3.894081E-4,2.920561E-2,3.894081E-3,2.336449E-3,0,7.398754E-3,3.894081E-4,0,1.791277E-2,3.115265E-3,8.566978E-3,1.947040E-3,5.062305E-3,1.168224E-3,1.168224E-3,1.168224E-3,0,7.788162E-4,3.894081E-4,3.894081E-4,7.398754E-3,7.788162E-4,0,0,0,6.619938E-3,3.894081E-4,2.336449E-3,3.115265E-3,1.557632E-3,1.701713E-1,1.051402E-2,1.530374E-1,1.436916E-1,3.894081E-4,9.345794E-3,0,7.788162E-4,7.788162E-4,7.788162E-4,3.894081E-3,3.894081E-3,3.894081E-3,3.894081E-3,1.557632E-3,1.557632E-3,1.168224E-3,1.168224E-3,0,0,1.947040E-3,0,0,0,0,0,0,3.894081E-4,3.894081E-4,3.894081E-4,9.256231E-1,9.345794E-3,6.619938E-3,7.242991E-2,7.788162E-4,4.283489E-3,3.894081E-4,3.894081E-4,3.894081E-4,1.947040E-3,3.504673E-3,2.063863E-2,2.063863E-2,1.985981E-2,2.336449E-3,0,3.777259E-2,1.401869E-2,2.725857E-2,3.894081E-4,1.129283E-2,1.947040E-3,3.894081E-4,3.894081E-4,1.557632E-3,7.788162E-4,7.788162E-4,0,7.788162E-4,7.788162E-4,0,0,3.894081E-3,1.168224E-3,7.788162E-4,3.894081E-4,3.894081E-4,1.557632E-3,1.557632E-3,1.557632E-3,8.602025E-1,1.323988E-2,5.451713E-3,3.115265E-3,1.947040E-3,0,3.894081E-4,0,3.894081E-4,3.894081E-4,3.894081E-4,1.168224E-3,3.894081E-4,4.283489E-3,7.788162E-4,7.788162E-4,2.725857E-3,2.725857E-3,7.788162E-4,7.788162E-4,2.289720E-1,3.894081E-4,3.894081E-4,3.894081E-4,2.725857E-3,7.788162E-4,7.788162E-4,1.168224E-3,3.894081E-4,3.894081E-4,7.788162E-4,2.336449E-3,3.115265E-3,3.894081E-4,7.788162E-4,1.557632E-3,2.336449E-3,0,0,3.894081E-4,2.725857E-3,3.894081E-4,0,0,7.788162E-4,1.168224E-3,7.788162E-4,3.894081E-4,1.168224E-3,0,3.894081E-4,7.788162E-4,0,3.894081E-4,0,1.557632E-3,0,3.894081E-4,3.894081E-4,0,7.788162E-4,7.788162E-4,7.788162E-4,0,7.788162E-4,1.168224E-3,7.788162E-4,7.788162E-4,0,2.422118E-1,2.316978E-1,2.313084E-1,1.168224E-2,1.557632E-3,0,6.619938E-3,3.504673E-3,7.788162E-4,0,0,0,3.084112E-1,0,2.725857E-3,3.115265E-3,0,7.398754E-3,7.593458E-2,1.518692E-2,0,1.129283E-2,1.090343E-2,3.894081E-4,1.168224E-3,3.154206E-2,1.557632E-3,2.258567E-2,9.618380E-2,3.115265E-3,0,7.788162E-4,7.788162E-4,1.947040E-3,1.557632E-3,0,0,7.788162E-4,7.788162E-4,7.788162E-4,7.788162E-4,7.788162E-4,3.894081E-4,1.557632E-3,3.894081E-4,1.168224E-3,0,7.788162E-4,7.788162E-4,7.788162E-4,1.168224E-3,7.788162E-4,7.788162E-4,7.788162E-4,7.788162E-4,1.168224E-3,7.788162E-4,3.894081E-4,8.177570E-3,3.894081E-4,2.881620E-2,1.830218E-2,3.115265E-3,6.230530E-3,3.894081E-4,3.894081E-4,6.619938E-3,5.841121E-3,3.894081E-4,0,1.947040E-3,3.894081E-4,3.894081E-4,1.168224E-3,1.168224E-3,1.168224E-3,3.894081E-4,0,2.725857E-3,3.894081E-4,1.168224E-3,1.168224E-3,3.894081E-4,7.788162E-4,2.725857E-3,7.788162E-4,3.894081E-4,7.788162E-4,2.453271E-2,8.177570E-3,1.869159E-2,3.894081E-4,1.012461E-2,1.012461E-2,3.894081E-4,7.788162E-4,3.894081E-4,3.894081E-4,1.947040E-3,1.752336E-2,1.947040E-3,1.168224E-3,0,3.894081E-4,1.168224E-3,0,2.336449E-3,8.566978E-3,6.619938E-3,1.168224E-3,1.168224E-3,3.894081E-4,3.894081E-4,3.894081E-4,3.115265E-3,7.788162E-4,1.557632E-3,0,1.168224E-3,1.168224E-3,7.788162E-4,0,0,0,0,0,0,4.672897E-3,1.168224E-3,1.168224E-3,7.788162E-4,1.557632E-3,1.947040E-3,7.788162E-4,1.557632E-3,3.894081E-4,3.894081E-4,7.788162E-4,7.009346E-3,7.009346E-3,2.336449E-3,1.168224E-3,5.510125E-1,7.788162E-4,3.894081E-4,3.894081E-4,0,7.788162E-4,7.788162E-4,0,3.777259E-2,2.180685E-2,0,2.141745E-2,1.635514E-2,0,1.557632E-2,3.816199E-2,0,4.672897E-3,1.947040E-3,0,1.947040E-3,0,0,0,0,0,1.168224E-3,7.788162E-4,3.894081E-4,0,0,0,0,4.672897E-3,1.168224E-3,0,0,1.168224E-3,7.788162E-4,1.168224E-3,1.168224E-3,7.788162E-4,7.788162E-4,1.168224E-3,0,0,7.788162E-4,1.947040E-3,1.947040E-3,3.894081E-4,1.985981E-2,6.230530E-3,0,1.285047E-2,3.894081E-4,7.788162E-4,2.297508E-1,3.115265E-3,7.788162E-4,3.894081E-4,1.557632E-3,3.894081E-4,3.894081E-4,3.894081E-4,4.283489E-3,3.115265E-3,7.788162E-4,3.894081E-4,3.115265E-3,7.788162E-4,8.177570E-3,5.451713E-3,0,3.894081E-4,3.894081E-4,1.168224E-3,2.453271E-2,1.051402E-2,7.788162E-3,2.336449E-2,1.674455E-2,9.735202E-3,3.504673E-3,7.009346E-3,7.788162E-4,7.788162E-4,1.168224E-3,0,3.504673E-3,2.336449E-3,2.336449E-3,6.230530E-3,1.947040E-3,0,0,1.947040E-3,0,3.971963E-2,1.168224E-3,3.894081E-4,7.788162E-4,0,1.090343E-2,1.090343E-2,2.336449E-3,3.115265E-3,3.115265E-3,1.168224E-3,1.947040E-3,3.894081E-4,5.451713E-3,5.451713E-3,0,0,0,0,1.557632E-3,1.557632E-3,1.168224E-3,7.788162E-4,7.788162E-4,2.336449E-3,1.401869E-2,1.168224E-3,1.557632E-3,3.894081E-4,3.894081E-4,7.788162E-4,7.788162E-4,3.894081E-4,7.788162E-4,0,7.788162E-4,7.788162E-4,7.788162E-4,3.894081E-4,1.168224E-3,8.956386E-3,3.894081E-4,3.894081E-4,3.738318E-2,3.894081E-4,8.566978E-3,4.283489E-3,4.283489E-3,3.894081E-3,7.788162E-4,7.788162E-4,7.788162E-4,3.894081E-4,3.894081E-3,1.557632E-3,2.336449E-3,2.336449E-3,1.168224E-3,1.168224E-3,4.283489E-3,1.947040E-3,2.725857E-3,4.283489E-3,3.894081E-3,3.504673E-3,3.894081E-4,3.894081E-4,3.894081E-4,1.168224E-3,3.894081E-4,7.788162E-4,0,3.894081E-4,8.956386E-3,3.894081E-4,0,3.894081E-4,4.283489E-3,3.894081E-4,3.894081E-4,7.788162E-4,3.894081E-4,0,1.947040E-3,1.168224E-3,7.788162E-4,7.788162E-4,7.788162E-4,9.345794E-3,2.725857E-3,3.115265E-3,7.788162E-4,3.894081E-4,3.894081E-4,0,1.168224E-3,7.788162E-4,0,7.788162E-4,3.894081E-4,3.894081E-4,3.894081E-4,3.894081E-4,5.880062E-2,7.788162E-3,3.504673E-3,1.947040E-3,1.168224E-3,7.788162E-4,5.062305E-3,7.788162E-4,1.479751E-2,3.894081E-4,1.168224E-3,1.168224E-3,1.557632E-3,1.168224E-3,1.168224E-3,3.894081E-4,3.894081E-4,1.168224E-3,3.894081E-4,0,1.557632E-3,7.788162E-4,1.557632E-3,7.788162E-4,1.168224E-3,3.894081E-4,1.557632E-3,7.788162E-4,1.168224E-3,4.283489E-3,0,7.788162E-4,3.115265E-3,7.788162E-4,9.735202E-3,1.947040E-3,3.504673E-3,1.947040E-3,1.168224E-3,7.788162E-4,7.788162E-4,3.894081E-4,3.115265E-3,1.947040E-3,1.947040E-3,1.557632E-3,3.894081E-4,1.168224E-3,3.894081E-4,2.336449E-3,2.725857E-3,2.725857E-3,7.788162E-4,3.894081E-4,2.336449E-3,1.557632E-3,1.947040E-3,2.141745E-2,1.947040E-3,1.168224E-3,0,7.788162E-4,1.713396E-2,3.894081E-3,1.168224E-3,3.894081E-4,1.168224E-3,1.947040E-3,7.788162E-4,1.168224E-3,7.788162E-4,6.619938E-3,3.894081E-4,3.894081E-4,2.725857E-3,1.168224E-3,1.557632E-3,0,0,7.788162E-4,3.894081E-4,0,1.028037E-1,3.894081E-4,1.168224E-3,1.440810E-2,2.297508E-2,4.361371E-2,9.735202E-3,2.959502E-2,6.230530E-3,2.920561E-2,3.894081E-4,3.894081E-4,5.451713E-3,0,3.894081E-4,7.788162E-4,0,3.894081E-4,8.177570E-3,3.894081E-4,0,7.788162E-3,3.504673E-3,3.504673E-3,3.115265E-3,7.788162E-4,1.557632E-3,3.894081E-4,7.788162E-4,1.401869E-2,7.788162E-4,2.725857E-3,7.788162E-4,1.168224E-3,3.894081E-4,1.557632E-3,2.336449E-3,3.894081E-4,3.894081E-4,1.168224E-3,0,7.788162E-4,2.336449E-3,0,3.894081E-4,2.063863E-2,3.894081E-4,1.557632E-3,8.956386E-3,6.230530E-3,1.168224E-3,3.894081E-4,0,1.557632E-3,1.168224E-3,1.168224E-3,3.894081E-4,0,7.788162E-4,3.894081E-4,0,4.828660E-2,3.894081E-3,1.168224E-2,3.894081E-4,1.129283E-2,1.168224E-3,3.894081E-4,7.788162E-3,2.725857E-3,1.557632E-3,3.115265E-3,1.947040E-3,1.947040E-3,3.894081E-3,1.557632E-3,1.168224E-3,2.336449E-3,7.788162E-4,3.894081E-4,1.947040E-3,4.672897E-3,3.115265E-3,0,7.788162E-4,1.557632E-3,7.788162E-4,1.362928E-2,2.336449E-3,3.894081E-4,1.557632E-3,1.557632E-3,7.788162E-4,7.788162E-4,0,0,1.557632E-3,3.504673E-3,3.894081E-4,3.894081E-4,3.894081E-4,3.894081E-4,7.788162E-4,1.947040E-3,1.168224E-3,3.894081E-4,0,1.168224E-3,1.557632E-3,1.518692E-2,1.323988E-2,4.672897E-3,3.894081E-4,3.894081E-4,1.557632E-3,0,0,3.894081E-3,0,1.947040E-3,0,1.168224E-3,1.168224E-3,3.894081E-4,3.894081E-4,4.478193E-2,1.947040E-3,2.570093E-2,7.788162E-4,7.788162E-4,1.168224E-3,2.725857E-3,3.894081E-4,1.557632E-3,1.168224E-3,7.788162E-4,2.725857E-3,2.725857E-3,3.894081E-4,1.557632E-3,0,7.788162E-4,1.207165E-2,7.788162E-4,7.398754E-3,4.672897E-3,1.557632E-3,2.336449E-3,1.168224E-3,2.725857E-3,2.336449E-3,6.658879E-2,3.894081E-4,2.725857E-3,2.336449E-3,7.788162E-4,2.336449E-3,1.947040E-3,7.788162E-4,1.168224E-3,3.894081E-3,4.244548E-2,1.947040E-3,3.894081E-4,3.894081E-4,3.894081E-4,1.557632E-3,1.168224E-3,7.788162E-4,7.788162E-4,1.129283E-2,1.129283E-2,0,1.947040E-3,1.947040E-3,7.788162E-4,7.788162E-4,7.788162E-4,3.894081E-4,7.788162E-4,3.894081E-4,3.894081E-4,3.894081E-4,7.788162E-4,0,7.788162E-4,7.788162E-4,0,3.894081E-4,1.168224E-3,7.788162E-4,1.168224E-3,3.894081E-4,1.947040E-3,1.947040E-3,1.557632E-3,0,2.842679E-2,2.725857E-3,1.168224E-3,1.557632E-3,1.168224E-3,5.451713E-3,2.336449E-3,1.168224E-3,3.894081E-4,3.894081E-4,3.894081E-4,3.894081E-4,0,1.985981E-2,1.557632E-2,7.788162E-4,6.230530E-3,3.894081E-4,3.894081E-4,3.894081E-4,3.894081E-4,1.947040E-3,3.894081E-4,3.504673E-3,1.168224E-3,7.788162E-4,7.788162E-4,3.894081E-4,3.894081E-4,3.738318E-2,1.947040E-3,1.557632E-3,1.557632E-3,7.788162E-4,3.894081E-4,3.154206E-2,7.788162E-4,2.375389E-2,2.375389E-2,3.894081E-4,1.947040E-3,1.168224E-3,3.894081E-4,2.336449E-3,1.947040E-3,1.557632E-3,0,7.788162E-4,1.168224E-3,8.956386E-3,4.283489E-3,4.283489E-3,0,5.841121E-3,3.894081E-4,3.504673E-3,2.336449E-3,2.336449E-3,3.894081E-4,3.894081E-4,0,0,0,0,0,0,3.504673E-3,3.504673E-3,0,0,0,3.894081E-4,7.788162E-4,0,0,3.894081E-4,3.894081E-4,2.336449E-2,7.788162E-4,1.557632E-3,1.908100E-2,1.479751E-2,1.168224E-3,0,1.557632E-3,2.725857E-3,2.336449E-3,0,7.788162E-4,3.894081E-4,3.894081E-4,3.894081E-4,1.168224E-3,7.788162E-4,3.894081E-4,3.894081E-4,3.894081E-4,3.894081E-4,1.947040E-3,1.947040E-3,1.168224E-3,7.788162E-4,0,3.115265E-3,3.115265E-3,1.557632E-3,1.168224E-3,7.788162E-4,3.894081E-4,3.894081E-4,7.788162E-4,0,3.894081E-4,0,7.788162E-4,0,0,0,0,0,9.781931E-1,0,0,0,0,0,6.623832E-1,2.492212E-2,0,0,2.453271E-2,0,0,2.414330E-2,1.012461E-2,4.672897E-3,3.894081E-4,7.788162E-4,7.788162E-4,3.894081E-4,7.788162E-4,2.336449E-3,1.168224E-3,9.345794E-3,7.398754E-3,3.894081E-3,3.115265E-3,3.115265E-3,0,5.841121E-3,2.336449E-3,1.557632E-3,2.336449E-3,0,0,3.894081E-4,0,0,3.894081E-4,0,0,0,0,0,1.947040E-3,0,3.894081E-4,1.168224E-3,7.788162E-4,7.788162E-4,0,0,0,0,0,3.894081E-4,3.894081E-4,0,3.894081E-4,3.894081E-4,3.894081E-4,3.894081E-4,0,0,0,0,0,0,6.281153E-1,3.504673E-3,1.985981E-2,1.985981E-2,1.908100E-2,7.788162E-3,0,0,0,6.230530E-3,3.894081E-4,0,0,0,0,4.672897E-3,1.557632E-3,3.115265E-3,0,0,0,7.788162E-4,0,3.894081E-4,0,0,0,3.894081E-4,0,8.956386E-3,3.894081E-4,3.504673E-3,2.725857E-3,7.788162E-4,3.894081E-4,0,3.894081E-4,0,3.894081E-4,3.894081E-4,1.947040E-3,1.947040E-3,3.115265E-3,0,0,1.557632E-3,3.894081E-4,1.168224E-3,7.788162E-4,0,3.894081E-4,0,7.788162E-4,7.788162E-4,7.788162E-4,7.788162E-4,5.841121E-3,3.894081E-4,3.894081E-4,5.062305E-3,5.062305E-3,5.841121E-3,1.168224E-3,0,3.894081E-4,3.894081E-4,3.894081E-4,7.788162E-4,0,3.360592E-1,3.150312E-1,3.115265E-2,1.947040E-3,7.788162E-4,7.788162E-4,0,5.062305E-3,3.894081E-3,0,2.336449E-3,7.788162E-4,1.557632E-3,1.168224E-3,3.894081E-4,3.894081E-4,0,0,0,1.168224E-3,7.788162E-4,3.894081E-4,3.894081E-4,3.894081E-4,3.894081E-4,1.168224E-3,0,0,0,0,3.894081E-4,0,3.894081E-4,3.894081E-4,0,0,1.168224E-3,3.894081E-4,3.894081E-4,3.894081E-4,0,0,7.788162E-4,7.788162E-4,3.894081E-4,3.894081E-4,3.894081E-4,0,3.894081E-4,3.894081E-4,3.894081E-4,0,0,0,0,0,0,7.788162E-4,7.788162E-4,3.894081E-4,3.894081E-4,0,2.725857E-2,1.635514E-2,1.090343E-2,1.090343E-2,1.168224E-3,3.894081E-4,7.788162E-4,3.894081E-4,1.168224E-3,3.894081E-4,3.115265E-3,2.336449E-3,7.788162E-4,5.841121E-3,5.841121E-3,0,0,1.168224E-3,1.168224E-3,7.788162E-4,7.788162E-4,4.283489E-3,2.336449E-3,2.336449E-3,1.168224E-3,1.168224E-3,0,0,0,0,0,0,0,0,0,0,0,0,0,0,0,0,1.674455E-2,5.841121E-3,2.725857E-3,7.788162E-4,3.894081E-4,0,1.557632E-3,1.557632E-3,7.788162E-4,7.788162E-4,0,0,2.725857E-3,7.788162E-4,3.894081E-4,3.894081E-4,7.788162E-4,1.557632E-3,0,3.894081E-4,3.894081E-4,0,0,0,3.894081E-4,3.894081E-4,1.947040E-3,0,3.894081E-4,3.894081E-4,2.725857E-3,0,2.725857E-3,0,2.725857E-3,7.788162E-4,1.557632E-3,1.557632E-3,1.168224E-3,1.168224E-3,0,3.894081E-4,3.894081E-4,0,0,0,0,2.219626E-2,9.735202E-3,8.956386E-3,3.894081E-4,0,0,0,0,0,0,0,0,0,0,3.504673E-3,3.504673E-3,3.115265E-3,1.947040E-3,1.168224E-3,3.894081E-4,3.894081E-4,7.788162E-4,3.894081E-4,3.894081E-4,0,7.788162E-4,0,0,0,0,0,0,0,0,0,0,0,0,0,2.725857E-3,2.725857E-3,2.336449E-3,7.788162E-4,1.557632E-3,0,0,0,7.788162E-4,3.894081E-4,3.894081E-4,3.894081E-4,7.788162E-4,7.788162E-4,7.788162E-4,0,0,7.788162E-4,0,0,0,0,0,0,0,0,0,0,0,0,3.894081E-4,0,0,0,0,0,0,0,0,0,0,0,0,0,0,0,0,0,0,6.619938E-3,3.504673E-3,0,1.557632E-3,3.894081E-4,0,0,0,0,0,0,1.168224E-3,3.894081E-4,1.947040E-3,1.947040E-3,1.947040E-3,0,4.672897E-3,0,0,0,3.894081E-4,0,3.894081E-4,3.894081E-4,0,0,1.557632E-3,7.788162E-4,7.788162E-4,7.788162E-4,3.894081E-4,0,7.788162E-4,3.894081E-4,3.894081E-4,1.168224E-3,7.788162E-4,3.894081E-4,3.894081E-4,0,3.894081E-4,3.894081E-4,3.894081E-4,0,0,3.894081E-4,0,0,0,0,0,0,0,1.947040E-3,1.557632E-3,3.894081E-4,0,0,2.753115E-1,1.012461E-1,1.090343E-2,1.168224E-3,2.336449E-3,0,3.894081E-4,3.894081E-4,2.725857E-3,2.336449E-3,7.788162E-4,7.788162E-4,2.336449E-3,7.788162E-4,3.894081E-4,1.479751E-2,8.177570E-3,7.788162E-4,3.894081E-3,3.894081E-3,2.336449E-3,2.725857E-3,7.788162E-4,3.894081E-4,1.168224E-3,1.012461E-2,3.894081E-4,3.894081E-4,3.894081E-4,4.517134E-2,0,4.672897E-3,7.398754E-3,7.788162E-4,7.788162E-4,3.894081E-4,3.894081E-4,3.894081E-4,5.451713E-3,1.947040E-3,3.504673E-3,7.788162E-4,1.362928E-2,6.230530E-3,7.788162E-4,0,1.168224E-3,3.894081E-4,7.788162E-4,1.168224E-3,1.557632E-3,0,7.788162E-4,1.168224E-3,7.788162E-4,7.788162E-4,7.788162E-4,7.788162E-4,7.788162E-4,0,4.711838E-2,1.518692E-2,1.362928E-2,5.841121E-3,3.894081E-4,3.115265E-3,1.557632E-3,8.177570E-3,6.230530E-3,1.557632E-3,3.894081E-4,0,1.168224E-3,7.788162E-4,1.246106E-2,1.246106E-2,1.401869E-2,1.168224E-3,8.566978E-3,7.788162E-3,3.504673E-3,3.504673E-3,7.788162E-4,2.336449E-3,3.894081E-4,1.168224E-3,3.894081E-4,1.168224E-3,3.894081E-4,1.168224E-3,3.504673E-3,2.725857E-3,0,0,3.894081E-3,1.168224E-3,7.788162E-4,0,7.788162E-4,1.168224E-3,0,0,7.788162E-4,1.207165E-2,5.451713E-3,0,5.062305E-3,3.894081E-3,3.115265E-3,1.168224E-3,5.451713E-3,3.894081E-3,3.894081E-4,0,0,1.966511E-1,3.894081E-4,0,6.814642E-2,7.788162E-4,0,0,0,7.009346E-3,3.504673E-3,3.504673E-3,3.504673E-3,3.894081E-4,3.894081E-4,7.788162E-4,7.788162E-4,1.168224E-3,3.894081E-4,3.894081E-4,3.894081E-4,0,0,6.074766E-2,4.322430E-2,1.012461E-2,1.557632E-3,0,1.168224E-3,8.177570E-3,1.168224E-3,3.894081E-4,0,3.894081E-4,3.894081E-4,3.115265E-3,2.725857E-3,7.398754E-3,6.230530E-3,0,3.115265E-3,3.115265E-3,1.012461E-2,8.956386E-3,3.894081E-4,5.841121E-3,1.168224E-3,4.672897E-3,3.894081E-4,3.894081E-4,2.141745E-2,1.401869E-2,5.841121E-3,5.451713E-3,7.788162E-4,3.894081E-4,3.894081E-4,7.788162E-4,7.788162E-4,3.894081E-4,1.557632E-3,0,0,0,0,0,1.557632E-3,3.894081E-4,1.168224E-3,3.894081E-4,3.894081E-4,7.788162E-4,3.894081E-4,3.894081E-4,1.168224E-3,3.894081E-4,0,3.894081E-4,3.894081E-4,3.894081E-4,7.788162E-4,3.894081E-4,0,1.051402E-2,0,7.398754E-3,3.894081E-4,1.168224E-3,4.283489E-3,2.725857E-3,0,2.336449E-3,3.894081E-4,5.841121E-3,5.062305E-3,1.557632E-3,4.283489E-3,2.725857E-3,0,0,1.947040E-3,0,0,3.894081E-4,0,0,1.557632E-3,0,3.894081E-4,0,0,6.230530E-3,5.295950E-2,3.504673E-3,3.115265E-3,3.115265E-3,3.232087E-2,1.479751E-2,7.788162E-4,1.947040E-3,7.009346E-3,4.672897E-3,2.219626E-2,2.180685E-2,3.115265E-3,3.115265E-3,2.336449E-3,3.115265E-3,5.062305E-3,4.672897E-3,4.672897E-3,1.947040E-3,2.336449E-3,5.451713E-3,7.788162E-4,4.283489E-3,7.788162E-4,7.788162E-4,3.894081E-4,4.283489E-3,4.283489E-3,0,3.894081E-4,3.894081E-4,1.947040E-3,7.788162E-4,1.168224E-3,9.073209E-2,1.557632E-3,1.557632E-3,2.336449E-3,2.336449E-3,7.788162E-4,3.894081E-4,3.894081E-4,5.062305E-3,7.788162E-4,3.894081E-3,0,3.894081E-4,1.168224E-2,1.557632E-3,6.619938E-3,1.557632E-3,1.947040E-3,2.725857E-3,1.129283E-2,1.168224E-3,1.012461E-2,3.894081E-4,3.894081E-4,7.437695E-2,1.947040E-3,7.437695E-2,3.894081E-3,1.129283E-2,5.451713E-3,1.947040E-3,3.115265E-3,3.894081E-4,6.619938E-3,3.894081E-4,1.168224E-3,7.788162E-4,4.672897E-3,4.283489E-3,3.894081E-4,1.947040E-2,1.518692E-2,4.283489E-3,4.283489E-3,1.090343E-2,1.012461E-2,3.894081E-4,3.894081E-4,0,3.894081E-4,0,0,3.894081E-4,3.894081E-4,0,3.894081E-4,3.894081E-4,3.894081E-4,7.788162E-4,3.894081E-4,3.894081E-4,0,7.788162E-4,1.168224E-3,3.894081E-4,7.788162E-4,3.894081E-4,0,3.894081E-4,0,3.894081E-4,3.894081E-4,3.894081E-4,1.557632E-3,3.894081E-4,3.894081E-4,3.894081E-4,0,0,3.894081E-4,7.788162E-4,6.619938E-3,6.619938E-3,5.451713E-3,4.283489E-3,7.788162E-4,7.788162E-4,7.788162E-4,3.894081E-4,0,0,2.725857E-3,0,0,0,1.557632E-3,1.557632E-3,7.788162E-4,7.788162E-4,1.557632E-3,3.894081E-4,7.788162E-4,7.788162E-4,0,1.168224E-3,0,1.168224E-3,3.894081E-4,9.735202E-3,0,0,0,9.345794E-3,8.177570E-3,8.177570E-3,5.451713E-3,1.947040E-3,3.894081E-4,3.115265E-3,3.894081E-4,3.894081E-4,9.735202E-3,3.894081E-4,1.947040E-3,2.336449E-3,0,1.168224E-3,3.504673E-3,3.894081E-4,0,3.894081E-4,3.115265E-3,0,0,2.336449E-3,1.557632E-3,1.947040E-3,7.788162E-4,3.894081E-4,0,0,0,0,1.791277E-2,3.115265E-3,1.168224E-3,5.062305E-3,2.336449E-3,3.894081E-4,1.168224E-3,7.788162E-4,1.168224E-3,2.725857E-3,3.894081E-3,3.894081E-3,0,1.947040E-3,3.894081E-3,3.894081E-4,3.894081E-4,3.894081E-4,0,0,0,2.725857E-3,3.894081E-4,2.725857E-3,1.557632E-3,3.894081E-4,1.557632E-3,3.894081E-4,2.725857E-3,2.725857E-3,1.557632E-3,3.894081E-4,0,0,1.168224E-3,0,0,3.894081E-4,3.894081E-4,3.894081E-4,3.894081E-4,3.894081E-4,0,0,3.894081E-4,0,0,0,0,0,0,0,0,0,0,2.725857E-3,2.725857E-3,0,2.725857E-3,2.725857E-3,3.894081E-4,0,3.894081E-4,0,3.894081E-4,0,1.947040E-3,1.947040E-3,0,1.947040E-3,0,1.947040E-3,0,0,0,3.894081E-4,3.894081E-4,0,0,0,0,0,0,3.894081E-3,1.012461E-2,3.894081E-3,1.947040E-3,1.947040E-3,0,7.788162E-4,0,1.557632E-3,3.894081E-3,3.894081E-4,0,0,2.647975E-2,5.841121E-3,2.336449E-3,3.894081E-4,0,7.788162E-4,1.947040E-3,0,0,2.336449E-3,7.788162E-4,1.830218E-2,1.168224E-3,1.557632E-3,1.012461E-2,7.398754E-3,7.788162E-4,3.894081E-4,3.894081E-4,0,0,3.894081E-4,3.894081E-4,0,0,6.619938E-3,7.788162E-4,3.894081E-4,3.894081E-4,2.725857E-3,1.168224E-3,7.788162E-4,3.894081E-4,1.557632E-3,0,0,0,0,0,0,0,7.788162E-4,0,0,2.336449E-3,0,2.336449E-3,1.947040E-3,0,3.894081E-4,0,0,7.788162E-4,3.894081E-4,0,3.894081E-4,3.894081E-4,7.788162E-4,0,3.894081E-4,3.894081E-4,2.336449E-3,1.557632E-3,3.894081E-4,0,3.894081E-4,3.894081E-4,3.894081E-4,3.894081E-4,0,1.674455E-2,1.557632E-3,7.788162E-4,7.788162E-4,3.894081E-4,3.894081E-4,1.557632E-3,1.557632E-3,7.788162E-4,1.323988E-2,2.336449E-3,7.788162E-4,7.788162E-4,7.398754E-3,7.398754E-3,0,1.947040E-3,1.168224E-3,7.788162E-4,3.894081E-4,0,0,3.894081E-4,3.894081E-4,3.894081E-4,3.894081E-4,0,0,0,0,0,0,3.894081E-4,0,8.138629E-2,7.788162E-4,7.788162E-4,0,0,1.012461E-2,0,5.841121E-3,1.947040E-3,1.947040E-3,1.168224E-3,0,0,1.947040E-3,1.947040E-3,0,3.894081E-4,3.894081E-4,0,0,3.894081E-4,3.894081E-4,1.168224E-3,1.168224E-3,0,1.168224E-3,1.168224E-3,0,0,0,0,1.168224E-3,1.168224E-3,3.894081E-4,7.788162E-4,3.894081E-4,3.894081E-4,3.894081E-4,7.048287E-2,3.894081E-4,1.168224E-3,1.168224E-3,1.168224E-3,7.788162E-4,7.788162E-4,0,0,1.557632E-3,1.557632E-3,6.775701E-2,1.168224E-3,3.894081E-4,3.894081E-4,0,1.947040E-3,2.725857E-3,0,6.035826E-2,5.880062E-2,3.660436E-2,1.985981E-2,1.168224E-3,1.168224E-3,3.894081E-4,1.168224E-3,3.894081E-4,3.894081E-4,0,0,0,0,0,0,0,0,7.788162E-4,0,0,0,4.828660E-2,2.998442E-2,5.451713E-3,1.674455E-2,3.115265E-3,1.557632E-3,1.557632E-3,1.557632E-3,1.129283E-2,9.735202E-3,3.894081E-3,3.115265E-3,3.115265E-3,0,0,1.090343E-2,0,1.090343E-2,8.177570E-3,0,1.557632E-3,1.557632E-3,3.894081E-4,1.947040E-3,1.168224E-3,3.504673E-3,3.894081E-4,7.788162E-4,3.894081E-4,3.894081E-4,3.894081E-4,3.894081E-4,0,0,1.168224E-3,0,0,1.168224E-3,0,7.788162E-4,3.894081E-4,3.894081E-4,3.894081E-4,3.894081E-4,3.894081E-4,3.894081E-4,3.894081E-4,3.894081E-4,0,3.894081E-4,3.894081E-4,2.336449E-3,1.168224E-3,0,3.894081E-4,7.788162E-4,3.894081E-4,3.894081E-4,3.894081E-4,3.894081E-4,0,0,0,1.168224E-3,3.894081E-4,0,0,0,0,0,3.894081E-4,3.894081E-4,0,0,6.619938E-3,1.947040E-3,1.947040E-3,4.672897E-3,7.788162E-4,2.725857E-3,0,3.894081E-4,3.894081E-4,3.894081E-4,3.894081E-4,0,0,7.788162E-2,7.788162E-4,1.557632E-3,3.894081E-4,3.894081E-4,3.894081E-4,0,1.557632E-2,3.894081E-4,3.894081E-4,0,7.788162E-4,3.894081E-4,0,1.947040E-3,7.788162E-4,9.345794E-3,2.336449E-3,3.894081E-4,1.168224E-3,7.788162E-4,2.336449E-3,3.894081E-4,3.894081E-4,4.283489E-3,3.115265E-3,3.894081E-4,3.894081E-4,0,0,0,2.141745E-2,2.141745E-2,1.635514E-2,1.557632E-3,7.788162E-4,0,1.518692E-2,3.894081E-4,5.062305E-3,3.894081E-4,3.894081E-3,3.894081E-4,3.115265E-3,1.168224E-3,3.115265E-3,7.788162E-4,3.894081E-4,0,1.557632E-3,7.788162E-4,0,0,4.672897E-3,1.168224E-3,0,3.115265E-3,0,3.894081E-4,3.115265E-3,1.168224E-3,1.557632E-3,0,1.168224E-3,1.168224E-3,3.894081E-3,2.725857E-3,3.894081E-4,1.168224E-3,1.168224E-3,1.168224E-3,1.168224E-3,1.168224E-3,0,1.947040E-3,3.894081E-4,7.788162E-4,0,3.894081E-4,3.894081E-4,3.894081E-4,7.788162E-4,1.947040E-3,1.557632E-3,1.168224E-3,3.894081E-4,0,0,0,3.115265E-3,7.788162E-4,0,0,2.336449E-3,3.894081E-4,1.947040E-3,1.752336E-2,5.062305E-3,1.947040E-3,7.788162E-4,0,0,2.336449E-3,2.336449E-3,2.336449E-3,1.168224E-3,1.168224E-3,0,1.012461E-2,1.012461E-2,4.283489E-3,4.283489E-3,5.841121E-3,3.894081E-4,0,5.451713E-3,3.894081E-3,0,1.557632E-3,7.788162E-4,0,0,6.619938E-3,6.619938E-3,8.956386E-3,8.177570E-3,7.398754E-3,1.947040E-3,7.788162E-4,1.168224E-3,1.168224E-3,3.504673E-3,7.788162E-4,1.168224E-3,3.894081E-4,3.894081E-4,0,1.947040E-3,3.894081E-4,3.894081E-4,3.894081E-4,0,0,0,3.504673E-3,7.788162E-4,7.788162E-4,3.115265E-3,2.336449E-3,1.947040E-3,1.947040E-3,1.947040E-3,3.894081E-4,6.619938E-3,2.725857E-3,1.557632E-3,0,1.557632E-3,0,1.557632E-3,0,3.894081E-4,3.894081E-4,0,0,0,0,3.894081E-4,0,0,0,0,3.894081E-4,3.894081E-4,3.894081E-4,0,1.444704E-1,2.336449E-3,0,2.336449E-3,1.168224E-3,1.168224E-3,1.168224E-3,0,1.168224E-3,1.168224E-3,1.168224E-3,3.894081E-4,0,0,7.788162E-4,3.894081E-4,0,0,0,0,0,0,0,0,0,0,0,0,3.894081E-4,3.894081E-4,3.894081E-4,3.777259E-2,0,3.777259E-2,3.777259E-2,3.777259E-2,2.686916E-2,1.051402E-2,7.788162E-4,2.725857E-3,1.557632E-3,3.894081E-4,1.557632E-3,1.168224E-3,1.947040E-3,1.168224E-3,4.283489E-3,1.211059E-1,1.168224E-1,2.531153E-2,7.788162E-4,3.894081E-3,1.947040E-3,1.947040E-3,3.894081E-4,7.788162E-4,4.672897E-3,3.894081E-4,3.504673E-3,3.894081E-4,0,0,0,0,3.894081E-4,1.090343E-2,0,1.168224E-3,7.788162E-4,1.557632E-3,1.168224E-3,1.518692E-2,9.345794E-3,5.451713E-3,2.725857E-3,3.894081E-4,0,1.168224E-3,1.168224E-3,0,1.557632E-3,3.894081E-4,7.788162E-4,7.788162E-4,3.894081E-4,7.788162E-4,3.894081E-4,3.894081E-4,3.894081E-4,0,3.894081E-4,3.894081E-4,3.894081E-4,3.894081E-4,7.788162E-4,7.788162E-4,8.177570E-3,7.788162E-4,1.947040E-3,1.947040E-3,3.894081E-4,1.947040E-3,3.894081E-4,1.168224E-3,0,1.168224E-3,2.336449E-3,0,3.894081E-4,1.168224E-3,3.894081E-4,3.894081E-4,0,3.894081E-4,3.894081E-4,3.894081E-4,3.894081E-4,1.285047E-2,3.894081E-4,3.894081E-4,1.557632E-3,1.557632E-3,7.788162E-4,3.894081E-4,0,3.894081E-4,3.894081E-4,0,0,0,0,0,3.115265E-3,3.894081E-4,1.557632E-3,1.168224E-3,0,7.788162E-4,3.894081E-4,0,0,3.894081E-4,3.894081E-4,6.619938E-3,6.619938E-3,3.115265E-3,3.115265E-3,0,0,0,0,0,3.894081E-4,0,1.947040E-3,7.788162E-4,1.557632E-3,0,0,0,0,1.323988E-2,1.207165E-2,2.725857E-3,1.557632E-3,0,0,0,8.177570E-3,8.177570E-3,7.788162E-3,7.788162E-4,0,3.894081E-4,0,7.788162E-4,3.894081E-4,3.894081E-4,3.894081E-4,3.894081E-4,0,0,0,0,0,0,3.232087E-2,2.609034E-2,1.985981E-2,8.566978E-3,3.894081E-4,3.894081E-4,3.894081E-4,5.062305E-3,0,1.557632E-3,7.788162E-4,3.894081E-4,1.168224E-3,4.283489E-3,1.168224E-3,1.557632E-3,6.619938E-3,3.894081E-4,5.841121E-3,1.168224E-3,3.894081E-4,7.788162E-4,7.788162E-4,0,1.168224E-3,1.168224E-3,3.504673E-3,1.947040E-3,7.788162E-4,7.398754E-3,4.283489E-3,3.115265E-3,0,1.168224E-3,1.168224E-3,3.894081E-4,7.788162E-4,1.947040E-3,7.788162E-4,7.788162E-4,1.168224E-3,1.947040E-3,3.894081E-4,0,7.788162E-4,0,7.788162E-4,7.788162E-4,7.788162E-4,0,0,1.557632E-3,1.557632E-3,0,0,0,0,0,0,2.336449E-3,1.557632E-3,1.557632E-3,0,0,2.764798E-2,2.063863E-2,2.336449E-3,0,1.557632E-3,3.894081E-4,0,3.894081E-4,3.894081E-4,9.735202E-3,7.788162E-3,2.336449E-3,4.672897E-3,3.115265E-3,2.336449E-3,1.557632E-3,7.788162E-4,0,0,1.168224E-3,0,3.894081E-4,0,0,7.788162E-4,1.557632E-3,1.557632E-3,3.894081E-4,3.894081E-4,7.788162E-4,0,7.788162E-4,0,0,0,4.283489E-3,0,0,4.283489E-3,3.894081E-3,3.894081E-3,3.894081E-4,3.894081E-4,7.788162E-4,3.894081E-4,3.894081E-4,7.009346E-3,1.557632E-3,1.557632E-3,0,2.336449E-3,1.557632E-3,1.557632E-3,0,2.725857E-3,0,0,0,0,0,3.894081E-2,3.894081E-4,2.336449E-3,3.894081E-4,7.788162E-4,3.894081E-4,2.141745E-2,8.177570E-3,8.177570E-3,3.894081E-3,7.788162E-4,2.336449E-3,3.894081E-4,7.788162E-4,7.788162E-4,1.168224E-3,1.168224E-3,1.168224E-3,1.090343E-2,9.345794E-3,3.894081E-4,1.557632E-3,3.894081E-4,1.168224E-3,7.788162E-4,1.051402E-2,9.345794E-3,3.894081E-4,1.557632E-3,2.725857E-3,3.894081E-3,3.894081E-3,4.672897E-3,4.672897E-3,4.283489E-3,7.788162E-4,3.894081E-4,7.788162E-4,7.788162E-4,0,2.725857E-3,1.168224E-3,1.168224E-3,0,0,0,0,0,0,0,0,0,0,0,0,0,0,0,0,0,0,0,0,0,0,0,0,0,0,1.557632E-3,1.557632E-3,0,0,0,0,0,0,5.132399E-1,7.788162E-4,7.788162E-4,7.788162E-4,0,0,3.504673E-3,3.504673E-3,2.336449E-3,1.947040E-3,2.453271E-2,7.009346E-3,1.947040E-3,1.168224E-3,7.788162E-4,1.168224E-3,1.947040E-3,5.451713E-3,2.725857E-3,0,7.788162E-4,3.894081E-4,3.894081E-4,7.788162E-4,7.788162E-4,7.788162E-4,7.788162E-3,6.230530E-3,4.672897E-3,4.672897E-3,4.672897E-3,4.672897E-3,7.788162E-4,3.894081E-4,3.894081E-4,0,3.193146E-2,4.672897E-3,1.246106E-2,1.323988E-2,3.504673E-3,3.504673E-3,3.894081E-4,2.336449E-3,0,1.168224E-2,6.230530E-3,4.283489E-3,4.166667E-2,2.725857E-3,8.177570E-3,5.451713E-3,1.557632E-3,1.557632E-3,7.788162E-4,1.168224E-3,1.168224E-3,3.894081E-4,1.168224E-3,1.168224E-3,7.788162E-4,0,2.647975E-2,3.894081E-4,1.090343E-2,5.841121E-3,1.947040E-3,1.168224E-3,3.504673E-3,1.168224E-3,0,0,1.947040E-3,1.947040E-3,3.894081E-4,3.894081E-4,3.115265E-3,3.894081E-4,1.557632E-3,7.788162E-4,0,0,3.894081E-3,3.894081E-3,3.894081E-3,3.080218E-1,4.283489E-2,1.557632E-3,1.168224E-3,1.168224E-3,0,3.894081E-4,3.115265E-3,1.401869E-2,7.788162E-4,6.230530E-3,1.947040E-2,3.894081E-3,1.012461E-2,7.788162E-3,1.557632E-3,7.788162E-4,0,0,1.168224E-3,3.894081E-4,3.894081E-4,1.947040E-3,1.947040E-3,1.401869E-1,6.619938E-3,3.115265E-3,1.557632E-3,0,2.336449E-3,2.764798E-2,8.566978E-3,1.947040E-3,8.566978E-3,4.672897E-3,1.168224E-3,2.725857E-3,0,1.947040E-3,1.557632E-3,1.557632E-3,1.557632E-3,3.894081E-4,7.398754E-3,7.009346E-3,3.894081E-4,7.788162E-4,3.894081E-4,2.803738E-2,1.207165E-2,0,4.672897E-3,3.894081E-4,3.894081E-4,2.725857E-3,0,1.557632E-3,3.894081E-4,0,3.894081E-4,3.894081E-4,7.788162E-4,3.894081E-4,3.894081E-4,0,2.725857E-3,2.725857E-3,2.336449E-3,1.207165E-2,6.230530E-3,4.283489E-3,7.788162E-4,7.788162E-4,1.557632E-3,0,3.894081E-4,0,0,2.336449E-3,2.336449E-3,0,0,7.788162E-4,0,3.894081E-4,0,2.336449E-3,1.168224E-3,7.398754E-3,1.168224E-3,4.283489E-3,4.283489E-3,4.283489E-3,3.115265E-3,7.788162E-4,8.566978E-3,5.451713E-3,7.788162E-4,7.788162E-4,7.788162E-4,3.894081E-4,3.894081E-4,1.947040E-2,4.283489E-3,2.336449E-3,7.788162E-4,1.947040E-3,3.894081E-4,3.894081E-4,3.894081E-4,0,9.735202E-3,3.894081E-4,3.894081E-4,1.168224E-3,3.115265E-3,3.894081E-4,3.894081E-4,1.168224E-3,3.894081E-4,3.894081E-4,0,3.894081E-4,1.168224E-3,1.479751E-2,4.672897E-3,2.336449E-3,3.894081E-4,1.168224E-3,3.894081E-4,3.894081E-4,7.788162E-4,9.345794E-3,9.345794E-3,3.504673E-3,1.947040E-3,1.168224E-3,1.168224E-3,0,1.557632E-3,2.336449E-3,1.168224E-3,1.168224E-3,0,3.738318E-2,7.788162E-4,9.345794E-3,6.619938E-3,2.336449E-3,3.504673E-3,2.725857E-3,1.168224E-3,0,3.894081E-4,1.557632E-3,1.557632E-3,7.398754E-3,4.672897E-3,0,3.894081E-4,7.788162E-4,3.894081E-4,1.947040E-3,1.947040E-3,1.947040E-3,6.230530E-3,2.725857E-3,2.725857E-3,7.788162E-4,1.557632E-3,7.788162E-4,3.894081E-4,1.051402E-2,3.894081E-3,2.725857E-3,2.336449E-3,7.788162E-4,3.894081E-4,3.894081E-4,1.947040E-3,6.619938E-3,5.451713E-3,2.725857E-3,7.788162E-4,7.788162E-4,7.788162E-4,3.894081E-4,1.246106E-2,3.504673E-3,2.725857E-3,1.168224E-3,1.557632E-3,1.947040E-3,3.894081E-4,1.947040E-3,3.894081E-4,1.168224E-3,1.674455E-2,1.440810E-2,4.283489E-3,4.283489E-3,3.504673E-3,1.168224E-3,1.557632E-3,7.788162E-4,6.619938E-3,2.725857E-3,3.894081E-4,0,7.788162E-4,2.725857E-3,7.788162E-4,3.894081E-4,1.168224E-3,3.894081E-4,3.894081E-4,7.788162E-4,3.894081E-4,3.894081E-4,2.336449E-3,3.894081E-4,1.947040E-3,1.168224E-3,7.788162E-4,0,2.375389E-2,0,2.336449E-3,1.557632E-3,7.788162E-4,3.894081E-4,0,3.894081E-3,0,1.168224E-3,3.894081E-4,3.894081E-4,2.336449E-3,3.894081E-4,3.894081E-4,0,3.894081E-4,3.894081E-4,3.894081E-4,8.956386E-3,0,8.566978E-3,8.566978E-3,3.894081E-4,3.894081E-4,1.557632E-3,7.788162E-4,1.557632E-3,1.557632E-3,0,0,7.788162E-4,7.788162E-4,8.177570E-3,2.336449E-3,3.894081E-4,5.062305E-3,5.062305E-3,3.894081E-3,7.788162E-4,7.788162E-4,2.336449E-3,2.336449E-3,2.336449E-3,1.168224E-3,7.788162E-4,7.788162E-4,0,1.947040E-3,1.168224E-3,1.168224E-3,1.168224E-3,7.788162E-4,3.894081E-4,3.894081E-4,3.894081E-4,4.283489E-3,4.283489E-3,1.947040E-3,1.557632E-3,3.894081E-4,0,9.384735E-2,3.894081E-4,3.894081E-4,5.685358E-2,5.334891E-2,3.894081E-4,0,2.336449E-3,3.894081E-3,1.947040E-3,1.557632E-3,1.557632E-3,1.557632E-3,1.168224E-3,3.894081E-4,0,3.894081E-4,3.894081E-4,7.788162E-4,7.009346E-3,2.725857E-3,7.788162E-4,3.894081E-4,1.168224E-3,2.336449E-3,3.115265E-3,3.894081E-4,3.894081E-4,1.557632E-3,7.788162E-4,3.894081E-4,2.258567E-2,1.168224E-3,7.788162E-4,4.672897E-3,1.557632E-3,1.557632E-3,4.672897E-3,4.672897E-3,4.672897E-3,1.129283E-2,9.735202E-3,1.947040E-3,1.168224E-3,1.168224E-3,4.672897E-3,2.725857E-3,2.725857E-3,1.947040E-3,1.947040E-3,1.557632E-3,0,0,4.283489E-3,1.947040E-3,3.894081E-4,0,0,3.894081E-4,0,1.090343E-2,2.336449E-3,2.336449E-3,1.557632E-3,8.566978E-3,0,0,2.336449E-3,0,7.788162E-4,1.947040E-3,3.115265E-3,1.947040E-3,0,3.037383E-2,3.037383E-2,7.788162E-3,6.619938E-3,1.947040E-3,0,7.788162E-4,7.788162E-4,1.947040E-3,3.894081E-4,3.504673E-3,1.557632E-3,3.894081E-4,2.336449E-3,2.336449E-3,1.947040E-3,3.894081E-4,2.725857E-3,1.168224E-3,1.168224E-3,3.894081E-4,0,2.336449E-3,0,0,7.788162E-4,3.232087E-2,3.232087E-2,2.102804E-2,1.012461E-2,7.788162E-4,3.894081E-4,1.557632E-3,7.788162E-4,7.788162E-4,3.894081E-4,3.894081E-4,1.947040E-3,3.894081E-4,3.894081E-4,3.894081E-4,3.115265E-3,3.115265E-3,0,2.336449E-3,1.168224E-3,0,1.168224E-3,1.168224E-3,0,1.323988E-2,1.323988E-2,3.894081E-4,2.336449E-3,1.947040E-3,3.894081E-4,3.894081E-4,0,0,1.168224E-3,7.788162E-4,0,3.115265E-3,1.557632E-3,3.894081E-4,0,1.168224E-2,1.168224E-2,3.894081E-4,3.894081E-4,3.894081E-4,4.010903E-2,3.894081E-4,1.168224E-3,8.177570E-3,3.076324E-2,7.788162E-4,2.920561E-2,2.803738E-2,1.830218E-2,3.894081E-4,1.168224E-3,0,1.596573E-2,3.894081E-4,5.451713E-3,1.207165E-2,1.557632E-3,3.894081E-4,1.168224E-3,1.947040E-3,7.009346E-3,6.619938E-3,6.619938E-3,6.230530E-3,6.230530E-3,3.894081E-3,3.504673E-3,3.894081E-4,3.894081E-4,3.894081E-4,0,3.894081E-4,3.894081E-4,3.894081E-4,0,0,7.788162E-4,5.607477E-2,3.894081E-4,0,0,0,1.168224E-3,7.788162E-4,3.894081E-4,3.504673E-3,1.557632E-3,1.168224E-3,0,0,0,1.168224E-3,1.168224E-3,3.894081E-4,0,0,0,0,0,0,1.168224E-3,0,1.947040E-3,1.947040E-3,3.894081E-4,3.894081E-4,7.788162E-3,3.894081E-4,3.894081E-4,1.947040E-3,3.894081E-4,1.557632E-3,7.788162E-4,7.788162E-4,1.168224E-3,1.168224E-3,1.168224E-3,1.168224E-3,1.168224E-3,0,0,3.894081E-4,3.894081E-4,3.894081E-4,4.517134E-2,2.336449E-3,4.283489E-3,7.788162E-4,1.947040E-3,1.168224E-3,7.788162E-4,0,2.725857E-3,8.177570E-3,3.115265E-3,4.283489E-3,0,0,1.323988E-2,2.336449E-3,2.725857E-3,2.725857E-3,0,1.557632E-3,7.788162E-3,5.062305E-3,2.725857E-3,3.504673E-3,1.090343E-2,6.619938E-3,3.504673E-3,3.894081E-4,1.947040E-3,2.336449E-3,3.894081E-4,0,0,3.894081E-4,3.894081E-4,8.177570E-3,8.177570E-3,8.177570E-3,3.894081E-3,3.894081E-4,1.557632E-3,1.168224E-3,2.570093E-2,2.492212E-2,1.323988E-2,1.051402E-2,3.504673E-3,1.168224E-3,1.168224E-3,4.283489E-3,3.504673E-3,3.504673E-3,3.894081E-4,3.894081E-4,3.894081E-4,3.894081E-4,3.894081E-4,0,0,3.894081E-4,3.894081E-4,0,3.699377E-2,3.894081E-4,1.479751E-2,5.841121E-3,9.345794E-3,7.788162E-4,1.908100E-2,1.557632E-2,7.788162E-3,7.788162E-3,3.115265E-3,3.115265E-3,2.336449E-3,0,1.557632E-3,1.557632E-3,1.168224E-3,3.894081E-4,7.788162E-4,0,3.582555E-2,1.557632E-3,8.177570E-3,1.168224E-3,7.009346E-3,7.788162E-4,3.115265E-3,2.725857E-3,1.557632E-3,1.557632E-3,1.168224E-3,0,0,0,9.579439E-2,7.788162E-4,7.788162E-4,7.788162E-4,0,7.437695E-2,1.596573E-2,6.619938E-3,1.168224E-3,1.168224E-3,2.725857E-3,3.894081E-4,2.725857E-3,3.894081E-4,0,0,3.894081E-4,3.894081E-4,3.894081E-4,3.894081E-4,3.894081E-4,1.129283E-2,4.283489E-3,1.168224E-3,0,0,0,7.788162E-4,2.336449E-3,3.894081E-4,1.168224E-3,7.788162E-4,7.788162E-4,7.788162E-4,2.336449E-3,7.788162E-4,0,7.788162E-4,7.788162E-4,3.894081E-4,3.894081E-3,1.908100E-2,7.788162E-4,1.557632E-3,1.557632E-3,0,0,3.894081E-4,1.168224E-2,2.336449E-3,3.115265E-3,3.894081E-4,5.451713E-3,3.504673E-3,3.894081E-4,3.894081E-4,3.894081E-4,0,7.788162E-4,3.894081E-4,0,0,3.894081E-4,7.398754E-3,7.398754E-3,3.115265E-3,3.894081E-4,3.894081E-4,1.168224E-3,3.894081E-4,3.894081E-4,3.894081E-4,3.894081E-4,0,3.894081E-4,1.557632E-3,0,3.894081E-4,3.894081E-4,0,3.894081E-4,3.894081E-4,1.168224E-3,3.894081E-4,7.788162E-4,7.788162E-4,8.566978E-3,3.504673E-3,7.788162E-4,1.168224E-3,1.947040E-3,1.947040E-3,3.894081E-4,2.725857E-3,3.894081E-4,0,3.894081E-4,3.894081E-4,7.788162E-4,0,3.894081E-4,3.894081E-4,2.375389E-2,1.596573E-2,1.323988E-2,3.504673E-3,2.725857E-3,2.725857E-3,2.725857E-3,0,0,7.788162E-4,7.788162E-4,0,0,1.051402E-2,1.168224E-3,9.345794E-3,3.894081E-4,1.168224E-3,4.283489E-3,7.788162E-4,0,0,1.168224E-3,0,1.168224E-3,3.894081E-4,1.557632E-3,1.557632E-3,1.557632E-3,0,0,0,0,0,1.168224E-3,1.168224E-3,3.894081E-4,3.894081E-4,5.841121E-3,3.894081E-4,3.894081E-4,3.894081E-4,3.894081E-4,7.788162E-4,7.788162E-4,7.788162E-4,7.788162E-4,0,1.168224E-3,1.168224E-3,7.788162E-4,3.894081E-4,1.557632E-3,1.557632E-3,7.788162E-4,3.894081E-4,3.894081E-4,0,0,3.894081E-4,7.788162E-4,3.894081E-4,3.894081E-4,0,0,0,1.557632E-3,1.557632E-3,0,0,1.557632E-3,1.557632E-3,1.557632E-3,1.557632E-3,0,0,3.504673E-3,3.504673E-3,2.725857E-3,1.947040E-3,1.168224E-3,3.894081E-4,1.168224E-3,3.894081E-4,7.788162E-4,3.894081E-4,3.894081E-4,8.956386E-3,8.956386E-3,3.115265E-3,3.894081E-4,2.336449E-3,2.336449E-3,1.168224E-3,1.168224E-3,3.894081E-4,3.894081E-4,3.894081E-4,0,3.894081E-4,3.894081E-4,0,0,1.168224E-3,2.336449E-3,1.285047E-2,7.398754E-3,4.283489E-3,1.168224E-3,3.894081E-3,3.894081E-3,1.557632E-3,1.168224E-3,3.894081E-4,0,7.788162E-4,7.788162E-4,3.894081E-4,3.894081E-4,3.894081E-4,3.894081E-4,1.168224E-3,0,0,0,3.894081E-4,3.894081E-4,3.894081E-4,0,0,0,0,0,1.090343E-2,1.090343E-2,8.566978E-3,8.566978E-3,8.566978E-3,7.398754E-3,3.894081E-4,3.894081E-4,4.595016E-2,2.375389E-2,0,1.168224E-3,1.168224E-3,1.168224E-3,1.129283E-2,0,3.115265E-3,7.788162E-4,3.894081E-3,2.725857E-3,1.947040E-3,3.894081E-4,3.894081E-4,1.168224E-3,0,3.894081E-4,3.115265E-3,0,0,0,0,0,0,1.947040E-3,1.947040E-3,0,3.894081E-4,0,0,0,0,3.894081E-4,3.894081E-4,3.894081E-4,0,0,0,0,0,0,0,3.894081E-3,0,2.725857E-3,0,1.557632E-3,3.894081E-4,1.168224E-3,3.894081E-4,3.894081E-4,0,7.788162E-4,0,0,0,0,2.063863E-2,0,7.788162E-4,7.788162E-4,7.788162E-4,0,7.788162E-3,1.557632E-3,1.168224E-3,1.168224E-3,1.168224E-3,1.168224E-3,3.894081E-4,3.894081E-4,3.894081E-4,3.894081E-4,3.894081E-4,0,0,0,1.947040E-3,7.788162E-4,0,1.168224E-3,0,0,7.788162E-4,7.788162E-4,3.504673E-3,0,0,0,0,0,0,0,4.672897E-3,0,4.672897E-3,0,0,3.894081E-4,0,1.557632E-3,1.557632E-3,3.504673E-3,0,1.557632E-3,2.336449E-3,0,0,0,0,3.894081E-4,2.558411E-1,3.894081E-4,4.283489E-3,7.788162E-4,3.894081E-4,3.504673E-3,3.894081E-4,1.168224E-3,2.324766E-1,2.281931E-1,6.425234E-2,2.492212E-2,1.557632E-3,1.168224E-3,7.788162E-4,0,5.841121E-3,1.168224E-3,7.788162E-4,7.788162E-4,7.788162E-4,3.894081E-4,3.894081E-4,1.168224E-3,1.168224E-3,3.894081E-4,3.894081E-4,3.894081E-4,7.788162E-4,0,3.894081E-4,0,0,3.894081E-4,0,1.557632E-3,0,0,1.129283E-2,8.566978E-3,3.894081E-4,5.062305E-3,3.115265E-3,1.557632E-3,3.504673E-3,0,0,3.894081E-4,0,1.947040E-3,7.788162E-4,1.168224E-3,2.725857E-3,2.336449E-3,0,0,3.894081E-4,7.788162E-4,0,0,3.115265E-3,2.453271E-2,4.283489E-3,7.788162E-4,7.788162E-4,3.894081E-4,1.557632E-3,3.894081E-4,7.788162E-4,3.894081E-4,3.894081E-4,3.894081E-4,2.180685E-2,3.894081E-4,3.894081E-4,5.451713E-3,4.672897E-3,0,0,2.336449E-3,0,7.788162E-4,3.894081E-4,3.894081E-4,0,0,1.207165E-2,1.947040E-3,3.894081E-4,1.168224E-3,7.788162E-4,3.894081E-4,0,3.894081E-4,3.894081E-4,3.894081E-4,0,7.009346E-3,3.894081E-4,0,0,1.947040E-3,0,3.894081E-4,0,0,0,3.894081E-3,3.894081E-4,0,0,3.894081E-4,0,7.788162E-4,0,1.557632E-3,1.557632E-3,7.788162E-4,7.788162E-4,3.894081E-4,0,2.297508E-2,1.947040E-3,3.894081E-4,3.894081E-4,0,0,0,7.788162E-4,7.788162E-4,7.788162E-3,0,3.894081E-4,0,0,7.788162E-4,7.788162E-4,0,0,6.230530E-3,2.336449E-3,3.894081E-4,3.894081E-4,7.788162E-4,0,3.894081E-4,3.894081E-4,3.894081E-4,7.788162E-4,7.788162E-4,1.168224E-3,1.168224E-3,1.168224E-3,3.894081E-4,3.894081E-4,3.894081E-4,3.894081E-4,7.788162E-4,3.894081E-4,3.894081E-4,3.894081E-4,0,0,1.207165E-2,1.947040E-3,1.168224E-3,3.894081E-4,3.894081E-4,1.051402E-2,2.725857E-3,7.788162E-4,1.168224E-3,7.788162E-4,7.788162E-4,3.894081E-4,0,1.168224E-3,7.788162E-4,0,4.283489E-3,0,3.115265E-3,3.894081E-4,2.725857E-3,3.894081E-4,3.894081E-4,3.894081E-4,3.894081E-4,0,0,0,7.398754E-3,3.115265E-3,0,2.336449E-3,0,7.788162E-4,4.556075E-2,2.063863E-2,1.947040E-3,7.788162E-4,0,1.713396E-2,5.841121E-3,5.062305E-3,7.788162E-4,3.894081E-4,7.398754E-3,5.841121E-3,7.788162E-4,0,0,1.168224E-3,1.168224E-3,3.894081E-4,0,9.929907E-2,5.880062E-2,1.557632E-3,2.219626E-2,8.566978E-3,2.336449E-3,2.336449E-3,1.557632E-3,3.894081E-4,1.090343E-2,3.894081E-4,3.115265E-3,2.725857E-3,1.207165E-2,3.894081E-3,7.788162E-4,9.345794E-3,8.177570E-3,8.177570E-3,8.177570E-3,3.894081E-3,3.115265E-3,3.115265E-3,1.557632E-3,2.725857E-3,3.894081E-4,1.830218E-2,6.619938E-3,1.168224E-3,1.285047E-2,7.788162E-4,3.894081E-3,3.504673E-3,8.177570E-3,1.557632E-3,0,4.672897E-3,4.283489E-3,3.894081E-4,0,0,0,7.788162E-4,0,7.788162E-4,0,0,5.062305E-3,3.894081E-4,2.414330E-2,2.414330E-2,2.063863E-2,2.063863E-2,1.440810E-2,9.735202E-3,7.398754E-3,4.672897E-3,2.336449E-3,7.788162E-4,1.557632E-3,1.557632E-3,1.168224E-3,0,0,1.168224E-3,1.168224E-3,0,3.465732E-2,2.336449E-3,3.894081E-4,0,0,0,0,0,7.009346E-3,7.009346E-3,7.009346E-3,7.788162E-4,3.894081E-4,3.894081E-4,3.894081E-4,7.009346E-3,6.230530E-3,3.894081E-4,3.894081E-4,0,0,0,0,1.051402E-2,0,1.051402E-2,3.504673E-3,4.283489E-3,2.725857E-3,7.788162E-4,7.788162E-4,0,0,0,0,3.894081E-4,3.894081E-4,0,0,1.168224E-3,3.894081E-4,3.894081E-4,3.894081E-4,3.894081E-4,0,1.012461E-2,5.062305E-3,5.062305E-3,1.168224E-3,1.947040E-3,3.894081E-4,3.894081E-4,3.894081E-4,3.894081E-4,0,3.894081E-4,3.894081E-4,1.947040E-3,1.947040E-3,1.557632E-3,3.894081E-4,3.894081E-4,0,0,0,1.168224E-3,0,1.168224E-3,1.168224E-3,1.168224E-3,0,4.984424E-2,3.894081E-4,1.947040E-3,2.336449E-3,1.168224E-3,7.788162E-4,3.894081E-4,3.894081E-4,7.788162E-3,3.894081E-4,0,3.894081E-4,3.894081E-4,0,0,0,1.557632E-3,7.788162E-4,3.894081E-4,3.894081E-4,7.788162E-4,5.451713E-3,5.451713E-3,5.062305E-3,0,3.894081E-4,0,0,3.855140E-2,3.894081E-4,3.777259E-2,3.894081E-4,0,1.168224E-3,3.894081E-4,3.894081E-4,3.738318E-2,0,2.725857E-3,1.168224E-3,3.894081E-4,7.788162E-4,0,7.788162E-4,3.894081E-4,3.894081E-4,3.894081E-4,3.894081E-4,0,0,0,2.725857E-3,1.557632E-3,1.168224E-3,3.894081E-4,1.168224E-3,3.894081E-4,3.894081E-4,0,0,3.894081E-4,3.894081E-4,0,3.894081E-4,0,0,1.557632E-3,0,0,0,1.168224E-3,3.894081E-4,3.894081E-4,0,7.788162E-4,7.788162E-4,3.894081E-4,3.894081E-4,3.894081E-4,0,0,0,3.660436E-2,3.894081E-3,0,2.336449E-3,2.336449E-3,2.336449E-3,0,7.788162E-4,1.168224E-3,0,0,3.504673E-3,0,0,0,3.037383E-2,4.283489E-3,1.557632E-3,7.788162E-4,7.788162E-4,2.647975E-2,3.894081E-4,1.635514E-2,1.557632E-3,7.788162E-3,7.788162E-4,0,1.168224E-3,3.894081E-4,4.672897E-3,2.725857E-3,7.788162E-4,2.725857E-3,1.947040E-3,1.557632E-3,3.894081E-4,3.894081E-4,3.894081E-4,1.168224E-3,1.557632E-3,7.788162E-4,0,0,7.788162E-4,7.788162E-4,0,3.894081E-4,3.894081E-4,3.894081E-4,3.894081E-4,3.894081E-4,0,3.894081E-4,3.894081E-4,1.168224E-3,7.788162E-4,0,1.947040E-3,3.894081E-3,7.788162E-4,3.894081E-4,0,3.894081E-4,3.894081E-4,3.894081E-4,0,2.725857E-3,1.947040E-3,3.894081E-4,3.894081E-4,1.168224E-3,0,0,0,0,1.557632E-3,7.788162E-4,0,7.788162E-4,7.788162E-4,3.894081E-4,3.894081E-4,0,0,0,2.671340E-1,2.480530E-1,7.788162E-4,7.788162E-3,0,0,0,0,0,0,0,0,0,0,0,0,0,0,0,0,0,0,0,0,0,0,0,3.894081E-4,0,3.894081E-4,3.894081E-4,0,0,0,0,3.115265E-3,0,3.894081E-4,0,2.725857E-3,3.894081E-4,0,0,0,0,7.788162E-4,1.557632E-3,1.168224E-3,3.894081E-4,0,0,0,0,3.894081E-4,0,3.894081E-4,3.504673E-3,3.504673E-3,0,3.894081E-4,7.788162E-4,0,3.894081E-4,0,0,0,0,0,0,3.894081E-4,3.894081E-4,0,0,0,0,0,0,0,0,0,0,0,0,0,0,0,1.129283E-2,4.672897E-3,0,5.062305E-3,0,0,0,0,3.894081E-4,0,3.894081E-4,0,1.947040E-3,7.788162E-4,3.894081E-4,0,1.168224E-3,0,0,3.894081E-4,3.894081E-4,3.894081E-4,0,0,0,3.894081E-4,3.894081E-4,0,3.894081E-4,0,0,0,0,0,2.336449E-3,0,1.947040E-3,1.947040E-3,3.894081E-4,1.557632E-3,3.894081E-4,3.894081E-4,0,3.894081E-4,3.894081E-4,0,2.336449E-3,0,2.336449E-3,0,1.168224E-3,0,3.894081E-4,3.894081E-4,3.894081E-4,3.894081E-4,0,0,0,0,0,0,0,1.557632E-3,3.894081E-4,3.894081E-4,3.894081E-4,3.894081E-4,0,0,0,3.894081E-4,0,3.894081E-4,3.894081E-4,3.894081E-4,6.230530E-3,0,0,0,0,3.894081E-4,3.894081E-4,3.894081E-4,2.336449E-3,2.336449E-3,2.336449E-3,1.557632E-3,1.557632E-3,7.788162E-4,7.788162E-4,3.894081E-4,3.894081E-4,0,0,0,3.894081E-4,3.894081E-4,7.788162E-4,0,0,0,0,0,3.894081E-4,3.894081E-4,0,0,0,0,0,0,0,0,0,0,0,3.894081E-4,1.947040E-3,7.788162E-4,3.894081E-4,7.788162E-4,0,3.894081E-4,0,0,0,0,3.894081E-4,3.894081E-4,0,0,1.557632E-3,0,0,7.788162E-4,7.788162E-4,3.894081E-4,3.894081E-4,3.894081E-4,0,0,0,0,0,0,0,0,0,0,0,0,0,0,0,0,0,0,0,0,0,0,0,3.894081E-4,0,0,0,0,0,0,3.894081E-4,0,3.894081E-4,0,0,0,3.894081E-4,3.894081E-4,0,0,0,0,0,7.788162E-4,0,7.788162E-4,0,0,0,2.394860E-1,1.557632E-3,1.557632E-3,7.009346E-3,7.009346E-3,3.894081E-4,3.894081E-4,3.894081E-4,3.894081E-4,2.336449E-3,2.336449E-3,1.557632E-3,0,1.947040E-3,0,0,3.894081E-4,0,1.557632E-3,1.557632E-3,3.894081E-4,7.788162E-4,0,0,0,0,3.504673E-3,3.504673E-3,3.504673E-3,0,0,0,0,1.869159E-1,0,1.168224E-3,1.168224E-3,7.788162E-4,7.788162E-4,0,0,3.894081E-4,0,0,3.894081E-4,3.894081E-4,3.894081E-4,0,0,0,0,0,0,1.320093E-1,1.168224E-3,0,0,0,7.788162E-4,0,7.788162E-4,0,7.788162E-4,7.788162E-4,3.894081E-4,3.894081E-4,0,0,0,3.894081E-4,0,0,3.894081E-4,1.168224E-3,3.894081E-4,3.894081E-4,7.788162E-4,0,0,0,7.788162E-4,0,7.788162E-4,3.894081E-4,3.894081E-4,3.894081E-4,0,2.141745E-2,2.725857E-3,1.168224E-3,1.168224E-3,0,0,0,0,6.230530E-3,7.788162E-4,4.672897E-3,1.947040E-3,1.168224E-3,0,0,7.788162E-4,3.894081E-4,7.788162E-4,7.788162E-4,2.336449E-3,3.894081E-4,3.894081E-4,0,1.557632E-3,1.557632E-3,3.894081E-4,3.894081E-4,3.894081E-4,0,0,3.894081E-4,0,3.894081E-3,3.894081E-4,0,0,0,0,3.504673E-3,1.557632E-3,3.894081E-4,3.894081E-4,3.894081E-4,3.894081E-4,0,5.841121E-3,1.168224E-3,7.788162E-4,3.894081E-4,0,0,3.894081E-4,3.894081E-4,3.894081E-4,1.168224E-3,7.788162E-4,3.894081E-4,3.894081E-4,3.894081E-4,0,1.168224E-3,7.788162E-4,3.894081E-4,3.894081E-4,3.894081E-4,1.168224E-3,1.168224E-3,3.894081E-4,3.894081E-4,0,0,0,3.115265E-3,0,1.557632E-3,1.557632E-3,0,1.557632E-3,1.168224E-3,3.894081E-4,1.152648E-1,0,3.894081E-4,1.557632E-3,0,0,0,1.557632E-3,1.168224E-3,7.788162E-4,7.788162E-4,3.894081E-4,7.788162E-4,3.894081E-4,3.894081E-4,2.725857E-3,0,1.947040E-3,1.947040E-3,7.788162E-4,7.788162E-4,7.788162E-4,7.788162E-4,0,0,0,2.336449E-3,1.168224E-3,7.788162E-4,0,3.894081E-4,3.894081E-4,1.168224E-3,3.894081E-4,3.894081E-4,3.894081E-4,3.894081E-4,3.894081E-4,7.788162E-4,7.788162E-4,1.102025E-1,0,0,1.102025E-1,1.098131E-1,0,2.336449E-3,7.242991E-2,0,3.894081E-4,0,0,0,0,6.113707E-2,1.168224E-3,1.168224E-2,7.788162E-4,3.894081E-4,7.788162E-4,7.788162E-4,5.451713E-3,3.894081E-3,1.557632E-3,0,3.894081E-4,3.894081E-4,3.894081E-4,1.168224E-3,1.168224E-3,0,3.894081E-4,3.894081E-4,3.894081E-4,1.557632E-3,1.557632E-3,3.894081E-4,3.894081E-4,3.894081E-4,3.894081E-4,0,3.894081E-4,3.894081E-4,3.894081E-4,3.115265E-3,3.894081E-4,1.168224E-3,3.894081E-4,0,0,1.168224E-3,0,7.788162E-4,0,1.947040E-3,1.168224E-3,7.788162E-4,0,3.894081E-4,3.894081E-4,3.894081E-4,0,0,0,0,0,0,0,0,0,0,0,1.947040E-3,0,7.788162E-4,7.788162E-4,7.788162E-4,0,0,3.504673E-3,3.894081E-4,7.788162E-4,0,1.168224E-3,1.168224E-3,3.894081E-3,0,0,3.115265E-3,0,3.894081E-4,3.894081E-4,3.894081E-4,0,0,3.232087E-2,3.154206E-2,7.788162E-4,7.788162E-4,3.894081E-4,0,3.894081E-4,3.894081E-4,1.557632E-3,7.788162E-4,3.894081E-4,3.894081E-4,3.894081E-4,3.894081E-4,7.788162E-4,7.788162E-4,0,0,0,0,3.894081E-4,0,0,0,0,7.788162E-4,3.894081E-4,0,0,7.788162E-4,3.894081E-4,3.894081E-4,0,7.788162E-4,3.894081E-4,0,3.894081E-4,0,9.345794E-3,0,2.725857E-3,1.947040E-3,7.788162E-4,7.788162E-4,2.336449E-3,1.947040E-3,1.168224E-3,3.894081E-4,3.894081E-4,3.894081E-4,0,0,0,3.894081E-4,1.557632E-3,3.894081E-4,7.788162E-4,0,0,0,0,3.894081E-4,0,3.504673E-3,0,0,3.504673E-3,3.504673E-3,1.557632E-3,0,0,6.619938E-3,7.788162E-4,0,0,0,0,0,0,0,0,5.841121E-3,4.672897E-3,3.115265E-3,7.788162E-4,0,3.894081E-4,3.894081E-4,3.894081E-4,0,3.894081E-4,0,0,0,0,0,0,0,0,0,0,0,0,0,0,3.232087E-2,3.894081E-4,3.894081E-4,3.894081E-4,3.894081E-4,3.894081E-3,3.894081E-4,3.894081E-4,1.168224E-3,2.336449E-3,3.894081E-4,0,7.788162E-4,7.788162E-4,0,0,0,2.725857E-3,3.894081E-4,3.894081E-4,3.894081E-4,0,0,7.788162E-4,3.894081E-4,0,3.894081E-4,0,3.894081E-4,0,3.894081E-4,0,0,0,0,1.557632E-3,0,0,1.168224E-3,3.894081E-4,0,3.894081E-4,0,0,0,3.894081E-4,0,0,2.336449E-2,2.219626E-2,4.283489E-3,7.788162E-4,7.788162E-4,3.894081E-4,0,3.894081E-4,0,0,0,1.168224E-3,7.788162E-4,6.230530E-3,3.894081E-4,3.894081E-4,1.168224E-3,6.230530E-3,1.168224E-3,3.894081E-4,3.894081E-4,1.168224E-3,2.725857E-3,0,3.894081E-4,3.894081E-4,0,0,0,0,0,0,1.168224E-3,1.168224E-3,7.788162E-4,3.894081E-4,3.894081E-4,0,0,0,2.725857E-3,2.336449E-3,1.947040E-3,7.788162E-4,0,0,3.894081E-4,3.894081E-4,0,0,0,0,0,3.426791E-2,1.830218E-2,1.129283E-2,1.947040E-3,1.168224E-3,0,0,7.788162E-4,3.894081E-4,9.345794E-3,7.788162E-4,3.894081E-4,8.566978E-3,5.451713E-3,2.725857E-3,2.725857E-3,2.725857E-3,7.788162E-4,3.894081E-4,3.894081E-4,3.894081E-4,0,0,1.557632E-3,1.168224E-3,3.894081E-4,0,7.788162E-4,3.894081E-4,0,1.168224E-3,1.168224E-3,1.168224E-3,0,0,0,4.283489E-3,7.788162E-4,3.894081E-4,3.894081E-4,3.894081E-4,7.788162E-4,3.894081E-4,3.894081E-4,3.894081E-4,3.894081E-4,3.894081E-4,3.894081E-4,2.336449E-3,1.947040E-3,1.168224E-3,7.788162E-4,3.894081E-4,3.894081E-4,1.168224E-3,1.168224E-3,3.894081E-4,0,0,0,3.894081E-4,0,0,0,0,0,0,3.894081E-4,0,1.947040E-3,1.947040E-3,3.894081E-4,3.894081E-4,7.788162E-4,3.894081E-4,3.894081E-4,0,1.674455E-2,1.557632E-2,8.566978E-3,3.894081E-4,3.894081E-4,3.894081E-4,3.894081E-4,7.398754E-3,3.894081E-3,7.788162E-4,0,7.788162E-4,3.894081E-4,0,1.557632E-3,1.557632E-3,3.894081E-3,1.168224E-3,3.894081E-4,3.894081E-4,7.788162E-4,3.894081E-4,7.788162E-4,3.894081E-4,1.947040E-3,3.894081E-4,3.894081E-4,0,0,0,2.725857E-3,1.168224E-3,7.788162E-4,7.788162E-4,3.894081E-4,1.557632E-3,3.894081E-4,7.788162E-4,3.894081E-4,3.894081E-4,3.894081E-4,7.788162E-4,7.788162E-4,3.894081E-4,3.894081E-4,3.894081E-4,3.894081E-4,3.894081E-4,3.894081E-4,3.894081E-4,0,0,3.894081E-4,0,3.894081E-4,3.894081E-4,3.894081E-4,0,0,0,3.894081E-4,3.894081E-4,0,1.168224E-3,1.168224E-3,0,0,0,5.062305E-3,0,0,5.062305E-3,1.557632E-3,7.788162E-4,3.894081E-4,3.894081E-4,3.894081E-4,3.894081E-4,3.894081E-4,3.894081E-4,0,7.788162E-4,0,0,0,0,1.557632E-3,7.788162E-4,3.894081E-4,0,3.894081E-4,0,3.894081E-4,0,0,0,3.894081E-4,0,3.894081E-4,0,0,0,0,1.168224E-3,0,0,0,1.168224E-3,3.894081E-4,3.894081E-4,7.788162E-4,0,3.894081E-4,3.894081E-4,3.894081E-4,3.894081E-4,1.323988E-2,3.894081E-4,3.894081E-4,4.283489E-3,2.725857E-3,0,1.947040E-3,1.168224E-3,1.168224E-3,7.788162E-4,7.788162E-4,3.894081E-4,3.894081E-4,0,0,3.894081E-4,3.894081E-4,1.557632E-3,1.168224E-3,1.168224E-3,7.788162E-4,3.894081E-4,0,0,3.894081E-4,3.894081E-4,0,3.894081E-4,1.168224E-3,1.168224E-3,1.168224E-3,5.062305E-3,3.504673E-3,3.115265E-3,3.894081E-4,2.336449E-3,1.947040E-3,0,0,0,1.947040E-3,3.894081E-4,7.788162E-4,3.894081E-4,3.894081E-4,0,3.894081E-4,0,0,0,0,3.894081E-4,3.894081E-4,0,0,0,7.788162E-4,3.894081E-4,3.894081E-4,0,0,3.894081E-4,1.362928E-2,7.788162E-4,7.788162E-4,8.177570E-3,7.788162E-3,0,3.894081E-4,3.894081E-4,3.894081E-4,4.672897E-3,1.557632E-3,3.894081E-4,0,7.788162E-4,2.725857E-3,2.336449E-3,1.168224E-3,3.894081E-4,1.168224E-3,3.894081E-4,3.894081E-4,0,0,0,3.894081E-4,7.788162E-4,7.788162E-4,0,7.788162E-4,7.788162E-4,0,0,0,0,0,0,0,0,0,0,0,0,0,2.336449E-3,1.168224E-3,1.168224E-3,0,3.894081E-4,3.894081E-4,3.894081E-4,1.168224E-3,0,0,3.894081E-4,0,0,0,0,3.894081E-4,3.894081E-4,0,5.179128E-2,3.894081E-3,0,0,2.725857E-3,1.168224E-3,7.788162E-4,5.841121E-3,4.672897E-3,0,0,0,0,1.557632E-3,1.557632E-3,7.788162E-4,1.168224E-3,1.168224E-3,0,0,7.788162E-4,0,7.788162E-4,7.788162E-4,7.788162E-4,2.686916E-2,7.788162E-4,5.841121E-3,7.788162E-4,3.894081E-4,3.894081E-4,1.168224E-3,7.788162E-4,0,1.947040E-3,7.788162E-4,7.788162E-4,3.894081E-4,1.168224E-3,1.168224E-3,0,3.894081E-4,3.894081E-4,1.557632E-3,7.788162E-4,3.894081E-4,3.894081E-4,3.894081E-4,3.894081E-4,3.894081E-4,3.894081E-4,3.894081E-4,3.894081E-4,0,0,3.894081E-4,0,0,0,2.725857E-3,1.947040E-3,1.947040E-3,0,0,0,0,0,0,0,3.894081E-4,1.947040E-3,3.894081E-4,3.894081E-4,0,0,0,0,0,0,3.504673E-3,3.115265E-3,6.230530E-3,3.894081E-3,3.894081E-4,3.894081E-4,0,3.894081E-4,3.894081E-4,1.557632E-3,1.557632E-3,0,2.336449E-3,1.168224E-3,1.168224E-3,0,0,1.947040E-3,7.788162E-4,7.788162E-4,1.168224E-3,7.788162E-4,0,8.566978E-3,7.009346E-3,3.504673E-3,2.336449E-3,2.336449E-3,2.336449E-3,7.788162E-4,7.788162E-4,3.894081E-4,3.894081E-4,1.557632E-3,0,0,3.894081E-4,3.894081E-4,3.894081E-4,0,0,3.894081E-4,3.894081E-4,3.894081E-4,1.168224E-3,0,0,1.168224E-3,0,1.168224E-3,1.168224E-3,0,1.168224E-3,0,0,3.894081E-4,0,0,9.345794E-3,8.956386E-3,3.894081E-4,3.894081E-4,1.947040E-3,7.788162E-4,3.894081E-4,3.894081E-4,7.788162E-4,3.894081E-4,3.115265E-3,1.168224E-3,0,1.947040E-3,1.947040E-3,1.557632E-3,1.557632E-3,1.947040E-3,0,0,0,0,0,1.557632E-3,7.788162E-4,7.788162E-4,0,7.788162E-4,3.894081E-4,3.894081E-4,3.894081E-4,3.894081E-4,0,0,0,0,0,2.725857E-3,3.894081E-4,0,0,0,1.557632E-3,3.894081E-4,0,3.894081E-4,3.894081E-4,3.894081E-4,3.894081E-4,4.672897E-3,0,0,0,4.283489E-3,1.557632E-3,1.557632E-3,2.725857E-3,2.725857E-3,3.894081E-4,2.336449E-3,1.557632E-3,0,3.894081E-4,3.894081E-4,0,0,0,0,1.246106E-2,5.062305E-3,2.725857E-3,1.947040E-3,0,0,0,0,0,3.894081E-4,3.894081E-4,0,0,0,0,0,0,0,0,3.894081E-4,0,3.894081E-4,0,3.894081E-4,3.894081E-4,2.725857E-3,1.168224E-3,0,0,3.894081E-4,0,0,3.894081E-4,3.894081E-4,0,0,0,0,0,0,3.894081E-4,0,0,0,0,0,0,0,0,0,3.894081E-4,3.894081E-4,7.788162E-4,7.788162E-4,0,7.788162E-4,0,0,0,0,1.362928E-2,0,2.725857E-3,0,3.894081E-3,3.894081E-4,3.115265E-3,1.557632E-3,3.894081E-4,3.894081E-4,3.894081E-4,3.894081E-4,5.451713E-3,5.451713E-3,3.894081E-4,0,0,3.894081E-3,0,0,0,3.894081E-3,3.115265E-3,0,0,3.894081E-4,2.725857E-3,0,0,0,0,2.725857E-3,0,0,7.788162E-4,7.788162E-4,0,0,1.168224E-3,1.168224E-3,0,0,0,1.479751E-2,0,7.788162E-4,7.788162E-4,3.894081E-4,3.894081E-4,3.894081E-4,3.894081E-4,9.735202E-3,8.956386E-3,7.788162E-4,7.788162E-4,7.009346E-3,7.788162E-4,5.451713E-3,1.168224E-3,3.894081E-4,3.894081E-4,3.894081E-4,0,0,3.894081E-4,7.788162E-4,0,0,7.788162E-4,7.788162E-4,0,0,0,5.062305E-3,3.894081E-4,7.788162E-4,7.788162E-4,0,3.894081E-3,1.947040E-3,1.557632E-3,1.557632E-3,0,0,0,3.894081E-4,3.894081E-4,0,0,0,0,0,0,0,0,0,0,0,0,0,0,0,0,2.102804E-2,2.102804E-2,2.102804E-2,9.345794E-3,8.177570E-3,4.672897E-3,0,7.788162E-4,0,7.788162E-4,7.788162E-4,7.788162E-4]: 2568

Forest with 10 trees Model
**************************

Forest with 10 models

Forest with 10 trees(T = 0.0) Model
***********************************

Forest with 10 models

Forest with 10 trees(T = 2.0) Model
***********************************

Forest with 10 models

Forest with 10 trees(T = 4.0) Model
***********************************

Forest with 10 models

Forest with 10 trees(T = 6.0) Model
***********************************

Forest with 10 models

Forest with 10 trees(T = 8.0) Model
***********************************

Forest with 10 models

Forest with 10 trees(T = 10.0) Model
************************************

Forest with 10 models

Forest with 10 trees(T = 12.0) Model
************************************

Forest with 10 models

Forest with 10 trees(T = 14.0) Model
************************************

Forest with 10 models

Forest with 10 trees(T = 16.0) Model
************************************

Forest with 10 models

Forest with 10 trees(T = 18.0) Model
************************************

Forest with 10 models

Forest with 10 trees(T = 20.0) Model
************************************

Forest with 10 models

Forest with 10 trees(T = 22.0) Model
************************************

Forest with 10 models

Forest with 10 trees(T = 24.0) Model
************************************

Forest with 10 models

Forest with 10 trees(T = 26.0) Model
************************************

Forest with 10 models

Forest with 10 trees(T = 28.0) Model
************************************

Forest with 10 models

Forest with 10 trees(T = 30.0) Model
************************************

Forest with 10 models

Forest with 10 trees(T = 32.0) Model
************************************

Forest with 10 models

Forest with 10 trees(T = 34.0) Model
************************************

Forest with 10 models

Forest with 10 trees(T = 36.0) Model
************************************

Forest with 10 models

Forest with 10 trees(T = 38.0) Model
************************************

Forest with 10 models

Forest with 10 trees(T = 40.0) Model
************************************

Forest with 10 models

Forest with 10 trees(T = 42.0) Model
************************************

Forest with 10 models

Forest with 10 trees(T = 44.0) Model
************************************

Forest with 10 models

Forest with 10 trees(T = 46.0) Model
************************************

Forest with 10 models

Forest with 10 trees(T = 48.0) Model
************************************

Forest with 10 models

Forest with 10 trees(T = 50.0) Model
************************************

Forest with 10 models

Forest with 10 trees(T = 52.0) Model
************************************

Forest with 10 models

Forest with 10 trees(T = 54.0) Model
************************************

Forest with 10 models

Forest with 10 trees(T = 56.0) Model
************************************

Forest with 10 models

Forest with 10 trees(T = 58.0) Model
************************************

Forest with 10 models

Forest with 10 trees(T = 60.0) Model
************************************

Forest with 10 models

Forest with 10 trees(T = 62.0) Model
************************************

Forest with 10 models

Forest with 10 trees(T = 64.0) Model
************************************

Forest with 10 models

Forest with 10 trees(T = 66.0) Model
************************************

Forest with 10 models

Forest with 10 trees(T = 68.0) Model
************************************

Forest with 10 models

Forest with 10 trees(T = 70.0) Model
************************************

Forest with 10 models

Forest with 10 trees(T = 72.0) Model
************************************

Forest with 10 models

Forest with 10 trees(T = 74.0) Model
************************************

Forest with 10 models

Forest with 10 trees(T = 76.0) Model
************************************

Forest with 10 models

Forest with 10 trees(T = 78.0) Model
************************************

Forest with 10 models

Forest with 10 trees(T = 80.0) Model
************************************

Forest with 10 models

Forest with 10 trees(T = 82.0) Model
************************************

Forest with 10 models

Forest with 10 trees(T = 84.0) Model
************************************

Forest with 10 models

Forest with 10 trees(T = 86.0) Model
************************************

Forest with 10 models

Forest with 10 trees(T = 88.0) Model
************************************

Forest with 10 models

Forest with 10 trees(T = 90.0) Model
************************************

Forest with 10 models

Forest with 10 trees(T = 92.0) Model
************************************

Forest with 10 models

Forest with 10 trees(T = 94.0) Model
************************************

Forest with 10 models

Forest with 10 trees(T = 96.0) Model
************************************

Forest with 10 models

Forest with 10 trees(T = 98.0) Model
************************************

Forest with 10 models

Forest with 10 trees(T = 100.0) Model
*************************************

Forest with 10 models

