Clus run 'cellcycle0.names'
***************************

Date: 3/3/23 8:38 PM
File: cellcycle_GO.f.out
Attributes: 78 (input: 77, output: 1)
Missing values: Yes

[General]
Verbose = 1
RandomSeed = 0
ResourceInfoLoaded = No
DoNotInduce = No
LoggingProperties = logging.properties

[Data]
File = raw_datasets/cellcycle_GO/cellcycle_GO.trainvalid.fake.arff
TestSet = None
PruneSet = None
XVal = 10
RemoveMissingTarget = No
NormalizeData = None

[Attributes]
Target = 78
Clustering = 78
Descriptive = 1-77
Key = None
Disable = None
Weights = Normalize
ClusteringWeights = 1.0
ReduceMemoryNominalAttrs = No
GIS = None

[Constraints]
Syntactic = None
MaxSize = Infinity
MaxError = 0.0
MaxDepth = Infinity

[Nominal]
MEstimate = 1.0

[Model]
MinimalWeight = 5.0
MinimalNumberExamples = 0
MinimalKnownWeight = 0.0
ParamTuneNumberFolds = 3
NominalSubsetTests = Yes

[Tree]
Heuristic = VarianceReduction
HeuristicComplexity = N2
SetDistance = GSMDistance
TupleDistance = Euclidean
TSDistance = DTW
PruningMethod = Default
FTest = 0.05
BinarySplit = Yes
ConvertToRules = No
AlternativeSplits = No
Optimize = []
MSENominal = No
SplitSampling = None
MissingClusteringAttrHandling = EstimateFromParentNode
MissingTargetAttrHandling = ParentNode
InductionOrder = DepthFirst
EntropyType = StandardEntropy
ConsiderUnlableInstancesInIGCalc = No
SpatialMatrix = Binary
SpatialMeasure = GlobalMoran
Bandwidth = 0.001
Longlat = No
NumNeightbours = 0.0
Alpha = 1.0
SplitPosition = Exact

[Hierarchical]
Type = Tree
Distance = WeightedEuclidean
WType = ExpAvgParentWeight
WParam = 0.75
HSeparator = /
EmptySetIndicator = n
OptimizeErrorMeasure = PooledAUPRC
DefinitionFile = None
NoRootPredictions = No
PruneInSig = 0.0
Bonferroni = No
SingleLabel = No
CalculateErrors = Yes
ClassificationThreshold = [0.0,2.0,4.0,6.0,8.0,10.0,12.0,14.0,16.0,18.0,20.0,22.0,24.0,26.0,28.0,30.0,32.0,34.0,36.0,38.0,40.0,42.0,44.0,46.0,48.0,50.0,52.0,54.0,56.0,58.0,60.0,62.0,64.0,66.0,68.0,70.0,72.0,74.0,76.0,78.0,80.0,82.0,84.0,86.0,88.0,90.0,92.0,94.0,96.0,98.0,100.0]
RecallValues = None
EvalClasses = None
MEstimate = No

[Relief]
Neighbours = [10,15]
Iterations = 1.0
WeightNeighbours = No
WeightingSigma = 0.5
ChosenInstances = [-1]
MultilabelDistance = HammingLoss
ReliefStatisticsType = DistanceClassic
MissingTargetHandling = Impute

[Ensemble]
Iterations = [10]
TimeBudget = 0
EnsembleMethod = RForest
EnsembleBootstrapping = Yes
VotingType = ProbabilityDistribution
SelectRandomSubspaces = 9
ROSTargetSubspaceSize = SQRT
ROSAlgorithmType = Disabled
ROSVotingType = SubspaceAveraging
PrintAllModels = No
PrintAllModelFiles = No
PrintAllModelInfo = No
PrintPaths = No
Optimize = No
OOBestimate = No
FeatureRanking = [Genie3, Symbolic]
FeatureRankingPerTarget = No
SymbolicWeight = Dynamic
SortRankingByRelevance = Yes
WriteEnsemblePredictions = No
EnsembleRandomDepth = No
BagSelection = -1
BagSize = 0
NumberOfThreads = 1

[kNN]
K = [1,5,10,15,20,25,30,35,40]
Distance = Euclidean
SearchMethod = BruteForce
DistanceWeighting = [Constant]
AttributeWeighting = none
ChosenInstancesTrain = [-1]
ChosenInstancesTest = [-1]
LoadNeighboursFiles = {}
SaveNeighboursFile = 
IsMlcKnn = No
MlcCountSmoother = 1.0

[SemiSupervised]
SemiSupervisedMethod = PCT
StoppingCriteria = NoneAdded
UnlabeledCriteria = Threshold
ConfidenceThreshold = 0.8
ConfidenceMeasure = Variance
Iterations = 10
K = 5
UnlabeledData = 
PercentageLabeled = 5
UseWeights = No
AirbagTrials = 0
ExhaustiveSearchThresholds = [0.5,0.6,0.7,0.8,0.9,0.99]
OOBErrorCalculation = LabeledOnly
Normalization = MinMaxNormalization
Aggregation = Average
CalibrateHmcThreshold = No
PruningWhenTuning = No
InternalFolds = 5
WeightScoresFile = NO
PossibleWeights = [0.0,0.1,0.2,0.3,0.4,0.5,0.6,0.7,0.8,0.9,1.0]
IterationsSupervisionOptimisation = 0
ForceInternalXValOptimisation = No
ImputeMissingTargetValues = No
InternalFold = -1
ProceedToMain = Yes

[Output]
ShowModels = [Default, Pruned, Others]
TrainErrors = No
ValidErrors = Yes
TestErrors = Yes
AllFoldModels = Yes
AllFoldErrors = No
AllFoldDatasets = No
UnknownFrequency = No
BranchFrequency = No
ShowInfo = [Count]
PrintModelAndExamples = No
WriteErrorFile = No
WriteModelFile = No
WritePerBagModelFile = Yes
WriteOOBFile = Yes
WritePredictions = []
GzipOutput = No
ModelIDFiles = No
WriteCurves = No
OutputPythonModel = No
PythonModelType = Object
OutputROSSubspaces = No
OutputJSONModel = No
OutputDatabaseQueries = No
OutputClowdFlowsJSON = No
ComputeSpearman = No

Run: 01
*******

Statistics
----------

FTValue (FTest): 0.05
Induction Time: 12.956 sec
Pruning Time: 0 sec
Prediction Time (total for ClusModel.Original): 
	0 microsecs
	0 millisecs
	0 secs
Prediction Time (average for ClusModel.Original): 0 microsecs
Model information:
     Default: Nodes = 1; Leaves = 1; Depth = 1
     Forest with 10 trees: FOREST with 10 models (Total nodes: 830; leaves: 420; average tree depth: 11.8)
     Forest with 10 trees(T = 0.0): FOREST with 10 models (Total nodes: 830; leaves: 420; average tree depth: 11.8)
     Forest with 10 trees(T = 2.0): FOREST with 10 models (Total nodes: 830; leaves: 420; average tree depth: 11.8)
     Forest with 10 trees(T = 4.0): FOREST with 10 models (Total nodes: 830; leaves: 420; average tree depth: 11.8)
     Forest with 10 trees(T = 6.0): FOREST with 10 models (Total nodes: 830; leaves: 420; average tree depth: 11.8)
     Forest with 10 trees(T = 8.0): FOREST with 10 models (Total nodes: 830; leaves: 420; average tree depth: 11.8)
     Forest with 10 trees(T = 10.0): FOREST with 10 models (Total nodes: 830; leaves: 420; average tree depth: 11.8)
     Forest with 10 trees(T = 12.0): FOREST with 10 models (Total nodes: 830; leaves: 420; average tree depth: 11.8)
     Forest with 10 trees(T = 14.0): FOREST with 10 models (Total nodes: 830; leaves: 420; average tree depth: 11.8)
     Forest with 10 trees(T = 16.0): FOREST with 10 models (Total nodes: 830; leaves: 420; average tree depth: 11.8)
     Forest with 10 trees(T = 18.0): FOREST with 10 models (Total nodes: 830; leaves: 420; average tree depth: 11.8)
     Forest with 10 trees(T = 20.0): FOREST with 10 models (Total nodes: 830; leaves: 420; average tree depth: 11.8)
     Forest with 10 trees(T = 22.0): FOREST with 10 models (Total nodes: 830; leaves: 420; average tree depth: 11.8)
     Forest with 10 trees(T = 24.0): FOREST with 10 models (Total nodes: 830; leaves: 420; average tree depth: 11.8)
     Forest with 10 trees(T = 26.0): FOREST with 10 models (Total nodes: 830; leaves: 420; average tree depth: 11.8)
     Forest with 10 trees(T = 28.0): FOREST with 10 models (Total nodes: 830; leaves: 420; average tree depth: 11.8)
     Forest with 10 trees(T = 30.0): FOREST with 10 models (Total nodes: 830; leaves: 420; average tree depth: 11.8)
     Forest with 10 trees(T = 32.0): FOREST with 10 models (Total nodes: 830; leaves: 420; average tree depth: 11.8)
     Forest with 10 trees(T = 34.0): FOREST with 10 models (Total nodes: 830; leaves: 420; average tree depth: 11.8)
     Forest with 10 trees(T = 36.0): FOREST with 10 models (Total nodes: 830; leaves: 420; average tree depth: 11.8)
     Forest with 10 trees(T = 38.0): FOREST with 10 models (Total nodes: 830; leaves: 420; average tree depth: 11.8)
     Forest with 10 trees(T = 40.0): FOREST with 10 models (Total nodes: 830; leaves: 420; average tree depth: 11.8)
     Forest with 10 trees(T = 42.0): FOREST with 10 models (Total nodes: 830; leaves: 420; average tree depth: 11.8)
     Forest with 10 trees(T = 44.0): FOREST with 10 models (Total nodes: 830; leaves: 420; average tree depth: 11.8)
     Forest with 10 trees(T = 46.0): FOREST with 10 models (Total nodes: 830; leaves: 420; average tree depth: 11.8)
     Forest with 10 trees(T = 48.0): FOREST with 10 models (Total nodes: 830; leaves: 420; average tree depth: 11.8)
     Forest with 10 trees(T = 50.0): FOREST with 10 models (Total nodes: 830; leaves: 420; average tree depth: 11.8)
     Forest with 10 trees(T = 52.0): FOREST with 10 models (Total nodes: 830; leaves: 420; average tree depth: 11.8)
     Forest with 10 trees(T = 54.0): FOREST with 10 models (Total nodes: 830; leaves: 420; average tree depth: 11.8)
     Forest with 10 trees(T = 56.0): FOREST with 10 models (Total nodes: 830; leaves: 420; average tree depth: 11.8)
     Forest with 10 trees(T = 58.0): FOREST with 10 models (Total nodes: 830; leaves: 420; average tree depth: 11.8)
     Forest with 10 trees(T = 60.0): FOREST with 10 models (Total nodes: 830; leaves: 420; average tree depth: 11.8)
     Forest with 10 trees(T = 62.0): FOREST with 10 models (Total nodes: 830; leaves: 420; average tree depth: 11.8)
     Forest with 10 trees(T = 64.0): FOREST with 10 models (Total nodes: 830; leaves: 420; average tree depth: 11.8)
     Forest with 10 trees(T = 66.0): FOREST with 10 models (Total nodes: 830; leaves: 420; average tree depth: 11.8)
     Forest with 10 trees(T = 68.0): FOREST with 10 models (Total nodes: 830; leaves: 420; average tree depth: 11.8)
     Forest with 10 trees(T = 70.0): FOREST with 10 models (Total nodes: 830; leaves: 420; average tree depth: 11.8)
     Forest with 10 trees(T = 72.0): FOREST with 10 models (Total nodes: 830; leaves: 420; average tree depth: 11.8)
     Forest with 10 trees(T = 74.0): FOREST with 10 models (Total nodes: 830; leaves: 420; average tree depth: 11.8)
     Forest with 10 trees(T = 76.0): FOREST with 10 models (Total nodes: 830; leaves: 420; average tree depth: 11.8)
     Forest with 10 trees(T = 78.0): FOREST with 10 models (Total nodes: 830; leaves: 420; average tree depth: 11.8)
     Forest with 10 trees(T = 80.0): FOREST with 10 models (Total nodes: 830; leaves: 420; average tree depth: 11.8)
     Forest with 10 trees(T = 82.0): FOREST with 10 models (Total nodes: 830; leaves: 420; average tree depth: 11.8)
     Forest with 10 trees(T = 84.0): FOREST with 10 models (Total nodes: 830; leaves: 420; average tree depth: 11.8)
     Forest with 10 trees(T = 86.0): FOREST with 10 models (Total nodes: 830; leaves: 420; average tree depth: 11.8)
     Forest with 10 trees(T = 88.0): FOREST with 10 models (Total nodes: 830; leaves: 420; average tree depth: 11.8)
     Forest with 10 trees(T = 90.0): FOREST with 10 models (Total nodes: 830; leaves: 420; average tree depth: 11.8)
     Forest with 10 trees(T = 92.0): FOREST with 10 models (Total nodes: 830; leaves: 420; average tree depth: 11.8)
     Forest with 10 trees(T = 94.0): FOREST with 10 models (Total nodes: 830; leaves: 420; average tree depth: 11.8)
     Forest with 10 trees(T = 96.0): FOREST with 10 models (Total nodes: 830; leaves: 420; average tree depth: 11.8)
     Forest with 10 trees(T = 98.0): FOREST with 10 models (Total nodes: 830; leaves: 420; average tree depth: 11.8)
     Forest with 10 trees(T = 100.0): FOREST with 10 models (Total nodes: 830; leaves: 420; average tree depth: 11.8)

Default Model
*************

[1,8.863728E-1,4.589567E-1,0,0,7.561666E-2,0,2.830570E-3,4.043672E-4,4.043672E-4,1.617469E-3,0,4.043672E-4,4.043672E-4,4.043672E-4,0,4.043672E-4,1.091791E-2,2.426203E-3,0,1.213101E-3,4.043672E-4,4.043672E-4,0,4.043672E-4,0,2.021836E-2,0,4.043672E-4,4.043672E-4,1.860089E-2,0,4.043672E-4,4.043672E-4,4.043672E-4,4.043672E-4,0,4.043672E-4,0,1.213101E-3,2.021836E-3,2.021836E-3,1.213101E-3,0,8.087343E-4,0,0,4.043672E-4,4.043672E-4,4.043672E-4,4.043672E-4,8.087343E-4,4.043672E-4,4.043672E-4,0,4.043672E-4,4.043672E-4,8.087343E-4,4.043672E-4,0,4.043672E-4,8.087343E-4,0,0,2.830570E-3,4.043672E-4,4.043672E-4,0,1.213101E-3,8.087343E-4,4.043672E-4,4.043672E-4,8.087343E-4,4.043672E-4,0,4.043672E-4,8.087343E-4,4.043672E-4,4.043672E-4,4.043672E-4,0,0,4.043672E-4,4.043672E-4,0,0,0,0,0,0,0,0,4.043672E-4,4.043672E-4,0,1.213101E-3,8.087343E-4,4.043672E-4,0,0,4.043672E-4,4.043672E-4,4.043672E-4,4.043672E-4,0,0,8.087343E-4,8.087343E-4,8.087343E-4,4.043672E-4,5.256773E-3,2.021836E-3,4.043672E-4,4.043672E-4,2.426203E-3,0,0,0,0,0,0,8.087343E-4,4.043672E-4,4.043672E-4,4.043672E-4,0,4.043672E-4,1.213101E-3,4.043672E-4,4.043672E-4,4.043672E-4,4.043672E-4,4.043672E-4,4.043672E-4,0,0,0,2.021836E-3,0,8.087343E-4,8.087343E-4,0,8.087343E-4,0,0,4.043672E-4,4.043672E-4,8.087343E-4,8.087343E-4,4.043672E-3,4.043672E-4,3.234937E-3,4.043672E-4,0,4.043672E-4,4.043672E-4,8.087343E-4,4.043672E-4,4.043672E-4,0,4.043672E-4,4.043672E-4,4.043672E-4,4.043672E-4,4.043672E-4,4.043672E-4,4.043672E-4,4.043672E-4,0,1.010918E-2,4.043672E-4,8.087343E-4,2.830570E-3,8.087343E-4,2.021836E-3,1.213101E-3,8.087343E-4,4.043672E-4,4.043672E-4,3.639304E-3,4.043672E-4,8.087343E-4,4.043672E-4,2.021836E-3,1.213101E-3,8.087343E-4,4.043672E-4,4.043672E-4,4.043672E-4,1.213101E-3,4.043672E-4,4.043672E-4,8.087343E-4,7.278609E-3,5.256773E-3,4.852406E-3,4.043672E-4,4.043672E-4,4.043672E-4,4.043672E-4,4.043672E-4,4.043672E-4,0,2.830570E-3,4.043672E-4,4.043672E-4,4.043672E-4,0,0,4.043672E-4,4.043672E-4,8.087343E-4,0,0,0,0,4.043672E-3,4.043672E-3,4.043672E-4,4.043672E-4,1.213101E-3,2.021836E-3,4.043672E-4,1.213101E-3,0,4.043672E-3,4.043672E-4,4.043672E-4,8.087343E-4,0,0,8.087343E-4,4.043672E-4,4.043672E-4,4.043672E-4,4.043672E-4,4.043672E-4,4.043672E-4,0,8.087343E-4,4.043672E-4,4.043672E-4,1.213101E-3,1.213101E-3,3.234937E-3,2.021836E-3,2.021836E-3,2.021836E-3,8.087343E-4,8.087343E-4,0,1.213101E-3,1.213101E-3,1.213101E-3,1.213101E-3,8.491710E-3,4.043672E-4,6.874242E-3,4.043672E-4,2.830570E-3,8.087343E-4,4.043672E-4,4.043672E-4,4.043672E-4,4.043672E-4,1.213101E-3,4.043672E-4,4.043672E-4,4.043672E-4,4.043672E-4,1.213101E-3,8.087343E-4,4.043672E-4,4.043672E-4,4.043672E-4,4.043672E-4,8.087343E-4,4.043672E-4,4.043672E-4,0,0,1.520421E-1,4.043672E-4,1.132228E-2,9.300445E-3,4.043672E-4,0,0,4.043672E-4,0,4.043672E-4,4.043672E-4,4.043672E-4,0,4.043672E-4,1.213101E-3,1.213101E-3,4.043672E-4,4.043672E-4,0,4.043672E-4,4.043672E-4,0,0,6.874242E-3,4.043672E-4,4.043672E-4,4.043672E-4,4.043672E-4,0,8.087343E-4,4.043672E-4,4.043672E-4,4.043672E-4,1.213101E-3,4.043672E-4,0,0,0,0,0,8.087343E-4,0,4.043672E-4,4.043672E-4,4.043672E-4,4.043672E-4,4.043672E-4,4.043672E-4,4.043672E-4,4.043672E-4,0,4.043672E-4,0,0,0,1.213101E-3,1.213101E-3,0,4.043672E-4,0,0,4.043672E-4,0,0,0,4.043672E-4,0,0,0,0,4.043672E-4,4.043672E-4,4.043672E-4,0,0,4.043672E-4,0,0,4.043672E-4,4.043672E-4,4.043672E-4,4.043672E-4,4.043672E-4,0,2.021836E-3,4.043672E-4,4.043672E-4,4.043672E-4,4.043672E-4,4.043672E-4,0,0,0,1.617469E-3,8.087343E-4,4.043672E-4,4.043672E-4,2.062273E-2,1.617469E-2,1.213101E-3,0,0,1.213101E-3,4.043672E-3,8.087343E-4,4.043672E-4,4.043672E-4,0,0,8.087343E-4,8.087343E-4,2.021836E-3,0,8.087343E-4,4.043672E-4,0,8.087343E-4,0,6.065507E-3,4.852406E-3,4.043672E-4,0,0,4.043672E-3,1.213101E-3,0,0,2.830570E-3,2.830570E-3,4.043672E-4,0,4.043672E-4,0,4.043672E-4,4.043672E-4,4.043672E-4,4.043672E-4,0,4.043672E-4,4.043672E-4,4.043672E-4,8.087343E-4,4.043672E-4,0,4.043672E-4,4.043672E-4,8.087343E-4,4.043672E-4,1.617469E-3,4.043672E-4,4.043672E-4,4.043672E-4,8.087343E-4,4.043672E-4,4.043672E-4,0,0,0,0,0,4.043672E-4,4.043672E-4,4.043672E-4,0,4.043672E-4,8.087343E-4,4.043672E-4,4.043672E-4,1.213101E-3,1.213101E-3,1.213101E-3,8.087343E-4,1.213101E-3,0,4.043672E-4,0,0,4.043672E-4,0,0,2.426203E-3,8.087343E-4,4.043672E-4,0,4.043672E-4,8.087343E-4,8.087343E-4,0,2.385766E-2,0,1.698342E-2,1.010918E-2,2.426203E-3,8.087343E-4,4.043672E-4,2.830570E-3,0,0,0,2.021836E-3,0,2.021836E-3,4.043672E-4,4.043672E-4,4.043672E-4,0,4.043672E-4,4.043672E-4,4.043672E-4,4.043672E-4,4.043672E-4,4.043672E-4,4.043672E-4,4.043672E-4,1.213101E-3,8.087343E-4,4.043672E-4,0,8.087343E-4,3.234937E-3,4.043672E-4,2.426203E-3,0,8.087343E-4,4.043672E-4,4.043672E-4,0,8.087343E-4,0,4.043672E-4,0,4.043672E-4,0,0,0,4.043672E-4,4.043672E-4,4.043672E-4,4.043672E-4,8.087343E-4,4.043672E-4,4.448039E-3,4.043672E-4,0,0,4.043672E-4,0,4.043672E-4,4.043672E-4,8.087343E-4,4.043672E-4,8.087343E-4,4.043672E-4,4.043672E-4,4.043672E-4,4.043672E-4,1.132228E-2,0,4.043672E-4,4.043672E-4,4.043672E-4,0,1.617469E-3,4.043672E-4,4.043672E-4,1.617469E-3,4.043672E-4,4.043672E-4,2.830570E-3,4.043672E-4,0,0,0,8.087343E-4,8.087343E-4,0,4.043672E-4,0,8.087343E-4,1.213101E-3,4.043672E-4,1.213101E-3,4.043672E-4,8.087343E-4,4.043672E-4,4.043672E-4,4.043672E-4,4.043672E-4,4.043672E-4,4.043672E-4,4.043672E-4,4.043672E-3,4.043672E-3,4.043672E-4,4.043672E-4,0,4.043672E-4,4.043672E-4,4.043672E-4,4.043672E-4,4.043672E-4,4.043672E-4,4.043672E-4,0,0,0,0,4.043672E-4,4.043672E-4,0,0,4.043672E-4,4.043672E-4,0,0,0,4.043672E-4,4.043672E-4,6.227254E-2,1.172665E-2,8.087343E-4,4.043672E-4,0,0,4.043672E-4,4.043672E-4,4.043672E-4,4.043672E-4,4.043672E-4,0,4.043672E-4,4.043672E-4,4.043672E-4,4.043672E-4,4.043672E-4,8.087343E-4,1.213101E-3,4.043672E-4,8.087343E-4,2.426203E-3,4.043672E-4,8.087343E-4,8.087343E-4,0,1.617469E-3,1.213101E-3,4.043672E-4,0,4.043672E-4,8.087343E-4,0,4.043672E-4,3.598868E-2,0,4.043672E-4,4.043672E-4,4.043672E-4,4.043672E-4,0,4.043672E-4,0,4.043672E-4,8.087343E-4,8.087343E-4,8.087343E-4,8.087343E-4,8.087343E-4,0,4.043672E-4,4.043672E-4,2.426203E-2,0,0,2.264456E-2,0,1.617469E-3,1.213101E-3,1.213101E-3,1.617469E-3,4.043672E-4,0,1.213101E-3,8.087343E-4,8.087343E-4,8.087343E-4,8.087343E-4,4.043672E-4,2.426203E-3,1.617469E-3,1.617469E-3,4.043672E-4,4.043672E-4,0,0,4.043672E-4,8.087343E-4,4.043672E-4,4.043672E-4,4.043672E-4,1.617469E-3,4.043672E-4,1.213101E-3,0,4.043672E-4,4.043672E-4,8.087343E-4,4.043672E-4,4.043672E-4,4.043672E-4,0,4.043672E-4,8.087343E-4,4.043672E-4,0,0,0,4.043672E-4,4.043672E-4,4.043672E-4,4.043672E-4,4.043672E-4,4.043672E-4,1.213101E-3,1.213101E-3,0,0,0,0,0,2.830570E-3,4.043672E-4,2.021836E-3,4.043672E-4,1.293975E-2,4.043672E-4,4.043672E-4,4.043672E-4,0,3.639304E-3,8.087343E-4,4.043672E-4,1.617469E-3,4.043672E-4,4.043672E-4,4.043672E-4,1.213101E-3,8.087343E-4,4.043672E-4,4.043672E-4,8.087343E-4,0,4.043672E-4,4.043672E-4,4.043672E-4,4.043672E-4,4.043672E-4,0,0,1.213101E-3,0,4.043672E-4,8.087343E-4,8.087343E-4,6.065507E-3,6.065507E-3,6.065507E-3,3.234937E-3,0,1.213101E-3,4.448039E-3,4.043672E-4,4.043672E-4,4.043672E-4,2.021836E-3,4.043672E-4,4.043672E-4,8.087343E-4,4.043672E-4,4.043672E-4,4.043672E-4,4.043672E-4,1.213101E-3,0,3.639304E-3,4.043672E-4,4.043672E-4,2.426203E-3,4.043672E-4,1.213101E-3,4.043672E-4,4.043672E-4,8.087343E-4,0,1.374848E-2,1.132228E-2,8.087343E-3,1.617469E-3,0,4.043672E-4,2.021836E-3,0,1.213101E-3,1.213101E-3,1.884351E-1,4.043672E-4,2.345330E-2,2.224019E-2,6.874242E-3,2.426203E-3,1.617469E-3,4.043672E-4,1.213101E-3,5.661140E-3,5.256773E-3,4.043672E-4,4.043672E-4,0,4.852406E-3,4.852406E-3,0,1.617469E-3,5.661140E-3,4.448039E-3,3.639304E-3,2.021836E-3,4.043672E-4,4.043672E-4,8.087343E-4,4.043672E-4,1.213101E-3,1.213101E-3,0,0,0,0,4.043672E-3,4.043672E-3,0,5.216336E-2,2.102709E-2,3.639304E-3,0,0,5.256773E-3,2.830570E-3,2.830570E-3,2.021836E-3,4.043672E-4,8.087343E-4,0,0,8.087343E-4,4.043672E-4,2.426203E-3,0,0,3.639304E-3,3.639304E-3,1.213101E-3,4.043672E-4,4.043672E-4,8.087343E-4,4.043672E-4,4.043672E-4,1.091791E-2,0,7.278609E-3,4.448039E-3,1.213101E-3,8.087343E-4,2.021836E-3,4.043672E-4,0,8.087343E-4,4.043672E-4,4.043672E-4,2.830570E-3,2.830570E-3,2.426203E-3,4.043672E-4,4.043672E-4,0,0,0,4.043672E-4,4.043672E-3,1.213101E-3,8.087343E-4,8.087343E-4,0,1.213101E-3,8.087343E-4,4.043672E-4,4.043672E-4,4.043672E-4,0,0,0,0,0,0,0,0,2.102709E-2,2.830570E-3,8.087343E-4,0,8.087343E-4,8.087343E-4,4.043672E-4,8.087343E-4,4.043672E-4,4.043672E-4,0,4.043672E-4,4.043672E-4,0,1.819652E-2,0,8.087343E-4,4.043672E-4,4.043672E-4,4.043672E-4,9.300445E-3,4.852406E-3,8.087343E-4,8.087343E-4,4.043672E-4,4.043672E-3,4.043672E-4,4.043672E-4,2.021836E-3,8.087343E-4,0,8.087343E-4,4.043672E-4,4.043672E-4,0,2.830570E-3,4.043672E-4,2.426203E-3,8.087343E-4,8.087343E-4,4.043672E-4,4.043672E-4,4.043672E-4,0,4.043672E-4,4.043672E-4,4.043672E-4,4.043672E-4,4.043672E-4,4.043672E-4,1.213101E-3,0,0,0,0,0,1.213101E-3,8.087343E-4,8.087343E-4,0,4.043672E-4,4.043672E-4,4.043672E-4,4.043672E-4,4.043672E-4,5.256773E-3,2.830570E-3,0,4.043672E-4,8.087343E-4,4.043672E-4,4.043672E-4,1.172665E-2,8.087343E-3,4.043672E-4,0,0,0,4.043672E-4,1.213101E-3,1.213101E-3,4.043672E-4,8.087343E-4,8.087343E-4,4.448039E-3,0,0,8.087343E-4,8.087343E-4,4.043672E-4,0,3.234937E-3,4.043672E-4,8.087343E-4,1.617469E-3,1.617469E-3,8.087343E-4,4.043672E-4,4.043672E-4,0,0,8.087343E-4,4.043672E-4,0,0,0,4.043672E-4,0,2.830570E-3,8.087343E-4,4.043672E-4,2.021836E-3,1.617469E-3,8.087343E-4,1.213101E-3,4.043672E-4,4.043672E-4,4.043672E-4,4.043672E-4,4.043672E-4,4.043672E-4,4.043672E-4,0,0,4.043672E-4,4.043672E-4,8.087343E-4,4.043672E-4,0,0,0,0,0,0,1.455722E-2,8.087343E-3,4.043672E-4,4.043672E-4,0,8.087343E-4,2.021836E-3,8.087343E-4,8.087343E-4,2.021836E-3,2.021836E-3,1.213101E-3,4.043672E-4,8.087343E-4,0,0,0,4.043672E-4,4.043672E-4,0,4.043672E-4,0,4.043672E-4,4.043672E-4,0,0,4.043672E-4,8.087343E-4,0,4.043672E-4,4.043672E-4,4.852406E-3,0,1.213101E-3,1.213101E-3,4.043672E-4,8.087343E-4,4.043672E-4,4.043672E-4,4.043672E-4,0,2.021836E-3,8.087343E-4,4.043672E-4,4.043672E-4,4.043672E-4,4.043672E-4,4.043672E-4,0,4.043672E-4,4.043672E-4,4.043672E-4,4.043672E-4,8.815204E-2,8.815204E-2,8.815204E-2,4.043672E-4,4.043672E-4,8.087343E-4,8.087343E-4,1.213101E-3,0,8.087343E-4,0,0,0,4.043672E-4,4.043672E-4,0,4.043672E-4,4.043672E-4,0,4.043672E-4,8.289527E-2,3.639304E-3,1.213101E-3,1.617469E-3,1.698342E-2,1.334412E-2,6.469875E-3,8.087343E-4,8.087343E-4,8.087343E-4,2.021836E-3,0,0,4.043672E-4,0,0,5.822887E-2,4.205419E-2,4.043672E-4,0,1.132228E-2,8.087343E-4,5.256773E-3,8.087343E-4,2.426203E-3,1.617469E-3,0,4.043672E-4,4.043672E-4,1.213101E-3,9.704812E-3,9.704812E-3,4.043672E-4,4.043672E-4,2.021836E-3,1.577032E-2,8.087343E-4,1.496159E-2,1.617469E-3,8.087343E-4,8.087343E-4,4.043672E-4,0,0,0,8.087343E-4,4.043672E-4,4.043672E-4,8.087343E-3,8.087343E-4,8.087343E-3,1.213101E-3,4.043672E-4,8.087343E-4,8.087343E-4,4.043672E-4,4.448039E-3,8.087343E-4,4.043672E-3,1.617469E-3,0,0,0,4.043672E-4,1.617469E-3,8.087343E-4,8.087343E-4,4.043672E-4,1.213101E-3,4.043672E-4,4.043672E-4,0,4.043672E-4,0,0,0,0,0,0,0,0,4.043672E-4,4.043672E-4,0,0,0,0,0,0,0,0,0,0,0,0,0,0,0,0,4.043672E-4,4.043672E-4,4.043672E-4,0,0,0,0,0,0,2.304893E-2,8.087343E-4,4.043672E-4,7.278609E-3,0,5.256773E-3,4.043672E-4,0,0,4.043672E-4,0,4.043672E-4,8.087343E-4,4.043672E-4,4.043672E-4,1.617469E-3,0,4.043672E-4,1.617469E-3,1.617469E-3,1.617469E-3,4.043672E-4,8.087343E-4,4.043672E-4,0,4.043672E-4,4.043672E-4,0,1.617469E-3,8.087343E-4,4.043672E-4,4.043672E-4,8.896078E-3,8.087343E-3,4.043672E-4,0,8.087343E-4,0,4.043672E-4,4.043672E-4,4.043672E-4,0,4.043672E-4,4.043672E-4,2.021836E-3,4.043672E-4,4.043672E-4,4.043672E-4,4.043672E-4,0,0,4.043672E-4,0,0,8.087343E-4,1.213101E-3,4.043672E-4,4.043672E-4,4.043672E-4,4.043672E-3,2.021836E-3,1.213101E-3,8.087343E-4,4.043672E-4,8.087343E-4,4.043672E-4,0,4.043672E-4,4.043672E-4,1.213101E-3,1.213101E-3,1.617469E-3,8.087343E-4,8.087343E-4,4.043672E-4,0,4.043672E-4,4.043672E-4,4.043672E-4,4.043672E-4,4.043672E-4,1.051355E-2,1.213101E-3,1.213101E-3,4.043672E-4,1.213101E-3,0,0,2.021836E-3,8.087343E-4,4.043672E-4,0,0,4.043672E-4,0,0,1.213101E-3,0,8.087343E-4,4.043672E-4,0,6.065507E-3,8.087343E-4,2.426203E-3,2.426203E-3,4.043672E-4,8.087343E-4,0,4.043672E-4,4.043672E-4,0,4.043672E-4,4.043672E-4,4.043672E-4,4.043672E-4,2.426203E-2,1.010918E-2,1.010918E-2,4.043672E-4,4.043672E-4,4.043672E-4,4.043672E-4,4.043672E-4,4.043672E-4,4.043672E-4,4.043672E-4,4.043672E-4,8.087343E-4,4.043672E-4,0,8.087343E-4,1.213101E-3,8.087343E-4,4.043672E-4,4.043672E-4,4.043672E-4,8.087343E-4,4.043672E-4,6.469875E-3,3.234937E-3,4.043672E-4,4.043672E-4,4.043672E-4,4.043672E-4,4.043672E-4,4.043672E-4,2.426203E-3,8.087343E-4,8.087343E-4,8.087343E-4,8.087343E-4,8.087343E-4,4.043672E-4,8.087343E-4,8.087343E-4,8.087343E-4,4.043672E-4,0,8.491710E-3,0,0,0,4.043672E-4,0,0,4.043672E-4,4.043672E-4,0,0,1.213101E-3,4.043672E-4,4.043672E-4,2.426203E-3,8.087343E-4,4.043672E-4,4.043672E-4,0,4.043672E-4,4.043672E-4,8.087343E-4,4.043672E-4,0,4.043672E-4,2.426203E-3,8.087343E-4,0,4.043672E-4,4.043672E-4,8.087343E-4,4.043672E-4,4.043672E-4,4.043672E-4,4.043672E-4,4.043672E-4,4.043672E-4,0,0,0,0,0,0,0,0,0,6.874242E-3,4.448039E-3,1.617469E-3,8.087343E-4,4.043672E-4,4.043672E-4,1.334412E-2,1.617469E-3,2.426203E-3,2.021836E-3,8.087343E-4,8.087343E-4,4.043672E-4,4.043672E-4,8.087343E-4,4.043672E-4,0,6.874242E-3,6.874242E-3,1.213101E-3,0,4.043672E-4,4.043672E-4,4.043672E-4,0,0,7.763850E-2,5.014153E-2,4.043672E-3,8.491710E-3,5.256773E-3,7.885160E-2,5.256773E-3,8.087343E-4,2.021836E-3,4.043672E-4,8.087343E-4,8.087343E-4,2.021836E-3,4.043672E-4,0,7.278609E-3,0,6.591185E-2,4.043672E-4,1.213101E-3,4.528912E-2,1.213101E-3,3.234937E-2,0,8.087343E-4,4.043672E-4,1.213101E-3,3.639304E-3,1.213101E-3,2.830570E-3,4.043672E-4,1.213101E-3,1.213101E-3,8.087343E-4,8.087343E-4,4.043672E-4,4.043672E-4,4.043672E-4,8.087343E-4,4.043672E-4,8.087343E-4,8.087343E-4,8.087343E-4,4.043672E-4,8.087343E-4,1.213101E-3,0,0,0,4.043672E-4,4.043672E-4,4.043672E-4,4.043672E-4,2.021836E-2,0,0,0,1.253538E-2,1.132228E-2,8.491710E-3,4.043672E-4,4.043672E-4,4.043672E-4,6.874242E-3,4.043672E-4,4.043672E-4,1.617469E-3,1.617469E-3,8.087343E-4,1.213101E-3,4.043672E-4,4.043672E-4,1.617469E-3,4.043672E-4,4.043672E-4,4.043672E-4,4.043672E-4,0,0,0,0,0,0,0,0,0,0,8.087343E-3,8.087343E-4,8.087343E-4,4.043672E-4,4.043672E-4,0,4.043672E-4,5.661140E-3,1.617469E-3,2.426203E-3,1.213101E-3,8.087343E-4,1.617469E-3,4.043672E-4,4.043672E-4,4.043672E-4,0,0,4.043672E-4,8.087343E-4,8.087343E-4,4.043672E-4,1.617469E-2,1.293975E-2,0,4.043672E-4,4.043672E-4,1.253538E-2,2.426203E-3,0,4.043672E-4,1.213101E-3,8.087343E-4,0,4.043672E-4,8.087343E-4,4.043672E-4,4.043672E-4,4.043672E-4,4.043672E-4,2.426203E-3,8.087343E-4,0,0,0,4.043672E-4,8.087343E-4,4.043672E-4,0,1.213101E-3,8.087343E-4,8.087343E-4,6.469875E-3,0,0,0,0,2.021836E-3,0,4.043672E-4,0,2.021836E-3,8.087343E-4,4.043672E-4,0,0,0,4.448039E-3,4.043672E-4,0,0,4.043672E-4,4.043672E-4,8.087343E-4,8.087343E-4,4.043672E-4,4.043672E-4,4.043672E-4,4.043672E-4,1.617469E-3,4.043672E-4,8.087343E-4,4.043672E-4,0,0,0,0,6.469875E-3,8.087343E-4,8.087343E-4,4.043672E-4,4.043672E-4,6.469875E-3,6.065507E-3,4.043672E-4,6.065507E-3,2.426203E-3,1.617469E-3,6.065507E-3,2.426203E-3,1.213101E-3,2.426203E-3,0,0,4.043672E-4,4.043672E-4,2.426203E-3,4.043672E-4,0,0,0,3.639304E-3,1.213101E-3,1.617469E-3,1.617469E-3,1.213101E-3,8.087343E-4,0,8.087343E-4,4.043672E-4,4.043672E-4,4.043672E-4,0,0,3.234937E-3,1.617469E-3,8.087343E-4,4.043672E-4,4.043672E-4,8.087343E-4,4.043672E-4,0,0,0,4.043672E-4,0,4.043672E-4,1.213101E-3,8.087343E-4,4.043672E-4,0,4.043672E-4,4.043672E-4,0,0,0,0,0,4.043672E-4,0,0,0,4.043672E-4,0,0,0,0,0,0,0,0,0,0,9.704812E-3,7.682976E-3,4.043672E-4,2.021836E-3,5.256773E-3,4.043672E-4,4.043672E-4,4.043672E-4,2.021836E-3,2.021836E-3,2.021836E-3,0,3.639304E-3,4.043672E-4,3.234937E-3,2.021836E-3,1.213101E-3,4.043672E-4,4.043672E-4,0,4.043672E-4,4.043672E-4,4.043672E-4,0,0,4.043672E-4,4.043672E-4,0,4.043672E-4,2.021836E-3,4.043672E-4,0,1.213101E-3,1.213101E-3,8.087343E-4,4.043672E-4,8.087343E-4,4.043672E-4,0,6.053376E-1,0,2.304893E-2,4.043672E-4,1.957137E-1,1.091791E-2,2.830570E-3,0,0,8.087343E-4,8.087343E-4,0,8.087343E-4,8.087343E-4,4.043672E-4,7.278609E-3,4.852406E-3,0,4.043672E-4,2.143146E-2,1.293975E-2,8.087343E-4,5.661140E-3,4.043672E-4,4.043672E-4,8.491710E-3,5.661140E-3,4.043672E-4,8.087343E-4,4.043672E-4,4.043672E-4,4.043672E-4,4.043672E-4,4.043672E-4,4.043672E-4,0,2.345330E-2,1.213101E-3,1.213101E-3,1.374848E-2,3.234937E-3,4.043672E-4,8.087343E-4,1.617469E-3,4.043672E-4,8.087343E-4,6.874242E-3,3.639304E-3,4.043672E-4,8.087343E-4,4.043672E-4,0,4.043672E-4,4.043672E-4,4.043672E-4,4.043672E-4,6.065507E-3,4.043672E-4,1.213101E-3,4.084108E-2,8.087343E-4,4.043672E-4,4.043672E-4,7.682976E-3,2.021836E-3,5.661140E-3,4.043672E-4,8.087343E-4,4.043672E-4,8.087343E-4,1.617469E-3,1.617469E-3,8.087343E-4,4.043672E-4,4.043672E-4,4.043672E-4,4.043672E-4,4.043672E-3,4.043672E-3,4.043672E-4,1.940962E-2,7.278609E-3,1.213101E-3,3.234937E-3,4.043672E-4,8.087343E-4,4.043672E-4,4.043672E-4,1.132228E-2,1.051355E-2,4.852406E-3,1.213101E-3,0,8.087343E-4,4.448039E-3,8.087343E-4,4.043672E-3,4.043672E-3,3.639304E-3,1.213101E-3,1.213101E-3,4.043672E-4,0,4.448039E-3,0,0,1.213101E-3,5.256773E-3,4.043672E-4,4.043672E-4,1.617469E-3,9.300445E-3,8.087343E-4,4.043672E-4,4.043672E-4,2.830570E-3,4.043672E-4,4.043672E-4,5.256773E-3,4.043672E-4,1.213101E-3,8.896078E-3,8.087343E-4,4.043672E-4,8.087343E-3,4.852406E-3,8.087343E-3,0,1.617469E-3,2.021836E-3,2.992317E-2,4.043672E-4,2.021836E-3,4.043672E-4,8.087343E-4,2.021836E-3,4.043672E-4,0,8.087343E-4,2.345330E-2,7.278609E-3,1.010918E-2,4.043672E-4,8.087343E-4,0,2.021836E-2,4.448039E-3,1.213101E-3,8.087343E-4,8.087343E-4,8.087343E-4,8.087343E-4,4.043672E-4,4.043672E-4,0,0,0,0,0,0,4.043672E-4,4.043672E-4,4.043672E-4,0,5.256773E-3,4.043672E-4,3.234937E-3,4.043672E-4,1.051355E-2,1.051355E-2,9.704812E-3,1.617469E-3,8.087343E-4,4.043672E-4,4.043672E-4,3.639304E-3,1.213101E-3,1.617469E-3,4.043672E-4,4.043672E-4,0,4.043672E-3,4.043672E-4,4.043672E-4,4.043672E-4,8.087343E-4,8.087343E-4,8.087343E-4,4.043672E-4,0,4.043672E-4,4.043672E-4,2.021836E-3,0,1.617469E-3,4.043672E-4,1.779216E-1,2.102709E-2,2.062273E-2,1.617469E-3,4.043672E-4,0,1.577032E-2,2.426203E-3,1.253538E-2,2.830570E-3,6.874242E-3,4.043672E-3,4.448039E-3,2.830570E-3,4.043672E-4,2.021836E-3,2.830570E-3,0,0,4.043672E-4,1.601294E-1,1.597250E-1,1.536595E-2,6.065507E-3,8.087343E-4,8.087343E-4,5.054590E-2,5.256773E-3,2.021836E-3,0,0,5.661140E-3,8.087343E-4,0,4.043672E-4,4.043672E-4,3.801051E-2,2.021836E-3,8.087343E-4,0,0,1.617469E-2,4.043672E-4,1.617469E-3,8.087343E-4,4.043672E-4,4.043672E-4,4.043672E-4,9.704812E-3,1.213101E-3,5.661140E-3,0,1.617469E-3,8.087343E-4,4.043672E-4,0,4.043672E-4,0,1.496159E-2,1.213101E-3,4.043672E-4,1.213101E-3,0,0,0,1.091791E-2,4.043672E-3,0,7.682976E-3,0,0,0,0,0,4.051759E-1,8.087343E-4,0,0,4.043672E-4,2.458552E-1,0,1.302062E-1,3.639304E-3,2.426203E-3,4.043672E-4,1.213101E-3,8.087343E-4,6.469875E-3,4.043672E-4,4.043672E-4,8.087343E-4,2.385766E-2,1.617469E-3,2.830570E-3,8.087343E-4,4.043672E-4,4.043672E-4,4.043672E-4,0,1.293975E-2,2.021836E-3,0,0,8.087343E-4,7.682976E-3,2.426203E-3,0,0,8.087343E-3,4.043672E-3,3.234937E-3,1.617469E-3,0,1.819652E-2,6.874242E-3,3.234937E-3,0,0,3.639304E-2,2.951880E-2,2.426203E-2,2.143146E-2,4.043672E-4,2.021836E-3,4.043672E-4,4.043672E-4,3.234937E-3,3.234937E-3,8.087343E-4,1.213101E-3,1.213101E-3,8.087343E-4,4.043672E-4,4.043672E-4,0,1.617469E-3,4.043672E-4,2.021836E-3,8.087343E-4,1.152446E-1,6.065507E-3,1.213101E-3,4.043672E-4,4.043672E-4,1.617469E-3,8.087343E-4,0,1.617469E-3,0,0,1.617469E-3,1.617469E-3,2.183583E-2,1.213101E-3,8.087343E-4,4.043672E-4,4.043672E-4,1.374848E-2,8.896078E-3,4.043672E-3,1.213101E-3,1.213101E-3,4.043672E-4,1.617469E-3,4.043672E-3,1.617469E-3,1.213101E-3,1.617469E-3,4.043672E-4,4.043672E-4,4.043672E-4,1.213101E-3,1.374848E-2,8.087343E-4,1.617469E-3,2.426203E-3,1.213101E-3,2.830570E-3,4.043672E-4,0,0,8.087343E-4,0,2.426203E-3,8.087343E-4,8.087343E-4,4.043672E-4,8.087343E-4,4.043672E-4,4.043672E-4,0,4.043672E-4,4.043672E-4,2.830570E-3,2.830570E-3,2.426203E-3,4.043672E-4,1.213101E-3,1.213101E-3,0,4.043672E-4,2.830570E-3,5.661140E-3,5.661140E-3,1.010918E-2,1.010918E-2,1.876264E-1,2.871007E-2,4.448039E-3,4.043672E-4,3.639304E-3,2.021836E-3,1.617469E-3,4.043672E-4,4.043672E-4,8.087343E-4,0,4.043672E-4,0,0,0,0,3.639304E-3,3.639304E-3,5.661140E-3,2.830570E-3,3.234937E-3,8.087343E-3,1.213101E-3,1.629600E-1,1.439547E-1,1.981399E-2,1.213101E-3,4.043672E-4,0,0,0,8.087343E-4,2.830570E-3,4.043672E-4,2.426203E-3,0,3.234937E-3,8.087343E-4,2.426203E-3,0,2.426203E-3,1.213101E-3,0,8.087343E-4,0,8.087343E-4,4.043672E-4,4.043672E-4,8.087343E-4,4.933279E-2,4.043672E-4,4.892843E-2,3.234937E-3,4.043672E-4,8.087343E-4,8.087343E-4,8.087343E-4,4.043672E-4,4.043672E-4,4.043672E-4,0,1.010918E-2,0,8.087343E-4,4.043672E-4,4.043672E-4,3.639304E-3,3.639304E-3,4.043672E-4,1.617469E-3,8.087343E-4,1.617469E-3,1.213101E-3,4.043672E-4,8.491710E-3,0,7.682976E-3,1.213101E-3,1.213101E-3,0,0,6.469875E-3,1.213101E-3,5.661140E-3,0,5.661140E-3,1.213101E-3,4.043672E-4,4.043672E-4,4.043672E-4,1.213101E-3,1.213101E-3,1.617469E-2,1.213101E-2,1.617469E-3,4.043672E-4,4.043672E-4,1.132228E-2,4.043672E-3,3.639304E-3,4.043672E-4,4.043672E-4,0,0,0,0,1.617469E-3,0,1.617469E-3,1.213101E-3,4.043672E-4,6.389001E-2,1.698342E-2,1.374848E-2,8.087343E-3,2.830570E-3,2.426203E-3,1.213101E-3,2.021836E-3,6.065507E-3,8.087343E-4,4.852406E-3,4.043672E-4,4.448039E-3,4.448039E-3,1.213101E-3,4.043672E-4,4.043672E-4,4.084108E-2,3.396684E-2,2.224019E-2,1.577032E-2,4.043672E-3,1.213101E-3,1.213101E-3,8.087343E-4,4.043672E-4,0,8.087343E-4,2.021836E-3,0,1.819652E-2,8.896078E-3,2.021836E-3,4.852406E-3,4.043672E-4,4.043672E-4,9.429842E-1,2.143146E-2,8.087343E-4,0,2.507076E-2,0,4.043672E-3,4.043672E-3,4.043672E-3,0,0,6.550748E-2,8.087343E-4,2.021836E-3,1.617469E-3,4.043672E-4,2.426203E-3,0,1.213101E-3,0,0,8.087343E-4,0,8.087343E-4,1.213101E-3,2.021836E-3,0,0,0,4.043672E-4,8.087343E-4,0,4.043672E-4,8.087343E-4,8.087343E-4,1.213101E-3,2.426203E-3,0,0,2.021836E-3,0,0,0,0,0,0,4.043672E-4,4.043672E-4,4.043672E-4,0,0,0,2.426203E-3,2.426203E-3,4.043672E-4,4.043672E-4,4.043672E-4,5.256773E-3,8.087343E-4,4.043672E-4,0,0,0,0,0,0,0,0,0,4.043672E-3,0,0,3.639304E-3,2.021836E-3,1.617469E-3,1.617469E-3,1.213101E-3,1.213101E-3,0,0,0,0,4.043672E-4,8.087343E-4,8.087343E-4,4.043672E-4,4.043672E-4,4.043672E-4,0,0,2.830570E-3,2.426203E-3,4.043672E-4,8.087343E-4,4.043672E-4,8.087343E-4,8.087343E-4,8.087343E-4,4.043672E-4,4.043672E-4,3.032754E-2,4.043672E-3,2.426203E-3,0,7.682976E-3,4.043672E-4,0,1.860089E-2,3.234937E-3,8.896078E-3,2.021836E-3,5.256773E-3,1.213101E-3,1.213101E-3,1.213101E-3,0,8.087343E-4,4.043672E-4,4.043672E-4,8.087343E-3,8.087343E-4,0,0,4.043672E-4,4.043672E-4,0,6.874242E-3,4.043672E-4,2.426203E-3,3.234937E-3,1.617469E-3,1.661949E-1,1.091791E-2,1.540639E-1,1.443591E-1,9.704812E-3,8.087343E-4,8.087343E-4,8.087343E-4,9.231702E-1,9.704812E-3,6.874242E-3,7.480793E-2,8.087343E-4,4.448039E-3,4.043672E-4,4.043672E-4,4.043672E-4,2.021836E-3,3.639304E-3,2.143146E-2,2.143146E-2,2.062273E-2,2.426203E-3,0,3.881925E-2,1.455722E-2,2.790133E-2,4.043672E-4,1.172665E-2,2.021836E-3,4.043672E-4,4.043672E-4,1.617469E-3,8.087343E-4,8.087343E-4,0,8.087343E-4,8.087343E-4,0,0,4.043672E-3,1.213101E-3,8.087343E-4,4.043672E-4,4.043672E-4,1.617469E-3,1.617469E-3,1.617469E-3,8.556409E-1,1.334412E-2,5.661140E-3,3.234937E-3,2.021836E-3,0,4.043672E-4,0,4.043672E-4,4.043672E-4,4.043672E-4,1.213101E-3,4.043672E-4,4.448039E-3,8.087343E-4,8.087343E-4,2.830570E-3,2.507076E-2,2.224019E-2,2.021836E-3,1.213101E-3,0,8.087343E-4,1.779216E-2,4.043672E-3,1.213101E-3,4.043672E-4,1.213101E-3,2.021836E-3,8.087343E-4,1.213101E-3,8.087343E-4,6.874242E-3,4.043672E-4,4.043672E-4,2.830570E-3,1.213101E-3,1.617469E-3,8.087343E-4,8.087343E-4,2.114840E-1,4.043672E-4,4.043672E-4,4.043672E-4,2.830570E-3,8.087343E-4,8.087343E-4,1.213101E-3,4.043672E-4,4.043672E-4,8.087343E-4,2.426203E-3,2.830570E-3,4.043672E-4,8.087343E-4,1.617469E-3,2.426203E-3,0,0,4.043672E-4,2.830570E-3,4.043672E-4,0,0,8.087343E-4,1.213101E-3,8.087343E-4,4.043672E-4,1.213101E-3,0,4.043672E-4,8.087343E-4,0,4.043672E-4,0,1.617469E-3,0,4.043672E-4,4.043672E-4,0,8.087343E-4,8.087343E-4,8.087343E-4,0,8.087343E-4,1.213101E-3,8.087343E-4,8.087343E-4,0,2.377679E-1,2.268500E-1,2.264456E-1,1.213101E-2,1.617469E-3,0,6.874242E-3,3.639304E-3,8.087343E-4,0,0,0,3.141933E-1,0,2.830570E-3,3.234937E-3,0,7.682976E-3,7.561666E-2,1.577032E-2,0,1.172665E-2,1.132228E-2,4.043672E-4,1.213101E-3,3.234937E-2,1.617469E-3,2.304893E-2,9.826122E-2,3.234937E-3,0,8.087343E-4,8.087343E-4,2.021836E-3,1.617469E-3,0,0,8.087343E-4,8.087343E-4,8.087343E-4,8.087343E-4,8.087343E-4,4.043672E-4,1.617469E-3,4.043672E-4,1.213101E-3,0,8.087343E-4,8.087343E-4,8.087343E-4,1.213101E-3,8.087343E-4,8.087343E-4,8.087343E-4,8.087343E-4,1.213101E-3,8.087343E-4,4.043672E-4,8.491710E-3,4.043672E-4,2.871007E-2,1.860089E-2,3.234937E-3,6.065507E-3,4.043672E-4,4.043672E-4,6.065507E-3,5.256773E-3,4.043672E-4,0,2.021836E-3,4.043672E-4,4.043672E-4,1.213101E-3,1.213101E-3,1.213101E-3,4.043672E-4,0,2.830570E-3,4.043672E-4,1.213101E-3,1.213101E-3,0,8.087343E-4,2.830570E-3,8.087343E-4,4.043672E-4,4.043672E-4,2.507076E-2,8.491710E-3,1.940962E-2,1.051355E-2,1.051355E-2,4.043672E-4,8.087343E-4,4.043672E-4,4.043672E-4,2.021836E-3,1.779216E-2,2.021836E-3,1.213101E-3,0,4.043672E-4,1.213101E-3,0,2.426203E-3,8.491710E-3,6.469875E-3,1.213101E-3,1.213101E-3,4.043672E-4,4.043672E-4,4.043672E-4,3.234937E-3,8.087343E-4,1.617469E-3,0,1.213101E-3,1.213101E-3,8.087343E-4,0,0,0,0,0,0,4.852406E-3,1.213101E-3,1.213101E-3,8.087343E-4,1.617469E-3,2.021836E-3,8.087343E-4,1.617469E-3,4.043672E-4,4.043672E-4,8.087343E-4,7.278609E-3,7.278609E-3,2.426203E-3,1.213101E-3,5.341690E-1,8.087343E-4,4.043672E-4,4.043672E-4,0,0,0,5.216336E-2,3.032754E-2,9.300445E-3,9.300445E-3,2.102709E-2,2.224019E-2,6.469875E-3,6.469875E-3,1.577032E-2,3.962798E-2,0,4.852406E-3,2.021836E-3,0,2.426203E-3,0,0,0,0,0,1.213101E-3,8.087343E-4,4.043672E-4,0,0,0,0,4.852406E-3,1.213101E-3,0,0,1.213101E-3,8.087343E-4,1.213101E-3,1.617469E-3,8.087343E-4,8.087343E-4,1.213101E-3,0,0,8.087343E-4,2.021836E-3,2.021836E-3,4.043672E-4,2.062273E-2,6.874242E-3,0,1.293975E-2,4.043672E-4,8.087343E-4,2.062273E-1,2.830570E-3,4.043672E-4,4.043672E-4,1.617469E-3,4.043672E-4,4.043672E-4,4.043672E-4,4.448039E-3,3.234937E-3,8.087343E-4,4.043672E-4,3.234937E-3,8.087343E-4,8.491710E-3,5.661140E-3,0,4.043672E-4,4.043672E-4,1.213101E-3,8.087343E-4,1.091791E-2,8.087343E-4,8.087343E-3,2.466640E-2,1.698342E-2,9.704812E-3,3.639304E-3,6.874242E-3,8.087343E-4,8.087343E-4,8.087343E-4,0,3.234937E-3,2.426203E-3,2.426203E-3,6.065507E-3,2.021836E-3,0,0,1.617469E-3,0,4.124545E-2,1.213101E-3,4.043672E-4,8.087343E-4,0,1.091791E-2,1.091791E-2,2.021836E-3,2.830570E-3,2.830570E-3,8.087343E-4,2.021836E-3,4.043672E-4,5.256773E-3,5.256773E-3,0,0,0,0,1.617469E-3,1.617469E-3,1.213101E-3,8.087343E-4,8.087343E-4,2.426203E-3,1.455722E-2,1.213101E-3,1.617469E-3,4.043672E-4,4.043672E-4,8.087343E-4,8.087343E-4,4.043672E-4,8.087343E-4,0,8.087343E-4,8.087343E-4,8.087343E-4,4.043672E-4,1.213101E-3,9.300445E-3,4.043672E-4,4.043672E-4,4.084108E-2,2.830570E-3,8.087343E-4,1.617469E-3,4.043672E-4,1.213101E-3,4.043672E-4,8.896078E-3,4.448039E-3,4.448039E-3,4.043672E-3,8.087343E-4,8.087343E-4,8.087343E-4,4.043672E-4,4.043672E-3,1.617469E-3,2.426203E-3,2.426203E-3,1.213101E-3,1.213101E-3,4.448039E-3,2.021836E-3,2.830570E-3,4.448039E-3,4.043672E-3,3.639304E-3,4.043672E-4,4.043672E-4,4.043672E-4,1.213101E-3,4.043672E-4,8.087343E-4,0,4.043672E-4,9.300445E-3,4.043672E-4,0,4.043672E-4,4.448039E-3,2.426203E-3,4.043672E-4,4.043672E-4,8.087343E-4,4.043672E-4,2.021836E-3,1.213101E-3,8.087343E-4,8.087343E-4,8.087343E-4,9.704812E-3,2.830570E-3,3.234937E-3,8.087343E-4,4.043672E-4,4.043672E-4,0,1.213101E-3,8.087343E-4,0,8.087343E-4,4.043672E-4,4.043672E-4,4.043672E-4,4.043672E-4,5.782450E-2,8.087343E-3,3.639304E-3,2.021836E-3,1.213101E-3,8.087343E-4,5.256773E-3,8.087343E-4,1.536595E-2,4.043672E-4,1.213101E-3,1.213101E-3,1.617469E-3,1.213101E-3,1.213101E-3,4.043672E-4,4.043672E-4,1.213101E-3,0,0,1.617469E-3,8.087343E-4,1.617469E-3,8.087343E-4,1.213101E-3,4.043672E-4,1.617469E-3,8.087343E-4,1.213101E-3,4.448039E-3,0,3.234937E-3,8.087343E-4,1.010918E-2,2.021836E-3,3.639304E-3,2.021836E-3,1.213101E-3,8.087343E-4,8.087343E-4,4.043672E-4,3.234937E-3,2.021836E-3,2.021836E-3,2.830570E-3,2.830570E-3,8.087343E-4,4.043672E-4,2.426203E-3,1.617469E-3,2.021836E-3,0,0,4.043672E-4,4.043672E-4,9.098261E-2,4.043672E-4,1.213101E-3,1.415285E-2,2.385766E-2,4.448039E-2,1.010918E-2,2.992317E-2,6.065507E-3,3.032754E-2,4.043672E-4,4.043672E-4,5.661140E-3,0,4.043672E-4,8.087343E-4,0,4.043672E-4,8.491710E-3,4.043672E-4,0,8.087343E-3,3.639304E-3,3.639304E-3,3.234937E-3,8.087343E-4,1.617469E-3,8.087343E-4,1.455722E-2,8.087343E-4,8.087343E-4,8.087343E-4,1.213101E-3,4.043672E-4,1.617469E-3,2.426203E-3,2.426203E-3,4.043672E-4,1.213101E-3,0,8.087343E-4,2.021836E-3,0,4.043672E-4,5.661140E-3,4.043672E-4,1.617469E-3,1.213101E-3,4.043672E-4,0,1.617469E-3,1.213101E-3,1.213101E-3,4.043672E-4,0,8.087343E-4,0,0,4.933279E-2,3.639304E-3,1.213101E-2,4.043672E-4,1.172665E-2,1.213101E-3,4.043672E-4,8.087343E-3,2.830570E-3,1.617469E-3,3.234937E-3,2.021836E-3,2.021836E-3,4.043672E-3,1.617469E-3,1.213101E-3,2.426203E-3,8.087343E-4,4.043672E-4,2.021836E-3,4.852406E-3,3.234937E-3,0,8.087343E-4,1.617469E-3,8.087343E-4,1.374848E-2,2.426203E-3,4.043672E-4,1.617469E-3,1.617469E-3,8.087343E-4,8.087343E-4,0,0,1.617469E-3,3.639304E-3,4.043672E-4,4.043672E-4,4.043672E-4,4.043672E-4,8.087343E-4,2.021836E-3,1.213101E-3,4.043672E-4,0,1.213101E-3,1.617469E-3,1.577032E-2,1.374848E-2,4.852406E-3,4.043672E-4,4.043672E-4,1.617469E-3,0,0,4.043672E-3,0,2.021836E-3,0,1.213101E-3,1.213101E-3,4.043672E-4,4.043672E-4,4.569349E-2,2.021836E-3,2.628387E-2,8.087343E-4,8.087343E-4,1.213101E-3,2.830570E-3,4.043672E-4,1.617469E-3,1.213101E-3,8.087343E-4,2.426203E-3,2.426203E-3,4.043672E-4,1.617469E-3,0,8.087343E-4,1.213101E-2,8.087343E-4,7.682976E-3,4.448039E-3,1.213101E-3,2.426203E-3,1.213101E-3,2.830570E-3,2.426203E-3,6.874242E-2,4.043672E-4,2.830570E-3,2.426203E-3,8.087343E-4,2.426203E-3,2.021836E-3,8.087343E-4,1.213101E-3,4.043672E-3,4.407602E-2,2.021836E-3,4.043672E-4,4.043672E-4,4.043672E-4,1.617469E-3,8.087343E-4,4.043672E-4,4.043672E-4,1.132228E-2,1.132228E-2,0,2.021836E-3,2.021836E-3,8.087343E-4,8.087343E-4,8.087343E-4,4.043672E-4,4.043672E-4,8.087343E-4,4.043672E-4,4.043672E-4,4.043672E-4,8.087343E-4,0,8.087343E-4,8.087343E-4,0,4.043672E-4,1.213101E-3,8.087343E-4,1.213101E-3,4.043672E-4,2.021836E-3,2.021836E-3,1.617469E-3,0,2.911444E-2,2.830570E-3,1.213101E-3,1.617469E-3,1.213101E-3,5.661140E-3,2.426203E-3,1.213101E-3,4.043672E-4,4.043672E-4,4.043672E-4,4.043672E-4,0,2.021836E-2,1.577032E-2,8.087343E-4,6.469875E-3,4.043672E-4,4.043672E-4,4.043672E-4,4.043672E-4,2.021836E-3,4.043672E-4,3.639304E-3,1.213101E-3,8.087343E-4,8.087343E-4,4.043672E-4,4.043672E-4,3.881925E-2,2.021836E-3,1.617469E-3,1.617469E-3,8.087343E-4,4.043672E-4,3.275374E-2,8.087343E-4,2.466640E-2,2.466640E-2,4.043672E-4,2.021836E-3,1.213101E-3,4.043672E-4,2.426203E-3,2.021836E-3,1.617469E-3,0,8.087343E-4,1.213101E-3,9.300445E-3,4.448039E-3,4.448039E-3,0,6.065507E-3,4.043672E-4,3.639304E-3,2.426203E-3,2.426203E-3,4.043672E-4,4.043672E-4,0,0,0,0,0,0,0,0,0,4.043672E-4,8.087343E-4,0,0,4.043672E-4,4.043672E-4,2.426203E-2,8.087343E-4,1.617469E-3,1.981399E-2,1.536595E-2,1.213101E-3,0,1.617469E-3,2.830570E-3,2.426203E-3,0,8.087343E-4,4.043672E-4,4.043672E-4,4.043672E-4,1.213101E-3,8.087343E-4,4.043672E-4,4.043672E-4,4.043672E-4,4.043672E-4,2.021836E-3,2.021836E-3,1.213101E-3,8.087343E-4,0,3.234937E-3,3.234937E-3,1.617469E-3,1.213101E-3,8.087343E-4,4.043672E-4,4.043672E-4,8.087343E-4,0,4.043672E-4,0,8.087343E-4,0,0,0,0,0,9.773554E-1,0,0,0,0,0,6.538617E-1,5.418520E-1,0,0,0,3.857663E-1,2.151233E-1,0,2.466640E-2,1.496159E-2,1.496159E-2,4.043672E-4,0,0,0,0,0,0,0,0,0,0,0,0,6.065507E-3,6.065507E-3,3.234937E-3,2.021836E-3,1.213101E-3,4.043672E-4,4.043672E-4,8.087343E-4,4.043672E-4,4.043672E-4,0,8.087343E-4,0,0,2.426203E-3,4.043672E-4,0,1.213101E-3,1.213101E-3,0,0,0,0,0,0,0,0,0,0,0,0,0,0,0,0,0,0,6.469875E-3,6.469875E-3,3.234937E-3,8.087343E-4,8.087343E-4,1.617469E-3,2.830570E-3,2.830570E-3,2.426203E-3,4.043672E-4,0,8.087343E-4,4.043672E-4,4.043672E-4,4.043672E-4,0,0,0,0,0,0,0,0,4.043672E-4,0,0,0,0,0,0,0,0,0,0,0,0,0,0,0,0,0,0,3.234937E-3,2.021836E-3,0,0,0,0,0,1.213101E-3,4.043672E-4,0,0,5.256773E-3,0,0,0,4.043672E-4,0,4.043672E-4,4.043672E-4,0,0,2.426203E-3,8.087343E-4,4.043672E-4,4.043672E-4,0,4.043672E-4,4.043672E-4,8.087343E-4,8.087343E-4,8.087343E-4,4.043672E-4,0,8.087343E-4,4.043672E-4,4.043672E-4,4.043672E-4,4.043672E-4,0,0,4.043672E-4,0,0,0,0,0,0,0,2.021836E-3,1.617469E-3,4.043672E-4,0,0,1.916700E-1,8.087343E-2,2.830570E-3,2.426203E-3,8.087343E-4,8.087343E-4,2.426203E-3,8.087343E-4,4.043672E-4,1.536595E-2,8.087343E-3,4.043672E-4,4.043672E-3,4.043672E-3,2.426203E-3,2.830570E-3,8.087343E-4,4.043672E-4,1.051355E-2,4.043672E-4,4.043672E-4,4.043672E-4,5.539830E-2,1.577032E-2,1.415285E-2,6.065507E-3,4.043672E-4,3.234937E-3,1.617469E-3,0,4.448039E-3,7.278609E-3,8.087343E-4,8.087343E-4,0,4.043672E-4,4.043672E-4,5.661140E-3,2.021836E-3,3.639304E-3,8.087343E-4,1.415285E-2,6.469875E-3,8.087343E-4,0,1.213101E-3,4.043672E-4,8.087343E-4,8.087343E-4,1.617469E-3,0,8.087343E-4,1.213101E-3,8.087343E-4,8.087343E-4,8.087343E-4,8.087343E-4,8.087343E-4,0,1.981399E-2,2.830570E-3,4.043672E-4,1.213101E-3,8.087343E-4,1.293975E-2,1.293975E-2,2.021836E-3,1.213101E-3,2.830570E-3,2.021836E-3,8.087343E-4,2.426203E-3,4.043672E-4,1.213101E-3,4.043672E-4,1.213101E-3,4.043672E-4,3.639304E-3,2.830570E-3,0,2.426203E-3,1.213101E-3,8.087343E-4,0,0,0,8.087343E-4,4.043672E-4,0,0,1.180752E-1,4.043672E-4,0,3.639304E-3,3.639304E-3,3.437121E-2,8.087343E-4,0,0,0,3.154064E-2,1.496159E-2,8.087343E-4,2.021836E-3,7.278609E-3,4.852406E-3,4.043672E-3,2.426203E-3,2.426203E-3,2.426203E-3,4.043672E-4,4.043672E-4,0,4.043672E-4,4.043672E-4,4.043672E-4,0,0,0,0,2.830570E-3,0,1.213101E-3,0,4.043672E-4,0,0,1.617469E-3,0,4.043672E-4,0,0,6.469875E-3,6.065507E-3,3.639304E-3,3.234937E-3,3.234937E-3,0,2.021836E-3,8.087343E-4,1.213101E-3,7.844723E-2,3.801051E-2,2.304893E-2,8.087343E-4,1.455722E-2,6.065507E-3,5.661140E-3,8.087343E-4,4.043672E-4,4.043672E-4,8.087343E-4,8.087343E-4,4.043672E-4,1.617469E-3,0,0,0,0,0,1.617469E-3,4.043672E-4,1.213101E-3,4.043672E-4,4.043672E-4,8.087343E-4,4.043672E-4,4.043672E-4,1.213101E-3,4.043672E-4,0,4.043672E-4,4.043672E-4,4.448039E-3,4.448039E-3,1.132228E-2,1.051355E-2,4.043672E-4,4.043672E-4,0,4.043672E-4,0,0,4.043672E-4,4.043672E-4,0,4.043672E-4,4.043672E-4,4.043672E-4,8.087343E-4,4.043672E-4,4.043672E-4,0,8.087343E-4,1.213101E-3,4.043672E-4,8.087343E-4,4.043672E-4,0,4.043672E-4,0,4.043672E-4,4.043672E-4,4.043672E-4,1.617469E-3,4.043672E-4,4.043672E-4,4.043672E-4,0,0,4.043672E-4,8.087343E-4,4.771533E-2,4.488476E-2,1.051355E-2,1.617469E-3,0,1.213101E-3,8.491710E-3,1.213101E-3,4.043672E-4,0,4.043672E-4,4.043672E-4,3.234937E-3,2.830570E-3,7.682976E-3,6.469875E-3,0,3.234937E-3,3.234937E-3,1.051355E-2,9.300445E-3,4.043672E-4,6.065507E-3,1.213101E-3,4.852406E-3,4.043672E-4,4.043672E-4,6.874242E-3,5.661140E-3,4.448039E-3,8.087343E-4,8.087343E-4,8.087343E-4,4.043672E-4,0,0,1.293975E-2,4.043672E-4,8.087343E-4,4.043672E-4,0,1.172665E-2,0,7.682976E-3,4.043672E-4,1.213101E-3,4.448039E-3,1.213101E-3,2.830570E-3,0,2.426203E-3,4.043672E-4,6.065507E-3,5.256773E-3,1.617469E-3,4.448039E-3,2.830570E-3,2.830570E-3,0,0,0,1.617469E-3,1.617469E-3,8.087343E-4,8.087343E-4,1.617469E-3,4.043672E-4,8.087343E-4,8.087343E-4,0,1.213101E-3,0,1.213101E-3,4.043672E-4,9.704812E-3,0,0,0,9.300445E-3,8.087343E-3,8.087343E-3,5.256773E-3,2.021836E-3,4.043672E-4,3.234937E-3,4.043672E-4,4.043672E-4,9.704812E-3,4.043672E-4,2.021836E-3,2.021836E-3,0,1.213101E-3,3.639304E-3,4.043672E-4,0,8.087343E-4,8.087343E-4,0,0,0,0,0,1.253538E-2,0,6.065507E-3,2.021836E-3,2.021836E-3,1.213101E-3,0,0,2.021836E-3,2.021836E-3,0,4.043672E-4,4.043672E-4,2.021836E-3,0,2.021836E-3,0,2.021836E-3,0,0,0,4.043672E-4,4.043672E-4,1.213101E-3,1.213101E-3,0,1.213101E-3,1.213101E-3,0,0,0,0,1.213101E-3,1.213101E-3,4.043672E-4,3.639304E-3,4.043672E-4,4.043672E-4,4.043672E-4,2.830570E-3,2.830570E-3,2.830570E-3,4.043672E-4,4.043672E-4,4.043672E-4,2.203801E-1,3.639304E-3,3.639304E-3,1.213101E-3,8.087343E-4,8.087343E-4,0,0,2.426203E-3,2.426203E-3,4.043672E-3,4.043672E-3,0,2.021836E-3,4.043672E-3,4.043672E-4,4.043672E-4,4.043672E-4,1.370805E-1,2.021836E-3,8.087343E-4,8.087343E-4,0,9.462192E-2,1.617469E-3,1.617469E-3,2.426203E-3,2.426203E-3,8.087343E-4,4.043672E-4,4.043672E-4,1.213101E-3,5.256773E-3,8.087343E-4,4.043672E-3,0,4.043672E-4,1.213101E-2,1.617469E-3,6.874242E-3,1.617469E-3,2.021836E-3,2.830570E-3,1.172665E-2,1.213101E-3,1.051355E-2,4.043672E-4,4.043672E-4,7.682976E-2,2.021836E-3,7.682976E-2,4.043672E-3,1.213101E-2,4.043672E-4,5.661140E-3,2.021836E-3,3.234937E-3,4.043672E-4,0,6.874242E-3,4.043672E-4,1.213101E-3,8.087343E-4,4.852406E-3,4.448039E-3,4.043672E-4,5.256773E-3,4.043672E-3,0,2.426203E-3,8.087343E-4,1.617469E-3,1.213101E-3,4.043672E-4,4.043672E-4,0,0,0,1.213101E-3,8.087343E-4,4.043672E-4,4.043672E-4,4.043672E-4,4.043672E-4,1.213101E-3,0,0,0,0,4.043672E-4,0,4.043672E-4,4.043672E-4,0,0,1.213101E-3,4.043672E-4,4.043672E-4,4.043672E-4,0,0,8.087343E-4,8.087343E-4,4.043672E-4,4.043672E-4,4.043672E-4,0,4.043672E-4,4.043672E-4,4.043672E-4,0,0,0,0,0,0,8.087343E-4,8.087343E-4,4.043672E-4,4.043672E-4,0,8.491710E-3,5.661140E-3,0,5.256773E-3,4.043672E-3,3.234937E-3,1.213101E-3,1.213101E-3,3.113627E-2,2.021836E-3,0,0,0,0,2.021836E-3,0,0,0,0,0,0,0,0,0,0,0,0,0,0,0,0,0,2.951880E-2,1.536595E-2,1.455722E-2,1.213101E-3,4.043672E-4,8.087343E-4,4.043672E-4,8.087343E-4,4.043672E-4,4.043672E-4,3.234937E-3,2.426203E-3,8.087343E-4,9.704812E-3,5.256773E-3,4.448039E-3,4.043672E-4,0,0,0,0,3.639304E-3,1.617469E-3,8.087343E-4,4.043672E-4,8.087343E-4,4.043672E-4,8.087343E-4,1.617469E-3,0,2.426203E-3,2.426203E-3,2.426203E-3,1.213101E-3,1.213101E-3,0,0,0,4.043672E-4,4.043672E-4,2.021836E-3,0,4.043672E-4,4.043672E-4,2.830570E-3,0,2.830570E-3,0,2.830570E-3,8.087343E-4,1.617469E-3,1.617469E-3,1.213101E-3,1.213101E-3,0,4.043672E-4,4.043672E-4,2.021836E-3,2.021836E-3,4.043672E-4,1.617469E-3,1.617469E-3,8.087343E-4,8.087343E-4,0,0,0,4.043672E-4,4.043672E-4,4.043672E-4,1.617469E-3,1.617469E-3,7.157299E-2,1.213101E-3,4.043672E-4,4.043672E-4,0,2.021836E-3,2.830570E-3,1.617469E-3,4.043672E-4,1.617469E-3,2.830570E-3,0,6.105944E-2,5.944197E-2,3.639304E-2,2.062273E-2,1.213101E-3,1.213101E-3,4.043672E-4,1.213101E-3,1.617469E-3,1.617469E-3,4.043672E-4,0,0,2.021836E-3,4.043672E-4,1.617469E-3,1.213101E-3,1.617469E-3,4.043672E-4,5.256773E-3,2.830570E-3,2.021836E-3,2.021836E-3,2.830570E-3,2.830570E-3,3.234937E-3,3.234937E-3,3.234937E-3,0,0,4.043672E-4,4.043672E-4,4.043672E-4,0,0,8.087343E-4,0,4.043672E-4,4.043672E-4,4.043672E-4,4.043672E-4,4.043672E-4,0,0,2.147190E-1,8.087343E-4,8.087343E-4,8.087343E-4,1.455722E-2,1.213101E-3,8.087343E-4,4.043672E-4,0,0,0,0,1.132228E-2,4.043672E-4,0,0,0,0,0,6.469875E-3,1.617469E-3,1.213101E-3,8.087343E-4,3.234937E-3,4.043672E-4,1.213101E-3,4.043672E-4,0,0,8.087343E-4,0,2.830570E-3,0,0,0,2.426203E-3,2.021836E-3,0,0,0,4.043672E-4,0,4.043672E-4,0,0,0,4.043672E-4,4.043672E-4,2.426203E-3,1.213101E-3,4.043672E-4,4.043672E-4,4.043672E-4,0,0,0,1.589163E-1,2.830570E-2,4.852406E-3,4.043672E-4,8.087343E-4,8.087343E-4,4.043672E-4,8.087343E-4,2.021836E-2,1.213101E-3,1.779216E-2,1.779216E-2,4.448039E-3,6.469875E-3,0,2.426203E-3,4.448039E-3,0,4.448039E-3,4.448039E-3,3.234937E-2,0,3.032754E-2,4.043672E-3,3.234937E-3,3.234937E-3,2.749697E-2,1.091791E-2,8.087343E-4,2.830570E-3,1.617469E-3,4.043672E-4,1.617469E-3,1.213101E-3,2.021836E-3,1.213101E-3,1.196927E-1,1.196927E-1,2.264456E-2,8.087343E-4,4.852406E-3,4.043672E-4,1.010918E-2,0,1.213101E-3,8.087343E-4,1.617469E-3,1.577032E-2,9.704812E-3,5.661140E-3,2.830570E-3,4.043672E-4,0,4.448039E-3,1.213101E-3,0,3.234937E-3,1.617469E-3,4.043672E-4,8.087343E-4,8.087343E-4,4.043672E-4,8.087343E-4,4.043672E-4,4.043672E-4,4.043672E-4,0,4.043672E-4,4.043672E-4,4.043672E-4,4.043672E-4,8.087343E-4,8.087343E-4,8.491710E-3,8.087343E-4,2.021836E-3,2.021836E-3,4.043672E-4,2.021836E-3,4.043672E-4,1.213101E-3,0,1.213101E-3,2.426203E-3,0,4.043672E-4,1.213101E-3,4.043672E-4,4.043672E-4,0,4.043672E-4,4.043672E-4,4.043672E-4,4.043672E-4,1.334412E-2,4.043672E-4,4.043672E-4,1.617469E-3,1.617469E-3,8.087343E-4,4.043672E-4,0,4.043672E-4,4.043672E-4,0,0,0,0,0,3.234937E-3,4.043672E-4,1.617469E-3,1.213101E-3,0,8.087343E-4,4.043672E-4,0,0,4.043672E-4,4.043672E-4,6.874242E-3,6.874242E-3,3.234937E-3,3.234937E-3,0,0,0,0,0,4.043672E-4,0,2.021836E-3,8.087343E-4,1.617469E-3,0,0,0,0,1.374848E-2,1.253538E-2,2.830570E-3,1.617469E-3,0,0,0,8.491710E-3,8.491710E-3,8.087343E-3,8.087343E-4,0,4.043672E-4,0,8.087343E-4,4.043672E-4,4.043672E-4,4.043672E-4,4.043672E-4,0,0,0,0,0,0,3.315811E-2,2.709260E-2,2.062273E-2,8.896078E-3,4.043672E-4,4.043672E-4,4.043672E-4,5.256773E-3,0,1.617469E-3,8.087343E-4,4.043672E-4,1.213101E-3,4.448039E-3,1.213101E-3,1.617469E-3,6.469875E-3,4.043672E-4,5.661140E-3,8.087343E-4,4.043672E-4,8.087343E-4,6.065507E-3,8.087343E-4,0,1.213101E-3,1.213101E-3,3.639304E-3,2.021836E-3,8.087343E-4,4.448039E-3,8.087343E-4,2.426203E-3,0,4.043672E-4,4.043672E-4,4.043672E-4,4.043672E-4,0,0,0,0,0,0,0,0,0,0,0,4.043672E-4,4.043672E-4,0,1.172665E-2,1.213101E-3,1.213101E-3,4.043672E-4,9.300445E-3,0,1.617469E-3,1.617469E-3,4.043672E-4,2.426203E-3,1.617469E-3,2.021836E-3,6.874242E-3,4.043672E-4,8.087343E-4,8.087343E-4,4.043672E-4,1.617469E-3,4.043672E-4,4.043672E-4,4.043672E-4,4.043672E-4,0,8.087343E-4,8.087343E-4,1.617469E-3,0,0,0,1.213101E-3,4.043672E-4,4.043672E-4,8.087343E-4,4.043672E-4,4.043672E-4,4.043672E-4,4.043672E-4,4.043672E-4,4.043672E-4,4.043672E-4,4.043672E-4,4.043672E-4,2.021836E-3,2.021836E-3,0,4.043672E-4,8.087343E-4,4.043672E-4,3.760615E-2,4.852406E-3,4.852406E-3,4.448039E-3,4.043672E-3,2.426203E-3,4.043672E-4,2.628387E-2,4.043672E-4,1.617469E-3,4.043672E-4,0,1.617469E-3,0,2.426203E-2,8.087343E-4,4.043672E-4,1.172665E-2,4.043672E-4,4.043672E-3,4.043672E-4,3.234937E-3,7.682976E-3,2.021836E-3,8.087343E-4,1.213101E-3,1.213101E-3,1.213101E-3,6.469875E-3,1.617469E-3,8.087343E-4,3.639304E-3,8.087343E-4,1.213101E-3,0,0,6.469875E-3,1.213101E-3,0,3.234937E-3,4.043672E-4,1.617469E-3,1.213101E-3,3.234937E-3,1.213101E-3,1.617469E-3,1.213101E-3,1.213101E-3,3.639304E-3,8.087343E-4,4.043672E-4,0,4.043672E-4,4.043672E-4,0,8.087343E-4,8.087343E-4,8.087343E-4,0,0,2.021836E-3,0,4.043672E-4,1.213101E-3,8.087343E-4,8.087343E-4,0,0,0,0,0,4.043672E-4,4.043672E-4,0,4.043672E-4,4.043672E-4,4.043672E-4,4.043672E-4,0,0,0,0,0,0,1.730691E-1,3.639304E-3,1.779216E-2,1.779216E-2,1.779216E-2,1.172665E-2,1.213101E-3,4.043672E-4,1.213101E-3,8.087343E-4,3.639304E-3,3.639304E-3,8.087343E-4,4.043672E-4,4.043672E-4,0,8.087343E-4,4.043672E-4,4.043672E-4,0,4.043672E-4,4.043672E-4,2.021836E-3,2.021836E-3,2.021836E-3,0,0,0,1.617469E-3,0,4.043672E-4,7.682976E-3,7.682976E-3,7.682976E-3,8.087343E-4,1.577032E-2,1.213101E-2,0,0,0,1.213101E-2,1.051355E-2,2.830570E-3,2.830570E-3,4.043672E-4,6.874242E-3,5.661140E-3,4.043672E-4,1.617469E-3,2.830570E-3,6.065507E-3,1.213101E-3,0,4.043672E-4,4.043672E-4,4.043672E-4,8.087343E-4,8.087343E-4,0,0,0,0,0,0,0,0,0,4.043672E-3,9.300445E-3,2.830570E-3,4.043672E-4,1.213101E-3,4.043672E-3,4.043672E-4,4.043672E-4,0,0,4.043672E-4,0,2.547513E-2,2.345330E-2,1.213101E-3,1.617469E-3,4.448039E-3,3.234937E-3,4.043672E-4,4.043672E-4,4.043672E-4,0,2.426203E-3,4.043672E-4,4.043672E-4,0,0,0,0,0,0,0,5.256773E-3,4.043672E-4,2.830570E-3,2.830570E-3,8.087343E-4,3.639304E-3,4.043672E-4,4.043672E-4,1.213101E-3,1.213101E-3,8.087343E-4,0,0,0,0,2.426203E-3,0,2.426203E-3,2.021836E-3,0,4.043672E-4,1.617469E-3,1.617469E-3,0,0,8.087343E-4,4.043672E-4,4.043672E-4,4.043672E-4,1.213101E-3,1.213101E-3,4.043672E-4,4.043672E-4,2.021836E-3,0,0,0,0,0,2.021836E-3,2.021836E-3,2.021836E-3,4.043672E-4,0,0,8.087343E-4,0,0,0,5.054590E-2,8.087343E-4,3.113627E-2,5.661140E-3,1.738779E-2,3.234937E-3,1.617469E-3,1.617469E-3,1.617469E-3,1.172665E-2,1.010918E-2,4.043672E-3,3.234937E-3,3.234937E-3,0,0,7.682976E-3,0,7.682976E-3,4.043672E-4,4.043672E-4,7.278609E-3,4.852406E-3,4.448039E-3,8.087343E-4,4.043672E-4,0,0,0,4.043672E-4,8.087343E-4,4.043672E-4,1.213101E-3,4.043672E-4,4.043672E-4,4.043672E-4,1.617469E-3,8.087343E-4,8.087343E-4,0,0,0,0,1.213101E-3,1.617469E-3,0,0,1.617469E-3,0,0,0,0,0,0,0,6.874242E-3,2.021836E-3,2.021836E-3,8.087343E-4,4.852406E-3,8.087343E-4,2.830570E-3,0,8.087343E-4,4.043672E-4,4.043672E-4,4.043672E-4,4.043672E-4,0,0,4.407602E-2,8.087343E-4,1.617469E-3,4.043672E-4,4.043672E-4,4.043672E-4,0,1.172665E-2,4.043672E-4,4.043672E-4,0,8.087343E-4,4.043672E-4,0,2.021836E-3,8.087343E-4,5.661140E-3,2.426203E-3,4.043672E-4,1.213101E-3,8.087343E-4,1.213101E-3,4.043672E-4,0,0,0,5.256773E-3,5.256773E-3,1.213101E-3,1.213101E-3,4.043672E-3,2.830570E-3,4.043672E-4,1.213101E-3,1.213101E-3,1.213101E-3,1.213101E-3,1.213101E-3,0,2.021836E-3,4.043672E-4,8.087343E-4,0,4.043672E-4,4.043672E-4,4.043672E-4,4.043672E-4,4.043672E-4,0,0,0,3.234937E-3,8.087343E-4,0,0,2.426203E-3,4.043672E-4,2.021836E-3,1.293975E-2,5.256773E-3,2.021836E-3,8.087343E-4,6.065507E-3,6.065507E-3,4.043672E-3,2.426203E-3,1.213101E-3,1.213101E-3,0,1.617469E-3,1.617469E-3,1.617469E-3,0,1.617469E-3,0,1.617469E-3,8.087343E-4,0,6.874242E-3,6.874242E-3,2.426203E-3,4.043672E-4,0,2.021836E-3,4.043672E-4,4.043672E-4,4.043672E-4,0,0,0,0,0,2.426203E-3,2.021836E-3,2.021836E-3,2.021836E-3,4.043672E-4,5.256773E-3,2.830570E-3,1.617469E-3,0,0,0,0,0,0,0,4.043672E-4,0,0,0,0,0,4.043672E-4,4.043672E-4,4.043672E-4,0,7.278609E-3,1.213101E-3,1.213101E-3,1.213101E-3,0,0,0,0,0,6.065507E-3,5.661140E-3,5.256773E-3,8.087343E-4,0,0,0,0,0,0,0,0,0,0,0,0,4.043672E-4,4.043672E-4,4.043672E-4,0,0,7.682976E-3,4.448039E-3,3.234937E-3,0,1.213101E-3,1.213101E-3,4.043672E-4,8.087343E-4,2.021836E-3,8.087343E-4,8.087343E-4,1.213101E-3,8.087343E-4,0,8.087343E-4,0,0,0,0,1.617469E-3,1.617469E-3,0,0,0,0,0,4.043672E-4,0,2.426203E-3,1.617469E-3,1.617469E-3,0,0,2.871007E-2,2.143146E-2,2.426203E-3,0,1.617469E-3,4.043672E-4,0,4.043672E-4,4.043672E-4,1.010918E-2,8.087343E-3,2.426203E-3,4.852406E-3,3.234937E-3,2.426203E-3,1.617469E-3,8.087343E-4,0,0,1.213101E-3,0,4.043672E-4,0,0,8.087343E-4,1.617469E-3,1.617469E-3,4.043672E-4,4.043672E-4,8.087343E-4,0,8.087343E-4,0,0,0,4.448039E-3,0,0,4.448039E-3,4.043672E-3,4.043672E-3,4.043672E-4,4.043672E-4,8.087343E-4,4.043672E-4,4.043672E-4,7.278609E-3,1.617469E-3,1.617469E-3,0,2.426203E-3,1.617469E-3,1.617469E-3,0,2.830570E-3,0,0,0,0,2.426203E-3,8.087343E-4,8.087343E-4,0,2.830570E-3,1.213101E-3,1.213101E-3,0,0,0,0,0,0,0,0,0,0,0,0,0,0,0,0,0,0,0,0,0,0,0,0,0,0,1.617469E-3,1.617469E-3,0,0,0,0,0,0,4.318641E-1,3.639304E-3,3.639304E-3,2.426203E-3,2.021836E-3,2.547513E-2,7.278609E-3,2.021836E-3,1.213101E-3,8.087343E-4,1.213101E-3,2.021836E-3,5.661140E-3,2.830570E-3,0,8.087343E-4,4.043672E-4,4.043672E-4,8.087343E-4,8.087343E-4,8.087343E-4,9.300445E-3,6.469875E-3,4.852406E-3,4.852406E-3,4.852406E-3,4.852406E-3,8.087343E-4,4.043672E-4,4.043672E-4,4.043672E-4,0,2.426203E-3,2.426203E-3,3.315811E-2,4.852406E-3,1.293975E-2,1.010918E-2,0,1.213101E-2,6.469875E-3,4.448039E-3,4.043672E-3,4.043672E-3,4.043672E-3,3.024666E-1,2.749697E-2,4.043672E-4,0,0,4.043672E-4,3.234937E-3,1.455722E-2,8.087343E-4,6.469875E-3,0,0,1.213101E-3,4.043672E-4,4.043672E-4,2.021836E-3,2.021836E-3,1.435503E-1,6.874242E-3,3.234937E-3,1.617469E-3,0,2.426203E-3,2.749697E-2,8.491710E-3,2.021836E-3,8.087343E-3,4.043672E-3,8.087343E-4,2.426203E-3,2.021836E-3,1.617469E-3,1.617469E-3,1.617469E-3,4.043672E-4,7.682976E-3,7.278609E-3,4.043672E-4,8.087343E-4,4.043672E-4,2.911444E-2,1.253538E-2,0,4.852406E-3,4.043672E-4,4.043672E-4,2.830570E-3,0,1.617469E-3,4.043672E-4,0,4.043672E-4,4.043672E-4,8.087343E-4,4.043672E-4,4.043672E-4,0,2.830570E-3,2.830570E-3,2.426203E-3,1.253538E-2,6.469875E-3,4.448039E-3,8.087343E-4,8.087343E-4,1.617469E-3,0,4.043672E-4,0,0,2.426203E-3,2.426203E-3,0,0,8.087343E-4,0,4.043672E-4,0,2.426203E-3,1.213101E-3,7.682976E-3,1.213101E-3,4.448039E-3,4.448039E-3,4.448039E-3,3.234937E-3,8.087343E-4,8.491710E-3,5.661140E-3,8.087343E-4,8.087343E-4,4.043672E-4,2.021836E-2,4.448039E-3,2.426203E-3,8.087343E-4,2.021836E-3,4.043672E-4,4.043672E-4,4.043672E-4,0,1.010918E-2,4.043672E-4,4.043672E-4,1.213101E-3,3.234937E-3,4.043672E-4,4.043672E-4,1.213101E-3,4.043672E-4,4.043672E-4,0,4.043672E-4,1.213101E-3,1.536595E-2,4.852406E-3,2.426203E-3,4.043672E-4,1.213101E-3,4.043672E-4,4.043672E-4,8.087343E-4,9.704812E-3,9.704812E-3,3.639304E-3,2.021836E-3,1.213101E-3,1.213101E-3,0,1.617469E-3,2.426203E-3,1.213101E-3,1.213101E-3,0,3.679741E-2,4.043672E-4,9.300445E-3,6.469875E-3,2.426203E-3,3.639304E-3,2.830570E-3,1.213101E-3,0,4.043672E-4,1.617469E-3,1.617469E-3,8.087343E-3,5.256773E-3,0,4.043672E-4,8.087343E-4,4.043672E-4,0,2.021836E-3,6.469875E-3,2.830570E-3,2.830570E-3,8.087343E-4,1.617469E-3,8.087343E-4,4.043672E-4,1.091791E-2,4.043672E-3,2.830570E-3,2.426203E-3,8.087343E-4,4.043672E-4,4.043672E-4,2.021836E-3,6.874242E-3,5.661140E-3,2.830570E-3,8.087343E-4,4.043672E-4,4.043672E-4,1.415285E-2,3.639304E-3,2.830570E-3,1.213101E-3,1.617469E-3,2.021836E-3,4.043672E-4,2.021836E-3,4.043672E-4,1.213101E-3,1.617469E-3,1.738779E-2,1.496159E-2,4.448039E-3,4.448039E-3,3.639304E-3,1.213101E-3,1.617469E-3,8.087343E-4,6.874242E-3,2.830570E-3,4.043672E-4,0,8.087343E-4,2.830570E-3,8.087343E-4,4.043672E-4,1.213101E-3,4.043672E-4,4.043672E-4,8.087343E-4,4.043672E-4,4.043672E-4,2.426203E-3,4.043672E-4,2.021836E-3,1.213101E-3,8.087343E-4,0,2.466640E-2,0,2.426203E-3,1.617469E-3,8.087343E-4,4.043672E-4,0,4.043672E-3,0,1.213101E-3,4.043672E-4,4.043672E-4,2.426203E-3,4.043672E-4,4.043672E-4,0,4.043672E-4,4.043672E-4,4.043672E-4,9.300445E-3,0,8.896078E-3,8.896078E-3,4.043672E-4,4.043672E-4,1.617469E-3,8.087343E-4,1.617469E-3,1.617469E-3,0,0,8.087343E-4,8.087343E-4,4.448039E-3,4.448039E-3,2.021836E-3,1.617469E-3,4.043672E-4,0,9.462192E-2,4.043672E-4,4.043672E-4,5.782450E-2,5.458957E-2,4.043672E-4,0,2.426203E-3,4.043672E-3,2.021836E-3,1.617469E-3,1.617469E-3,1.617469E-3,1.213101E-3,4.043672E-4,0,4.043672E-4,4.043672E-4,8.087343E-4,6.874242E-3,2.830570E-3,8.087343E-4,4.043672E-4,1.213101E-3,2.426203E-3,3.234937E-3,4.043672E-4,4.043672E-4,1.617469E-3,8.087343E-4,4.043672E-4,2.345330E-2,1.213101E-3,8.087343E-4,4.852406E-3,1.617469E-3,1.617469E-3,4.852406E-3,4.852406E-3,4.852406E-3,1.172665E-2,1.010918E-2,2.021836E-3,1.213101E-3,1.213101E-3,4.448039E-3,2.426203E-3,2.426203E-3,2.021836E-3,2.021836E-3,1.617469E-3,0,0,3.639304E-3,2.021836E-3,4.043672E-4,0,0,4.043672E-4,0,1.010918E-2,2.426203E-3,2.426203E-3,1.617469E-3,7.682976E-3,0,0,2.426203E-3,0,8.087343E-4,2.021836E-3,3.234937E-3,0,3.113627E-2,3.113627E-2,8.087343E-3,6.874242E-3,2.021836E-3,0,8.087343E-4,8.087343E-4,2.021836E-3,4.043672E-4,3.234937E-3,1.617469E-3,4.043672E-4,2.426203E-3,2.426203E-3,2.021836E-3,4.043672E-4,2.830570E-3,1.213101E-3,1.213101E-3,4.043672E-4,0,2.426203E-3,0,0,8.087343E-4,3.356247E-2,3.356247E-2,2.183583E-2,8.087343E-3,8.087343E-4,4.043672E-4,1.213101E-3,8.087343E-4,8.087343E-4,4.043672E-4,4.043672E-4,2.021836E-3,4.043672E-4,4.043672E-4,4.043672E-4,3.234937E-3,3.234937E-3,0,1.293975E-2,1.293975E-2,4.043672E-4,4.043672E-4,4.043672E-4,0,0,1.213101E-3,8.087343E-4,0,3.234937E-3,1.617469E-3,4.043672E-4,1.213101E-2,1.213101E-2,4.124545E-2,4.043672E-4,0,0,3.639304E-3,1.617469E-3,1.213101E-3,1.213101E-3,1.213101E-3,4.043672E-4,0,0,0,0,1.213101E-3,0,2.021836E-3,2.021836E-3,3.639304E-3,3.639304E-3,4.043672E-4,2.426203E-3,4.043672E-4,4.043672E-4,5.256773E-3,4.043672E-4,8.087343E-4,8.087343E-4,1.213101E-3,1.213101E-3,1.213101E-3,1.213101E-3,1.213101E-3,0,0,4.043672E-4,2.871007E-2,2.830570E-3,8.087343E-3,3.234937E-3,4.043672E-3,3.639304E-3,4.043672E-4,1.132228E-2,6.874242E-3,3.639304E-3,2.021836E-3,2.426203E-3,4.043672E-4,4.043672E-4,4.043672E-4,8.491710E-3,8.491710E-3,8.491710E-3,4.043672E-3,4.043672E-4,1.617469E-3,1.213101E-3,2.021836E-3,1.213101E-3,1.374848E-2,1.091791E-2,3.639304E-3,4.043672E-4,1.213101E-3,4.448039E-3,3.639304E-3,3.639304E-3,4.043672E-4,4.043672E-4,4.043672E-4,4.043672E-4,4.043672E-4,0,0,4.043672E-4,4.043672E-4,0,3.598868E-2,4.043672E-4,1.536595E-2,6.065507E-3,9.704812E-3,8.087343E-4,1.981399E-2,1.617469E-2,8.087343E-3,8.087343E-3,8.087343E-4,8.087343E-4,8.087343E-4,0,3.679741E-2,1.617469E-3,5.822887E-2,0,0,0,5.054590E-2,9.300445E-3,4.043672E-4,8.491710E-3,3.234937E-3,0,8.087343E-4,1.213101E-3,0,1.617469E-3,4.043672E-4,1.940962E-2,8.087343E-4,1.213101E-3,1.213101E-3,0,0,4.043672E-4,8.896078E-3,2.426203E-3,4.043672E-4,3.234937E-3,4.043672E-4,4.043672E-4,4.043672E-4,0,0,1.213101E-3,4.043672E-4,8.087343E-4,8.087343E-4,4.448039E-3,2.021836E-3,0,8.087343E-4,0,4.043672E-4,4.043672E-4,6.874242E-3,0,0,0,0,0,1.213101E-3,1.213101E-3,4.043672E-4,4.043672E-4,4.043672E-3,0,0,0,8.087343E-4,8.087343E-4,8.087343E-4,8.087343E-4,0,1.213101E-3,1.213101E-3,8.087343E-4,4.043672E-4,0,8.087343E-4,4.043672E-4,4.043672E-4,0,0,4.043672E-4,8.087343E-4,4.043672E-4,4.043672E-4,0,0,0,1.617469E-3,1.617469E-3,0,0,1.617469E-3,1.617469E-3,1.617469E-3,1.617469E-3,0,0,2.830570E-3,2.830570E-3,1.617469E-3,8.087343E-4,4.043672E-4,1.213101E-3,4.043672E-4,8.087343E-4,4.043672E-4,4.043672E-4,9.300445E-3,9.300445E-3,3.234937E-3,4.043672E-4,2.426203E-3,2.426203E-3,1.213101E-3,1.213101E-3,4.043672E-4,4.043672E-4,4.043672E-4,0,4.043672E-4,4.043672E-4,0,0,1.213101E-3,2.426203E-3,1.334412E-2,7.682976E-3,4.448039E-3,1.213101E-3,4.043672E-3,4.043672E-3,1.617469E-3,1.213101E-3,4.043672E-4,0,8.087343E-4,8.087343E-4,4.043672E-4,4.043672E-4,4.043672E-4,4.043672E-4,1.213101E-3,0,0,0,4.043672E-4,4.043672E-4,4.043672E-4,0,0,0,0,0,1.091791E-2,1.091791E-2,8.896078E-3,8.896078E-3,8.896078E-3,7.682976E-3,4.043672E-4,4.043672E-4,4.771533E-2,2.466640E-2,0,1.213101E-3,1.213101E-3,1.213101E-3,1.172665E-2,0,3.234937E-3,8.087343E-4,4.043672E-3,2.830570E-3,2.021836E-3,4.043672E-4,4.043672E-4,1.213101E-3,0,4.043672E-4,3.234937E-3,0,0,0,0,0,0,2.021836E-3,2.021836E-3,0,4.043672E-4,0,0,0,0,4.043672E-4,4.043672E-4,4.043672E-4,0,0,0,0,0,0,0,4.043672E-3,0,2.830570E-3,0,1.617469E-3,4.043672E-4,1.213101E-3,4.043672E-4,4.043672E-4,0,8.087343E-4,0,0,0,0,2.143146E-2,0,8.087343E-4,8.087343E-4,8.087343E-4,0,8.087343E-3,1.617469E-3,1.213101E-3,1.213101E-3,1.213101E-3,1.213101E-3,4.043672E-4,4.043672E-4,4.043672E-4,4.043672E-4,4.043672E-4,0,0,0,2.021836E-3,8.087343E-4,0,1.213101E-3,0,0,8.087343E-4,8.087343E-4,3.639304E-3,0,0,0,0,0,0,0,4.852406E-3,0,4.852406E-3,0,0,4.043672E-4,0,1.617469E-3,1.617469E-3,3.639304E-3,0,1.617469E-3,2.426203E-3,0,0,0,0,4.043672E-4,2.583906E-1,4.043672E-4,3.881925E-2,8.087343E-4,4.043672E-4,3.801051E-2,4.043672E-4,1.213101E-3,3.437121E-2,3.356247E-2,0,0,0,1.455722E-1,1.447634E-1,2.102709E-2,1.455722E-2,1.617469E-3,1.213101E-3,8.087343E-4,1.132228E-2,8.491710E-3,4.043672E-4,4.852406E-3,3.234937E-3,3.639304E-3,0,4.043672E-4,0,2.021836E-3,8.087343E-4,1.213101E-3,2.830570E-3,2.426203E-3,0,0,4.043672E-4,0,0,1.617469E-3,4.448039E-3,4.448039E-3,8.087343E-4,8.087343E-4,4.043672E-4,1.617469E-3,4.043672E-4,8.087343E-4,4.043672E-4,4.043672E-4,0,7.682976E-3,3.234937E-3,2.426203E-3,0,8.087343E-4,4.690659E-2,2.102709E-2,2.021836E-3,8.087343E-4,0,1.779216E-2,6.065507E-3,5.256773E-3,8.087343E-4,4.043672E-4,7.682976E-3,6.065507E-3,8.087343E-4,0,0,1.213101E-3,1.213101E-3,4.043672E-4,0,0,1.213101E-3,1.213101E-3,0,3.154064E-2,2.426203E-3,4.043672E-4,1.455722E-2,0,1.617469E-3,8.087343E-4,8.087343E-4,1.132228E-2,1.617469E-3,1.213101E-3,4.043672E-4,1.010918E-2,2.830570E-3,8.087343E-4,1.213101E-3,8.087343E-4,8.087343E-4,4.043672E-4,0,1.213101E-3,8.087343E-4,0,3.639304E-3,0,2.426203E-3,2.426203E-3,4.043672E-4,4.043672E-4,4.043672E-4,4.043672E-4,0,0,4.043672E-4,0,0,0,0,0,4.043672E-4,4.043672E-4,2.547513E-2,5.256773E-3,5.256773E-3,1.213101E-3,8.491710E-3,4.043672E-4,4.043672E-4,4.043672E-4,4.043672E-4,7.278609E-3,7.278609E-3,7.278609E-3,8.087343E-4,4.043672E-4,4.043672E-4,4.043672E-4,7.278609E-3,6.469875E-3,0,1.051355E-2,0,4.043672E-4,2.426203E-3,0,0,6.874242E-3,1.617469E-3,1.213101E-3,8.087343E-4,4.043672E-4,0,4.043672E-4,4.043672E-4,4.043672E-4,0,4.852406E-3,1.213101E-3,8.087343E-4,8.087343E-4,8.087343E-4,8.087343E-4,4.043672E-4,4.043672E-4,4.043672E-4,4.043672E-4,4.043672E-4,4.043672E-4,1.617469E-3,1.617469E-3,8.087343E-4,8.087343E-4,4.043672E-4,4.043672E-4,1.617469E-3,1.213101E-3,1.213101E-3,1.213101E-3,4.043672E-4,4.043672E-4,0,4.043672E-4,4.043672E-4,0,2.021836E-3,2.021836E-3,1.617469E-3,4.043672E-4,4.043672E-4,0,0,0,1.213101E-3,0,0,1.213101E-3,1.213101E-3,1.213101E-3,0,4.205419E-2,1.253538E-2,4.043672E-4,4.043672E-4,4.043672E-3,4.043672E-4,4.043672E-4,8.087343E-4,8.087343E-4,0,8.087343E-4,1.213101E-3,4.043672E-4,0,0,8.087343E-4,0,0,0,0,2.830570E-3,8.087343E-4,4.043672E-4,0,0,2.426203E-3,0,0,0,1.617469E-3,8.087343E-4,0,8.087343E-4,0,0,5.661140E-3,1.213101E-3,0,1.213101E-3,1.213101E-3,4.043672E-4,4.043672E-4,4.043672E-4,4.043672E-4,8.087343E-4,4.043672E-4,2.021836E-3,0,2.426203E-3,1.213101E-3,8.087343E-4,4.043672E-4,8.087343E-4,4.043672E-4,0,1.496159E-2,6.469875E-3,0,6.065507E-3,4.043672E-4,5.661140E-3,4.043672E-4,5.661140E-3,4.852406E-3,0,0,0,0,0,0,0,4.043672E-4,4.043672E-4,0,4.043672E-4,0,0,0,4.043672E-4,4.043672E-4,0,1.617469E-3,8.087343E-4,4.043672E-4,4.043672E-4,8.087343E-4,6.065507E-3,6.065507E-3,0,5.256773E-3,0,8.087343E-4,4.043672E-4,0,4.043672E-4,4.043672E-4,4.043672E-4,4.448039E-3,0,4.043672E-4,1.617469E-3,0,1.617469E-3,4.043672E-4,0,0,4.043672E-4,4.043672E-4,4.043672E-4,0,8.087343E-4,0,4.043672E-4,8.087343E-4,0,4.043672E-4,8.087343E-4,4.043672E-4,1.213101E-3,4.043672E-4,8.087343E-4,8.087343E-4,4.043672E-4,4.043672E-4,8.087343E-4,4.043672E-4,4.043672E-4,4.043672E-4,0,4.043672E-4,0,0,0,0,0,8.087343E-4,1.415285E-1,8.936514E-2,3.396684E-2,1.617469E-3,0,9.704812E-3,8.491710E-3,8.491710E-3,8.491710E-3,4.043672E-3,3.234937E-3,3.234937E-3,1.617469E-3,5.661140E-3,3.639304E-3,2.830570E-3,4.043672E-4,1.819652E-2,6.874242E-3,1.213101E-3,1.617469E-3,1.253538E-2,8.087343E-4,3.639304E-3,3.234937E-3,8.087343E-3,1.617469E-3,0,4.852406E-3,4.448039E-3,4.043672E-4,0,0,0,8.087343E-4,0,8.087343E-4,0,0,4.852406E-3,4.043672E-4,2.426203E-2,2.426203E-2,2.062273E-2,2.062273E-2,1.455722E-2,1.010918E-2,7.278609E-3,4.448039E-3,2.426203E-3,8.087343E-4,1.617469E-3,1.617469E-3,1.213101E-3,0,5.256773E-3,0,2.426203E-3,2.426203E-3,2.426203E-3,0,8.087343E-4,1.213101E-3,0,0,1.213101E-3,0,0,0,1.213101E-3,3.234937E-3,0,4.043672E-4,4.043672E-4,4.043672E-4,0,7.157299E-2,4.448039E-3,1.617469E-3,8.087343E-4,8.087343E-4,6.752932E-2,5.418520E-2,1.617469E-3,8.491710E-3,8.087343E-4,0,4.043672E-4,4.043672E-4,2.021836E-3,4.043672E-4,1.213101E-3,4.448039E-3,2.426203E-3,8.087343E-4,2.830570E-3,2.021836E-3,1.617469E-3,4.043672E-4,4.043672E-4,4.043672E-4,1.213101E-3,1.617469E-3,8.087343E-4,0,0,8.087343E-4,8.087343E-4,0,4.043672E-4,4.043672E-4,4.043672E-4,4.043672E-4,4.043672E-4,0,4.043672E-4,4.043672E-4,4.003235E-2,1.253538E-2,4.043672E-3,8.087343E-4,0,1.213101E-3,6.065507E-3,5.661140E-3,2.426203E-3,1.617469E-3,4.043672E-4,8.087343E-3,3.234937E-3,4.448039E-3,8.087343E-4,1.253538E-2,1.091791E-2,4.043672E-4,4.043672E-4,2.830570E-3,1.213101E-3,8.087343E-4,0,2.021836E-3,3.639304E-3,8.087343E-4,4.043672E-4,0,4.043672E-4,4.043672E-4,1.051355E-2,2.021836E-3,8.087343E-3,4.852406E-3,0,4.043672E-4,0,4.043672E-4,2.830570E-3,2.830570E-3,4.043672E-4,4.043672E-4,1.213101E-3,0,0,0,0,1.617469E-3,8.087343E-4,0,8.087343E-4,8.087343E-4,4.043672E-4,4.043672E-4,0,0,0,3.902143E-1,3.348160E-1,8.087343E-4,3.113627E-2,0,0,0,0,0,0,0,0,0,0,0,0,0,0,0,0,0,0,0,0,0,0,0,0,0,4.043672E-4,0,4.043672E-4,4.043672E-4,0,0,0,0,3.234937E-3,0,4.043672E-4,0,2.830570E-3,4.043672E-4,0,0,0,0,8.087343E-4,1.617469E-3,1.213101E-3,4.043672E-4,0,0,0,0,0,0,0,2.709260E-2,2.709260E-2,0,4.043672E-4,2.426203E-2,2.304893E-2,2.264456E-2,3.234937E-3,3.234937E-3,2.426203E-3,3.234937E-3,5.256773E-3,4.852406E-3,4.852406E-3,2.021836E-3,2.426203E-3,5.661140E-3,8.087343E-4,4.448039E-3,8.087343E-4,8.087343E-4,4.043672E-4,4.448039E-3,4.448039E-3,4.043672E-4,4.043672E-4,4.043672E-4,0,4.043672E-4,0,0,0,0,0,0,4.043672E-4,4.043672E-4,0,0,0,0,0,0,0,0,0,0,0,0,0,0,0,1.172665E-2,4.852406E-3,0,5.256773E-3,0,0,0,0,4.043672E-4,0,4.043672E-4,0,2.021836E-3,8.087343E-4,4.043672E-4,0,1.213101E-3,0,0,4.043672E-4,4.043672E-4,4.043672E-4,0,0,0,4.043672E-4,4.043672E-4,0,4.043672E-4,0,0,0,0,0,2.426203E-3,0,2.021836E-3,2.021836E-3,4.043672E-4,1.617469E-3,4.043672E-4,4.043672E-4,0,4.043672E-4,4.043672E-4,0,2.426203E-3,0,2.426203E-3,0,1.213101E-3,0,4.043672E-4,4.043672E-4,4.043672E-4,4.043672E-4,0,0,0,0,0,0,1.617469E-3,4.043672E-4,4.043672E-4,4.043672E-4,4.043672E-4,0,0,0,4.043672E-4,0,4.043672E-4,4.043672E-4,4.043672E-4,6.469875E-3,0,0,0,0,4.043672E-4,4.043672E-4,4.043672E-4,2.426203E-3,2.426203E-3,2.426203E-3,1.617469E-3,1.617469E-3,8.087343E-4,8.087343E-4,4.043672E-4,4.043672E-4,0,0,0,4.043672E-4,4.043672E-4,8.087343E-4,0,0,0,0,0,4.043672E-4,4.043672E-4,0,0,0,0,0,0,0,0,0,0,0,4.043672E-4,2.021836E-3,8.087343E-4,4.043672E-4,8.087343E-4,0,4.043672E-4,0,0,0,4.043672E-4,4.043672E-4,0,0,1.617469E-3,0,0,8.087343E-4,8.087343E-4,4.043672E-4,4.043672E-4,4.043672E-4,0,0,0,0,0,0,0,0,0,0,0,0,0,0,0,0,0,0,0,0,0,0,0,4.043672E-4,0,0,0,0,0,0,4.043672E-4,0,4.043672E-4,0,0,0,4.043672E-4,4.043672E-4,0,0,0,0,0,8.087343E-4,0,8.087343E-4,0,0,0,3.121715E-1,4.569349E-2,2.830570E-3,2.830570E-3,1.617469E-3,1.617469E-3,8.087343E-4,2.426203E-3,8.087343E-4,1.213101E-3,1.213101E-3,4.043672E-4,1.213101E-3,1.213101E-3,4.043672E-3,2.021836E-3,2.021836E-3,4.043672E-4,8.087343E-4,3.639304E-3,8.087343E-4,3.194501E-2,1.617469E-3,1.213101E-3,1.132228E-2,6.065507E-3,2.021836E-3,1.213101E-3,3.639304E-3,1.213101E-3,2.021836E-3,2.021836E-3,4.043672E-4,4.043672E-4,4.043672E-3,3.234937E-3,4.043672E-4,4.043672E-4,4.043672E-4,4.043672E-4,1.617469E-3,8.087343E-4,4.043672E-4,0,4.043672E-4,4.043672E-4,0,0,1.617469E-3,1.617469E-3,7.278609E-3,7.278609E-3,4.043672E-4,4.043672E-4,4.043672E-4,4.043672E-4,2.426203E-3,2.426203E-3,0,1.617469E-3,0,2.021836E-3,0,0,4.043672E-4,0,1.617469E-3,1.617469E-3,4.043672E-4,8.087343E-4,0,0,0,0,3.639304E-3,3.639304E-3,3.639304E-3,0,0,0,0,2.183583E-1,0,1.213101E-3,1.213101E-3,8.087343E-4,8.087343E-4,0,0,4.043672E-4,0,0,4.043672E-4,4.043672E-4,4.043672E-4,0,0,0,0,0,0,1.645774E-1,1.213101E-3,0,0,0,8.087343E-4,0,8.087343E-4,0,8.087343E-4,8.087343E-4,4.043672E-4,4.043672E-4,0,0,0,4.043672E-4,0,0,4.043672E-4,1.213101E-3,4.043672E-4,4.043672E-4,8.087343E-4,0,0,0,8.087343E-4,0,8.087343E-4,4.043672E-4,4.043672E-4,4.043672E-4,0,2.345330E-2,2.830570E-3,1.213101E-3,1.213101E-3,0,0,0,0,8.491710E-3,8.087343E-4,6.469875E-3,2.021836E-3,1.213101E-3,0,0,2.426203E-3,4.043672E-4,8.087343E-4,0,1.213101E-3,8.087343E-4,8.087343E-4,2.426203E-3,4.043672E-4,4.043672E-4,0,1.617469E-3,1.617469E-3,4.043672E-4,4.043672E-4,4.043672E-4,0,0,4.043672E-4,0,4.043672E-3,4.043672E-4,0,0,0,0,3.639304E-3,1.617469E-3,4.043672E-4,4.043672E-4,4.043672E-4,4.043672E-4,0,5.661140E-3,1.213101E-3,8.087343E-4,4.043672E-4,0,0,4.043672E-4,4.043672E-4,4.043672E-4,1.213101E-3,8.087343E-4,4.043672E-4,4.043672E-4,4.043672E-4,0,1.213101E-3,8.087343E-4,4.043672E-4,4.043672E-4,4.043672E-4,8.087343E-4,8.087343E-4,4.043672E-4,4.043672E-4,0,0,0,3.234937E-3,0,1.617469E-3,1.617469E-3,0,1.617469E-3,1.213101E-3,4.043672E-4,1.484027E-1,0,4.043672E-4,1.617469E-3,0,0,0,1.617469E-3,1.213101E-3,8.087343E-4,8.087343E-4,4.043672E-4,8.087343E-4,4.043672E-4,4.043672E-4,2.830570E-3,0,2.021836E-3,2.021836E-3,8.087343E-4,8.087343E-4,8.087343E-4,8.087343E-4,0,0,0,2.426203E-3,1.213101E-3,8.087343E-4,0,4.043672E-4,4.043672E-4,1.213101E-3,4.043672E-4,4.043672E-4,4.043672E-4,4.043672E-4,4.043672E-4,8.087343E-4,8.087343E-4,1.431460E-1,0,0,1.431460E-1,1.427416E-1,1.617469E-3,4.043672E-4,0,2.426203E-3,8.936514E-2,1.010918E-2,4.043672E-4,4.043672E-4,0,9.704812E-3,4.043672E-4,1.213101E-3,4.448039E-3,8.087343E-4,0,1.617469E-3,1.617469E-3,4.043672E-4,4.043672E-4,0,4.043672E-4,0,0,0,0,5.661140E-3,0,0,4.043672E-4,1.617469E-3,8.087343E-4,4.043672E-4,0,0,0,4.043672E-4,6.712495E-2,1.213101E-3,1.213101E-2,8.087343E-4,4.043672E-4,8.087343E-4,8.491710E-3,0,2.021836E-3,4.043672E-4,4.043672E-4,4.043672E-4,4.043672E-4,8.087343E-4,3.234937E-3,4.043672E-4,4.043672E-4,1.213101E-3,4.043672E-4,8.087343E-4,8.087343E-4,1.213101E-3,5.661140E-3,4.043672E-3,1.617469E-3,1.213101E-3,0,4.043672E-4,4.043672E-4,4.043672E-4,1.213101E-3,1.213101E-3,0,4.043672E-4,4.043672E-4,4.043672E-4,1.617469E-3,1.617469E-3,4.043672E-4,8.087343E-4,0,4.043672E-4,4.043672E-4,4.043672E-4,4.043672E-4,0,4.043672E-4,4.043672E-4,4.043672E-4,0,4.043672E-3,4.043672E-4,1.213101E-3,4.043672E-4,4.043672E-4,4.043672E-4,1.213101E-3,0,0,4.043672E-4,1.213101E-3,0,0,8.087343E-4,0,2.021836E-3,1.213101E-3,8.087343E-4,0,4.043672E-4,4.043672E-4,3.639304E-3,4.043672E-4,0,0,0,0,1.213101E-3,4.043672E-4,4.043672E-4,0,0,0,0,0,0,0,0,0,0,0,0,2.021836E-3,0,8.087343E-4,8.087343E-4,8.087343E-4,0,0,3.639304E-3,4.043672E-4,8.087343E-4,8.087343E-4,0,1.213101E-3,1.213101E-3,4.043672E-3,0,0,3.234937E-3,0,4.043672E-4,4.043672E-4,4.043672E-4,0,0,0,5.297210E-2,3.356247E-2,8.087343E-4,8.087343E-4,8.087343E-4,1.213101E-3,4.043672E-4,8.087343E-4,0,0,4.043672E-4,4.043672E-4,1.617469E-3,8.087343E-4,4.043672E-4,4.043672E-4,4.043672E-4,4.043672E-4,8.087343E-4,8.087343E-4,4.043672E-4,4.043672E-4,0,0,0,0,4.043672E-4,0,0,0,0,8.087343E-4,4.043672E-4,2.021836E-2,4.043672E-3,1.051355E-2,8.087343E-3,1.617469E-3,8.087343E-4,4.043672E-4,0,0,8.087343E-4,4.043672E-4,4.043672E-4,2.830570E-3,2.830570E-3,2.830570E-3,1.617469E-3,1.617469E-3,0,8.087343E-4,4.043672E-4,0,8.087343E-4,1.213101E-3,4.043672E-4,0,4.043672E-4,0,1.374848E-2,0,0,0,4.043672E-3,1.213101E-3,2.021836E-3,8.087343E-4,8.087343E-4,2.426203E-3,2.021836E-3,8.087343E-4,1.213101E-3,4.043672E-4,4.043672E-4,4.043672E-4,0,2.021836E-3,0,0,1.213101E-3,1.213101E-3,1.213101E-3,0,0,0,0,4.043672E-4,1.617469E-3,4.043672E-4,0,8.087343E-4,0,0,0,0,0,4.043672E-4,0,3.639304E-3,0,0,3.639304E-3,3.639304E-3,1.617469E-3,0,0,6.874242E-3,8.087343E-4,0,0,0,0,0,0,0,0,6.065507E-3,4.852406E-3,3.234937E-3,8.087343E-4,0,4.043672E-4,4.043672E-4,4.043672E-4,0,4.043672E-4,0,0,0,0,0,0,0,0,0,0,0,0,0,0,3.437121E-2,4.043672E-4,4.043672E-4,4.043672E-4,4.043672E-4,4.043672E-3,4.043672E-4,4.043672E-4,1.213101E-3,2.426203E-3,4.043672E-4,0,8.087343E-4,8.087343E-4,0,0,0,2.426203E-3,4.043672E-4,4.043672E-4,4.043672E-4,0,0,4.043672E-4,4.043672E-4,0,4.043672E-4,0,4.043672E-4,0,4.043672E-4,0,0,0,0,1.617469E-3,0,0,1.213101E-3,4.043672E-4,0,4.043672E-4,0,0,0,4.043672E-4,0,0,2.547513E-2,2.426203E-2,5.256773E-3,4.043672E-4,0,8.087343E-4,1.617469E-3,8.087343E-4,8.087343E-4,4.043672E-4,4.043672E-4,0,1.213101E-3,8.087343E-4,8.087343E-4,0,0,1.213101E-3,8.087343E-4,6.469875E-3,4.043672E-4,4.043672E-4,4.043672E-4,1.213101E-3,0,6.469875E-3,0,1.213101E-3,4.043672E-4,4.043672E-4,1.213101E-3,2.830570E-3,0,4.043672E-4,4.043672E-4,0,0,0,0,0,0,1.213101E-3,1.213101E-3,8.087343E-4,4.043672E-4,4.043672E-4,0,0,0,2.830570E-3,2.426203E-3,2.021836E-3,8.087343E-4,0,0,4.043672E-4,4.043672E-4,0,0,0,0,0,3.598868E-2,1.940962E-2,1.213101E-2,2.021836E-3,1.213101E-3,0,0,8.087343E-4,4.043672E-4,1.010918E-2,1.213101E-3,4.043672E-4,4.043672E-4,8.896078E-3,5.661140E-3,2.830570E-3,2.830570E-3,2.830570E-3,8.087343E-4,4.043672E-4,4.043672E-4,4.043672E-4,0,0,1.617469E-3,1.213101E-3,4.043672E-4,0,8.087343E-4,4.043672E-4,0,1.213101E-3,1.213101E-3,1.213101E-3,0,0,0,4.448039E-3,8.087343E-4,4.043672E-4,4.043672E-4,4.043672E-4,8.087343E-4,4.043672E-4,4.043672E-4,4.043672E-4,4.043672E-4,4.043672E-4,4.043672E-4,2.426203E-3,2.021836E-3,1.213101E-3,8.087343E-4,4.043672E-4,4.043672E-4,1.213101E-3,1.213101E-3,4.043672E-4,0,0,0,4.043672E-4,0,0,0,0,0,0,4.043672E-4,0,2.021836E-3,2.021836E-3,4.043672E-4,4.043672E-4,8.087343E-4,4.043672E-4,4.043672E-4,0,1.738779E-2,1.617469E-2,8.896078E-3,4.043672E-4,4.043672E-4,4.043672E-4,4.043672E-4,7.682976E-3,4.043672E-3,8.087343E-4,0,8.087343E-4,4.043672E-4,0,1.617469E-3,1.617469E-3,4.043672E-3,1.213101E-3,4.043672E-4,4.043672E-4,8.087343E-4,4.043672E-4,8.087343E-4,4.043672E-4,2.021836E-3,4.043672E-4,4.043672E-4,0,0,0,2.830570E-3,1.213101E-3,8.087343E-4,8.087343E-4,4.043672E-4,1.617469E-3,4.043672E-4,8.087343E-4,4.043672E-4,4.043672E-4,4.043672E-4,8.087343E-4,8.087343E-4,4.043672E-4,4.043672E-4,4.043672E-4,4.043672E-4,4.043672E-4,4.043672E-4,4.043672E-4,0,0,4.043672E-4,0,4.043672E-4,4.043672E-4,4.043672E-4,0,0,0,4.043672E-4,4.043672E-4,0,1.213101E-3,1.213101E-3,0,0,0,5.256773E-3,0,0,5.256773E-3,1.617469E-3,8.087343E-4,4.043672E-4,4.043672E-4,4.043672E-4,4.043672E-4,4.043672E-4,4.043672E-4,0,8.087343E-4,0,0,0,0,1.617469E-3,8.087343E-4,4.043672E-4,0,4.043672E-4,0,4.043672E-4,0,0,0,4.043672E-4,0,4.043672E-4,0,0,0,0,1.213101E-3,0,0,0,8.491710E-3,1.213101E-3,4.043672E-4,4.043672E-4,8.087343E-4,0,4.043672E-4,4.043672E-4,4.043672E-4,4.043672E-4,2.183583E-2,4.043672E-4,4.043672E-4,4.448039E-3,2.830570E-3,0,2.021836E-3,1.213101E-3,1.213101E-3,8.087343E-4,8.087343E-4,4.043672E-4,4.043672E-4,0,0,4.043672E-4,4.043672E-4,1.617469E-3,1.213101E-3,1.213101E-3,8.087343E-4,4.043672E-4,0,0,8.896078E-3,8.896078E-3,1.617469E-3,5.661140E-3,5.661140E-3,1.617469E-3,0,4.043672E-4,1.213101E-3,1.213101E-3,1.213101E-3,5.256773E-3,3.639304E-3,3.234937E-3,4.043672E-4,2.426203E-3,2.021836E-3,0,0,0,2.021836E-3,4.043672E-4,8.087343E-4,4.043672E-4,4.043672E-4,0,4.043672E-4,0,0,0,0,4.043672E-4,4.043672E-4,0,0,0,8.087343E-4,4.043672E-4,4.043672E-4,0,0,4.043672E-4,2.507076E-2,8.087343E-4,8.087343E-4,8.491710E-3,8.087343E-3,0,4.043672E-4,4.043672E-4,4.043672E-4,4.852406E-3,1.617469E-3,4.043672E-4,0,8.087343E-4,2.830570E-3,2.426203E-3,1.213101E-3,4.043672E-4,1.213101E-3,4.043672E-4,4.043672E-4,0,0,0,4.043672E-4,1.374848E-2,4.852406E-3,4.852406E-3,8.087343E-4,4.043672E-3,0,4.043672E-4,0,0,4.043672E-4,4.043672E-4,0,8.087343E-4,0,8.087343E-4,8.087343E-4,0,0,0,1.010918E-2,6.874242E-3,5.256773E-3,2.830570E-3,2.830570E-3,1.617469E-3,8.087343E-4,4.043672E-4,4.043672E-3,3.639304E-3,3.639304E-3,1.213101E-3,2.830570E-3,4.043672E-4,4.043672E-4,4.043672E-4,0,0,0,0,0,0,2.426203E-3,1.213101E-3,1.213101E-3,0,4.043672E-4,4.043672E-4,4.043672E-4,1.213101E-3,0,0,4.043672E-4,0,0,0,0,4.043672E-4,4.043672E-4,0,6.833805E-2,4.043672E-3,0,0,2.830570E-3,1.213101E-3,8.087343E-4,6.065507E-3,4.852406E-3,0,0,0,0,1.617469E-3,1.617469E-3,8.087343E-4,1.213101E-3,1.213101E-3,0,0,8.087343E-4,0,8.087343E-4,8.087343E-4,8.087343E-4,2.830570E-2,8.087343E-4,6.065507E-3,8.087343E-4,4.043672E-4,4.043672E-4,1.213101E-3,8.087343E-4,0,2.021836E-3,8.087343E-4,8.087343E-4,4.043672E-4,1.213101E-3,1.213101E-3,0,4.043672E-4,4.043672E-4,1.617469E-3,8.087343E-4,4.043672E-4,4.043672E-4,4.043672E-4,4.043672E-4,4.043672E-4,4.043672E-4,4.043672E-4,4.043672E-4,0,0,4.043672E-4,0,0,0,2.830570E-3,2.021836E-3,2.021836E-3,0,0,0,0,0,0,0,0,4.043672E-4,2.021836E-3,4.043672E-4,4.043672E-4,0,0,0,0,0,0,3.639304E-3,3.234937E-3,6.469875E-3,4.043672E-3,0,4.043672E-4,0,0,4.043672E-4,0,4.043672E-4,4.043672E-4,1.617469E-3,1.617469E-3,0,2.426203E-3,1.213101E-3,1.213101E-3,0,0,2.021836E-3,8.087343E-4,8.087343E-4,1.213101E-3,8.087343E-4,0,9.300445E-3,7.682976E-3,3.639304E-3,2.830570E-3,2.830570E-3,4.043672E-4,2.426203E-3,8.087343E-4,8.087343E-4,4.043672E-4,4.043672E-4,1.617469E-3,0,0,4.043672E-4,4.043672E-4,4.043672E-4,0,0,4.043672E-4,4.043672E-4,4.043672E-4,3.234937E-3,0,0,3.234937E-3,8.087343E-4,8.087343E-4,0,2.426203E-3,1.213101E-3,1.213101E-3,1.213101E-3,1.213101E-3,0,1.213101E-3,0,0,4.043672E-4,0,0,2.102709E-2,2.062273E-2,4.043672E-4,4.043672E-4,3.639304E-3,8.087343E-4,8.087343E-4,8.087343E-4,4.043672E-4,4.043672E-4,8.087343E-4,4.043672E-4,8.087343E-4,8.087343E-4,4.852406E-3,2.830570E-3,1.617469E-3,0,2.021836E-3,2.021836E-3,1.617469E-3,1.617469E-3,1.010918E-2,8.087343E-3,8.087343E-3,8.087343E-3,8.087343E-3,8.087343E-3,5.256773E-3,2.830570E-3,0,1.617469E-3,8.087343E-4,8.087343E-4,0,8.087343E-4,4.043672E-4,4.043672E-4,4.043672E-4,4.043672E-4,0,0,0,0,0,0,2.830570E-3,4.043672E-4,0,0,0,1.617469E-3,4.043672E-4,0,4.043672E-4,4.043672E-4,4.043672E-4,4.043672E-4,4.852406E-3,1.213101E-3,0,0,0,8.087343E-3,1.617469E-3,1.617469E-3,6.469875E-3,4.448039E-3,4.448039E-3,4.043672E-3,2.426203E-3,2.021836E-3,2.021836E-3,2.021836E-3,4.043672E-4,0,2.830570E-3,4.043672E-4,2.426203E-3,1.617469E-3,0,4.043672E-4,4.043672E-4,0,0,0,0,1.213101E-2,5.256773E-3,2.426203E-3,1.617469E-3,0,0,0,0,0,4.043672E-4,4.043672E-4,0,0,0,0,0,0,0,0,4.043672E-4,0,4.043672E-4,0,4.043672E-4,4.043672E-4,2.830570E-3,1.213101E-3,0,0,4.043672E-4,0,0,4.043672E-4,4.043672E-4,0,0,0,0,0,0,4.043672E-4,0,0,0,0,0,0,0,0,0,4.043672E-4,4.043672E-4,8.087343E-4,8.087343E-4,0,8.087343E-4,0,0,0,0,8.329964E-2,5.256773E-3,5.256773E-3,2.426203E-3,8.087343E-4,4.043672E-4,0,1.617469E-3,8.087343E-4,0,0,1.617469E-3,1.213101E-3,4.043672E-4,1.213101E-3,4.043672E-4,8.087343E-4,0,0,2.830570E-3,4.043672E-4,4.043672E-4,4.043672E-4,4.043672E-3,4.043672E-4,3.234937E-3,1.617469E-3,4.043672E-4,4.043672E-4,4.043672E-4,4.043672E-4,5.499393E-2,3.396684E-2,4.043672E-4,1.213101E-3,3.234937E-2,1.213101E-3,4.043672E-4,3.032754E-2,2.911444E-2,1.900526E-2,4.043672E-4,1.213101E-3,1.657905E-2,4.043672E-4,5.661140E-3,1.253538E-2,1.617469E-3,4.043672E-4,1.213101E-3,2.021836E-3,7.278609E-3,6.874242E-3,6.874242E-3,6.469875E-3,6.469875E-3,4.043672E-3,3.639304E-3,4.043672E-4,4.043672E-4,4.043672E-4,0,4.043672E-4,4.043672E-4,4.043672E-4,0,0,8.087343E-4,5.661140E-3,4.043672E-4,0,0,4.043672E-3,0,0,0,4.043672E-3,3.234937E-3,0,0,4.043672E-4,2.830570E-3,0,0,0,0,2.830570E-3,0,0,8.087343E-4,8.087343E-4,0,0,1.213101E-3,1.213101E-3,1.617469E-2,1.617469E-2,6.469875E-3,4.043672E-3,3.639304E-3,2.426203E-3,0,4.043672E-4,4.043672E-4,9.300445E-3,4.043672E-4,7.682976E-3,7.278609E-3,8.087343E-4,3.234937E-3,2.830570E-3,1.617469E-3,1.617469E-3,1.213101E-3,4.043672E-4,0,0,1.213101E-3,1.213101E-3,0,0,0,0,2.021836E-3,3.639304E-3,3.639304E-3,2.426203E-3,4.043672E-4,4.043672E-4,4.043672E-4,4.043672E-4,4.043672E-4,4.043672E-4,0,0,1.213101E-3,1.213101E-3,0,1.213101E-3,0,1.496159E-2,0,8.087343E-4,8.087343E-4,4.043672E-4,4.043672E-4,4.043672E-4,4.043672E-4,1.010918E-2,9.300445E-3,8.087343E-4,8.087343E-4,7.278609E-3,8.087343E-4,5.661140E-3,1.213101E-3,4.043672E-4,4.043672E-4,4.043672E-4,0,0,4.043672E-4,8.087343E-4,0,0,8.087343E-4,8.087343E-4,0,0,0,4.852406E-3,4.043672E-4,8.087343E-4,8.087343E-4,0,3.639304E-3,2.021836E-3,1.213101E-3,1.213101E-3,0,0,0,4.043672E-4,4.043672E-4,0,0,0,0,0,0,0,0,0,0,0,0,0,0,0,0,2.183583E-2,2.183583E-2,2.183583E-2,9.704812E-3,8.491710E-3,4.852406E-3,0,8.087343E-4,0,8.087343E-4,8.087343E-4,8.087343E-4]: 2473

Forest with 10 trees Model
**************************

Forest with 10 models

Forest with 10 trees(T = 0.0) Model
***********************************

Forest with 10 models

Forest with 10 trees(T = 2.0) Model
***********************************

Forest with 10 models

Forest with 10 trees(T = 4.0) Model
***********************************

Forest with 10 models

Forest with 10 trees(T = 6.0) Model
***********************************

Forest with 10 models

Forest with 10 trees(T = 8.0) Model
***********************************

Forest with 10 models

Forest with 10 trees(T = 10.0) Model
************************************

Forest with 10 models

Forest with 10 trees(T = 12.0) Model
************************************

Forest with 10 models

Forest with 10 trees(T = 14.0) Model
************************************

Forest with 10 models

Forest with 10 trees(T = 16.0) Model
************************************

Forest with 10 models

Forest with 10 trees(T = 18.0) Model
************************************

Forest with 10 models

Forest with 10 trees(T = 20.0) Model
************************************

Forest with 10 models

Forest with 10 trees(T = 22.0) Model
************************************

Forest with 10 models

Forest with 10 trees(T = 24.0) Model
************************************

Forest with 10 models

Forest with 10 trees(T = 26.0) Model
************************************

Forest with 10 models

Forest with 10 trees(T = 28.0) Model
************************************

Forest with 10 models

Forest with 10 trees(T = 30.0) Model
************************************

Forest with 10 models

Forest with 10 trees(T = 32.0) Model
************************************

Forest with 10 models

Forest with 10 trees(T = 34.0) Model
************************************

Forest with 10 models

Forest with 10 trees(T = 36.0) Model
************************************

Forest with 10 models

Forest with 10 trees(T = 38.0) Model
************************************

Forest with 10 models

Forest with 10 trees(T = 40.0) Model
************************************

Forest with 10 models

Forest with 10 trees(T = 42.0) Model
************************************

Forest with 10 models

Forest with 10 trees(T = 44.0) Model
************************************

Forest with 10 models

Forest with 10 trees(T = 46.0) Model
************************************

Forest with 10 models

Forest with 10 trees(T = 48.0) Model
************************************

Forest with 10 models

Forest with 10 trees(T = 50.0) Model
************************************

Forest with 10 models

Forest with 10 trees(T = 52.0) Model
************************************

Forest with 10 models

Forest with 10 trees(T = 54.0) Model
************************************

Forest with 10 models

Forest with 10 trees(T = 56.0) Model
************************************

Forest with 10 models

Forest with 10 trees(T = 58.0) Model
************************************

Forest with 10 models

Forest with 10 trees(T = 60.0) Model
************************************

Forest with 10 models

Forest with 10 trees(T = 62.0) Model
************************************

Forest with 10 models

Forest with 10 trees(T = 64.0) Model
************************************

Forest with 10 models

Forest with 10 trees(T = 66.0) Model
************************************

Forest with 10 models

Forest with 10 trees(T = 68.0) Model
************************************

Forest with 10 models

Forest with 10 trees(T = 70.0) Model
************************************

Forest with 10 models

Forest with 10 trees(T = 72.0) Model
************************************

Forest with 10 models

Forest with 10 trees(T = 74.0) Model
************************************

Forest with 10 models

Forest with 10 trees(T = 76.0) Model
************************************

Forest with 10 models

Forest with 10 trees(T = 78.0) Model
************************************

Forest with 10 models

Forest with 10 trees(T = 80.0) Model
************************************

Forest with 10 models

Forest with 10 trees(T = 82.0) Model
************************************

Forest with 10 models

Forest with 10 trees(T = 84.0) Model
************************************

Forest with 10 models

Forest with 10 trees(T = 86.0) Model
************************************

Forest with 10 models

Forest with 10 trees(T = 88.0) Model
************************************

Forest with 10 models

Forest with 10 trees(T = 90.0) Model
************************************

Forest with 10 models

Forest with 10 trees(T = 92.0) Model
************************************

Forest with 10 models

Forest with 10 trees(T = 94.0) Model
************************************

Forest with 10 models

Forest with 10 trees(T = 96.0) Model
************************************

Forest with 10 models

Forest with 10 trees(T = 98.0) Model
************************************

Forest with 10 models

Forest with 10 trees(T = 100.0) Model
*************************************

Forest with 10 models

