Clus run 'gasch20.names'
************************

Date: 3/3/23 9:01 PM
File: gasch2_GO.f.out
Attributes: 53 (input: 52, output: 1)
Missing values: Yes

[General]
Verbose = 1
RandomSeed = 0
ResourceInfoLoaded = No
DoNotInduce = No
LoggingProperties = logging.properties

[Data]
File = raw_datasets/gasch2_GO/gasch2_GO.trainvalid.fake.arff
TestSet = None
PruneSet = None
XVal = 10
RemoveMissingTarget = No
NormalizeData = None

[Attributes]
Target = 53
Clustering = 53
Descriptive = 1-52
Key = None
Disable = None
Weights = Normalize
ClusteringWeights = 1.0
ReduceMemoryNominalAttrs = No
GIS = None

[Constraints]
Syntactic = None
MaxSize = Infinity
MaxError = 0.0
MaxDepth = Infinity

[Nominal]
MEstimate = 1.0

[Model]
MinimalWeight = 5.0
MinimalNumberExamples = 0
MinimalKnownWeight = 0.0
ParamTuneNumberFolds = 3
NominalSubsetTests = Yes

[Tree]
Heuristic = VarianceReduction
HeuristicComplexity = N2
SetDistance = GSMDistance
TupleDistance = Euclidean
TSDistance = DTW
PruningMethod = Default
FTest = 0.05
BinarySplit = Yes
ConvertToRules = No
AlternativeSplits = No
Optimize = []
MSENominal = No
SplitSampling = None
MissingClusteringAttrHandling = EstimateFromParentNode
MissingTargetAttrHandling = ParentNode
InductionOrder = DepthFirst
EntropyType = StandardEntropy
ConsiderUnlableInstancesInIGCalc = No
SpatialMatrix = Binary
SpatialMeasure = GlobalMoran
Bandwidth = 0.001
Longlat = No
NumNeightbours = 0.0
Alpha = 1.0
SplitPosition = Exact

[Hierarchical]
Type = Tree
Distance = WeightedEuclidean
WType = ExpAvgParentWeight
WParam = 0.75
HSeparator = /
EmptySetIndicator = n
OptimizeErrorMeasure = PooledAUPRC
DefinitionFile = None
NoRootPredictions = No
PruneInSig = 0.0
Bonferroni = No
SingleLabel = No
CalculateErrors = Yes
ClassificationThreshold = [0.0,2.0,4.0,6.0,8.0,10.0,12.0,14.0,16.0,18.0,20.0,22.0,24.0,26.0,28.0,30.0,32.0,34.0,36.0,38.0,40.0,42.0,44.0,46.0,48.0,50.0,52.0,54.0,56.0,58.0,60.0,62.0,64.0,66.0,68.0,70.0,72.0,74.0,76.0,78.0,80.0,82.0,84.0,86.0,88.0,90.0,92.0,94.0,96.0,98.0,100.0]
RecallValues = None
EvalClasses = None
MEstimate = No

[Relief]
Neighbours = [10,15]
Iterations = 1.0
WeightNeighbours = No
WeightingSigma = 0.5
ChosenInstances = [-1]
MultilabelDistance = HammingLoss
ReliefStatisticsType = DistanceClassic
MissingTargetHandling = Impute

[Ensemble]
Iterations = [10]
TimeBudget = 0
EnsembleMethod = RForest
EnsembleBootstrapping = Yes
VotingType = ProbabilityDistribution
SelectRandomSubspaces = 8
ROSTargetSubspaceSize = SQRT
ROSAlgorithmType = Disabled
ROSVotingType = SubspaceAveraging
PrintAllModels = No
PrintAllModelFiles = No
PrintAllModelInfo = No
PrintPaths = No
Optimize = No
OOBestimate = No
FeatureRanking = [Genie3, Symbolic]
FeatureRankingPerTarget = No
SymbolicWeight = Dynamic
SortRankingByRelevance = Yes
WriteEnsemblePredictions = No
EnsembleRandomDepth = No
BagSelection = -1
BagSize = 0
NumberOfThreads = 1

[kNN]
K = [1,5,10,15,20,25,30,35,40]
Distance = Euclidean
SearchMethod = BruteForce
DistanceWeighting = [Constant]
AttributeWeighting = none
ChosenInstancesTrain = [-1]
ChosenInstancesTest = [-1]
LoadNeighboursFiles = {}
SaveNeighboursFile = 
IsMlcKnn = No
MlcCountSmoother = 1.0

[SemiSupervised]
SemiSupervisedMethod = PCT
StoppingCriteria = NoneAdded
UnlabeledCriteria = Threshold
ConfidenceThreshold = 0.8
ConfidenceMeasure = Variance
Iterations = 10
K = 5
UnlabeledData = 
PercentageLabeled = 5
UseWeights = No
AirbagTrials = 0
ExhaustiveSearchThresholds = [0.5,0.6,0.7,0.8,0.9,0.99]
OOBErrorCalculation = LabeledOnly
Normalization = MinMaxNormalization
Aggregation = Average
CalibrateHmcThreshold = No
PruningWhenTuning = No
InternalFolds = 5
WeightScoresFile = NO
PossibleWeights = [0.0,0.1,0.2,0.3,0.4,0.5,0.6,0.7,0.8,0.9,1.0]
IterationsSupervisionOptimisation = 0
ForceInternalXValOptimisation = No
ImputeMissingTargetValues = No
InternalFold = -1
ProceedToMain = Yes

[Output]
ShowModels = [Default, Pruned, Others]
TrainErrors = No
ValidErrors = Yes
TestErrors = Yes
AllFoldModels = Yes
AllFoldErrors = No
AllFoldDatasets = No
UnknownFrequency = No
BranchFrequency = No
ShowInfo = [Count]
PrintModelAndExamples = No
WriteErrorFile = No
WriteModelFile = No
WritePerBagModelFile = Yes
WriteOOBFile = Yes
WritePredictions = []
GzipOutput = No
ModelIDFiles = No
WriteCurves = No
OutputPythonModel = No
PythonModelType = Object
OutputROSSubspaces = No
OutputJSONModel = No
OutputDatabaseQueries = No
OutputClowdFlowsJSON = No
ComputeSpearman = No

Run: 01
*******

Statistics
----------

FTValue (FTest): 0.05
Induction Time: 25.345 sec
Pruning Time: 0 sec
Prediction Time (total for ClusModel.Original): 
	0 microsecs
	0 millisecs
	0 secs
Prediction Time (average for ClusModel.Original): 0 microsecs
Model information:
     Default: Nodes = 1; Leaves = 1; Depth = 1
     Forest with 10 trees: FOREST with 10 models (Total nodes: 990; leaves: 500; average tree depth: 12.5)
     Forest with 10 trees(T = 0.0): FOREST with 10 models (Total nodes: 990; leaves: 500; average tree depth: 12.5)
     Forest with 10 trees(T = 2.0): FOREST with 10 models (Total nodes: 990; leaves: 500; average tree depth: 12.5)
     Forest with 10 trees(T = 4.0): FOREST with 10 models (Total nodes: 990; leaves: 500; average tree depth: 12.5)
     Forest with 10 trees(T = 6.0): FOREST with 10 models (Total nodes: 990; leaves: 500; average tree depth: 12.5)
     Forest with 10 trees(T = 8.0): FOREST with 10 models (Total nodes: 990; leaves: 500; average tree depth: 12.5)
     Forest with 10 trees(T = 10.0): FOREST with 10 models (Total nodes: 990; leaves: 500; average tree depth: 12.5)
     Forest with 10 trees(T = 12.0): FOREST with 10 models (Total nodes: 990; leaves: 500; average tree depth: 12.5)
     Forest with 10 trees(T = 14.0): FOREST with 10 models (Total nodes: 990; leaves: 500; average tree depth: 12.5)
     Forest with 10 trees(T = 16.0): FOREST with 10 models (Total nodes: 990; leaves: 500; average tree depth: 12.5)
     Forest with 10 trees(T = 18.0): FOREST with 10 models (Total nodes: 990; leaves: 500; average tree depth: 12.5)
     Forest with 10 trees(T = 20.0): FOREST with 10 models (Total nodes: 990; leaves: 500; average tree depth: 12.5)
     Forest with 10 trees(T = 22.0): FOREST with 10 models (Total nodes: 990; leaves: 500; average tree depth: 12.5)
     Forest with 10 trees(T = 24.0): FOREST with 10 models (Total nodes: 990; leaves: 500; average tree depth: 12.5)
     Forest with 10 trees(T = 26.0): FOREST with 10 models (Total nodes: 990; leaves: 500; average tree depth: 12.5)
     Forest with 10 trees(T = 28.0): FOREST with 10 models (Total nodes: 990; leaves: 500; average tree depth: 12.5)
     Forest with 10 trees(T = 30.0): FOREST with 10 models (Total nodes: 990; leaves: 500; average tree depth: 12.5)
     Forest with 10 trees(T = 32.0): FOREST with 10 models (Total nodes: 990; leaves: 500; average tree depth: 12.5)
     Forest with 10 trees(T = 34.0): FOREST with 10 models (Total nodes: 990; leaves: 500; average tree depth: 12.5)
     Forest with 10 trees(T = 36.0): FOREST with 10 models (Total nodes: 990; leaves: 500; average tree depth: 12.5)
     Forest with 10 trees(T = 38.0): FOREST with 10 models (Total nodes: 990; leaves: 500; average tree depth: 12.5)
     Forest with 10 trees(T = 40.0): FOREST with 10 models (Total nodes: 990; leaves: 500; average tree depth: 12.5)
     Forest with 10 trees(T = 42.0): FOREST with 10 models (Total nodes: 990; leaves: 500; average tree depth: 12.5)
     Forest with 10 trees(T = 44.0): FOREST with 10 models (Total nodes: 990; leaves: 500; average tree depth: 12.5)
     Forest with 10 trees(T = 46.0): FOREST with 10 models (Total nodes: 990; leaves: 500; average tree depth: 12.5)
     Forest with 10 trees(T = 48.0): FOREST with 10 models (Total nodes: 990; leaves: 500; average tree depth: 12.5)
     Forest with 10 trees(T = 50.0): FOREST with 10 models (Total nodes: 990; leaves: 500; average tree depth: 12.5)
     Forest with 10 trees(T = 52.0): FOREST with 10 models (Total nodes: 990; leaves: 500; average tree depth: 12.5)
     Forest with 10 trees(T = 54.0): FOREST with 10 models (Total nodes: 990; leaves: 500; average tree depth: 12.5)
     Forest with 10 trees(T = 56.0): FOREST with 10 models (Total nodes: 990; leaves: 500; average tree depth: 12.5)
     Forest with 10 trees(T = 58.0): FOREST with 10 models (Total nodes: 990; leaves: 500; average tree depth: 12.5)
     Forest with 10 trees(T = 60.0): FOREST with 10 models (Total nodes: 990; leaves: 500; average tree depth: 12.5)
     Forest with 10 trees(T = 62.0): FOREST with 10 models (Total nodes: 990; leaves: 500; average tree depth: 12.5)
     Forest with 10 trees(T = 64.0): FOREST with 10 models (Total nodes: 990; leaves: 500; average tree depth: 12.5)
     Forest with 10 trees(T = 66.0): FOREST with 10 models (Total nodes: 990; leaves: 500; average tree depth: 12.5)
     Forest with 10 trees(T = 68.0): FOREST with 10 models (Total nodes: 990; leaves: 500; average tree depth: 12.5)
     Forest with 10 trees(T = 70.0): FOREST with 10 models (Total nodes: 990; leaves: 500; average tree depth: 12.5)
     Forest with 10 trees(T = 72.0): FOREST with 10 models (Total nodes: 990; leaves: 500; average tree depth: 12.5)
     Forest with 10 trees(T = 74.0): FOREST with 10 models (Total nodes: 990; leaves: 500; average tree depth: 12.5)
     Forest with 10 trees(T = 76.0): FOREST with 10 models (Total nodes: 990; leaves: 500; average tree depth: 12.5)
     Forest with 10 trees(T = 78.0): FOREST with 10 models (Total nodes: 990; leaves: 500; average tree depth: 12.5)
     Forest with 10 trees(T = 80.0): FOREST with 10 models (Total nodes: 990; leaves: 500; average tree depth: 12.5)
     Forest with 10 trees(T = 82.0): FOREST with 10 models (Total nodes: 990; leaves: 500; average tree depth: 12.5)
     Forest with 10 trees(T = 84.0): FOREST with 10 models (Total nodes: 990; leaves: 500; average tree depth: 12.5)
     Forest with 10 trees(T = 86.0): FOREST with 10 models (Total nodes: 990; leaves: 500; average tree depth: 12.5)
     Forest with 10 trees(T = 88.0): FOREST with 10 models (Total nodes: 990; leaves: 500; average tree depth: 12.5)
     Forest with 10 trees(T = 90.0): FOREST with 10 models (Total nodes: 990; leaves: 500; average tree depth: 12.5)
     Forest with 10 trees(T = 92.0): FOREST with 10 models (Total nodes: 990; leaves: 500; average tree depth: 12.5)
     Forest with 10 trees(T = 94.0): FOREST with 10 models (Total nodes: 990; leaves: 500; average tree depth: 12.5)
     Forest with 10 trees(T = 96.0): FOREST with 10 models (Total nodes: 990; leaves: 500; average tree depth: 12.5)
     Forest with 10 trees(T = 98.0): FOREST with 10 models (Total nodes: 990; leaves: 500; average tree depth: 12.5)
     Forest with 10 trees(T = 100.0): FOREST with 10 models (Total nodes: 990; leaves: 500; average tree depth: 12.5)

Default Model
*************

[1,8.849095E-1,4.583501E-1,0,0,7.565392E-2,0,1.207243E-3,4.024145E-4,4.024145E-4,1.086519E-2,2.414487E-3,1.207243E-3,4.024145E-4,4.024145E-4,0,4.024145E-4,0,2.052314E-2,0,4.024145E-4,4.024145E-4,1.891348E-2,0,4.024145E-4,4.024145E-4,4.024145E-4,4.024145E-4,0,8.048290E-4,0,1.207243E-3,2.012072E-3,2.012072E-3,1.207243E-3,0,8.048290E-4,0,4.024145E-4,4.024145E-4,4.024145E-4,4.024145E-4,8.048290E-4,4.024145E-4,4.024145E-4,0,4.024145E-4,4.024145E-4,8.048290E-4,4.024145E-4,0,4.024145E-4,8.048290E-4,0,0,2.816901E-3,4.024145E-4,4.024145E-4,0,1.207243E-3,8.048290E-4,4.024145E-4,4.024145E-4,8.048290E-4,4.024145E-4,0,4.024145E-4,8.048290E-4,4.024145E-4,4.024145E-4,4.024145E-4,0,0,4.024145E-4,4.024145E-4,0,0,0,0,0,0,0,0,4.024145E-4,4.024145E-4,0,1.207243E-3,8.048290E-4,4.024145E-4,0,0,4.024145E-4,4.024145E-4,4.024145E-4,4.024145E-4,0,0,8.048290E-4,8.048290E-4,8.048290E-4,4.024145E-4,5.231388E-3,2.012072E-3,4.024145E-4,4.024145E-4,2.414487E-3,0,0,0,0,8.048290E-4,4.024145E-4,4.024145E-4,4.024145E-4,0,4.024145E-4,1.207243E-3,4.024145E-4,4.024145E-4,4.024145E-4,4.024145E-4,4.024145E-4,4.024145E-4,0,0,0,2.012072E-3,0,8.048290E-4,8.048290E-4,0,8.048290E-4,0,0,4.024145E-4,4.024145E-4,8.048290E-4,8.048290E-4,4.024145E-3,4.024145E-4,3.219316E-3,4.024145E-4,0,4.024145E-4,4.024145E-4,8.048290E-4,4.024145E-4,4.024145E-4,0,4.024145E-4,4.024145E-4,4.024145E-4,4.024145E-4,4.024145E-4,4.024145E-4,4.024145E-4,4.024145E-4,0,0,1.006036E-2,8.048290E-4,4.024145E-4,4.024145E-4,8.048290E-4,2.816901E-3,8.048290E-4,2.012072E-3,8.048290E-4,8.048290E-4,0,3.621730E-3,4.024145E-4,8.048290E-4,4.024145E-4,2.012072E-3,1.207243E-3,8.048290E-4,4.024145E-4,4.024145E-4,4.024145E-4,1.207243E-3,4.024145E-4,4.024145E-4,8.048290E-4,7.243461E-3,5.231388E-3,4.828974E-3,4.024145E-4,4.024145E-4,4.024145E-4,4.024145E-4,4.024145E-4,4.024145E-4,0,2.816901E-3,4.024145E-4,4.024145E-4,4.024145E-4,0,0,4.024145E-4,4.024145E-4,8.048290E-4,0,0,0,0,4.024145E-3,4.024145E-3,4.024145E-4,4.024145E-4,1.207243E-3,2.012072E-3,4.024145E-4,1.207243E-3,0,4.024145E-3,4.024145E-4,4.024145E-4,1.609658E-3,0,4.024145E-4,4.024145E-4,4.024145E-4,0,4.024145E-4,4.024145E-4,4.024145E-4,4.024145E-4,4.024145E-4,0,8.048290E-4,4.024145E-4,4.024145E-4,1.207243E-3,1.207243E-3,3.219316E-3,2.012072E-3,2.012072E-3,2.012072E-3,8.048290E-4,8.048290E-4,0,1.207243E-3,1.207243E-3,1.207243E-3,1.207243E-3,8.450704E-3,4.024145E-4,6.841046E-3,4.024145E-4,2.816901E-3,8.048290E-4,4.024145E-4,4.024145E-4,4.024145E-4,4.024145E-4,1.207243E-3,4.024145E-4,4.024145E-4,4.024145E-4,4.024145E-4,1.207243E-3,8.048290E-4,4.024145E-4,4.024145E-4,4.024145E-4,4.024145E-4,2.012072E-3,4.024145E-4,4.024145E-4,0,8.048290E-4,0,0,8.048290E-4,4.024145E-4,4.024145E-4,0,1.573441E-1,4.024145E-4,1.126761E-2,9.255533E-3,4.024145E-4,0,0,4.024145E-4,0,0,0,4.024145E-4,4.024145E-4,4.024145E-4,0,4.024145E-4,1.207243E-3,1.207243E-3,4.024145E-4,4.024145E-4,0,4.024145E-4,4.024145E-4,6.841046E-3,4.024145E-4,4.024145E-4,4.024145E-4,4.024145E-4,0,8.048290E-4,4.024145E-4,4.024145E-4,4.024145E-4,1.207243E-3,4.024145E-4,0,0,0,0,0,8.048290E-4,0,4.024145E-4,4.024145E-4,4.024145E-4,4.024145E-4,4.024145E-4,4.024145E-4,4.024145E-4,4.024145E-4,0,4.024145E-4,0,0,0,1.207243E-3,1.207243E-3,0,4.024145E-4,0,0,4.024145E-4,0,0,0,4.024145E-4,0,0,0,0,4.024145E-4,4.024145E-4,4.024145E-4,0,0,4.024145E-4,0,0,4.024145E-4,4.024145E-4,4.024145E-4,4.024145E-4,4.024145E-4,0,2.012072E-3,4.024145E-4,4.024145E-4,4.024145E-4,4.024145E-4,4.024145E-4,0,0,0,1.609658E-3,8.048290E-4,4.024145E-4,4.024145E-4,2.052314E-2,1.609658E-2,1.207243E-3,0,0,0,0,1.207243E-3,2.012072E-3,8.048290E-4,4.024145E-4,4.024145E-4,0,0,0,0,4.426559E-3,2.012072E-3,0,8.048290E-4,4.024145E-4,0,8.048290E-4,4.024145E-4,0,4.024145E-4,4.024145E-4,4.024145E-4,4.024145E-4,4.024145E-4,0,1.207243E-3,4.024145E-4,4.024145E-4,4.024145E-4,6.438632E-3,4.024145E-4,4.828974E-3,4.024145E-4,0,0,4.024145E-3,1.207243E-3,0,0,2.816901E-3,2.816901E-3,4.024145E-4,0,4.024145E-4,0,4.024145E-4,4.024145E-4,4.024145E-4,4.024145E-4,4.024145E-4,8.048290E-4,4.024145E-4,4.024145E-4,4.024145E-4,0,0,4.024145E-4,4.024145E-4,0,0,0,0,0,4.024145E-4,8.048290E-4,8.048290E-4,8.048290E-4,8.048290E-4,1.207243E-3,1.207243E-3,1.207243E-3,8.048290E-4,1.207243E-3,0,4.024145E-4,0,0,4.024145E-4,0,0,2.414487E-3,8.048290E-4,4.024145E-4,0,4.024145E-4,8.048290E-4,8.048290E-4,0,2.374245E-2,0,1.690141E-2,1.006036E-2,2.414487E-3,8.048290E-4,4.024145E-4,2.816901E-3,0,0,2.012072E-3,0,2.012072E-3,4.024145E-4,0,4.024145E-4,4.024145E-4,0,4.024145E-4,4.024145E-4,4.024145E-4,4.024145E-4,4.024145E-4,4.024145E-4,4.024145E-4,4.024145E-4,1.207243E-3,8.048290E-4,4.024145E-4,0,8.048290E-4,3.219316E-3,4.024145E-4,2.414487E-3,0,8.048290E-4,4.024145E-4,4.024145E-4,0,8.048290E-4,0,4.024145E-4,0,4.024145E-4,0,0,0,4.024145E-4,4.024145E-4,4.024145E-4,4.024145E-4,8.048290E-4,4.024145E-4,4.426559E-3,4.024145E-4,0,0,4.024145E-4,0,4.024145E-4,4.024145E-4,8.048290E-4,4.024145E-4,8.048290E-4,4.024145E-4,4.024145E-4,4.024145E-4,4.024145E-4,1.126761E-2,0,4.024145E-4,4.024145E-4,4.024145E-4,0,1.609658E-3,4.024145E-4,4.024145E-4,1.609658E-3,4.024145E-4,4.024145E-4,2.816901E-3,4.024145E-4,0,0,0,8.048290E-4,8.048290E-4,0,4.024145E-4,0,8.048290E-4,1.207243E-3,4.024145E-4,1.207243E-3,4.024145E-4,8.048290E-4,4.024145E-4,4.024145E-4,4.024145E-4,4.024145E-4,4.024145E-4,4.024145E-4,4.024145E-4,4.024145E-3,4.024145E-3,4.024145E-4,4.024145E-4,0,4.024145E-4,4.024145E-4,4.024145E-4,4.024145E-4,4.024145E-4,4.024145E-4,4.024145E-4,0,0,0,0,4.024145E-4,4.024145E-4,0,0,4.024145E-4,4.024145E-4,0,0,0,4.024145E-4,4.024145E-4,6.800805E-2,1.167002E-2,8.048290E-4,4.024145E-4,0,0,4.024145E-4,4.024145E-4,4.024145E-4,4.024145E-4,4.024145E-4,0,4.024145E-4,4.024145E-4,4.024145E-4,4.024145E-4,4.024145E-4,8.048290E-4,1.207243E-3,4.024145E-4,8.048290E-4,2.414487E-3,4.024145E-4,8.048290E-4,8.048290E-4,0,1.609658E-3,1.207243E-3,4.024145E-4,0,4.024145E-4,8.048290E-4,0,4.024145E-4,3.581489E-2,0,4.024145E-4,4.024145E-4,4.024145E-4,4.024145E-4,0,4.024145E-4,0,4.024145E-4,8.048290E-4,8.048290E-4,8.048290E-4,8.048290E-4,8.048290E-4,0,4.024145E-4,4.024145E-4,2.414487E-2,0,0,2.253521E-2,0,1.609658E-3,1.207243E-3,1.207243E-3,1.609658E-3,4.024145E-4,0,1.207243E-3,8.048290E-4,8.048290E-4,8.048290E-4,8.048290E-4,4.024145E-4,2.414487E-3,1.609658E-3,1.609658E-3,4.024145E-4,4.024145E-4,4.024145E-4,0,0,4.024145E-4,8.048290E-4,4.024145E-4,4.024145E-4,4.024145E-4,1.609658E-3,4.024145E-4,1.207243E-3,0,4.024145E-4,4.024145E-4,8.048290E-4,4.024145E-4,4.024145E-4,4.024145E-4,0,4.024145E-4,8.048290E-4,4.024145E-4,0,0,0,4.024145E-4,4.024145E-4,4.024145E-4,4.024145E-4,4.024145E-4,4.024145E-4,1.207243E-3,1.207243E-3,0,0,0,0,0,2.816901E-3,4.024145E-4,2.012072E-3,4.024145E-4,1.891348E-2,4.024145E-4,6.841046E-3,6.841046E-3,1.207243E-3,0,4.024145E-4,4.024145E-4,0,3.621730E-3,8.048290E-4,4.024145E-4,1.609658E-3,4.024145E-4,4.024145E-4,4.024145E-4,1.207243E-3,8.048290E-4,4.024145E-4,4.024145E-4,8.048290E-4,0,4.024145E-4,4.024145E-4,4.024145E-4,4.024145E-4,4.024145E-4,0,0,1.207243E-3,0,4.024145E-4,8.048290E-4,8.048290E-4,6.036217E-3,6.036217E-3,6.036217E-3,3.219316E-3,0,1.207243E-3,4.426559E-3,4.024145E-4,4.024145E-4,4.024145E-4,2.012072E-3,4.024145E-4,4.024145E-4,8.048290E-4,4.024145E-4,4.024145E-4,4.024145E-4,4.024145E-4,1.207243E-3,0,3.621730E-3,4.024145E-4,4.024145E-4,2.414487E-3,4.024145E-4,1.207243E-3,4.024145E-4,4.024145E-4,8.048290E-4,0,1.368209E-2,1.126761E-2,8.048290E-3,1.609658E-3,0,4.024145E-4,2.012072E-3,0,1.207243E-3,1.207243E-3,1.887324E-1,4.024145E-4,2.334004E-2,2.213280E-2,9.657948E-3,2.414487E-3,1.609658E-3,4.024145E-4,1.207243E-3,4.024145E-3,5.633803E-3,5.231388E-3,4.024145E-4,4.024145E-4,0,4.828974E-3,4.828974E-3,0,1.609658E-3,6.841046E-3,4.426559E-3,1.609658E-3,1.207243E-3,4.024145E-4,2.816901E-3,2.012072E-3,4.024145E-4,8.048290E-4,4.024145E-4,0,0,0,0,0,0,5.191147E-2,2.092555E-2,1.086519E-2,2.414487E-3,4.426559E-3,4.426559E-3,1.207243E-3,8.048290E-4,2.012072E-3,4.024145E-4,0,8.048290E-4,8.048290E-4,4.024145E-4,4.024145E-4,7.243461E-3,8.048290E-4,8.048290E-4,0,4.024145E-4,4.024145E-4,4.024145E-4,0,5.633803E-3,2.414487E-3,4.024145E-4,2.012072E-3,4.024145E-4,8.048290E-4,0,0,4.024145E-4,4.024145E-4,4.024145E-4,3.621730E-3,3.621730E-3,1.207243E-3,4.024145E-4,4.024145E-4,8.048290E-4,4.024145E-4,4.024145E-4,1.609658E-3,0,0,0,4.024145E-4,4.024145E-3,1.207243E-3,8.048290E-4,8.048290E-4,0,1.207243E-3,8.048290E-4,4.024145E-4,4.024145E-4,4.024145E-4,0,0,0,0,0,0,0,0,2.092555E-2,2.816901E-3,8.048290E-4,0,8.048290E-4,8.048290E-4,4.024145E-4,8.048290E-4,4.024145E-4,4.024145E-4,0,4.024145E-4,4.024145E-4,0,1.810865E-2,0,8.048290E-4,4.024145E-4,4.024145E-4,4.024145E-4,9.255533E-3,4.828974E-3,8.048290E-4,8.048290E-4,4.024145E-4,4.024145E-3,4.024145E-4,4.024145E-4,2.012072E-3,8.048290E-4,0,8.048290E-4,4.024145E-4,4.024145E-4,0,2.816901E-3,4.024145E-4,2.414487E-3,8.048290E-4,8.048290E-4,4.024145E-4,4.024145E-4,4.024145E-4,0,4.024145E-4,4.024145E-4,4.024145E-4,4.024145E-4,4.024145E-4,4.024145E-4,1.207243E-3,0,0,0,0,0,1.207243E-3,8.048290E-4,8.048290E-4,0,4.024145E-4,4.024145E-4,4.024145E-4,4.024145E-4,4.024145E-4,5.231388E-3,2.816901E-3,0,4.024145E-4,8.048290E-4,4.024145E-4,4.024145E-4,1.167002E-2,8.048290E-3,4.024145E-4,0,0,0,4.024145E-4,1.207243E-3,1.207243E-3,4.024145E-4,8.048290E-4,8.048290E-4,4.426559E-3,0,0,8.048290E-4,8.048290E-4,4.024145E-4,0,3.219316E-3,4.024145E-4,8.048290E-4,1.609658E-3,1.609658E-3,8.048290E-4,4.024145E-4,4.024145E-4,0,0,8.048290E-4,4.024145E-4,0,0,0,4.024145E-4,0,2.816901E-3,8.048290E-4,4.024145E-4,2.012072E-3,1.609658E-3,8.048290E-4,1.207243E-3,4.024145E-4,4.024145E-4,4.024145E-4,4.024145E-4,4.024145E-4,4.024145E-4,4.024145E-4,0,0,4.024145E-4,4.024145E-4,8.048290E-4,4.024145E-4,0,0,0,0,0,0,1.448692E-2,8.048290E-3,4.024145E-4,4.024145E-4,0,8.048290E-4,2.012072E-3,8.048290E-4,8.048290E-4,2.012072E-3,1.609658E-3,4.024145E-4,8.048290E-4,1.207243E-3,1.207243E-3,0,0,4.024145E-4,4.024145E-4,0,4.024145E-4,0,4.024145E-4,4.024145E-4,0,0,4.024145E-4,8.048290E-4,0,4.024145E-4,4.024145E-4,4.828974E-3,0,1.207243E-3,1.207243E-3,4.024145E-4,8.048290E-4,4.024145E-4,4.024145E-4,4.024145E-4,0,2.012072E-3,8.048290E-4,4.024145E-4,4.024145E-4,4.024145E-4,4.024145E-4,4.024145E-4,0,4.024145E-4,4.024145E-4,4.024145E-4,4.024145E-4,8.893360E-2,8.893360E-2,8.893360E-2,4.024145E-4,4.024145E-4,8.048290E-4,8.048290E-4,1.207243E-3,0,8.048290E-4,0,0,0,4.024145E-4,4.024145E-4,0,4.024145E-4,4.024145E-4,0,4.024145E-4,8.370221E-2,3.621730E-3,1.207243E-3,1.609658E-3,1.730382E-2,1.327968E-2,6.438632E-3,8.048290E-4,8.048290E-4,8.048290E-4,2.012072E-3,0,0,4.024145E-4,0,0,5.915493E-2,4.305835E-2,4.024145E-4,5.633803E-3,5.231388E-3,8.048290E-4,2.414487E-3,8.048290E-4,4.024145E-4,8.048290E-3,8.048290E-4,1.609658E-3,8.048290E-4,8.048290E-4,1.207243E-3,9.657948E-3,9.657948E-3,4.024145E-4,4.024145E-4,2.012072E-3,1.569416E-2,8.048290E-4,1.488934E-2,1.609658E-3,8.048290E-4,8.048290E-4,4.024145E-4,0,0,0,8.048290E-4,4.024145E-4,4.024145E-4,8.048290E-3,8.048290E-4,8.048290E-3,1.207243E-3,4.024145E-4,8.048290E-4,8.048290E-4,4.024145E-4,4.426559E-3,8.048290E-4,4.024145E-3,1.609658E-3,0,0,0,4.024145E-4,1.609658E-3,8.048290E-4,8.048290E-4,4.024145E-4,1.207243E-3,4.024145E-4,4.024145E-4,0,4.024145E-4,0,0,0,0,0,0,0,0,4.024145E-4,4.024145E-4,0,0,0,0,0,0,0,0,0,0,0,0,0,0,0,0,4.024145E-4,4.024145E-4,4.024145E-4,0,0,0,0,0,0,2.575453E-2,8.048290E-4,4.024145E-4,7.645875E-3,4.024145E-4,4.024145E-4,0,5.231388E-3,4.024145E-4,0,0,4.024145E-4,0,4.024145E-4,8.048290E-4,4.024145E-4,4.024145E-4,1.609658E-3,0,4.024145E-4,1.609658E-3,1.609658E-3,1.609658E-3,4.024145E-4,8.048290E-4,4.024145E-4,0,4.024145E-4,4.024145E-4,0,1.609658E-3,8.048290E-4,4.024145E-4,4.024145E-4,1.126761E-2,8.048290E-3,4.024145E-4,0,8.048290E-4,0,4.024145E-4,4.024145E-4,4.024145E-4,0,4.024145E-4,4.024145E-4,2.012072E-3,4.024145E-4,4.024145E-4,4.024145E-4,4.024145E-4,0,0,4.024145E-4,0,0,8.048290E-4,1.207243E-3,4.024145E-4,4.024145E-4,4.024145E-4,4.024145E-4,2.012072E-3,4.024145E-3,2.012072E-3,1.207243E-3,8.048290E-4,4.024145E-4,8.048290E-4,4.024145E-4,0,4.024145E-4,4.024145E-4,1.207243E-3,1.207243E-3,1.609658E-3,8.048290E-4,8.048290E-4,4.024145E-4,0,4.024145E-4,4.024145E-4,4.024145E-4,4.024145E-4,4.024145E-4,1.730382E-2,8.048290E-4,4.024145E-4,0,1.207243E-3,1.207243E-3,4.024145E-4,1.207243E-3,0,4.426559E-3,4.426559E-3,3.621730E-3,8.048290E-4,4.024145E-4,0,0,4.024145E-4,0,0,1.207243E-3,0,8.048290E-4,4.024145E-4,1.609658E-3,1.609658E-3,6.036217E-3,8.048290E-4,2.414487E-3,2.414487E-3,4.024145E-4,8.048290E-4,0,4.024145E-4,4.024145E-4,0,4.024145E-4,4.024145E-4,4.024145E-4,4.024145E-4,2.494970E-2,1.006036E-2,1.006036E-2,4.024145E-4,4.024145E-4,4.024145E-4,4.024145E-4,4.024145E-4,4.024145E-4,4.024145E-4,4.024145E-4,4.024145E-4,8.048290E-4,4.024145E-4,0,8.048290E-4,1.207243E-3,8.048290E-4,4.024145E-4,4.024145E-4,4.024145E-4,8.048290E-4,4.024145E-4,6.438632E-3,3.219316E-3,4.024145E-4,4.024145E-4,4.024145E-4,4.024145E-4,4.024145E-4,4.024145E-4,2.414487E-3,8.048290E-4,8.048290E-4,8.048290E-4,8.048290E-4,8.048290E-4,4.024145E-4,8.048290E-4,8.048290E-4,8.048290E-4,4.024145E-4,0,8.450704E-3,0,0,0,4.024145E-4,0,0,4.024145E-4,4.024145E-4,0,0,1.207243E-3,4.024145E-4,4.024145E-4,2.414487E-3,8.048290E-4,4.024145E-4,4.024145E-4,0,4.024145E-4,4.024145E-4,8.048290E-4,4.024145E-4,0,4.024145E-4,2.414487E-3,8.048290E-4,0,4.024145E-4,4.024145E-4,8.048290E-4,4.024145E-4,4.024145E-4,4.024145E-4,4.024145E-4,4.024145E-4,4.024145E-4,0,0,0,0,8.048290E-4,8.048290E-4,8.048290E-4,0,0,0,0,8.048290E-4,8.048290E-4,4.024145E-4,4.024145E-4,3.621730E-3,1.609658E-3,2.012072E-3,4.024145E-4,4.024145E-4,0,0,7.806841E-2,5.070423E-2,4.024145E-3,8.450704E-3,5.231388E-3,7.847082E-2,5.231388E-3,8.048290E-4,2.012072E-3,4.024145E-4,8.048290E-4,8.048290E-4,2.012072E-3,4.024145E-4,0,7.243461E-3,0,6.559356E-2,4.024145E-4,1.207243E-3,2.937626E-2,1.207243E-3,1.891348E-2,4.828974E-3,4.024145E-4,1.207243E-3,1.207243E-3,4.024145E-4,4.024145E-4,4.024145E-4,4.024145E-4,4.024145E-4,4.024145E-4,8.048290E-4,4.024145E-4,4.024145E-4,1.046278E-2,0,0,0,2.414487E-3,1.207243E-3,1.207243E-3,4.024145E-4,4.024145E-4,4.024145E-4,0,8.048290E-3,8.048290E-4,8.048290E-4,4.024145E-4,4.024145E-4,4.024145E-4,5.633803E-3,1.609658E-3,2.414487E-3,1.207243E-3,8.048290E-4,1.609658E-3,4.024145E-4,4.024145E-4,4.024145E-4,0,0,4.024145E-4,0,1.086519E-2,8.853119E-3,0,0,0,4.024145E-4,0,0,0,0,8.853119E-3,2.012072E-3,4.024145E-4,8.048290E-4,8.048290E-4,0,4.024145E-4,4.024145E-4,4.024145E-4,4.024145E-4,4.024145E-4,0,0,0,4.024145E-4,0,6.036217E-3,0,0,0,2.012072E-3,0,4.024145E-4,1.609658E-3,4.024145E-4,0,0,0,0,0,3.219316E-3,4.024145E-4,0,0,4.024145E-4,4.024145E-4,8.048290E-4,8.048290E-4,4.024145E-4,0,4.024145E-4,1.609658E-3,0,0,6.438632E-3,8.048290E-4,8.048290E-4,4.024145E-4,4.024145E-4,6.438632E-3,6.036217E-3,4.024145E-4,6.036217E-3,2.414487E-3,1.609658E-3,6.036217E-3,2.414487E-3,1.207243E-3,2.012072E-3,0,1.408451E-2,0,4.024145E-4,1.207243E-3,4.024145E-4,8.048290E-4,4.024145E-4,1.207243E-3,8.048290E-4,4.024145E-4,4.024145E-4,0,8.048290E-4,4.024145E-4,8.048290E-4,8.048290E-4,4.024145E-4,8.048290E-4,4.024145E-4,8.048290E-4,1.207243E-3,0,0,0,4.024145E-4,4.024145E-4,0,4.024145E-4,0,0,4.024145E-4,1.609658E-3,8.048290E-4,8.048290E-4,4.024145E-4,0,8.048290E-4,4.024145E-4,4.024145E-4,2.012072E-3,1.609658E-3,1.609658E-3,8.048290E-4,8.048290E-4,0,8.048290E-4,4.024145E-4,0,0,0,4.024145E-4,4.024145E-4,4.024145E-4,0,4.024145E-4,0,0,0,0,0,0,0,0,0,0,0,2.253521E-2,2.052314E-2,0,1.207243E-3,8.048290E-4,4.024145E-4,4.024145E-4,1.046278E-2,8.450704E-3,0,0,8.048290E-3,4.024145E-4,4.024145E-4,6.841046E-3,4.024145E-4,8.048290E-4,4.024145E-4,4.024145E-4,4.024145E-4,4.024145E-4,0,0,0,0,7.243461E-3,4.024145E-4,1.609658E-3,1.609658E-3,1.609658E-3,8.048290E-4,1.207243E-3,4.024145E-4,4.024145E-4,4.024145E-4,0,0,4.024145E-4,4.024145E-4,4.024145E-4,4.024145E-4,8.048290E-4,4.024145E-4,4.024145E-4,0,2.012072E-3,2.012072E-3,2.012072E-3,0,0,3.621730E-3,4.024145E-4,3.219316E-3,2.012072E-3,1.207243E-3,4.024145E-4,4.024145E-4,4.024145E-4,4.024145E-4,8.048290E-4,4.024145E-4,4.024145E-4,0,4.024145E-4,4.024145E-4,0,0,4.024145E-4,2.414487E-3,1.609658E-3,8.048290E-4,4.024145E-4,4.024145E-4,8.048290E-4,4.024145E-4,0,4.024145E-4,0,4.024145E-4,0,0,4.024145E-4,4.024145E-4,1.207243E-3,4.024145E-4,4.024145E-4,0,6.052314E-1,0,2.414487E-2,1.609658E-3,0,4.024145E-4,1.947686E-1,1.086519E-2,2.816901E-3,0,0,8.048290E-4,8.048290E-4,0,8.048290E-4,8.048290E-4,4.024145E-4,7.243461E-3,4.828974E-3,0,4.024145E-4,2.132797E-2,1.287726E-2,8.048290E-4,5.633803E-3,4.024145E-4,4.024145E-4,8.450704E-3,5.633803E-3,4.024145E-4,8.048290E-4,4.024145E-4,4.024145E-4,4.024145E-4,4.024145E-4,4.024145E-4,4.024145E-4,0,2.334004E-2,1.207243E-3,1.207243E-3,1.368209E-2,3.219316E-3,4.024145E-4,8.048290E-4,1.609658E-3,4.024145E-4,8.048290E-4,6.841046E-3,3.621730E-3,4.024145E-4,8.048290E-4,4.024145E-4,0,4.024145E-4,4.024145E-4,4.024145E-4,4.024145E-4,6.036217E-3,4.024145E-4,1.207243E-3,4.064386E-2,8.048290E-4,4.024145E-4,4.024145E-4,7.645875E-3,2.012072E-3,5.633803E-3,4.024145E-4,8.048290E-4,4.024145E-4,8.048290E-4,1.609658E-3,1.609658E-3,8.048290E-4,4.024145E-4,4.024145E-4,4.024145E-4,4.024145E-4,4.024145E-3,4.024145E-3,4.024145E-4,1.931590E-2,4.024145E-3,1.207243E-3,4.024145E-4,1.448692E-2,1.368209E-2,2.414487E-3,4.024145E-4,4.024145E-4,4.828974E-3,2.012072E-3,8.048290E-4,0,8.048290E-4,4.426559E-3,8.048290E-4,4.024145E-3,4.024145E-3,3.621730E-3,1.207243E-3,1.207243E-3,4.024145E-4,0,4.426559E-3,0,0,1.207243E-3,5.231388E-3,4.024145E-4,4.024145E-4,1.609658E-3,9.255533E-3,8.048290E-4,4.024145E-4,4.024145E-4,2.816901E-3,4.024145E-4,4.024145E-4,5.231388E-3,4.024145E-4,1.207243E-3,8.853119E-3,8.048290E-4,4.024145E-4,8.048290E-3,4.828974E-3,8.048290E-3,1.609658E-3,2.012072E-3,3.581489E-2,7.243461E-3,4.024145E-4,2.012072E-3,4.024145E-4,8.048290E-4,2.012072E-3,4.024145E-4,0,8.048290E-4,1.609658E-2,1.006036E-2,4.024145E-4,8.048290E-4,0,2.012072E-2,4.426559E-3,1.207243E-3,8.048290E-4,8.048290E-4,8.048290E-4,8.048290E-4,4.024145E-4,4.024145E-4,0,0,0,0,0,0,4.024145E-4,4.024145E-4,4.024145E-4,0,5.231388E-3,4.024145E-4,3.219316E-3,4.024145E-4,1.046278E-2,1.046278E-2,9.657948E-3,1.609658E-3,8.048290E-4,4.024145E-4,4.024145E-4,3.621730E-3,1.207243E-3,1.609658E-3,4.024145E-4,4.024145E-4,0,2.052314E-2,1.690141E-2,2.816901E-3,4.024145E-4,2.012072E-3,2.012072E-3,0,0,0,0,0,3.219316E-3,6.841046E-3,8.048290E-4,0,0,4.024145E-4,4.024145E-4,4.024145E-4,4.024145E-4,0,0,4.024145E-4,4.024145E-4,2.012072E-3,0,1.609658E-3,4.024145E-4,3.307847E-1,2.012072E-1,4.024145E-4,4.024145E-4,4.024145E-4,2.052314E-2,1.609658E-3,4.024145E-4,1.569416E-2,2.414487E-3,1.247485E-2,2.816901E-3,6.841046E-3,4.024145E-3,4.426559E-3,2.816901E-3,4.024145E-4,2.012072E-3,2.816901E-3,0,3.621730E-3,1.006036E-2,0,4.024145E-4,4.024145E-4,4.024145E-4,0,0,1.621730E-1,1.432596E-1,1.971831E-2,0,4.024145E-4,4.024145E-4,5.633803E-3,2.816901E-3,1.207243E-3,0,1.617706E-1,8.048290E-4,2.816901E-3,4.024145E-4,1.597586E-1,1.529175E-2,6.036217E-3,8.048290E-4,8.048290E-4,5.070423E-2,5.231388E-3,2.012072E-3,0,0,5.633803E-3,8.048290E-4,0,4.024145E-4,4.024145E-4,3.822938E-2,2.012072E-3,8.048290E-4,0,0,0,1.448692E-2,4.024145E-4,8.048290E-4,4.024145E-4,4.024145E-4,4.024145E-4,9.657948E-3,1.207243E-3,5.633803E-3,0,1.609658E-3,8.048290E-4,4.024145E-4,0,4.024145E-4,0,1.488934E-2,1.207243E-3,4.024145E-4,1.207243E-3,0,0,0,1.086519E-2,4.024145E-3,0,7.645875E-3,0,0,0,0,0,2.559356E-1,2.462777E-1,3.621730E-2,3.621730E-2,3.058350E-2,2.736419E-2,2.132797E-2,4.024145E-4,3.219316E-3,2.414487E-3,4.024145E-4,4.024145E-4,4.024145E-4,8.048290E-4,8.048290E-4,8.048290E-4,4.024145E-4,0,4.024145E-4,0,1.609658E-3,1.014085E-1,3.621730E-3,2.414487E-3,4.024145E-4,1.207243E-3,8.048290E-4,6.841046E-3,4.024145E-4,4.024145E-4,2.374245E-2,1.609658E-3,2.816901E-3,8.048290E-4,4.024145E-4,4.024145E-4,4.024145E-4,0,1.287726E-2,2.012072E-3,0,0,8.048290E-4,7.645875E-3,2.414487E-3,0,0,8.450704E-3,4.024145E-3,3.219316E-3,1.609658E-3,0,1.851107E-2,7.243461E-3,3.219316E-3,0,0,4.024145E-4,2.012072E-3,8.048290E-4,1.158954E-1,6.036217E-3,1.207243E-3,4.024145E-4,4.024145E-4,8.048290E-4,2.414487E-3,0,0,8.048290E-4,0,1.609658E-3,1.609658E-3,2.173038E-2,1.207243E-3,8.048290E-4,4.024145E-4,4.024145E-4,1.368209E-2,8.853119E-3,4.024145E-3,1.207243E-3,1.207243E-3,4.024145E-4,1.609658E-3,4.024145E-3,1.609658E-3,1.207243E-3,1.609658E-3,4.024145E-4,4.024145E-4,4.024145E-4,1.207243E-3,1.408451E-2,8.048290E-4,1.609658E-3,2.414487E-3,1.207243E-3,2.816901E-3,4.024145E-4,0,0,8.048290E-4,0,2.414487E-3,8.048290E-4,8.048290E-4,4.024145E-4,8.048290E-4,4.024145E-4,4.024145E-4,0,4.024145E-4,4.024145E-4,2.816901E-3,2.816901E-3,2.414487E-3,1.207243E-3,1.207243E-3,5.633803E-3,5.633803E-3,0,1.207243E-3,4.024145E-4,0,0,0,8.048290E-4,2.816901E-3,4.024145E-4,2.414487E-3,0,3.219316E-3,8.048290E-4,2.414487E-3,0,2.414487E-3,1.207243E-3,0,8.048290E-4,0,8.048290E-4,4.024145E-4,4.024145E-4,8.048290E-4,4.869215E-2,4.024145E-4,4.828974E-2,7.243461E-3,4.024145E-4,8.048290E-4,2.414487E-3,2.414487E-3,2.414487E-3,1.207243E-3,0,1.207243E-3,1.207243E-3,4.024145E-4,8.048290E-4,8.048290E-4,4.024145E-4,4.024145E-4,4.024145E-4,0,4.024145E-4,0,2.454728E-2,3.621730E-3,4.024145E-4,1.126761E-2,0,8.048290E-4,4.024145E-4,4.024145E-4,3.219316E-3,3.219316E-3,1.609658E-3,8.048290E-4,1.609658E-3,1.207243E-3,4.024145E-4,6.841046E-3,6.036217E-3,0,5.231388E-3,4.426559E-3,4.426559E-3,4.024145E-4,4.024145E-4,1.207243E-3,1.207243E-3,2.012072E-3,2.012072E-3,1.609658E-3,4.024145E-4,4.024145E-4,0,0,0,0,1.609658E-3,0,1.609658E-3,1.207243E-3,4.024145E-4,6.358149E-2,1.569416E-2,1.287726E-2,8.048290E-3,2.816901E-3,2.414487E-3,1.207243E-3,2.012072E-3,5.231388E-3,4.828974E-3,4.024145E-4,4.426559E-3,4.426559E-3,1.207243E-3,4.024145E-4,4.104628E-2,3.380282E-2,2.213280E-2,1.569416E-2,4.024145E-3,1.207243E-3,1.207243E-3,8.048290E-4,4.024145E-4,0,8.048290E-4,2.012072E-3,8.048290E-4,0,4.024145E-4,1.810865E-2,8.853119E-3,2.012072E-3,4.828974E-3,4.024145E-4,4.024145E-4,9.428571E-1,2.132797E-2,8.048290E-4,0,2.575453E-2,0,8.048290E-4,0,0,4.024145E-3,4.024145E-3,4.024145E-3,0,0,6.116700E-2,8.048290E-4,2.012072E-3,1.609658E-3,4.024145E-4,2.414487E-3,0,1.207243E-3,0,0,8.048290E-4,0,8.048290E-4,1.207243E-3,2.012072E-3,0,0,0,4.024145E-4,8.048290E-4,0,4.024145E-4,8.048290E-4,8.048290E-4,1.207243E-3,0,0,0,2.414487E-3,2.414487E-3,4.024145E-4,4.024145E-4,4.024145E-4,6.036217E-3,2.414487E-3,8.048290E-4,4.024145E-4,0,0,4.024145E-4,4.024145E-4,4.024145E-4,0,0,0,0,0,0,2.414487E-3,0,0,2.012072E-3,2.012072E-3,0,0,0,0,4.024145E-4,8.048290E-4,8.048290E-4,4.024145E-4,4.024145E-4,4.024145E-4,0,0,2.816901E-3,2.414487E-3,4.024145E-4,8.048290E-4,4.024145E-4,8.048290E-4,8.048290E-4,8.048290E-4,4.024145E-4,4.024145E-4,2.776660E-2,1.609658E-3,0,7.645875E-3,1.851107E-2,3.219316E-3,8.853119E-3,2.012072E-3,5.231388E-3,1.207243E-3,1.207243E-3,1.207243E-3,0,8.048290E-4,4.024145E-4,4.024145E-4,6.841046E-3,0,6.841046E-3,4.024145E-4,2.414487E-3,3.219316E-3,1.609658E-3,1.694165E-1,1.086519E-2,1.541247E-1,1.444668E-1,4.024145E-4,9.657948E-3,0,8.048290E-4,8.048290E-4,8.048290E-4,4.024145E-3,1.609658E-3,1.609658E-3,1.207243E-3,1.207243E-3,0,0,2.012072E-3,0,0,0,0,0,0,4.024145E-4,4.024145E-4,4.024145E-4,9.231388E-1,9.657948E-3,6.841046E-3,7.484909E-2,8.048290E-4,4.426559E-3,4.024145E-4,4.024145E-4,4.024145E-4,2.012072E-3,3.621730E-3,2.132797E-2,2.132797E-2,2.052314E-2,2.414487E-3,0,3.863179E-2,1.448692E-2,2.776660E-2,4.024145E-4,1.167002E-2,1.609658E-3,1.609658E-3,8.048290E-4,8.048290E-4,0,8.048290E-4,8.048290E-4,4.024145E-4,0,4.024145E-4,4.024145E-4,4.024145E-3,1.207243E-3,8.048290E-4,4.024145E-4,4.024145E-4,1.609658E-3,1.609658E-3,1.609658E-3,8.555332E-1,1.327968E-2,5.633803E-3,3.219316E-3,2.012072E-3,0,4.024145E-4,0,4.024145E-4,4.024145E-4,4.024145E-4,1.207243E-3,4.024145E-4,4.426559E-3,8.048290E-4,8.048290E-4,2.816901E-3,2.816901E-3,8.048290E-4,8.048290E-4,2.112676E-1,4.024145E-4,4.024145E-4,4.024145E-4,2.816901E-3,8.048290E-4,8.048290E-4,1.207243E-3,4.024145E-4,4.024145E-4,8.048290E-4,2.414487E-3,2.816901E-3,4.024145E-4,8.048290E-4,1.609658E-3,2.414487E-3,1.207243E-3,1.207243E-3,0,4.024145E-4,2.816901E-3,4.024145E-4,0,0,8.048290E-4,1.207243E-3,8.048290E-4,4.024145E-4,1.207243E-3,0,4.024145E-4,8.048290E-4,0,4.024145E-4,0,1.609658E-3,0,4.024145E-4,4.024145E-4,0,8.048290E-4,8.048290E-4,8.048290E-4,0,8.048290E-4,1.207243E-3,8.048290E-4,8.048290E-4,0,4.511066E-1,3.593561E-1,2.261569E-1,7.565392E-2,1.569416E-2,0,1.167002E-2,1.126761E-2,4.024145E-4,1.207243E-3,3.259557E-2,1.609658E-3,2.334004E-2,2.816901E-3,1.287726E-2,1.046278E-2,4.024145E-4,4.426559E-3,4.426559E-3,1.138833E-1,1.167002E-2,1.006036E-2,8.048290E-3,1.046278E-2,8.450704E-3,5.633803E-3,4.024145E-4,4.024145E-4,0,4.104628E-2,6.841046E-3,8.048290E-3,2.816901E-3,1.609658E-3,6.438632E-3,1.609658E-3,1.609658E-3,2.414487E-3,8.048290E-4,9.255533E-3,8.048290E-4,5.633803E-3,4.828974E-3,3.219316E-3,0,1.609658E-3,8.048290E-4,8.048290E-4,8.048290E-4,8.048290E-4,2.535211E-2,2.535211E-2,8.450704E-3,1.931590E-2,4.024145E-4,6.438632E-3,2.937626E-2,2.937626E-2,1.851107E-2,3.219316E-3,6.036217E-3,4.024145E-4,4.024145E-4,4.024145E-4,2.012072E-3,0,4.024145E-4,4.024145E-4,7.645875E-3,6.036217E-3,1.207243E-3,4.024145E-4,1.207243E-3,4.024145E-4,0,4.342052E-1,0,2.816901E-3,3.219316E-3,7.645875E-3,9.859155E-2,8.048290E-4,2.012072E-3,1.609658E-3,0,0,8.048290E-4,8.048290E-4,4.024145E-3,4.024145E-4,8.048290E-4,8.048290E-4,8.048290E-4,4.024145E-4,1.609658E-3,4.024145E-4,1.207243E-3,0,8.048290E-4,8.048290E-4,8.048290E-4,1.207243E-3,8.048290E-4,8.048290E-4,8.048290E-4,8.048290E-4,1.207243E-3,8.048290E-4,4.024145E-4,8.450704E-3,4.024145E-4,2.816901E-3,4.024145E-4,1.207243E-3,1.207243E-3,4.024145E-4,8.048290E-4,2.816901E-3,8.048290E-4,4.024145E-4,8.048290E-4,8.048290E-4,4.024145E-4,4.024145E-4,2.012072E-3,1.609658E-3,4.024145E-4,0,1.609658E-3,0,1.026157E-1,1.207243E-3,1.408451E-2,2.374245E-2,4.426559E-2,1.006036E-2,2.977867E-2,3.018109E-2,4.024145E-4,4.024145E-4,5.633803E-3,0,4.024145E-4,8.048290E-4,0,4.024145E-4,8.450704E-3,4.024145E-4,0,8.048290E-3,3.621730E-3,3.621730E-3,3.219316E-3,8.048290E-4,1.609658E-3,4.024145E-4,8.048290E-4,1.448692E-2,8.048290E-4,8.048290E-4,8.048290E-4,1.207243E-3,4.024145E-4,1.609658E-3,2.414487E-3,2.414487E-3,4.024145E-4,1.207243E-3,0,8.048290E-4,2.012072E-3,0,4.024145E-4,1.971831E-2,4.024145E-4,9.255533E-3,6.438632E-3,1.207243E-3,4.024145E-4,0,1.609658E-3,1.207243E-3,1.207243E-3,4.024145E-4,0,8.048290E-4,0,0,4.144869E-2,2.012072E-3,2.655936E-2,8.048290E-4,1.207243E-3,4.024145E-4,2.816901E-3,2.816901E-3,4.024145E-4,0,8.048290E-4,1.247485E-2,8.048290E-4,7.645875E-3,4.828974E-3,1.609658E-3,2.414487E-3,1.207243E-3,2.414487E-3,6.841046E-2,4.024145E-4,2.816901E-3,2.414487E-3,8.048290E-4,2.414487E-3,2.012072E-3,8.048290E-4,1.207243E-3,4.024145E-3,4.386318E-2,2.012072E-3,4.024145E-4,4.024145E-4,4.024145E-4,1.609658E-3,8.048290E-4,4.024145E-4,4.024145E-4,1.167002E-2,1.167002E-2,0,2.012072E-3,2.012072E-3,8.048290E-4,8.048290E-4,8.048290E-4,4.024145E-4,8.048290E-4,4.024145E-4,4.024145E-4,4.024145E-4,8.048290E-4,0,8.048290E-4,8.048290E-4,0,4.024145E-4,1.207243E-3,8.048290E-4,1.207243E-3,4.024145E-4,2.012072E-3,2.012072E-3,1.609658E-3,0,3.621730E-2,8.048290E-4,4.024145E-3,1.207243E-3,8.048290E-4,1.207243E-3,1.609658E-3,1.609658E-3,1.207243E-3,5.633803E-3,2.414487E-3,1.207243E-3,4.024145E-4,4.024145E-4,4.024145E-4,4.024145E-4,0,1.609658E-3,2.293763E-2,1.569416E-2,8.048290E-4,6.438632E-3,4.024145E-4,4.024145E-4,4.024145E-4,4.024145E-4,2.012072E-3,4.024145E-4,3.621730E-3,1.207243E-3,8.048290E-4,8.048290E-4,4.024145E-4,4.024145E-4,2.816901E-3,3.863179E-2,2.012072E-3,1.609658E-3,1.609658E-3,8.048290E-4,4.024145E-4,3.259557E-2,8.048290E-4,2.454728E-2,2.454728E-2,4.024145E-4,2.012072E-3,1.207243E-3,4.024145E-4,2.414487E-3,2.012072E-3,1.609658E-3,0,8.048290E-4,1.207243E-3,6.036217E-3,3.621730E-3,3.621730E-3,2.816901E-3,4.024145E-4,2.414487E-3,2.414487E-3,5.271630E-2,2.012072E-3,1.207243E-3,0,4.024145E-4,1.207243E-3,0,2.132797E-2,1.609658E-2,8.450704E-3,6.438632E-3,1.207243E-3,1.207243E-3,4.024145E-4,4.024145E-4,4.024145E-4,2.092555E-2,8.048290E-4,1.609658E-3,3.219316E-3,2.012072E-3,2.012072E-3,2.414487E-3,0,1.368209E-2,1.368209E-2,4.024145E-4,3.621730E-3,4.024145E-4,4.024145E-4,4.024145E-4,4.024145E-4,8.048290E-4,2.012072E-3,1.207243E-3,4.024145E-4,0,0,0,0,0,0,0,4.828974E-3,1.207243E-3,1.207243E-3,8.048290E-4,1.609658E-3,2.012072E-3,8.048290E-4,1.609658E-3,4.024145E-4,4.024145E-4,8.048290E-4,4.024145E-4,8.048290E-3,8.048290E-3,1.207243E-3,1.207243E-3,8.048290E-4,0,2.414487E-3,1.207243E-3,2.217304E-1,8.048290E-4,0,0,0,0,3.621730E-2,0,0,2.414487E-3,0,0,0,0,0,1.207243E-3,8.048290E-4,4.024145E-4,0,0,0,0,4.828974E-3,1.207243E-3,0,0,1.207243E-3,8.048290E-4,1.207243E-3,1.609658E-3,8.048290E-4,8.048290E-4,1.207243E-3,0,0,8.048290E-4,2.012072E-3,2.012072E-3,4.024145E-4,2.092555E-2,6.841046E-3,0,1.327968E-2,4.024145E-4,8.048290E-4,1.863179E-1,3.219316E-3,8.048290E-4,4.024145E-4,1.609658E-3,4.024145E-4,4.024145E-4,4.024145E-4,4.426559E-3,3.219316E-3,8.048290E-4,4.024145E-4,3.219316E-3,8.048290E-4,0,4.024145E-4,4.024145E-4,1.207243E-3,8.048290E-4,1.086519E-2,8.048290E-4,8.048290E-3,2.454728E-2,1.730382E-2,7.645875E-3,3.621730E-3,2.414487E-3,2.012072E-3,8.048290E-4,8.048290E-4,1.207243E-3,7.243461E-3,7.243461E-3,3.621730E-3,0,4.426559E-3,0,0,2.012072E-3,0,1.207243E-3,4.024145E-4,8.048290E-4,0,1.126761E-2,1.126761E-2,2.414487E-3,3.219316E-3,3.219316E-3,1.207243E-3,2.012072E-3,4.024145E-4,5.633803E-3,5.633803E-3,0,0,0,0,1.609658E-3,1.609658E-3,1.207243E-3,8.048290E-4,8.048290E-4,2.414487E-3,1.327968E-2,1.609658E-3,4.024145E-4,4.024145E-4,8.048290E-4,8.048290E-4,4.024145E-4,8.048290E-4,4.024145E-4,4.024145E-4,4.024145E-4,8.048290E-4,8.048290E-4,8.048290E-4,4.024145E-4,1.207243E-3,9.255533E-3,4.024145E-4,4.024145E-4,3.822938E-2,4.024145E-4,8.853119E-3,4.426559E-3,4.426559E-3,4.024145E-3,8.048290E-4,8.048290E-4,8.048290E-4,4.024145E-4,4.024145E-3,1.609658E-3,2.414487E-3,2.414487E-3,1.207243E-3,1.207243E-3,4.426559E-3,2.012072E-3,2.816901E-3,4.426559E-3,4.024145E-3,3.219316E-3,4.024145E-4,1.207243E-3,4.024145E-4,8.048290E-4,0,4.024145E-4,9.255533E-3,4.024145E-4,0,4.024145E-4,4.426559E-3,4.024145E-4,4.024145E-4,8.048290E-4,4.024145E-4,2.012072E-3,1.207243E-3,8.048290E-4,8.048290E-4,8.048290E-4,6.438632E-3,2.816901E-3,8.048290E-4,4.024145E-4,4.024145E-4,0,1.207243E-3,8.048290E-4,0,8.048290E-4,4.024145E-4,4.024145E-4,4.024145E-4,4.024145E-4,5.513078E-2,3.621730E-3,2.012072E-3,1.207243E-3,8.048290E-4,5.231388E-3,8.048290E-4,1.529175E-2,4.024145E-4,1.207243E-3,1.207243E-3,1.609658E-3,1.207243E-3,1.207243E-3,4.024145E-4,4.024145E-4,1.207243E-3,4.024145E-4,0,1.609658E-3,8.048290E-4,1.609658E-3,8.048290E-4,1.207243E-3,4.024145E-4,1.609658E-3,8.048290E-4,1.207243E-3,4.426559E-3,0,8.048290E-4,3.219316E-3,8.048290E-4,1.006036E-2,2.012072E-3,3.621730E-3,2.012072E-3,1.207243E-3,8.048290E-4,8.048290E-4,4.024145E-4,3.219316E-3,2.012072E-3,2.012072E-3,1.609658E-3,4.024145E-4,1.207243E-3,4.024145E-4,2.414487E-3,2.816901E-3,2.816901E-3,8.048290E-4,4.024145E-4,2.414487E-3,1.609658E-3,2.012072E-3,2.213280E-2,2.012072E-3,1.207243E-3,0,8.048290E-4,1.770624E-2,4.024145E-3,1.207243E-3,4.024145E-4,1.207243E-3,2.012072E-3,8.048290E-4,1.207243E-3,8.048290E-4,6.841046E-3,4.024145E-4,4.024145E-4,2.816901E-3,1.207243E-3,1.609658E-3,3.219316E-3,3.219316E-3,0,4.024145E-4,4.024145E-4,2.816901E-2,4.024145E-3,1.207243E-2,4.024145E-4,1.167002E-2,1.207243E-3,4.024145E-4,4.024145E-3,1.609658E-3,1.207243E-3,2.414487E-3,8.048290E-4,4.024145E-4,2.012072E-3,8.048290E-4,1.609658E-3,8.048290E-4,4.024145E-4,1.609658E-3,1.207243E-3,1.609658E-3,1.327968E-2,1.126761E-2,4.426559E-3,4.024145E-4,1.609658E-3,0,0,0,2.012072E-3,0,8.048290E-4,8.048290E-4,4.024145E-4,4.024145E-4,0,0,0,0,0,0,0,0,0,4.024145E-4,8.048290E-4,0,0,4.024145E-4,4.024145E-4,2.293763E-2,8.048290E-4,1.609658E-3,1.851107E-2,1.408451E-2,0,1.609658E-3,2.816901E-3,2.414487E-3,0,8.048290E-4,4.024145E-4,4.024145E-4,4.024145E-4,1.207243E-3,8.048290E-4,4.024145E-4,4.024145E-4,4.024145E-4,4.024145E-4,2.012072E-3,2.012072E-3,1.207243E-3,8.048290E-4,0,3.219316E-3,3.219316E-3,1.609658E-3,1.207243E-3,8.048290E-4,4.024145E-4,4.024145E-4,8.048290E-4,0,4.024145E-4,0,8.048290E-4,0,1.207243E-3,1.207243E-3,0,0,0,9.774648E-1,0,0,0,0,0,6.647887E-1,2.414487E-3,0,1.609658E-3,4.024145E-4,0,4.024145E-4,4.024145E-4,8.048290E-4,4.024145E-4,0,0,0,0,0,0,8.048290E-4,4.024145E-4,0,0,0,0,0,7.082495E-2,1.569416E-2,1.207243E-2,0,0,0,1.207243E-2,1.046278E-2,2.816901E-3,2.816901E-3,4.024145E-4,6.841046E-3,5.633803E-3,4.024145E-4,1.609658E-3,2.816901E-3,6.036217E-3,1.207243E-3,0,4.024145E-4,4.024145E-4,4.024145E-4,8.048290E-4,8.048290E-4,0,0,8.853119E-3,2.816901E-3,4.024145E-4,1.207243E-3,4.024145E-3,4.024145E-4,4.024145E-4,0,0,4.828974E-3,4.828974E-3,1.207243E-3,2.012072E-3,0,0,0,0,0,0,0,0,3.098592E-2,3.098592E-2,5.633803E-3,1.730382E-2,3.219316E-3,1.609658E-3,1.609658E-3,1.609658E-3,1.167002E-2,1.006036E-2,4.024145E-3,3.219316E-3,3.219316E-3,0,0,2.414487E-3,0,0,0,0,0,2.012072E-3,2.012072E-3,4.024145E-4,0,0,0,0,1.207243E-3,0,0,0,0,1.207243E-3,8.048290E-4,0,2.414487E-3,1.609658E-3,1.609658E-3,0,0,4.861167E-1,3.299799E-2,1.971831E-2,0,3.219316E-3,1.207243E-3,8.048290E-4,0,0,4.024145E-4,4.024145E-4,4.024145E-4,0,4.024145E-4,7.243461E-3,5.633803E-3,4.426559E-3,4.024145E-3,4.024145E-4,0,0,1.609658E-3,0,1.609658E-3,0,1.609658E-3,8.048290E-4,0,0,0,0,0,0,1.046278E-2,4.828974E-3,4.426559E-3,0,0,0,0,0,0,6.036217E-3,6.036217E-3,4.024145E-3,2.414487E-3,1.207243E-3,1.207243E-3,0,0,0,0,0,0,0,0,0,5.231388E-3,4.024145E-4,4.024145E-4,4.828974E-3,4.828974E-3,8.048290E-4,2.816901E-3,0,7.243461E-3,4.426559E-3,3.219316E-3,0,1.207243E-3,1.207243E-3,4.024145E-4,2.414487E-3,2.414487E-3,4.024145E-4,2.012072E-3,8.048290E-4,0,2.615694E-1,1.074447E-1,2.012072E-3,9.416499E-2,1.609658E-3,1.609658E-3,2.414487E-3,2.414487E-3,8.048290E-4,4.024145E-4,4.024145E-4,1.207243E-3,5.231388E-3,8.048290E-4,4.024145E-3,0,4.024145E-4,1.207243E-2,1.609658E-3,6.841046E-3,1.609658E-3,2.012072E-3,2.816901E-3,1.167002E-2,1.207243E-3,1.046278E-2,4.024145E-4,4.024145E-4,7.645875E-2,2.012072E-3,7.645875E-2,7.243461E-3,4.426559E-3,1.287726E-2,8.048290E-4,4.024145E-4,5.633803E-3,2.012072E-3,3.219316E-3,4.024145E-4,0,1.609658E-3,4.024145E-4,4.024145E-4,4.024145E-4,4.024145E-4,0,1.207243E-2,5.633803E-3,0,5.231388E-3,4.024145E-3,3.219316E-3,1.207243E-3,5.231388E-3,4.024145E-3,0,1.943662E-1,8.732394E-2,1.126761E-2,1.207243E-3,2.414487E-3,0,4.024145E-4,4.024145E-4,2.816901E-3,2.414487E-3,8.048290E-4,8.048290E-4,2.414487E-3,8.048290E-4,4.024145E-4,1.569416E-2,8.450704E-3,8.048290E-4,4.024145E-3,4.024145E-3,2.414487E-3,2.816901E-3,8.048290E-4,4.024145E-4,1.046278E-2,4.024145E-4,4.024145E-4,4.024145E-4,5.513078E-2,1.569416E-2,1.408451E-2,6.036217E-3,4.024145E-4,3.219316E-3,1.609658E-3,0,4.828974E-3,7.645875E-3,8.048290E-4,8.048290E-4,4.024145E-4,4.024145E-4,4.024145E-4,5.633803E-3,2.012072E-3,3.621730E-3,8.048290E-4,1.408451E-2,6.438632E-3,8.048290E-4,0,1.207243E-3,4.024145E-4,1.207243E-3,1.609658E-3,0,8.048290E-4,1.207243E-3,8.048290E-4,8.048290E-4,8.048290E-4,8.048290E-4,8.048290E-4,0,2.374245E-2,8.450704E-3,6.438632E-3,4.024145E-4,1.207243E-3,8.048290E-4,1.287726E-2,1.287726E-2,2.012072E-3,1.207243E-3,2.816901E-3,2.012072E-3,8.048290E-4,2.414487E-3,4.024145E-4,1.207243E-3,4.024145E-4,1.207243E-3,4.024145E-4,3.621730E-3,2.816901E-3,0,4.426559E-3,1.207243E-3,8.048290E-4,0,8.048290E-4,0,8.048290E-4,1.207243E-3,0,0,8.048290E-4,4.024145E-4,0,0,1.175050E-1,4.024145E-4,0,3.621730E-3,3.621730E-3,5.633803E-3,8.048290E-4,0,0,0,4.024145E-3,2.414487E-3,2.414487E-3,2.414487E-3,4.024145E-4,4.024145E-4,0,4.024145E-4,4.024145E-4,4.024145E-4,0,0,0,0,1.006036E-2,0,7.645875E-3,6.841046E-3,5.633803E-3,4.426559E-3,0,0,0,0,4.426559E-3,4.426559E-3,8.048290E-4,8.048290E-4,4.426559E-3,1.609658E-3,4.024145E-4,8.048290E-4,8.048290E-4,1.207243E-3,0,4.024145E-4,0,0,1.609658E-3,0,4.024145E-4,0,0,6.438632E-3,5.271630E-2,3.621730E-3,3.219316E-3,3.219316E-3,3.179074E-2,1.529175E-2,8.048290E-4,2.012072E-3,7.243461E-3,4.828974E-3,2.293763E-2,2.253521E-2,3.219316E-3,3.219316E-3,2.414487E-3,3.219316E-3,5.231388E-3,3.621730E-3,5.231388E-3,4.828974E-3,2.414487E-3,5.633803E-3,8.048290E-4,4.426559E-3,8.048290E-4,8.048290E-4,4.024145E-4,4.426559E-3,4.426559E-3,0,2.012072E-3,8.048290E-4,1.207243E-3,6.478873E-2,0,4.024145E-4,8.048290E-4,8.048290E-4,8.048290E-4,4.024145E-4,0,0,6.438632E-2,4.426559E-2,1.046278E-2,1.609658E-3,0,1.207243E-3,8.450704E-3,1.207243E-3,4.024145E-4,0,4.024145E-4,4.024145E-4,3.219316E-3,2.816901E-3,7.645875E-3,6.438632E-3,0,1.046278E-2,9.255533E-3,4.024145E-4,6.036217E-3,1.207243E-3,4.828974E-3,4.024145E-4,4.024145E-4,2.293763E-2,8.048290E-4,1.448692E-2,6.036217E-3,5.633803E-3,8.048290E-4,4.024145E-4,4.024145E-4,0,8.048290E-4,8.048290E-4,4.024145E-4,1.609658E-3,0,0,0,0,1.609658E-3,4.024145E-4,1.207243E-3,4.024145E-4,4.024145E-4,8.048290E-4,4.024145E-4,4.024145E-4,1.207243E-3,4.024145E-4,0,4.024145E-4,4.024145E-4,4.024145E-4,8.048290E-4,4.024145E-4,3.219316E-3,3.219316E-3,3.219316E-3,4.426559E-3,0,1.207243E-3,2.816901E-3,2.414487E-3,4.024145E-4,8.853119E-3,7.645875E-3,0,4.024145E-4,1.207243E-3,4.426559E-3,5.231388E-3,1.609658E-3,4.426559E-3,2.816901E-3,0,1.207243E-3,0,1.207243E-3,4.024145E-4,1.006036E-2,8.450704E-3,0,8.450704E-3,8.450704E-3,5.633803E-3,2.012072E-3,4.024145E-4,3.219316E-3,0,1.207243E-3,4.024145E-4,4.024145E-4,1.006036E-2,4.024145E-4,2.012072E-3,2.414487E-3,0,1.207243E-3,3.621730E-3,4.024145E-4,0,3.621730E-2,1.609658E-3,1.609658E-3,0,2.414487E-3,1.609658E-3,1.609658E-3,0,2.816901E-3,3.179074E-2,2.816901E-3,1.609658E-3,0,0,6.036217E-3,0,2.012072E-3,4.024145E-4,4.024145E-4,0,4.024145E-4,0,0,4.828974E-3,0,4.828974E-3,8.048290E-4,1.207243E-3,9.657948E-3,8.048290E-4,4.024145E-4,6.438632E-3,4.024145E-4,4.024145E-4,8.048290E-4,4.024145E-4,0,2.012072E-3,8.048290E-4,4.024145E-4,4.024145E-4,1.609658E-3,0,0,0,0,0,0,1.207243E-3,4.024145E-4,4.024145E-4,8.048290E-4,0,4.024145E-3,0,0,0,0,2.816901E-3,2.816901E-3,1.207243E-3,1.207243E-3,0,0,0,1.046278E-2,4.024145E-4,4.024145E-4,0,0,9.657948E-3,8.048290E-4,4.024145E-4,4.024145E-4,0,0,4.024145E-4,4.024145E-4,4.024145E-4,4.024145E-4,4.828974E-3,2.414487E-3,1.207243E-3,8.048290E-4,2.414487E-3,4.024145E-4,4.024145E-4,0,4.024145E-3,8.048290E-4,4.024145E-4,1.207243E-3,4.024145E-4,4.024145E-4,4.024145E-4,4.024145E-4,0,0,0,2.233400E-1,5.150905E-2,4.828974E-3,4.024145E-4,8.048290E-4,8.048290E-4,4.024145E-4,8.048290E-4,4.346076E-2,1.207243E-3,7.645875E-3,4.024145E-3,3.219316E-3,3.219316E-3,3.863179E-2,3.863179E-2,2.736419E-2,1.086519E-2,8.048290E-4,2.816901E-3,1.609658E-3,4.024145E-4,1.609658E-3,1.207243E-3,2.012072E-3,1.207243E-3,4.426559E-3,6.438632E-3,0,2.414487E-3,4.426559E-3,0,4.426559E-3,4.426559E-3,2.012072E-3,0,1.243461E-1,1.243461E-1,2.615694E-2,8.048290E-4,4.024145E-3,2.012072E-3,2.012072E-3,4.024145E-4,8.048290E-4,4.828974E-3,4.024145E-4,3.621730E-3,4.024145E-4,0,0,0,0,4.024145E-4,1.126761E-2,1.207243E-3,8.048290E-4,1.609658E-3,1.207243E-3,1.569416E-2,9.657948E-3,5.633803E-3,2.816901E-3,4.024145E-4,0,3.219316E-3,0,3.219316E-3,1.609658E-3,1.207243E-3,8.048290E-4,8.048290E-4,8.048290E-4,4.024145E-4,0,0,0,4.024145E-4,4.024145E-4,4.024145E-4,4.024145E-4,8.048290E-4,8.048290E-4,1.046278E-2,8.048290E-4,2.012072E-3,2.012072E-3,4.024145E-4,2.012072E-3,4.024145E-4,1.207243E-3,0,1.207243E-3,1.609658E-3,0,8.048290E-4,4.024145E-4,2.414487E-3,0,4.024145E-4,0,1.207243E-3,4.024145E-4,4.024145E-4,8.048290E-4,0,4.024145E-4,4.024145E-4,4.024145E-4,4.024145E-4,1.891348E-2,4.024145E-4,4.024145E-4,1.609658E-3,1.609658E-3,8.048290E-4,4.024145E-4,0,4.024145E-4,4.024145E-4,0,0,8.048290E-4,8.048290E-4,8.048290E-4,0,8.048290E-3,4.024145E-4,1.609658E-3,4.426559E-3,4.024145E-4,1.207243E-3,0,8.048290E-4,4.024145E-4,0,0,4.024145E-4,4.024145E-4,6.841046E-3,6.841046E-3,3.219316E-3,3.219316E-3,0,0,0,0,0,4.024145E-4,0,2.012072E-3,8.048290E-4,1.609658E-3,0,0,0,1.368209E-2,1.247485E-2,2.816901E-3,1.609658E-3,0,0,0,8.450704E-3,8.450704E-3,8.048290E-3,8.048290E-4,0,4.024145E-4,0,8.048290E-4,4.024145E-4,4.024145E-4,4.024145E-4,4.024145E-4,1.609658E-3,1.609658E-3,4.024145E-4,1.207243E-3,0,0,0,0,0,2.696177E-2,2.173038E-2,1.891348E-2,8.853119E-3,4.024145E-4,4.024145E-4,4.024145E-4,5.231388E-3,1.207243E-3,1.207243E-3,1.609658E-3,5.633803E-3,4.024145E-4,5.231388E-3,8.048290E-4,6.720322E-2,5.995976E-2,3.702213E-2,2.052314E-2,2.012072E-3,8.048290E-4,0,1.207243E-3,1.207243E-3,3.621730E-3,2.012072E-3,8.048290E-4,6.036217E-3,2.414487E-3,1.609658E-3,2.414487E-3,1.674044E-1,1.488934E-2,1.287726E-2,2.414487E-3,1.006036E-2,4.024145E-3,1.207243E-3,3.219316E-3,2.414487E-3,1.609658E-3,8.048290E-4,0,0,0,1.207243E-3,0,4.024145E-4,0,0,8.048290E-4,4.024145E-4,4.024145E-4,4.024145E-4,2.012072E-3,2.012072E-3,4.024145E-4,4.024145E-4,1.207243E-3,4.024145E-4,4.024145E-4,8.048290E-4,6.841046E-3,0,0,2.816901E-3,8.048290E-4,2.012072E-3,8.048290E-4,8.048290E-4,1.207243E-3,0,0,0,0,0,0,2.012072E-3,2.012072E-3,4.024145E-4,4.024145E-4,4.024145E-4,0,9.456740E-2,0,0,0,0,4.024145E-4,9.416499E-2,2.414487E-3,8.048290E-4,8.048290E-4,9.094567E-2,5.110664E-2,1.207243E-3,4.426559E-3,4.024145E-4,1.207243E-3,0,1.609658E-3,8.048290E-4,0,4.024145E-4,0,0,1.126761E-2,1.126761E-2,1.046278E-2,4.024145E-4,4.024145E-4,0,4.024145E-4,0,4.024145E-4,4.024145E-4,4.024145E-4,4.024145E-4,0,4.024145E-4,4.024145E-4,4.024145E-4,8.048290E-4,4.024145E-4,0,8.048290E-4,1.207243E-3,8.048290E-4,4.024145E-4,4.024145E-4,4.024145E-4,4.024145E-4,4.024145E-4,2.012072E-3,4.024145E-4,4.024145E-4,4.024145E-4,0,4.024145E-4,0,0,0,4.024145E-4,8.048290E-4,0,3.581489E-2,4.024145E-4,0,0,0,0,0,0,0,0,1.167002E-2,2.816901E-3,1.207243E-3,0,1.207243E-3,8.048290E-4,3.219316E-3,4.024145E-4,5.231388E-3,3.219316E-3,0,4.024145E-4,1.609658E-3,1.207243E-3,1.207243E-3,4.024145E-4,0,0,8.048290E-4,0,8.853119E-3,2.012072E-3,2.012072E-3,0,1.207243E-3,8.048290E-4,4.024145E-4,0,0,6.438632E-3,1.609658E-3,8.048290E-4,3.621730E-3,8.048290E-4,1.207243E-3,4.024145E-4,0,0,0,4.024145E-4,0,4.024145E-4,0,2.052314E-2,3.219316E-3,2.414487E-3,8.048290E-4,4.024145E-4,1.167002E-2,4.024145E-4,4.024145E-3,4.024145E-4,3.219316E-3,7.645875E-3,2.012072E-3,8.048290E-4,1.207243E-3,1.207243E-3,1.207243E-3,0,0,3.219316E-3,1.207243E-3,1.609658E-3,1.207243E-3,1.207243E-3,0,0,2.012072E-3,2.012072E-3,2.012072E-3,3.098592E-2,2.012072E-3,8.048290E-4,4.024145E-4,1.609658E-3,8.048290E-4,4.024145E-4,4.024145E-4,4.024145E-3,4.024145E-4,2.414487E-3,4.024145E-4,4.024145E-4,0,2.012072E-3,0,1.086519E-2,1.609658E-3,8.048290E-4,4.024145E-4,3.219316E-3,4.024145E-4,4.024145E-4,1.207243E-3,1.207243E-3,1.207243E-3,1.207243E-3,1.207243E-3,0,2.012072E-3,8.048290E-4,4.024145E-4,0,4.828974E-3,4.426559E-3,8.048290E-4,4.024145E-4,0,8.048290E-4,4.024145E-4,0,0,4.024145E-4,0,0,0,0,0,0,4.024145E-4,4.024145E-4,0,4.024145E-4,0,2.012072E-3,2.012072E-3,3.621730E-3,4.024145E-4,1.207243E-3,1.207243E-3,4.024145E-4,4.024145E-4,0,4.024145E-4,5.633803E-3,4.024145E-4,2.012072E-3,2.816901E-3,0,4.024145E-4,0,0,3.621730E-3,1.609658E-3,0,0,0,1.609658E-3,0,0,4.024145E-4,0,0,0,4.426559E-3,0,2.414487E-3,1.207243E-3,3.219316E-3,4.024145E-4,1.207243E-3,4.024145E-4,1.609658E-3,1.126761E-2,1.046278E-2,0,2.816901E-3,2.816901E-3,1.609658E-3,8.048290E-4,2.414487E-3,4.024145E-4,8.048290E-3,4.024145E-4,8.048290E-4,2.816901E-3,4.024145E-4,8.048290E-4,4.024145E-4,1.609658E-3,4.024145E-4,4.024145E-4,4.024145E-4,4.024145E-4,0,8.048290E-4,8.048290E-4,1.609658E-3,0,0,0,1.207243E-3,4.024145E-4,4.024145E-4,2.012072E-3,1.609658E-3,8.048290E-4,4.024145E-4,0,0,4.024145E-4,4.024145E-4,4.024145E-4,4.024145E-4,4.024145E-4,2.012072E-3,2.012072E-3,8.048290E-4,4.024145E-4,4.024145E-4,0,7.645875E-3,7.645875E-3,7.645875E-3,8.048290E-4,8.048290E-4,8.048290E-4,4.024145E-3,8.048290E-4,8.048290E-4,0,4.024145E-4,4.024145E-4,4.024145E-4,4.024145E-4,0,1.207243E-3,1.207243E-3,1.207243E-3,1.207243E-3,8.048290E-4,0,0,0,0,0,5.633803E-3,4.024145E-4,4.024145E-4,4.024145E-4,4.024145E-4,0,0,4.024145E-4,4.426559E-3,0,8.048290E-4,8.048290E-4,1.207243E-3,2.414487E-3,2.012072E-3,2.012072E-3,8.048290E-4,4.024145E-4,4.024145E-4,4.024145E-4,1.851107E-2,5.633803E-3,5.633803E-3,1.609658E-3,2.816901E-3,2.816901E-3,1.609658E-3,1.207243E-3,1.609658E-3,4.024145E-4,2.012072E-3,2.012072E-3,2.012072E-3,4.024145E-4,1.086519E-2,4.024145E-4,4.024145E-4,4.024145E-4,4.024145E-4,4.024145E-4,6.841046E-3,6.841046E-3,3.219316E-3,8.048290E-4,0,0,1.609658E-3,8.048290E-4,4.024145E-4,4.024145E-4,4.024145E-4,0,0,5.231388E-2,4.466801E-2,4.466801E-2,4.024145E-3,3.219316E-3,0,4.024145E-4,4.024145E-4,4.024145E-4,0,0,0,0,0,1.167002E-2,2.012072E-3,1.609658E-3,0,3.621730E-3,1.609658E-3,1.609658E-3,8.048290E-4,4.024145E-4,8.048290E-4,4.024145E-4,8.048290E-4,4.024145E-4,4.024145E-4,2.816901E-3,0,2.816901E-3,0,2.816901E-3,8.048290E-4,1.609658E-3,1.609658E-3,1.207243E-3,1.207243E-3,0,4.024145E-4,4.024145E-4,0,0,0,0,0,0,2.414487E-2,5.633803E-3,3.621730E-3,2.414487E-3,1.207243E-3,4.024145E-4,4.024145E-4,4.024145E-4,8.048290E-4,4.024145E-4,4.024145E-4,0,4.024145E-4,4.024145E-4,4.024145E-4,8.048290E-4,0,0,1.207243E-3,4.024145E-4,0,0,0,0,0,0,0,0,0,0,0,0,0,0,0,1.891348E-2,1.649899E-2,1.207243E-3,4.024145E-4,8.048290E-4,4.024145E-4,1.207243E-3,4.024145E-4,8.048290E-4,3.219316E-3,2.414487E-3,8.048290E-4,9.657948E-3,5.231388E-3,4.426559E-3,4.024145E-4,4.024145E-4,0,1.609658E-3,1.609658E-3,8.048290E-4,8.048290E-4,0,0,0,2.414487E-3,2.414487E-3,1.207243E-3,1.207243E-3,0,0,0,4.024145E-4,4.024145E-4,0,4.024145E-4,0,4.024145E-4,4.024145E-4,4.024145E-4,4.024145E-4,0,0,0,0,0,0,0,0,0,0,6.438632E-3,6.438632E-3,3.219316E-3,8.048290E-4,8.048290E-4,1.609658E-3,2.816901E-3,2.816901E-3,2.414487E-3,4.024145E-4,0,8.048290E-4,4.024145E-4,4.024145E-4,4.024145E-4,0,0,0,0,0,0,0,0,0,0,0,0,4.024145E-4,0,0,0,0,0,0,4.024145E-4,0,0,0,0,0,0,0,0,0,0,4.024145E-4,0,4.024145E-4,4.024145E-4,0,0,0,0,0,0,0,2.012072E-3,2.012072E-3,0,0,0,0,2.012072E-3,0,0,0,0,0,0,0,0,0,0,0,0,0,0,0,0,0,0,0,0,7.645875E-3,4.426559E-3,0,2.414487E-3,8.048290E-4,4.024145E-4,4.024145E-4,0,4.024145E-4,0,0,0,0,0,0,1.207243E-3,4.024145E-4,2.012072E-3,2.012072E-3,2.012072E-3,0,9.255533E-3,0,0,0,4.828974E-3,0,2.816901E-3,8.048290E-4,1.609658E-3,1.207243E-3,4.024145E-4,4.024145E-4,0,0,4.024145E-4,0,8.048290E-4,0,0,4.024145E-4,4.024145E-4,0,4.024145E-4,4.024145E-4,4.024145E-4,0,0,0,0,1.207243E-3,1.207243E-3,8.048290E-4,0,4.024145E-4,4.024145E-4,0,1.207243E-3,8.048290E-4,8.048290E-4,0,4.024145E-4,4.024145E-4,4.024145E-4,2.012072E-3,0,8.048290E-4,4.024145E-4,4.024145E-4,4.024145E-4,4.024145E-4,0,0,0,0,2.414487E-3,1.609658E-3,8.048290E-4,8.048290E-4,0,0,0,0,0,2.414487E-3,8.048290E-4,8.048290E-4,0,3.863179E-2,3.621730E-3,0,0,0,1.207243E-3,0,0,0,0,0,0,0,1.207243E-3,1.207243E-3,1.207243E-3,1.207243E-3,0,0,0,0,0,4.024145E-4,0,0,4.426559E-3,1.207243E-3,1.609658E-3,0,0,0,0,8.048290E-4,0,0,0,0,0,4.024145E-4,8.048290E-4,0,4.024145E-4,4.024145E-4,4.024145E-4,4.024145E-4,0,0,0,8.048290E-4,0,0,0,8.048290E-4,0,0,0,0,0,0,0,9.255533E-3,1.207243E-3,1.207243E-3,0,0,0,8.048290E-4,0,2.816901E-3,8.048290E-4,8.048290E-4,2.012072E-3,0,0,0,0,0,0,0,0,0,4.024145E-4,4.024145E-4,4.024145E-4,4.024145E-4,0,0,0,0,0,0,0,0,4.024145E-4,4.024145E-4,0,0,0,0,0,0,0,4.024145E-3,8.048290E-4,8.048290E-4,1.207243E-3,1.207243E-3,1.207243E-3,4.024145E-4,0,4.024145E-4,4.024145E-4,4.024145E-4,4.024145E-4,0,1.207243E-3,0,0,0,0,0,0,0,1.971831E-2,4.024145E-4,5.633803E-3,5.231388E-3,5.231388E-3,2.012072E-3,8.048290E-4,0,0,8.048290E-4,0,0,0,3.621730E-3,0,0,4.024145E-4,8.048290E-4,8.048290E-4,8.048290E-4,0,2.414487E-3,2.012072E-3,0,0,7.243461E-3,4.024145E-3,4.024145E-3,2.012072E-3,4.024145E-3,4.024145E-4,4.024145E-4,4.024145E-4,0,0,4.024145E-4,4.024145E-4,0,0,0,0,2.816901E-3,2.816901E-3,0,0,2.816901E-3,1.207243E-3,1.207243E-3,1.207243E-3,8.048290E-4,8.048290E-4,0,1.207243E-3,1.207243E-3,4.024145E-4,0,4.024145E-4,0,0,4.321932E-1,3.621730E-3,3.621730E-3,2.414487E-3,2.012072E-3,2.535211E-2,7.243461E-3,2.012072E-3,1.207243E-3,8.048290E-4,1.207243E-3,2.012072E-3,5.633803E-3,2.816901E-3,0,8.048290E-4,4.024145E-4,4.024145E-4,0,8.048290E-3,6.438632E-3,4.828974E-3,4.828974E-3,4.828974E-3,4.828974E-3,8.048290E-4,4.024145E-4,4.024145E-4,0,3.299799E-2,4.828974E-3,1.287726E-2,1.046278E-2,0,1.207243E-2,6.438632E-3,4.426559E-3,4.024145E-3,4.024145E-3,4.024145E-3,3.030181E-1,3.460765E-2,4.024145E-4,0,0,4.024145E-4,4.024145E-3,8.048290E-4,1.448692E-2,8.048290E-4,6.438632E-3,0,0,1.408451E-2,0,0,4.828974E-3,1.609658E-3,1.609658E-3,4.426559E-3,2.414487E-3,0,8.048290E-4,2.012072E-3,3.219316E-3,8.048290E-4,2.816901E-3,0,0,2.816901E-3,4.024145E-4,4.024145E-4,4.024145E-4,1.468813E-1,6.841046E-3,3.219316E-3,1.609658E-3,0,2.414487E-3,2.253521E-2,8.853119E-3,2.012072E-3,8.048290E-3,4.024145E-3,8.048290E-4,2.414487E-3,2.012072E-3,1.609658E-3,1.609658E-3,1.609658E-3,4.024145E-4,4.024145E-4,4.024145E-4,4.024145E-4,0,8.048290E-4,4.024145E-4,3.541247E-2,1.609658E-2,0,4.828974E-3,4.024145E-4,4.024145E-4,6.841046E-3,1.207243E-3,8.048290E-4,4.024145E-4,1.609658E-3,4.024145E-4,1.609658E-3,1.207243E-3,1.207243E-3,1.207243E-3,0,1.207243E-3,8.048290E-4,4.024145E-4,8.048290E-4,4.024145E-4,3.219316E-3,8.048290E-4,2.414487E-3,2.414487E-3,0,1.247485E-2,6.438632E-3,4.426559E-3,8.048290E-4,8.048290E-4,1.609658E-3,0,4.024145E-4,0,0,5.231388E-3,5.231388E-3,2.816901E-3,4.024145E-4,0,0,8.048290E-4,0,4.024145E-4,0,1.207243E-3,7.645875E-3,1.207243E-3,4.426559E-3,4.426559E-3,4.426559E-3,3.219316E-3,8.048290E-4,1.408451E-2,8.048290E-4,8.048290E-4,9.657948E-3,9.657948E-3,4.024145E-4,4.024145E-3,3.621730E-3,9.255533E-3,2.414487E-3,2.414487E-3,8.048290E-4,4.024145E-4,4.024145E-4,4.024145E-4,0,2.816901E-3,0,2.012072E-3,0,1.207243E-3,1.529175E-2,4.828974E-3,2.414487E-3,1.086519E-2,4.024145E-4,4.024145E-4,1.006036E-2,4.024145E-4,4.024145E-4,1.207243E-3,3.219316E-3,4.024145E-4,8.048290E-4,3.621730E-3,2.012072E-3,1.207243E-3,1.207243E-3,0,1.609658E-3,1.368209E-2,7.243461E-3,5.633803E-3,1.207243E-3,1.207243E-3,0,1.207243E-3,3.742455E-2,8.048290E-4,7.243461E-3,6.841046E-3,3.621730E-3,2.816901E-3,1.207243E-3,0,4.024145E-4,1.609658E-3,1.609658E-3,8.048290E-3,5.231388E-3,0,4.024145E-4,8.048290E-4,4.024145E-4,0,2.012072E-3,8.853119E-3,2.816901E-3,2.816901E-3,8.048290E-4,8.048290E-4,2.414487E-3,1.609658E-3,8.048290E-4,8.048290E-4,4.024145E-4,1.086519E-2,4.024145E-3,2.816901E-3,2.414487E-3,4.024145E-4,4.024145E-4,2.012072E-3,6.841046E-3,5.633803E-3,2.816901E-3,8.048290E-4,0,7.243461E-3,1.207243E-3,1.609658E-3,4.024145E-4,2.012072E-3,4.024145E-4,2.012072E-3,4.024145E-4,2.414487E-3,1.609658E-3,8.048290E-4,8.048290E-3,8.048290E-3,0,1.207243E-3,1.207243E-3,6.036217E-3,2.816901E-3,4.024145E-4,0,8.048290E-4,2.012072E-3,4.024145E-4,1.207243E-3,4.024145E-4,4.024145E-4,8.048290E-4,4.024145E-4,1.074447E-1,0,1.327968E-2,1.609658E-3,8.048290E-4,3.219316E-3,8.853119E-3,8.853119E-3,4.024145E-4,0,4.024145E-3,0,2.414487E-3,4.024145E-4,4.024145E-4,0,4.024145E-4,4.024145E-4,4.024145E-4,8.329980E-2,8.008048E-2,4.024145E-4,0,2.414487E-3,4.024145E-3,2.012072E-3,1.609658E-3,1.609658E-3,1.609658E-3,3.138833E-2,8.048290E-3,6.841046E-3,2.012072E-3,0,8.048290E-4,8.048290E-4,2.012072E-3,4.024145E-4,3.621730E-3,1.609658E-3,4.024145E-4,2.414487E-3,2.414487E-3,2.012072E-3,4.024145E-4,2.816901E-3,1.207243E-3,1.207243E-3,4.024145E-4,0,2.414487E-3,0,1.207243E-3,4.024145E-4,0,4.024145E-4,4.024145E-4,8.048290E-4,6.841046E-3,2.816901E-3,8.048290E-4,4.024145E-4,1.207243E-3,2.414487E-3,3.219316E-3,4.024145E-4,4.024145E-4,1.609658E-3,8.048290E-4,4.024145E-4,1.851107E-2,1.207243E-3,8.048290E-4,4.828974E-3,4.828974E-3,4.828974E-3,1.167002E-2,1.006036E-2,2.012072E-3,1.207243E-3,1.207243E-3,4.426559E-3,2.414487E-3,2.414487E-3,2.012072E-3,2.012072E-3,1.609658E-3,0,0,3.621730E-3,2.012072E-3,4.024145E-4,0,0,4.024145E-4,0,4.024145E-4,0,4.024145E-4,4.024145E-4,1.609658E-3,8.048290E-4,0,1.609658E-3,1.609658E-3,0,0,8.048290E-4,8.048290E-4,4.426559E-3,4.426559E-3,2.012072E-3,1.609658E-3,4.024145E-4,0,2.816901E-3,0,2.414487E-3,2.414487E-3,2.414487E-3,1.609658E-3,4.024145E-4,4.024145E-4,0,0,8.048290E-4,3.340040E-2,3.340040E-2,2.173038E-2,6.036217E-3,8.048290E-4,4.024145E-4,1.609658E-3,8.048290E-4,8.048290E-4,4.024145E-4,4.024145E-4,2.012072E-3,4.024145E-4,4.024145E-4,4.024145E-4,0,1.287726E-2,1.287726E-2,4.024145E-4,4.024145E-4,4.024145E-4,0,0,1.207243E-3,8.048290E-4,0,3.219316E-3,1.609658E-3,4.024145E-4,1.207243E-2,1.207243E-2,4.989940E-2,4.024145E-4,0,0,3.621730E-3,1.609658E-3,1.207243E-3,1.207243E-3,1.207243E-3,4.024145E-4,0,0,0,0,0,1.207243E-3,0,2.012072E-3,2.012072E-3,0,4.024145E-4,4.024145E-4,1.609658E-2,4.024145E-4,4.024145E-4,8.048290E-4,8.048290E-4,8.048290E-3,8.048290E-3,3.621730E-3,4.024145E-4,2.414487E-3,1.207243E-3,1.207243E-3,1.207243E-3,1.207243E-3,1.207243E-3,0,0,4.024145E-4,3.098592E-2,2.414487E-3,2.816901E-3,8.048290E-3,3.219316E-3,4.024145E-3,3.621730E-3,4.024145E-4,1.126761E-2,6.841046E-3,3.621730E-3,2.012072E-3,2.414487E-3,4.024145E-4,4.024145E-4,4.024145E-4,8.450704E-3,8.450704E-3,8.450704E-3,4.024145E-3,4.024145E-4,2.414487E-3,8.048290E-4,8.048290E-4,1.207243E-3,2.012072E-3,1.207243E-3,1.368209E-2,1.086519E-2,3.621730E-3,4.024145E-4,1.207243E-3,4.426559E-3,3.621730E-3,3.621730E-3,4.024145E-4,4.024145E-4,4.024145E-4,4.024145E-4,4.024145E-4,0,0,4.024145E-4,4.024145E-4,0,2.816901E-2,4.024145E-4,1.529175E-2,6.036217E-3,9.657948E-3,8.048290E-4,1.167002E-2,8.048290E-3,8.048290E-4,8.048290E-4,8.048290E-4,0,3.702213E-2,1.609658E-3,5.835010E-2,8.853119E-3,8.853119E-3,8.853119E-3,3.219316E-3,0,8.048290E-4,1.207243E-3,0,1.609658E-3,4.024145E-4,0,2.494970E-2,9.657948E-3,4.024145E-4,9.255533E-3,2.414487E-3,4.024145E-4,3.219316E-3,0,1.207243E-3,4.024145E-4,4.426559E-3,2.012072E-3,8.048290E-4,0,0,4.024145E-4,4.024145E-4,2.615694E-2,0,1.851107E-2,8.048290E-4,0,0,0,4.024145E-4,0,0,0,0,1.207243E-3,1.207243E-3,4.024145E-4,4.024145E-4,1.609658E-3,4.024145E-4,4.024145E-4,0,8.048290E-4,0,0,0,1.609658E-3,1.609658E-3,8.048290E-4,8.048290E-4,4.024145E-4,2.816901E-3,1.609658E-3,4.024145E-4,4.024145E-4,4.024145E-4,4.024145E-4,4.024145E-4,2.414487E-3,1.207243E-3,8.048290E-4,0,0,0,8.048290E-4,8.048290E-4,4.024145E-4,4.024145E-4,0,0,0,1.609658E-3,1.609658E-3,0,0,1.609658E-3,1.609658E-3,1.609658E-3,1.609658E-3,0,0,2.816901E-3,2.816901E-3,1.609658E-3,8.048290E-4,4.024145E-4,1.207243E-3,4.024145E-4,8.048290E-4,4.024145E-4,4.024145E-4,9.255533E-3,9.255533E-3,3.219316E-3,2.816901E-3,2.414487E-3,0,1.207243E-3,1.207243E-3,4.024145E-4,4.024145E-4,4.024145E-4,0,4.024145E-4,4.024145E-4,0,0,1.207243E-3,2.414487E-3,1.327968E-2,0,0,0,7.645875E-3,4.426559E-3,1.207243E-3,4.024145E-3,4.024145E-3,1.609658E-3,1.207243E-3,4.024145E-4,0,8.048290E-4,8.048290E-4,4.024145E-4,4.024145E-4,4.024145E-4,4.024145E-4,1.207243E-3,0,4.024145E-4,4.024145E-4,4.024145E-4,0,0,0,0,1.086519E-2,1.086519E-2,8.853119E-3,8.853119E-3,8.853119E-3,7.645875E-3,4.024145E-4,4.024145E-4,4.748491E-2,1.971831E-2,0,0,1.167002E-2,0,3.219316E-3,8.048290E-4,4.024145E-3,4.024145E-4,0,3.219316E-3,0,0,0,0,0,2.012072E-3,4.024145E-4,4.024145E-4,4.024145E-4,4.024145E-4,4.024145E-4,0,0,0,1.207243E-3,1.207243E-3,1.207243E-3,1.207243E-3,0,0,0,4.024145E-3,0,2.816901E-3,0,1.609658E-3,4.024145E-4,1.207243E-3,4.024145E-4,4.024145E-4,0,8.048290E-4,0,0,0,0,2.535211E-2,0,8.048290E-4,8.048290E-4,8.048290E-4,0,8.853119E-3,1.609658E-3,4.024145E-4,4.024145E-4,4.024145E-4,1.609658E-3,1.609658E-3,0,1.609658E-3,1.207243E-3,0,0,0,8.048290E-4,8.048290E-4,0,0,8.048290E-4,8.048290E-4,3.621730E-3,0,0,0,2.012072E-3,2.012072E-3,0,0,0,0,4.828974E-3,0,0,0,4.828974E-3,0,0,4.024145E-4,0,1.609658E-3,1.609658E-3,6.036217E-3,4.024145E-4,1.207243E-3,0,1.207243E-3,0,0,0,1.609658E-3,2.414487E-3,0,1.207243E-3,8.048290E-4,4.024145E-4,4.024145E-4,0,0,4.024145E-4,2.587525E-1,4.024145E-4,4.426559E-3,8.048290E-4,4.024145E-4,3.621730E-3,4.024145E-4,1.207243E-3,2.358149E-1,2.313883E-1,2.092555E-2,1.488934E-2,1.609658E-3,1.207243E-3,8.048290E-4,8.048290E-3,7.645875E-3,5.231388E-3,3.219316E-3,1.609658E-3,3.219316E-3,0,0,2.012072E-3,5.633803E-3,4.024145E-4,5.231388E-3,2.414487E-3,0,0,8.048290E-4,4.024145E-4,1.207243E-3,4.024145E-4,0,1.609658E-3,4.024145E-3,4.024145E-3,8.048290E-4,8.048290E-4,4.024145E-4,1.609658E-3,4.024145E-4,8.048290E-4,4.024145E-4,0,7.645875E-3,3.219316E-3,1.891348E-2,1.207243E-3,6.438632E-3,1.207243E-3,4.024145E-4,8.048290E-4,8.048290E-4,4.024145E-4,4.024145E-4,4.024145E-4,0,0,0,8.048290E-4,4.024145E-4,4.024145E-4,4.024145E-4,0,4.024145E-4,8.048290E-4,0,4.024145E-4,4.024145E-4,4.024145E-4,4.024145E-4,4.024145E-4,4.024145E-4,0,5.633803E-3,4.828974E-3,4.024145E-4,4.024145E-4,2.776660E-2,0,1.770624E-2,6.036217E-3,5.231388E-3,8.048290E-4,4.024145E-4,7.645875E-3,6.036217E-3,8.048290E-4,0,0,1.207243E-3,1.207243E-3,4.024145E-4,0,4.587525E-2,1.891348E-2,6.841046E-3,1.207243E-3,5.231388E-3,8.048290E-4,3.621730E-3,3.219316E-3,1.287726E-2,4.426559E-3,8.450704E-3,1.609658E-3,0,4.024145E-4,0,0,0,0,0,4.828974E-3,4.024145E-4,2.816901E-3,2.816901E-3,0,0,0,0,0,0,2.937626E-2,1.448692E-2,0,1.609658E-3,8.048290E-4,8.048290E-4,1.126761E-2,1.609658E-3,1.207243E-3,4.024145E-4,1.006036E-2,2.816901E-3,8.048290E-4,1.207243E-3,8.048290E-4,8.048290E-4,4.024145E-4,0,1.207243E-3,8.048290E-4,0,3.621730E-3,0,2.414487E-3,2.414487E-3,4.024145E-4,4.024145E-4,4.024145E-4,4.024145E-4,0,0,4.024145E-4,0,0,0,0,0,4.024145E-4,4.024145E-4,2.334004E-2,5.231388E-3,5.231388E-3,0,1.207243E-3,0,0,9.657948E-3,4.024145E-4,4.024145E-4,4.024145E-4,4.024145E-4,1.609658E-3,4.024145E-4,4.024145E-4,7.243461E-3,7.243461E-3,7.243461E-3,8.048290E-4,4.024145E-4,4.024145E-4,4.024145E-4,7.243461E-3,6.438632E-3,0,0,8.450704E-3,0,4.024145E-4,0,2.414487E-3,0,0,4.828974E-3,1.609658E-3,1.207243E-3,8.048290E-4,4.024145E-4,0,4.024145E-4,4.024145E-4,3.621730E-3,8.048290E-4,8.048290E-4,4.024145E-4,4.024145E-4,4.024145E-4,4.024145E-4,4.024145E-4,4.024145E-4,1.609658E-3,1.609658E-3,8.048290E-4,8.048290E-4,4.024145E-4,4.024145E-4,4.024145E-4,0,0,4.024145E-4,0,4.024145E-4,0,4.024145E-4,4.024145E-4,0,0,1.207243E-3,1.207243E-3,1.207243E-3,1.207243E-3,0,1.472837E-1,1.167002E-2,8.048290E-4,8.048290E-4,8.048290E-4,2.414487E-3,4.024145E-4,4.024145E-4,8.048290E-4,0,0,0,0,0,0,2.816901E-3,8.048290E-4,4.024145E-4,0,0,2.414487E-3,0,0,0,1.609658E-3,8.048290E-4,0,8.048290E-4,0,0,3.621730E-3,8.048290E-4,8.048290E-4,4.024145E-4,4.024145E-4,4.024145E-4,4.024145E-4,4.024145E-4,4.024145E-4,4.024145E-4,4.024145E-4,3.621730E-3,1.207243E-3,1.207243E-3,0,2.012072E-3,8.048290E-4,8.048290E-4,8.048290E-4,4.024145E-4,0,3.138833E-2,1.207243E-3,0,8.048290E-4,4.024145E-4,4.024145E-4,4.024145E-4,0,0,0,0,0,0,0,4.024145E-4,4.024145E-4,0,4.024145E-4,0,0,0,4.024145E-4,4.024145E-4,0,1.609658E-3,8.048290E-4,4.024145E-4,4.024145E-4,8.048290E-4,2.776660E-2,2.776660E-2,4.024145E-4,8.450704E-3,7.645875E-3,4.828974E-3,2.414487E-3,8.048290E-4,0,1.971831E-2,1.448692E-2,1.006036E-2,0,2.012072E-3,4.024145E-4,1.207243E-3,0,1.094567E-1,0,1.070423E-1,0,1.609658E-3,4.024145E-4,0,0,4.024145E-4,4.024145E-4,4.024145E-4,0,1.066398E-1,6.921529E-2,1.609658E-3,2.253521E-2,8.450704E-3,2.414487E-3,2.414487E-3,1.609658E-3,1.086519E-2,4.024145E-4,4.024145E-4,3.219316E-3,2.816901E-3,1.247485E-2,4.024145E-3,8.048290E-4,9.657948E-3,8.450704E-3,8.450704E-3,8.450704E-3,4.024145E-3,3.219316E-3,3.219316E-3,1.609658E-3,2.816901E-3,1.086519E-2,3.621730E-3,4.426559E-3,2.816901E-3,8.048290E-4,4.024145E-4,0,0,2.816901E-3,1.207243E-3,0,0,8.048290E-4,4.024145E-4,8.048290E-4,8.048290E-4,8.048290E-4,8.048290E-4,4.024145E-4,4.024145E-4,4.024145E-4,4.024145E-4,8.048290E-4,0,4.024145E-4,2.092555E-2,2.092555E-2,2.012072E-3,8.048290E-4,1.207243E-3,1.207243E-3,1.207243E-3,2.816901E-3,1.609658E-3,1.207243E-3,4.024145E-4,1.207243E-3,4.024145E-4,4.024145E-4,0,0,4.024145E-4,4.024145E-4,0,4.024145E-4,0,0,1.609658E-3,0,0,0,1.207243E-3,4.024145E-4,4.024145E-4,0,8.048290E-4,3.661972E-2,4.426559E-3,0,2.816901E-3,2.414487E-3,2.414487E-3,4.024145E-4,0,8.048290E-4,1.207243E-3,0,0,0,3.219316E-3,0,0,0,3.018109E-2,4.426559E-3,1.609658E-3,8.048290E-4,8.048290E-4,2.615694E-2,1.690141E-2,1.609658E-3,8.048290E-3,8.048290E-4,0,8.048290E-4,5.231388E-3,2.816901E-3,4.024145E-4,8.048290E-4,2.816901E-3,2.012072E-3,1.609658E-3,4.024145E-4,4.024145E-4,4.024145E-4,1.207243E-3,1.609658E-3,8.048290E-4,0,0,8.048290E-4,8.048290E-4,0,4.024145E-4,4.024145E-4,4.024145E-4,4.024145E-4,4.024145E-4,0,4.024145E-4,4.024145E-4,1.207243E-3,8.048290E-4,0,2.012072E-3,3.219316E-3,8.048290E-4,4.024145E-4,0,2.816901E-3,2.012072E-3,4.024145E-4,4.024145E-4,1.207243E-3,0,0,0,0,1.609658E-3,8.048290E-4,0,8.048290E-4,8.048290E-4,4.024145E-4,4.024145E-4,0,0,0,3.609658E-1,2.993964E-1,8.048290E-4,8.048290E-3,0,0,0,0,1.207243E-3,0,0,0,1.207243E-3,0,1.207243E-3,4.024145E-4,4.024145E-4,4.024145E-4,0,0,0,0,4.024145E-4,0,4.024145E-4,4.024145E-4,0,0,0,0,3.219316E-3,0,4.024145E-4,0,2.816901E-3,4.024145E-4,0,0,0,0,8.048290E-4,1.609658E-3,1.207243E-3,4.024145E-4,0,0,0,0,0,0,0,2.816901E-3,2.816901E-3,0,4.024145E-4,0,4.024145E-4,0,0,0,0,0,0,4.024145E-4,4.024145E-4,0,0,0,0,0,0,0,0,0,0,0,0,0,0,0,0,0,0,0,0,0,0,0,0,0,0,1.167002E-2,8.450704E-3,0,0,0,4.426559E-3,2.012072E-3,4.024145E-4,1.609658E-3,4.024145E-4,4.024145E-4,0,1.207243E-3,0,4.024145E-4,4.024145E-4,4.024145E-4,4.024145E-4,0,0,0,0,2.816901E-3,0,0,0,0,0,2.012072E-3,8.048290E-4,4.024145E-4,0,1.207243E-3,0,0,4.024145E-4,4.024145E-4,4.024145E-4,0,0,4.024145E-4,4.024145E-4,0,4.024145E-4,0,0,0,0,4.024145E-4,0,4.024145E-4,4.024145E-4,0,4.024145E-4,4.024145E-4,0,4.024145E-4,0,0,0,0,1.609658E-3,4.024145E-4,4.024145E-4,4.024145E-4,4.024145E-4,0,0,0,4.024145E-4,4.024145E-4,4.024145E-4,4.024145E-4,6.438632E-3,0,0,0,0,0,4.024145E-4,4.024145E-4,4.024145E-4,1.609658E-3,0,1.609658E-3,1.609658E-3,1.609658E-3,1.609658E-3,1.609658E-3,1.207243E-3,1.207243E-3,8.048290E-4,8.048290E-4,0,0,4.024145E-4,4.024145E-4,1.609658E-3,0,0,0,0,0,4.024145E-4,4.024145E-4,0,0,0,0,0,0,0,0,0,8.048290E-4,8.048290E-4,0,4.024145E-4,0,4.024145E-4,0,1.207243E-3,8.048290E-4,4.024145E-4,0,0,0,4.024145E-4,4.024145E-4,0,0,1.609658E-3,0,0,8.048290E-4,8.048290E-4,4.024145E-4,4.024145E-4,4.024145E-4,0,0,0,0,0,0,0,0,0,0,0,0,0,0,0,0,0,0,0,0,4.024145E-4,0,0,0,0,0,0,0,0,0,4.024145E-4,0,4.024145E-4,0,0,0,0,4.024145E-4,4.024145E-4,0,0,0,0,0,8.048290E-4,0,8.048290E-4,0,2.909457E-1,4.466801E-2,2.816901E-3,2.816901E-3,1.609658E-3,1.609658E-3,8.048290E-4,2.414487E-3,8.048290E-4,1.207243E-3,1.207243E-3,4.024145E-4,1.207243E-3,1.207243E-3,3.621730E-3,8.048290E-4,3.179074E-2,1.609658E-3,1.207243E-3,1.126761E-2,6.036217E-3,2.012072E-3,1.207243E-3,3.621730E-3,1.207243E-3,2.012072E-3,2.012072E-3,4.024145E-4,4.024145E-4,4.024145E-3,3.219316E-3,4.024145E-4,4.024145E-4,4.024145E-4,4.024145E-4,1.609658E-3,8.048290E-4,4.024145E-4,0,4.024145E-4,4.024145E-4,0,0,1.609658E-3,1.609658E-3,7.243461E-3,7.243461E-3,8.048290E-4,4.024145E-4,4.024145E-4,4.024145E-4,4.024145E-4,2.414487E-3,2.414487E-3,0,0,1.609658E-3,0,2.012072E-3,0,0,4.024145E-4,0,1.609658E-3,1.609658E-3,4.024145E-4,8.048290E-4,0,0,0,3.621730E-3,3.621730E-3,3.621730E-3,0,1.698189E-1,0,0,0,0,0,4.024145E-4,4.024145E-4,4.024145E-4,0,0,0,0,0,1.295775E-1,1.207243E-3,8.048290E-4,8.048290E-4,8.048290E-4,8.048290E-4,0,0,0,0,0,4.024145E-4,4.024145E-4,0,0,0,6.841046E-3,4.024145E-4,4.024145E-4,8.048290E-4,0,0,4.024145E-4,4.024145E-4,4.024145E-4,0,4.024145E-4,0,4.024145E-4,5.633803E-3,1.207243E-3,8.048290E-4,4.024145E-4,4.024145E-4,4.024145E-4,4.024145E-4,2.414487E-3,2.012072E-3,4.024145E-4,4.024145E-4,4.024145E-4,0,1.207243E-3,1.207243E-3,8.048290E-4,4.024145E-4,4.024145E-4,4.024145E-4,0,0,0,1.046278E-2,2.816901E-3,1.207243E-3,1.207243E-3,0,0,0,5.231388E-3,4.024145E-3,2.012072E-3,0,1.207243E-3,0,0,8.048290E-4,8.048290E-4,2.414487E-3,4.024145E-4,0,4.024145E-4,0,1.609658E-3,1.609658E-3,0,0,0,0,0,4.024145E-4,0,0,1.183099E-1,0,7.847082E-2,0,7.766600E-2,7.766600E-2,7.766600E-2,0,0,0,2.414487E-3,2.012072E-3,1.207243E-3,4.024145E-4,1.207243E-3,7.162978E-2,9.657948E-3,4.024145E-4,1.207243E-3,4.426559E-3,8.048290E-4,1.207243E-3,1.207243E-2,8.048290E-4,4.024145E-4,8.048290E-4,8.853119E-3,0,4.024145E-4,4.024145E-4,2.012072E-3,4.024145E-4,4.024145E-4,4.024145E-4,1.207243E-3,4.024145E-4,4.024145E-4,8.048290E-4,3.219316E-3,4.024145E-4,4.024145E-4,1.207243E-3,0,4.024145E-4,8.048290E-4,8.048290E-4,1.207243E-3,5.633803E-3,4.024145E-3,1.609658E-3,1.207243E-3,0,4.024145E-4,4.024145E-4,4.024145E-4,1.207243E-3,1.207243E-3,0,4.024145E-4,4.024145E-4,4.024145E-4,1.609658E-3,1.609658E-3,4.024145E-4,8.048290E-4,4.024145E-4,4.024145E-4,4.024145E-4,4.024145E-4,0,4.024145E-4,4.024145E-4,4.024145E-4,0,3.219316E-3,4.024145E-4,1.207243E-3,4.024145E-4,0,0,1.207243E-3,0,8.048290E-4,8.048290E-4,1.207243E-3,1.207243E-3,0,0,4.024145E-4,4.024145E-4,4.024145E-4,0,2.012072E-3,1.609658E-3,1.609658E-3,0,8.048290E-4,8.048290E-4,8.048290E-4,0,0,0,2.012072E-3,1.207243E-3,8.048290E-4,0,4.024145E-4,4.024145E-4,8.048290E-4,4.024145E-4,4.024145E-4,4.024145E-4,4.024145E-4,8.048290E-4,8.048290E-4,5.513078E-2,5.513078E-2,5.472837E-2,1.609658E-3,4.024145E-4,0,2.414487E-3,2.494970E-2,4.024145E-4,4.024145E-4,4.024145E-4,0,0,0,0,0,4.024145E-4,0,0,0,0,5.633803E-3,0,0,4.024145E-4,1.609658E-3,8.048290E-4,4.024145E-4,0,0,0,4.024145E-4,0,2.012072E-3,1.207243E-3,8.048290E-4,0,4.024145E-4,4.024145E-4,4.024145E-4,4.024145E-4,0,0,0,0,0,0,0,0,0,0,0,0,0,0,2.414487E-3,8.048290E-4,0,1.207243E-3,1.207243E-3,4.024145E-3,0,3.219316E-3,0,4.024145E-4,4.024145E-4,4.024145E-4,0,0,0,0,0,0,0,4.024145E-4,1.609658E-3,4.024145E-4,8.048290E-4,0,0,0,4.024145E-4,0,9.657948E-3,8.048290E-4,2.816901E-3,2.816901E-3,1.207243E-3,8.048290E-4,4.024145E-4,8.048290E-4,4.024145E-4,0,0,0,0,0,0,0,0,6.036217E-3,4.828974E-3,3.219316E-3,8.048290E-4,0,4.024145E-4,4.024145E-4,4.024145E-4,4.024145E-4,4.024145E-4,0,0,0,0,0,0,0,0,0,0,0,0,0,0,0,0,0,0,5.231388E-3,4.024145E-4,4.024145E-4,4.024145E-4,4.024145E-4,3.219316E-3,4.024145E-4,4.024145E-4,0,0,1.207243E-3,4.024145E-4,0,4.024145E-4,4.024145E-4,4.024145E-4,0,4.024145E-4,0,4.024145E-4,0,4.024145E-4,0,0,0,4.024145E-4,0,0,0,0,0,4.024145E-4,0,0,0,0,0,0,0,0,8.048290E-4,4.024145E-4,4.024145E-4,0,0,0,2.816901E-3,2.414487E-3,2.012072E-3,8.048290E-4,0,0,4.024145E-4,4.024145E-4,0,0,0,0,0,4.104628E-2,1.488934E-2,3.621730E-3,4.024145E-4,0,4.024145E-4,0,4.024145E-4,0,0,0,4.024145E-4,0,6.438632E-3,0,1.207243E-3,4.024145E-4,4.024145E-4,8.048290E-4,1.609658E-3,8.048290E-4,8.048290E-4,4.024145E-4,2.816901E-3,0,0,0,2.454728E-2,1.609658E-2,2.816901E-3,4.024145E-4,4.024145E-4,1.609658E-3,8.048290E-4,0,0,1.207243E-3,8.048290E-4,4.024145E-4,0,1.287726E-2,4.426559E-3,2.414487E-3,8.853119E-3,6.841046E-3,1.609658E-3,0,2.012072E-3,1.609658E-3,8.048290E-4,0,8.048290E-4,0,0,0,1.207243E-3,8.048290E-4,1.207243E-3,1.207243E-3,4.024145E-4,0,8.048290E-4,4.024145E-4,0,0,0,0,4.426559E-3,3.621730E-3,1.207243E-3,4.024145E-4,4.024145E-4,8.048290E-4,4.024145E-4,2.012072E-3,4.024145E-4,4.024145E-4,0,0,0,4.024145E-4,1.207243E-3,1.207243E-3,4.024145E-4,0,0,0,5.231388E-3,3.219316E-3,4.024145E-4,4.024145E-4,2.012072E-3,4.024145E-4,1.609658E-3,4.024145E-4,1.207243E-3,8.048290E-4,0,8.048290E-4,8.048290E-4,0,0,1.609658E-3,1.609658E-3,4.024145E-4,0,0,1.609658E-3,1.609658E-3,4.024145E-4,4.024145E-4,4.024145E-4,8.048290E-4,4.024145E-4,4.024145E-4,4.024145E-4,4.024145E-4,4.024145E-4,4.024145E-4,4.024145E-4,4.024145E-4,0,1.609658E-3,1.609658E-3,8.048290E-4,8.048290E-4,0,0,4.024145E-4,4.024145E-4,0,0,0,0,0,0,1.207243E-3,1.207243E-3,0,0,1.609658E-3,1.609658E-3,8.048290E-4,0,0,4.024145E-4,4.024145E-4,4.024145E-4,0,0,0,4.024145E-4,0,4.024145E-4,0,0,0,0,1.207243E-3,0,0,0,1.207243E-3,4.024145E-4,4.024145E-4,8.048290E-4,0,0,0,2.012072E-2,4.024145E-4,4.024145E-4,4.426559E-3,2.816901E-3,0,2.012072E-3,1.207243E-3,1.207243E-3,8.048290E-4,8.048290E-4,4.024145E-4,4.024145E-4,0,0,4.024145E-4,4.024145E-4,1.609658E-3,1.207243E-3,1.207243E-3,8.048290E-4,4.024145E-4,0,0,7.243461E-3,7.243461E-3,1.609658E-3,5.633803E-3,5.633803E-3,0,4.024145E-4,1.207243E-3,1.207243E-3,1.207243E-3,5.231388E-3,3.621730E-3,3.219316E-3,4.024145E-4,2.414487E-3,2.012072E-3,0,0,0,2.012072E-3,4.024145E-4,8.048290E-4,4.024145E-4,4.024145E-4,0,4.024145E-4,0,0,0,0,0,0,4.024145E-4,4.024145E-4,0,0,0,8.048290E-4,4.024145E-4,4.024145E-4,0,0,4.024145E-4,1.179074E-1,8.048290E-4,8.048290E-4,7.243461E-3,6.841046E-3,0,4.024145E-4,4.024145E-4,4.024145E-4,4.828974E-3,1.609658E-3,4.024145E-4,0,8.048290E-4,2.816901E-3,2.414487E-3,1.207243E-3,4.024145E-4,4.024145E-4,1.207243E-3,1.207243E-3,8.169014E-2,8.048290E-4,8.048290E-4,0,0,0,0,0,0,0,5.955734E-2,4.024145E-4,4.024145E-4,1.207243E-3,2.414487E-3,4.024145E-4,0,8.048290E-4,8.048290E-4,0,0,0,0,5.633803E-2,1.609658E-3,8.048290E-4,4.024145E-4,1.207243E-3,5.271630E-2,3.420523E-2,8.048290E-4,8.048290E-4,8.048290E-4,1.207243E-3,4.024145E-4,8.048290E-4,0,0,4.024145E-4,4.024145E-4,1.609658E-3,8.048290E-4,4.024145E-4,1.609658E-3,4.024145E-4,4.024145E-4,8.048290E-4,8.048290E-4,4.024145E-4,4.024145E-4,0,0,0,0,4.024145E-4,0,0,0,0,8.048290E-4,4.024145E-4,1.891348E-2,4.024145E-3,1.046278E-2,8.048290E-3,8.048290E-4,4.024145E-4,0,0,1.207243E-3,4.024145E-4,4.024145E-4,0,2.816901E-3,2.816901E-3,2.816901E-3,1.609658E-3,1.609658E-3,0,8.048290E-4,4.024145E-4,0,8.048290E-4,1.207243E-3,4.024145E-4,0,4.024145E-4,0,2.012072E-3,1.609658E-3,4.024145E-4,3.621730E-3,3.621730E-3,1.609658E-3,1.851107E-2,7.645875E-3,4.024145E-4,4.024145E-4,4.024145E-4,8.048290E-4,4.024145E-4,1.207243E-3,9.255533E-3,4.828974E-3,4.024145E-3,4.024145E-4,4.024145E-4,3.219316E-3,2.816901E-3,2.816901E-3,8.048290E-4,4.024145E-4,1.207243E-3,0,1.207243E-3,4.024145E-4,4.024145E-4,4.024145E-4,4.024145E-4,4.024145E-4,4.024145E-4,8.048290E-4,4.024145E-4,0,0,2.414487E-3,2.012072E-3,1.207243E-3,8.048290E-4,4.024145E-4,4.024145E-4,2.012072E-3,4.024145E-4,4.024145E-4,8.048290E-4,4.024145E-4,4.024145E-4,0,4.024145E-4,4.024145E-4,4.024145E-4,0,5.633803E-3,0,0,4.024145E-3,4.024145E-4,4.024145E-4,0,0,0,3.621730E-3,1.609658E-3,4.024145E-4,4.024145E-4,4.024145E-4,4.024145E-4,0,1.207243E-3,0,0,1.207243E-3,1.207243E-3,8.048290E-4,8.048290E-4,4.024145E-4,4.024145E-4,4.024145E-4,4.024145E-4,0,4.024145E-4,0,0,0,4.024145E-4,1.408451E-2,4.828974E-3,4.828974E-3,8.048290E-4,4.024145E-3,0,4.024145E-4,4.024145E-4,0,0,0,0,8.048290E-4,0,8.048290E-4,8.048290E-4,0,0,0,0,0,1.046278E-2,9.255533E-3,5.231388E-3,2.816901E-3,4.024145E-4,2.816901E-3,3.621730E-3,1.207243E-3,2.816901E-3,0,1.609658E-3,8.048290E-4,4.024145E-4,0,0,0,0,0,4.024145E-4,0,2.414487E-2,2.374245E-2,4.024145E-4,4.024145E-4,3.219316E-3,8.048290E-4,1.609658E-3,1.207243E-3,4.024145E-4,8.048290E-4,4.024145E-4,4.828974E-3,2.816901E-3,1.609658E-3,0,2.012072E-3,2.012072E-3,1.609658E-3,1.609658E-3,1.408451E-2,8.048290E-3,8.048290E-3,8.048290E-3,8.048290E-3,8.048290E-3,5.231388E-3,2.816901E-3,0,5.633803E-3,4.024145E-3,1.207243E-3,2.012072E-3,8.048290E-4,8.048290E-4,8.048290E-4,8.048290E-4,0,8.048290E-4,4.024145E-4,4.024145E-4,4.024145E-4,4.024145E-4,0,0,0,0,0,0,0,0,0,0,2.414487E-3,1.207243E-3,1.207243E-3,0,4.024145E-4,4.024145E-4,4.024145E-4,1.207243E-3,0,0,4.024145E-4,0,0,0,0,4.024145E-4,4.024145E-4,0,4.346076E-2,2.816901E-3,0,1.609658E-3,8.048290E-4,1.609658E-3,0,0,0,1.609658E-3,1.609658E-3,8.048290E-4,1.207243E-3,1.207243E-3,0,0,8.048290E-4,0,8.048290E-4,8.048290E-4,8.048290E-4,3.219316E-2,8.048290E-4,2.414487E-3,8.048290E-4,4.024145E-4,4.024145E-4,1.207243E-3,8.048290E-4,0,0,4.024145E-4,4.024145E-4,0,0,0,2.816901E-3,2.012072E-3,7.645875E-3,4.828974E-3,8.048290E-4,0,0,8.048290E-4,4.024145E-4,4.024145E-4,4.024145E-4,0,0,1.207243E-3,4.024145E-4,4.024145E-4,0,8.048290E-4,0,0,2.816901E-3,2.816901E-3,4.024145E-4,8.048290E-4,8.048290E-4,4.024145E-4,4.024145E-4,0,4.024145E-4,4.024145E-4,2.414487E-3,4.024145E-4,4.024145E-4,0,0,0,4.024145E-4,0,0,4.024145E-4,0,0,0,0,3.621730E-3,3.219316E-3,9.657948E-3,3.219316E-3,0,0,0,0,1.207243E-3,1.207243E-3,1.207243E-3,0,6.438632E-3,1.207243E-3,1.609658E-3,1.609658E-3,2.012072E-3,1.609658E-3,1.609658E-3,4.024145E-4,4.024145E-4,4.024145E-4,0,0,0,0,4.024145E-4,0,4.024145E-4,0,8.048290E-3,6.036217E-3,4.024145E-3,0,1.207243E-3,0,8.048290E-4,2.012072E-3,0,8.048290E-4,0,0,8.048290E-4,4.024145E-4,0,0,4.024145E-4,4.024145E-4,4.024145E-4,0,0,1.207243E-3,0,0,4.024145E-4,0,0,2.816901E-3,4.024145E-4,0,0,0,0,0,1.609658E-3,4.024145E-4,0,4.024145E-4,4.024145E-4,4.024145E-4,4.024145E-4,0,4.828974E-3,0,0,0,0,4.024145E-4,4.024145E-4,0,0,0,0,1.167002E-2,5.231388E-3,2.414487E-3,1.609658E-3,0,0,0,0,0,4.024145E-4,4.024145E-4,0,0,0,0,0,0,0,0,4.024145E-4,0,0,0,4.024145E-4,2.816901E-3,1.207243E-3,0,0,4.024145E-4,0,0,8.048290E-4,0,0,0,0,0,0,0,0,0,8.048290E-4,4.024145E-4,0,0,0,0,0,0,0,4.024145E-4,4.024145E-4,8.048290E-4,8.048290E-4,0,8.048290E-4,0,0,0,0,8.812877E-2,8.048290E-4,0,4.024145E-4,4.024145E-4,4.024145E-4,4.024145E-4,4.024145E-3,1.207243E-3,4.828974E-3,0,4.024145E-4,4.024145E-4,4.024145E-4,4.024145E-3,4.024145E-4,3.219316E-3,2.012072E-3,4.024145E-4,0,1.609658E-3,4.024145E-4,4.024145E-4,1.207243E-3,1.207243E-3,0,1.609658E-3,4.024145E-4,4.024145E-4,4.024145E-4,4.024145E-4,4.708249E-2,4.185111E-2,4.024145E-4,1.207243E-3,8.450704E-3,3.219316E-2,1.207243E-3,4.024145E-4,3.018109E-2,2.897384E-2,2.132797E-2,3.621730E-3,4.024145E-4,4.024145E-4,4.024145E-4,0,4.024145E-4,4.024145E-4,4.024145E-4,0,1.207243E-3,0,1.649899E-2,4.024145E-4,4.024145E-4,5.633803E-3,1.247485E-2,1.609658E-3,4.024145E-4,1.207243E-3,0,2.012072E-3,7.243461E-3,6.841046E-3,6.841046E-3,6.438632E-3,6.438632E-3,0,8.048290E-4,6.036217E-3,4.024145E-4,0,0,4.426559E-3,4.024145E-3,3.219316E-3,0,0,4.024145E-4,2.816901E-3,0,0,0,0,2.816901E-3,0,0,8.048290E-4,8.048290E-4,0,0,0,0,4.024145E-4,0,1.207243E-3,1.207243E-3,0,3.219316E-3,2.816901E-3,4.024145E-4,2.012072E-3,8.048290E-4,0,0,1.006036E-2,4.024145E-4,8.450704E-3,8.048290E-3,8.048290E-4,8.048290E-4,3.219316E-3,2.816901E-3,1.609658E-3,1.609658E-3,1.207243E-3,4.024145E-4,0,0,0,1.207243E-3,1.207243E-3,0,0,0,0,2.012072E-3,1.006036E-2,1.006036E-2,2.414487E-3,4.024145E-4,4.024145E-4,4.024145E-4,6.438632E-3,6.438632E-3,4.828974E-3,0,4.024145E-3,2.414487E-3,2.012072E-3,2.012072E-3,2.012072E-3,1.207243E-3,8.048290E-4,8.048290E-4,0,2.012072E-3,1.207243E-3,1.207243E-3,1.207243E-3,8.048290E-4,4.024145E-4,4.024145E-4,4.024145E-4,0,0,2.414487E-3,1.207243E-3,0,1.207243E-3,1.207243E-3,0,1.207243E-3,1.207243E-3,1.488934E-2,0,2.414487E-3,1.609658E-3,1.609658E-3,1.207243E-3,0,4.024145E-4,0,8.048290E-4,4.024145E-4,4.024145E-4,4.024145E-4,4.024145E-4,8.048290E-4,8.048290E-4,0,0,8.048290E-4,8.048290E-4,0,0,0,1.167002E-2,4.024145E-4,8.048290E-4,8.048290E-4,9.255533E-3,8.048290E-4,8.048290E-4,7.243461E-3,8.048290E-4,5.633803E-3,1.207243E-3,4.024145E-4,4.024145E-4,4.024145E-4,0,4.024145E-4,2.012072E-3,2.012072E-3,0,0,0,0,0,0,0,0,0,0,0,0,0,0,0,0,0,0,0,2.173038E-2,2.173038E-2,2.173038E-2,9.657948E-3,8.450704E-3,4.828974E-3,0,8.048290E-4,0,8.048290E-4,8.048290E-4,8.048290E-4]: 2485

Forest with 10 trees Model
**************************

Forest with 10 models

Forest with 10 trees(T = 0.0) Model
***********************************

Forest with 10 models

Forest with 10 trees(T = 2.0) Model
***********************************

Forest with 10 models

Forest with 10 trees(T = 4.0) Model
***********************************

Forest with 10 models

Forest with 10 trees(T = 6.0) Model
***********************************

Forest with 10 models

Forest with 10 trees(T = 8.0) Model
***********************************

Forest with 10 models

Forest with 10 trees(T = 10.0) Model
************************************

Forest with 10 models

Forest with 10 trees(T = 12.0) Model
************************************

Forest with 10 models

Forest with 10 trees(T = 14.0) Model
************************************

Forest with 10 models

Forest with 10 trees(T = 16.0) Model
************************************

Forest with 10 models

Forest with 10 trees(T = 18.0) Model
************************************

Forest with 10 models

Forest with 10 trees(T = 20.0) Model
************************************

Forest with 10 models

Forest with 10 trees(T = 22.0) Model
************************************

Forest with 10 models

Forest with 10 trees(T = 24.0) Model
************************************

Forest with 10 models

Forest with 10 trees(T = 26.0) Model
************************************

Forest with 10 models

Forest with 10 trees(T = 28.0) Model
************************************

Forest with 10 models

Forest with 10 trees(T = 30.0) Model
************************************

Forest with 10 models

Forest with 10 trees(T = 32.0) Model
************************************

Forest with 10 models

Forest with 10 trees(T = 34.0) Model
************************************

Forest with 10 models

Forest with 10 trees(T = 36.0) Model
************************************

Forest with 10 models

Forest with 10 trees(T = 38.0) Model
************************************

Forest with 10 models

Forest with 10 trees(T = 40.0) Model
************************************

Forest with 10 models

Forest with 10 trees(T = 42.0) Model
************************************

Forest with 10 models

Forest with 10 trees(T = 44.0) Model
************************************

Forest with 10 models

Forest with 10 trees(T = 46.0) Model
************************************

Forest with 10 models

Forest with 10 trees(T = 48.0) Model
************************************

Forest with 10 models

Forest with 10 trees(T = 50.0) Model
************************************

Forest with 10 models

Forest with 10 trees(T = 52.0) Model
************************************

Forest with 10 models

Forest with 10 trees(T = 54.0) Model
************************************

Forest with 10 models

Forest with 10 trees(T = 56.0) Model
************************************

Forest with 10 models

Forest with 10 trees(T = 58.0) Model
************************************

Forest with 10 models

Forest with 10 trees(T = 60.0) Model
************************************

Forest with 10 models

Forest with 10 trees(T = 62.0) Model
************************************

Forest with 10 models

Forest with 10 trees(T = 64.0) Model
************************************

Forest with 10 models

Forest with 10 trees(T = 66.0) Model
************************************

Forest with 10 models

Forest with 10 trees(T = 68.0) Model
************************************

Forest with 10 models

Forest with 10 trees(T = 70.0) Model
************************************

Forest with 10 models

Forest with 10 trees(T = 72.0) Model
************************************

Forest with 10 models

Forest with 10 trees(T = 74.0) Model
************************************

Forest with 10 models

Forest with 10 trees(T = 76.0) Model
************************************

Forest with 10 models

Forest with 10 trees(T = 78.0) Model
************************************

Forest with 10 models

Forest with 10 trees(T = 80.0) Model
************************************

Forest with 10 models

Forest with 10 trees(T = 82.0) Model
************************************

Forest with 10 models

Forest with 10 trees(T = 84.0) Model
************************************

Forest with 10 models

Forest with 10 trees(T = 86.0) Model
************************************

Forest with 10 models

Forest with 10 trees(T = 88.0) Model
************************************

Forest with 10 models

Forest with 10 trees(T = 90.0) Model
************************************

Forest with 10 models

Forest with 10 trees(T = 92.0) Model
************************************

Forest with 10 models

Forest with 10 trees(T = 94.0) Model
************************************

Forest with 10 models

Forest with 10 trees(T = 96.0) Model
************************************

Forest with 10 models

Forest with 10 trees(T = 98.0) Model
************************************

Forest with 10 models

Forest with 10 trees(T = 100.0) Model
*************************************

Forest with 10 models

