Clus run 'spo0.names'
*********************

Date: 3/3/23 9:14 PM
File: spo_GO.f.out
Attributes: 81 (input: 80, output: 1)
Missing values: Yes

[General]
Verbose = 1
RandomSeed = 0
ResourceInfoLoaded = No
DoNotInduce = No
LoggingProperties = logging.properties

[Data]
File = raw_datasets/spo_GO/spo_GO.trainvalid.fake.arff
TestSet = None
PruneSet = None
XVal = 10
RemoveMissingTarget = No
NormalizeData = None

[Attributes]
Target = 81
Clustering = 81
Descriptive = 1-80
Key = None
Disable = None
Weights = Normalize
ClusteringWeights = 1.0
ReduceMemoryNominalAttrs = No
GIS = None

[Constraints]
Syntactic = None
MaxSize = Infinity
MaxError = 0.0
MaxDepth = Infinity

[Nominal]
MEstimate = 1.0

[Model]
MinimalWeight = 5.0
MinimalNumberExamples = 0
MinimalKnownWeight = 0.0
ParamTuneNumberFolds = 3
NominalSubsetTests = Yes

[Tree]
Heuristic = VarianceReduction
HeuristicComplexity = N2
SetDistance = GSMDistance
TupleDistance = Euclidean
TSDistance = DTW
PruningMethod = Default
FTest = 0.05
BinarySplit = Yes
ConvertToRules = No
AlternativeSplits = No
Optimize = []
MSENominal = No
SplitSampling = None
MissingClusteringAttrHandling = EstimateFromParentNode
MissingTargetAttrHandling = ParentNode
InductionOrder = DepthFirst
EntropyType = StandardEntropy
ConsiderUnlableInstancesInIGCalc = No
SpatialMatrix = Binary
SpatialMeasure = GlobalMoran
Bandwidth = 0.001
Longlat = No
NumNeightbours = 0.0
Alpha = 1.0
SplitPosition = Exact

[Hierarchical]
Type = Tree
Distance = WeightedEuclidean
WType = ExpAvgParentWeight
WParam = 0.75
HSeparator = /
EmptySetIndicator = n
OptimizeErrorMeasure = PooledAUPRC
DefinitionFile = None
NoRootPredictions = No
PruneInSig = 0.0
Bonferroni = No
SingleLabel = No
CalculateErrors = Yes
ClassificationThreshold = [0.0,2.0,4.0,6.0,8.0,10.0,12.0,14.0,16.0,18.0,20.0,22.0,24.0,26.0,28.0,30.0,32.0,34.0,36.0,38.0,40.0,42.0,44.0,46.0,48.0,50.0,52.0,54.0,56.0,58.0,60.0,62.0,64.0,66.0,68.0,70.0,72.0,74.0,76.0,78.0,80.0,82.0,84.0,86.0,88.0,90.0,92.0,94.0,96.0,98.0,100.0]
RecallValues = None
EvalClasses = None
MEstimate = No

[Relief]
Neighbours = [10,15]
Iterations = 1.0
WeightNeighbours = No
WeightingSigma = 0.5
ChosenInstances = [-1]
MultilabelDistance = HammingLoss
ReliefStatisticsType = DistanceClassic
MissingTargetHandling = Impute

[Ensemble]
Iterations = [10]
TimeBudget = 0
EnsembleMethod = RForest
EnsembleBootstrapping = Yes
VotingType = ProbabilityDistribution
SelectRandomSubspaces = 9
ROSTargetSubspaceSize = SQRT
ROSAlgorithmType = Disabled
ROSVotingType = SubspaceAveraging
PrintAllModels = No
PrintAllModelFiles = No
PrintAllModelInfo = No
PrintPaths = No
Optimize = No
OOBestimate = No
FeatureRanking = [Genie3, Symbolic]
FeatureRankingPerTarget = No
SymbolicWeight = Dynamic
SortRankingByRelevance = Yes
WriteEnsemblePredictions = No
EnsembleRandomDepth = No
BagSelection = -1
BagSize = 0
NumberOfThreads = 1

[kNN]
K = [1,5,10,15,20,25,30,35,40]
Distance = Euclidean
SearchMethod = BruteForce
DistanceWeighting = [Constant]
AttributeWeighting = none
ChosenInstancesTrain = [-1]
ChosenInstancesTest = [-1]
LoadNeighboursFiles = {}
SaveNeighboursFile = 
IsMlcKnn = No
MlcCountSmoother = 1.0

[SemiSupervised]
SemiSupervisedMethod = PCT
StoppingCriteria = NoneAdded
UnlabeledCriteria = Threshold
ConfidenceThreshold = 0.8
ConfidenceMeasure = Variance
Iterations = 10
K = 5
UnlabeledData = 
PercentageLabeled = 5
UseWeights = No
AirbagTrials = 0
ExhaustiveSearchThresholds = [0.5,0.6,0.7,0.8,0.9,0.99]
OOBErrorCalculation = LabeledOnly
Normalization = MinMaxNormalization
Aggregation = Average
CalibrateHmcThreshold = No
PruningWhenTuning = No
InternalFolds = 5
WeightScoresFile = NO
PossibleWeights = [0.0,0.1,0.2,0.3,0.4,0.5,0.6,0.7,0.8,0.9,1.0]
IterationsSupervisionOptimisation = 0
ForceInternalXValOptimisation = No
ImputeMissingTargetValues = No
InternalFold = -1
ProceedToMain = Yes

[Output]
ShowModels = [Default, Pruned, Others]
TrainErrors = No
ValidErrors = Yes
TestErrors = Yes
AllFoldModels = Yes
AllFoldErrors = No
AllFoldDatasets = No
UnknownFrequency = No
BranchFrequency = No
ShowInfo = [Count]
PrintModelAndExamples = No
WriteErrorFile = No
WriteModelFile = No
WritePerBagModelFile = Yes
WriteOOBFile = Yes
WritePredictions = []
GzipOutput = No
ModelIDFiles = No
WriteCurves = No
OutputPythonModel = No
PythonModelType = Object
OutputROSSubspaces = No
OutputJSONModel = No
OutputDatabaseQueries = No
OutputClowdFlowsJSON = No
ComputeSpearman = No

Run: 01
*******

Statistics
----------

FTValue (FTest): 0.05
Induction Time: 21.121 sec
Pruning Time: 0 sec
Prediction Time (total for ClusModel.Original): 
	0 microsecs
	0 millisecs
	0 secs
Prediction Time (average for ClusModel.Original): 0 microsecs
Model information:
     Default: Nodes = 1; Leaves = 1; Depth = 1
     Forest with 10 trees: FOREST with 10 models (Total nodes: 850; leaves: 430; average tree depth: 12.8)
     Forest with 10 trees(T = 0.0): FOREST with 10 models (Total nodes: 850; leaves: 430; average tree depth: 12.8)
     Forest with 10 trees(T = 2.0): FOREST with 10 models (Total nodes: 850; leaves: 430; average tree depth: 12.8)
     Forest with 10 trees(T = 4.0): FOREST with 10 models (Total nodes: 850; leaves: 430; average tree depth: 12.8)
     Forest with 10 trees(T = 6.0): FOREST with 10 models (Total nodes: 850; leaves: 430; average tree depth: 12.8)
     Forest with 10 trees(T = 8.0): FOREST with 10 models (Total nodes: 850; leaves: 430; average tree depth: 12.8)
     Forest with 10 trees(T = 10.0): FOREST with 10 models (Total nodes: 850; leaves: 430; average tree depth: 12.8)
     Forest with 10 trees(T = 12.0): FOREST with 10 models (Total nodes: 850; leaves: 430; average tree depth: 12.8)
     Forest with 10 trees(T = 14.0): FOREST with 10 models (Total nodes: 850; leaves: 430; average tree depth: 12.8)
     Forest with 10 trees(T = 16.0): FOREST with 10 models (Total nodes: 850; leaves: 430; average tree depth: 12.8)
     Forest with 10 trees(T = 18.0): FOREST with 10 models (Total nodes: 850; leaves: 430; average tree depth: 12.8)
     Forest with 10 trees(T = 20.0): FOREST with 10 models (Total nodes: 850; leaves: 430; average tree depth: 12.8)
     Forest with 10 trees(T = 22.0): FOREST with 10 models (Total nodes: 850; leaves: 430; average tree depth: 12.8)
     Forest with 10 trees(T = 24.0): FOREST with 10 models (Total nodes: 850; leaves: 430; average tree depth: 12.8)
     Forest with 10 trees(T = 26.0): FOREST with 10 models (Total nodes: 850; leaves: 430; average tree depth: 12.8)
     Forest with 10 trees(T = 28.0): FOREST with 10 models (Total nodes: 850; leaves: 430; average tree depth: 12.8)
     Forest with 10 trees(T = 30.0): FOREST with 10 models (Total nodes: 850; leaves: 430; average tree depth: 12.8)
     Forest with 10 trees(T = 32.0): FOREST with 10 models (Total nodes: 850; leaves: 430; average tree depth: 12.8)
     Forest with 10 trees(T = 34.0): FOREST with 10 models (Total nodes: 850; leaves: 430; average tree depth: 12.8)
     Forest with 10 trees(T = 36.0): FOREST with 10 models (Total nodes: 850; leaves: 430; average tree depth: 12.8)
     Forest with 10 trees(T = 38.0): FOREST with 10 models (Total nodes: 850; leaves: 430; average tree depth: 12.8)
     Forest with 10 trees(T = 40.0): FOREST with 10 models (Total nodes: 850; leaves: 430; average tree depth: 12.8)
     Forest with 10 trees(T = 42.0): FOREST with 10 models (Total nodes: 850; leaves: 430; average tree depth: 12.8)
     Forest with 10 trees(T = 44.0): FOREST with 10 models (Total nodes: 850; leaves: 430; average tree depth: 12.8)
     Forest with 10 trees(T = 46.0): FOREST with 10 models (Total nodes: 850; leaves: 430; average tree depth: 12.8)
     Forest with 10 trees(T = 48.0): FOREST with 10 models (Total nodes: 850; leaves: 430; average tree depth: 12.8)
     Forest with 10 trees(T = 50.0): FOREST with 10 models (Total nodes: 850; leaves: 430; average tree depth: 12.8)
     Forest with 10 trees(T = 52.0): FOREST with 10 models (Total nodes: 850; leaves: 430; average tree depth: 12.8)
     Forest with 10 trees(T = 54.0): FOREST with 10 models (Total nodes: 850; leaves: 430; average tree depth: 12.8)
     Forest with 10 trees(T = 56.0): FOREST with 10 models (Total nodes: 850; leaves: 430; average tree depth: 12.8)
     Forest with 10 trees(T = 58.0): FOREST with 10 models (Total nodes: 850; leaves: 430; average tree depth: 12.8)
     Forest with 10 trees(T = 60.0): FOREST with 10 models (Total nodes: 850; leaves: 430; average tree depth: 12.8)
     Forest with 10 trees(T = 62.0): FOREST with 10 models (Total nodes: 850; leaves: 430; average tree depth: 12.8)
     Forest with 10 trees(T = 64.0): FOREST with 10 models (Total nodes: 850; leaves: 430; average tree depth: 12.8)
     Forest with 10 trees(T = 66.0): FOREST with 10 models (Total nodes: 850; leaves: 430; average tree depth: 12.8)
     Forest with 10 trees(T = 68.0): FOREST with 10 models (Total nodes: 850; leaves: 430; average tree depth: 12.8)
     Forest with 10 trees(T = 70.0): FOREST with 10 models (Total nodes: 850; leaves: 430; average tree depth: 12.8)
     Forest with 10 trees(T = 72.0): FOREST with 10 models (Total nodes: 850; leaves: 430; average tree depth: 12.8)
     Forest with 10 trees(T = 74.0): FOREST with 10 models (Total nodes: 850; leaves: 430; average tree depth: 12.8)
     Forest with 10 trees(T = 76.0): FOREST with 10 models (Total nodes: 850; leaves: 430; average tree depth: 12.8)
     Forest with 10 trees(T = 78.0): FOREST with 10 models (Total nodes: 850; leaves: 430; average tree depth: 12.8)
     Forest with 10 trees(T = 80.0): FOREST with 10 models (Total nodes: 850; leaves: 430; average tree depth: 12.8)
     Forest with 10 trees(T = 82.0): FOREST with 10 models (Total nodes: 850; leaves: 430; average tree depth: 12.8)
     Forest with 10 trees(T = 84.0): FOREST with 10 models (Total nodes: 850; leaves: 430; average tree depth: 12.8)
     Forest with 10 trees(T = 86.0): FOREST with 10 models (Total nodes: 850; leaves: 430; average tree depth: 12.8)
     Forest with 10 trees(T = 88.0): FOREST with 10 models (Total nodes: 850; leaves: 430; average tree depth: 12.8)
     Forest with 10 trees(T = 90.0): FOREST with 10 models (Total nodes: 850; leaves: 430; average tree depth: 12.8)
     Forest with 10 trees(T = 92.0): FOREST with 10 models (Total nodes: 850; leaves: 430; average tree depth: 12.8)
     Forest with 10 trees(T = 94.0): FOREST with 10 models (Total nodes: 850; leaves: 430; average tree depth: 12.8)
     Forest with 10 trees(T = 96.0): FOREST with 10 models (Total nodes: 850; leaves: 430; average tree depth: 12.8)
     Forest with 10 trees(T = 98.0): FOREST with 10 models (Total nodes: 850; leaves: 430; average tree depth: 12.8)
     Forest with 10 trees(T = 100.0): FOREST with 10 models (Total nodes: 850; leaves: 430; average tree depth: 12.8)

Default Model
*************

[1,8.874281E-1,4.613804E-1,0,0,7.559573E-2,0,2.875924E-3,4.108463E-4,4.108463E-4,1.643385E-3,0,4.108463E-4,4.108463E-4,4.108463E-4,0,4.108463E-4,1.068200E-2,2.054232E-3,0,1.232539E-3,4.108463E-4,4.108463E-4,0,4.108463E-4,0,2.013147E-2,0,4.108463E-4,4.108463E-4,1.848809E-2,0,4.108463E-4,4.108463E-4,4.108463E-4,4.108463E-4,0,4.108463E-4,0,1.232539E-3,2.054232E-3,2.054232E-3,1.232539E-3,0,8.216927E-4,0,0,4.108463E-4,4.108463E-4,4.108463E-4,4.108463E-4,8.216927E-4,4.108463E-4,4.108463E-4,0,4.108463E-4,4.108463E-4,4.108463E-4,4.108463E-4,0,4.108463E-4,8.216927E-4,0,0,2.875924E-3,4.108463E-4,4.108463E-4,0,1.232539E-3,8.216927E-4,4.108463E-4,4.108463E-4,8.216927E-4,4.108463E-4,0,4.108463E-4,8.216927E-4,4.108463E-4,4.108463E-4,4.108463E-4,0,0,4.108463E-4,4.108463E-4,0,0,0,0,0,0,0,0,4.108463E-4,4.108463E-4,0,1.232539E-3,8.216927E-4,4.108463E-4,4.108463E-4,4.108463E-4,4.108463E-4,4.108463E-4,0,0,4.108463E-4,4.108463E-4,8.216927E-4,4.108463E-4,5.341002E-3,2.054232E-3,4.108463E-4,4.108463E-4,2.465078E-3,0,0,0,0,0,0,8.216927E-4,4.108463E-4,4.108463E-4,4.108463E-4,0,4.108463E-4,1.232539E-3,4.108463E-4,4.108463E-4,4.108463E-4,4.108463E-4,4.108463E-4,4.108463E-4,0,0,0,2.054232E-3,0,8.216927E-4,8.216927E-4,0,8.216927E-4,0,0,4.108463E-4,4.108463E-4,8.216927E-4,8.216927E-4,4.108463E-3,4.108463E-4,3.286771E-3,4.108463E-4,0,4.108463E-4,4.108463E-4,8.216927E-4,4.108463E-4,4.108463E-4,0,4.108463E-4,4.108463E-4,4.108463E-4,4.108463E-4,4.108463E-4,4.108463E-4,4.108463E-4,4.108463E-4,0,1.027116E-2,4.108463E-4,8.216927E-4,2.875924E-3,8.216927E-4,2.054232E-3,1.232539E-3,8.216927E-4,4.108463E-4,4.108463E-4,3.697617E-3,4.108463E-4,8.216927E-4,4.108463E-4,2.054232E-3,1.232539E-3,8.216927E-4,4.108463E-4,4.108463E-4,4.108463E-4,1.232539E-3,4.108463E-4,4.108463E-4,8.216927E-4,7.395234E-3,5.341002E-3,4.930156E-3,4.108463E-4,4.108463E-4,4.108463E-4,4.108463E-4,4.108463E-4,4.108463E-4,0,2.875924E-3,4.108463E-4,4.108463E-4,4.108463E-4,0,0,4.108463E-4,4.108463E-4,8.216927E-4,0,0,0,0,4.108463E-3,4.108463E-3,4.108463E-4,4.108463E-4,1.232539E-3,2.054232E-3,4.108463E-4,1.232539E-3,0,4.108463E-3,4.108463E-4,4.108463E-4,8.216927E-4,0,0,8.216927E-4,4.108463E-4,4.108463E-4,4.108463E-4,4.108463E-4,4.108463E-4,4.108463E-4,0,8.216927E-4,4.108463E-4,4.108463E-4,1.232539E-3,1.232539E-3,3.286771E-3,2.054232E-3,2.054232E-3,2.054232E-3,8.216927E-4,8.216927E-4,0,1.232539E-3,1.232539E-3,1.232539E-3,1.232539E-3,8.216927E-3,4.108463E-4,6.573541E-3,4.108463E-4,2.465078E-3,8.216927E-4,4.108463E-4,4.108463E-4,4.108463E-4,4.108463E-4,1.232539E-3,4.108463E-4,4.108463E-4,4.108463E-4,4.108463E-4,1.232539E-3,8.216927E-4,4.108463E-4,4.108463E-4,4.108463E-4,4.108463E-4,8.216927E-4,4.108463E-4,4.108463E-4,0,0,1.528348E-1,4.108463E-4,1.109285E-2,9.449466E-3,4.108463E-4,0,0,4.108463E-4,0,4.108463E-4,4.108463E-4,4.108463E-4,0,4.108463E-4,1.232539E-3,1.232539E-3,4.108463E-4,4.108463E-4,0,4.108463E-4,4.108463E-4,0,0,6.984388E-3,4.108463E-4,4.108463E-4,4.108463E-4,4.108463E-4,0,8.216927E-4,4.108463E-4,4.108463E-4,4.108463E-4,1.232539E-3,4.108463E-4,0,0,0,0,0,8.216927E-4,0,4.108463E-4,4.108463E-4,4.108463E-4,4.108463E-4,4.108463E-4,4.108463E-4,4.108463E-4,4.108463E-4,0,4.108463E-4,0,0,0,1.232539E-3,1.232539E-3,0,4.108463E-4,0,0,4.108463E-4,0,0,0,4.108463E-4,0,0,0,0,4.108463E-4,4.108463E-4,4.108463E-4,0,0,4.108463E-4,0,0,4.108463E-4,4.108463E-4,4.108463E-4,4.108463E-4,4.108463E-4,0,1.643385E-3,4.108463E-4,4.108463E-4,4.108463E-4,0,4.108463E-4,0,0,0,1.643385E-3,8.216927E-4,4.108463E-4,4.108463E-4,2.095316E-2,1.643385E-2,1.232539E-3,0,0,1.232539E-3,4.108463E-3,8.216927E-4,4.108463E-4,4.108463E-4,0,0,8.216927E-4,8.216927E-4,2.054232E-3,0,8.216927E-4,4.108463E-4,0,8.216927E-4,0,6.162695E-3,4.930156E-3,4.108463E-4,0,4.108463E-3,1.232539E-3,0,0,2.875924E-3,2.875924E-3,4.108463E-4,0,4.108463E-4,0,4.108463E-4,4.108463E-4,4.108463E-4,4.108463E-4,0,4.108463E-4,4.108463E-4,4.108463E-4,8.216927E-4,4.108463E-4,0,4.108463E-4,4.108463E-4,8.216927E-4,4.108463E-4,1.643385E-3,4.108463E-4,4.108463E-4,4.108463E-4,8.216927E-4,4.108463E-4,4.108463E-4,0,0,0,0,0,4.108463E-4,4.108463E-4,4.108463E-4,0,4.108463E-4,8.216927E-4,4.108463E-4,4.108463E-4,1.232539E-3,1.232539E-3,1.232539E-3,8.216927E-4,1.232539E-3,0,4.108463E-4,0,0,4.108463E-4,0,0,2.465078E-3,8.216927E-4,4.108463E-4,0,4.108463E-4,8.216927E-4,8.216927E-4,0,2.382909E-2,0,1.684470E-2,9.860312E-3,2.054232E-3,8.216927E-4,4.108463E-4,2.875924E-3,0,0,0,2.054232E-3,0,2.054232E-3,4.108463E-4,4.108463E-4,4.108463E-4,0,4.108463E-4,4.108463E-4,4.108463E-4,4.108463E-4,4.108463E-4,4.108463E-4,4.108463E-4,4.108463E-4,1.232539E-3,8.216927E-4,4.108463E-4,0,8.216927E-4,3.286771E-3,4.108463E-4,2.465078E-3,0,8.216927E-4,4.108463E-4,4.108463E-4,0,8.216927E-4,0,4.108463E-4,0,4.108463E-4,0,0,0,4.108463E-4,4.108463E-4,4.108463E-4,4.108463E-4,8.216927E-4,4.108463E-4,4.519310E-3,4.108463E-4,0,0,4.108463E-4,0,4.108463E-4,4.108463E-4,8.216927E-4,4.108463E-4,8.216927E-4,4.108463E-4,4.108463E-4,4.108463E-4,4.108463E-4,1.150370E-2,0,4.108463E-4,4.108463E-4,4.108463E-4,0,1.643385E-3,4.108463E-4,4.108463E-4,1.643385E-3,4.108463E-4,4.108463E-4,2.875924E-3,4.108463E-4,0,0,0,8.216927E-4,8.216927E-4,0,4.108463E-4,0,8.216927E-4,1.232539E-3,4.108463E-4,1.232539E-3,4.108463E-4,8.216927E-4,4.108463E-4,4.108463E-4,4.108463E-4,4.108463E-4,4.108463E-4,4.108463E-4,4.108463E-4,4.108463E-3,4.108463E-3,4.108463E-4,4.108463E-4,0,4.108463E-4,4.108463E-4,4.108463E-4,4.108463E-4,4.108463E-4,4.108463E-4,4.108463E-4,0,0,0,0,4.108463E-4,4.108463E-4,0,0,4.108463E-4,4.108463E-4,0,0,0,4.108463E-4,4.108463E-4,6.285949E-2,1.191454E-2,8.216927E-4,4.108463E-4,0,0,4.108463E-4,4.108463E-4,4.108463E-4,4.108463E-4,4.108463E-4,0,4.108463E-4,4.108463E-4,4.108463E-4,4.108463E-4,4.108463E-4,8.216927E-4,1.232539E-3,4.108463E-4,8.216927E-4,2.465078E-3,4.108463E-4,8.216927E-4,8.216927E-4,0,1.643385E-3,1.232539E-3,4.108463E-4,0,4.108463E-4,8.216927E-4,0,4.108463E-4,3.615448E-2,0,4.108463E-4,4.108463E-4,4.108463E-4,4.108463E-4,0,4.108463E-4,0,4.108463E-4,8.216927E-4,8.216927E-4,8.216927E-4,8.216927E-4,8.216927E-4,0,4.108463E-4,4.108463E-4,2.465078E-2,0,0,2.300740E-2,0,1.643385E-3,1.232539E-3,1.232539E-3,1.643385E-3,4.108463E-4,0,1.232539E-3,8.216927E-4,8.216927E-4,8.216927E-4,8.216927E-4,4.108463E-4,2.465078E-3,1.643385E-3,1.643385E-3,4.108463E-4,4.108463E-4,4.108463E-4,0,0,4.108463E-4,8.216927E-4,4.108463E-4,4.108463E-4,4.108463E-4,1.643385E-3,4.108463E-4,1.232539E-3,0,4.108463E-4,4.108463E-4,8.216927E-4,4.108463E-4,4.108463E-4,4.108463E-4,0,8.216927E-4,4.108463E-4,0,0,0,4.108463E-4,4.108463E-4,4.108463E-4,4.108463E-4,4.108463E-4,4.108463E-4,1.232539E-3,1.232539E-3,0,0,0,0,0,2.875924E-3,4.108463E-4,2.054232E-3,4.108463E-4,1.314708E-2,4.108463E-4,4.108463E-4,4.108463E-4,0,3.697617E-3,8.216927E-4,4.108463E-4,1.643385E-3,4.108463E-4,4.108463E-4,4.108463E-4,1.232539E-3,8.216927E-4,4.108463E-4,4.108463E-4,8.216927E-4,0,4.108463E-4,4.108463E-4,4.108463E-4,4.108463E-4,4.108463E-4,0,0,1.232539E-3,0,4.108463E-4,8.216927E-4,8.216927E-4,6.162695E-3,6.162695E-3,6.162695E-3,3.286771E-3,0,1.232539E-3,4.519310E-3,4.108463E-4,4.108463E-4,4.108463E-4,2.054232E-3,4.108463E-4,4.108463E-4,8.216927E-4,4.108463E-4,4.108463E-4,4.108463E-4,4.108463E-4,1.232539E-3,0,3.697617E-3,4.108463E-4,4.108463E-4,2.465078E-3,4.108463E-4,1.232539E-3,4.108463E-4,4.108463E-4,8.216927E-4,0,1.396878E-2,1.150370E-2,8.216927E-3,1.643385E-3,0,4.108463E-4,2.054232E-3,0,1.232539E-3,1.232539E-3,1.889893E-1,4.108463E-4,2.382909E-2,2.259655E-2,6.984388E-3,2.465078E-3,1.643385E-3,4.108463E-4,1.232539E-3,5.751849E-3,5.341002E-3,4.108463E-4,4.108463E-4,0,4.930156E-3,4.930156E-3,0,1.643385E-3,5.751849E-3,4.519310E-3,3.697617E-3,2.054232E-3,4.108463E-4,4.108463E-4,8.216927E-4,4.108463E-4,1.232539E-3,1.232539E-3,0,0,0,0,4.108463E-3,4.108463E-3,0,5.258833E-2,2.136401E-2,4.108463E-3,0,0,5.751849E-3,3.286771E-3,3.286771E-3,2.054232E-3,4.108463E-4,8.216927E-4,0,0,1.232539E-3,4.108463E-4,2.465078E-3,0,0,3.697617E-3,3.697617E-3,1.232539E-3,4.108463E-4,4.108463E-4,8.216927E-4,4.108463E-4,4.108463E-4,1.068200E-2,0,6.984388E-3,4.108463E-3,1.232539E-3,4.108463E-4,2.054232E-3,4.108463E-4,0,8.216927E-4,4.108463E-4,4.108463E-4,2.875924E-3,2.875924E-3,2.465078E-3,4.108463E-4,4.108463E-4,0,0,0,4.108463E-4,3.697617E-3,8.216927E-4,4.108463E-4,8.216927E-4,0,1.232539E-3,8.216927E-4,4.108463E-4,4.108463E-4,4.108463E-4,0,0,0,0,0,0,0,0,2.136401E-2,2.875924E-3,8.216927E-4,0,8.216927E-4,8.216927E-4,4.108463E-4,8.216927E-4,4.108463E-4,4.108463E-4,0,4.108463E-4,4.108463E-4,0,1.848809E-2,0,8.216927E-4,4.108463E-4,4.108463E-4,4.108463E-4,9.449466E-3,4.930156E-3,8.216927E-4,8.216927E-4,4.108463E-4,4.108463E-3,4.108463E-4,4.108463E-4,2.054232E-3,8.216927E-4,0,8.216927E-4,4.108463E-4,4.108463E-4,0,2.875924E-3,4.108463E-4,2.465078E-3,8.216927E-4,8.216927E-4,4.108463E-4,4.108463E-4,4.108463E-4,0,4.108463E-4,4.108463E-4,4.108463E-4,4.108463E-4,4.108463E-4,4.108463E-4,1.232539E-3,0,0,0,0,0,1.232539E-3,8.216927E-4,8.216927E-4,0,4.108463E-4,4.108463E-4,4.108463E-4,4.108463E-4,4.108463E-4,5.341002E-3,2.875924E-3,0,4.108463E-4,8.216927E-4,4.108463E-4,4.108463E-4,1.191454E-2,8.216927E-3,4.108463E-4,0,0,0,4.108463E-4,1.232539E-3,1.232539E-3,4.108463E-4,8.216927E-4,8.216927E-4,4.519310E-3,0,0,8.216927E-4,8.216927E-4,4.108463E-4,0,3.286771E-3,4.108463E-4,8.216927E-4,1.643385E-3,1.643385E-3,8.216927E-4,4.108463E-4,4.108463E-4,0,0,8.216927E-4,4.108463E-4,0,0,0,4.108463E-4,0,2.875924E-3,8.216927E-4,4.108463E-4,2.054232E-3,1.643385E-3,8.216927E-4,1.232539E-3,4.108463E-4,4.108463E-4,4.108463E-4,4.108463E-4,4.108463E-4,4.108463E-4,4.108463E-4,4.108463E-4,4.108463E-4,8.216927E-4,4.108463E-4,0,0,0,0,0,0,1.396878E-2,7.806081E-3,4.108463E-4,4.108463E-4,0,4.108463E-4,2.054232E-3,8.216927E-4,8.216927E-4,2.054232E-3,2.054232E-3,1.232539E-3,4.108463E-4,8.216927E-4,0,0,0,4.108463E-4,4.108463E-4,0,4.108463E-4,0,4.108463E-4,4.108463E-4,0,0,4.108463E-4,8.216927E-4,0,4.108463E-4,4.108463E-4,4.519310E-3,0,1.232539E-3,1.232539E-3,4.108463E-4,8.216927E-4,4.108463E-4,4.108463E-4,4.108463E-4,0,1.643385E-3,8.216927E-4,4.108463E-4,4.108463E-4,0,4.108463E-4,4.108463E-4,0,4.108463E-4,4.108463E-4,4.108463E-4,4.108463E-4,8.833196E-2,8.833196E-2,8.833196E-2,4.108463E-4,4.108463E-4,8.216927E-4,8.216927E-4,1.232539E-3,0,8.216927E-4,0,0,0,4.108463E-4,4.108463E-4,0,4.108463E-4,4.108463E-4,0,4.108463E-4,8.299096E-2,3.697617E-3,1.232539E-3,1.643385E-3,1.643385E-2,1.355793E-2,6.573541E-3,8.216927E-4,8.216927E-4,8.216927E-4,2.054232E-3,0,0,4.108463E-4,0,0,5.875103E-2,4.231717E-2,4.108463E-4,0,1.150370E-2,8.216927E-4,5.341002E-3,8.216927E-4,2.465078E-3,1.643385E-3,0,4.108463E-4,4.108463E-4,1.232539E-3,9.449466E-3,9.449466E-3,4.108463E-4,4.108463E-4,2.054232E-3,1.602301E-2,8.216927E-4,1.520131E-2,1.643385E-3,8.216927E-4,8.216927E-4,4.108463E-4,0,0,0,8.216927E-4,4.108463E-4,4.108463E-4,8.216927E-3,8.216927E-4,8.216927E-3,1.232539E-3,4.108463E-4,8.216927E-4,8.216927E-4,4.108463E-4,4.108463E-3,8.216927E-4,3.697617E-3,1.643385E-3,0,0,0,4.108463E-4,1.643385E-3,8.216927E-4,8.216927E-4,4.108463E-4,1.232539E-3,4.108463E-4,4.108463E-4,0,4.108463E-4,0,0,0,0,0,0,0,0,4.108463E-4,4.108463E-4,0,0,0,0,0,0,0,0,0,0,0,0,0,0,0,0,4.108463E-4,4.108463E-4,4.108463E-4,0,0,0,0,0,0,2.341824E-2,8.216927E-4,4.108463E-4,7.395234E-3,0,5.341002E-3,4.108463E-4,0,0,4.108463E-4,0,4.108463E-4,8.216927E-4,4.108463E-4,4.108463E-4,1.643385E-3,0,4.108463E-4,1.643385E-3,1.643385E-3,1.643385E-3,4.108463E-4,8.216927E-4,4.108463E-4,0,4.108463E-4,4.108463E-4,0,1.643385E-3,8.216927E-4,4.108463E-4,4.108463E-4,9.038620E-3,8.216927E-3,4.108463E-4,0,8.216927E-4,0,4.108463E-4,4.108463E-4,4.108463E-4,0,4.108463E-4,4.108463E-4,2.054232E-3,4.108463E-4,4.108463E-4,4.108463E-4,4.108463E-4,0,0,4.108463E-4,0,0,8.216927E-4,1.232539E-3,4.108463E-4,4.108463E-4,4.108463E-4,4.108463E-3,2.054232E-3,1.232539E-3,8.216927E-4,4.108463E-4,8.216927E-4,4.108463E-4,0,4.108463E-4,4.108463E-4,1.232539E-3,1.232539E-3,1.643385E-3,8.216927E-4,8.216927E-4,4.108463E-4,0,4.108463E-4,4.108463E-4,4.108463E-4,4.108463E-4,4.108463E-4,1.068200E-2,1.232539E-3,1.232539E-3,4.108463E-4,1.232539E-3,0,0,2.054232E-3,8.216927E-4,4.108463E-4,0,0,4.108463E-4,0,0,1.232539E-3,0,8.216927E-4,4.108463E-4,0,6.162695E-3,8.216927E-4,2.465078E-3,2.465078E-3,4.108463E-4,8.216927E-4,0,4.108463E-4,4.108463E-4,0,4.108463E-4,4.108463E-4,4.108463E-4,4.108463E-4,2.465078E-2,1.027116E-2,1.027116E-2,4.108463E-4,4.108463E-4,4.108463E-4,4.108463E-4,4.108463E-4,4.108463E-4,4.108463E-4,4.108463E-4,4.108463E-4,8.216927E-4,4.108463E-4,0,8.216927E-4,1.232539E-3,8.216927E-4,4.108463E-4,4.108463E-4,4.108463E-4,8.216927E-4,4.108463E-4,6.573541E-3,3.286771E-3,4.108463E-4,4.108463E-4,4.108463E-4,4.108463E-4,4.108463E-4,4.108463E-4,2.465078E-3,8.216927E-4,8.216927E-4,8.216927E-4,8.216927E-4,8.216927E-4,4.108463E-4,8.216927E-4,8.216927E-4,8.216927E-4,4.108463E-4,0,8.627773E-3,0,0,0,4.108463E-4,0,0,4.108463E-4,4.108463E-4,0,0,1.232539E-3,4.108463E-4,4.108463E-4,2.465078E-3,8.216927E-4,4.108463E-4,4.108463E-4,0,4.108463E-4,4.108463E-4,8.216927E-4,4.108463E-4,0,4.108463E-4,2.465078E-3,8.216927E-4,0,4.108463E-4,4.108463E-4,8.216927E-4,4.108463E-4,4.108463E-4,4.108463E-4,4.108463E-4,4.108463E-4,4.108463E-4,0,0,0,0,0,0,0,0,0,6.984388E-3,4.519310E-3,1.643385E-3,8.216927E-4,4.108463E-4,4.108463E-4,1.355793E-2,1.643385E-3,2.465078E-3,2.054232E-3,8.216927E-4,8.216927E-4,4.108463E-4,4.108463E-4,8.216927E-4,4.108463E-4,0,6.984388E-3,6.984388E-3,1.232539E-3,0,4.108463E-4,0,0,0,7.559573E-2,4.889071E-2,3.697617E-3,7.806081E-3,5.341002E-3,7.888250E-2,4.930156E-3,8.216927E-4,1.643385E-3,4.108463E-4,8.216927E-4,2.054232E-3,4.108463E-4,0,7.395234E-3,0,6.614626E-2,4.108463E-4,1.232539E-3,4.560394E-2,1.232539E-3,3.245686E-2,0,8.216927E-4,4.108463E-4,1.232539E-3,3.697617E-3,1.232539E-3,2.875924E-3,4.108463E-4,1.232539E-3,1.232539E-3,8.216927E-4,8.216927E-4,4.108463E-4,4.108463E-4,4.108463E-4,8.216927E-4,4.108463E-4,8.216927E-4,8.216927E-4,8.216927E-4,4.108463E-4,8.216927E-4,1.232539E-3,0,0,0,4.108463E-4,4.108463E-4,4.108463E-4,4.108463E-4,2.013147E-2,0,0,0,1.273624E-2,1.150370E-2,8.627773E-3,4.108463E-4,4.108463E-4,4.108463E-4,6.984388E-3,4.108463E-4,4.108463E-4,1.643385E-3,1.643385E-3,8.216927E-4,1.232539E-3,4.108463E-4,4.108463E-4,1.643385E-3,4.108463E-4,4.108463E-4,4.108463E-4,4.108463E-4,0,0,0,0,0,0,0,0,0,0,7.806081E-3,8.216927E-4,8.216927E-4,4.108463E-4,4.108463E-4,0,0,5.751849E-3,1.643385E-3,2.465078E-3,1.232539E-3,8.216927E-4,1.643385E-3,4.108463E-4,4.108463E-4,4.108463E-4,0,0,4.108463E-4,8.216927E-4,8.216927E-4,4.108463E-4,1.643385E-2,1.314708E-2,0,4.108463E-4,4.108463E-4,1.273624E-2,2.465078E-3,0,4.108463E-4,1.232539E-3,8.216927E-4,0,4.108463E-4,8.216927E-4,4.108463E-4,4.108463E-4,4.108463E-4,4.108463E-4,2.465078E-3,8.216927E-4,0,0,0,4.108463E-4,8.216927E-4,4.108463E-4,0,1.232539E-3,8.216927E-4,8.216927E-4,6.573541E-3,0,0,0,0,2.054232E-3,0,4.108463E-4,0,2.054232E-3,8.216927E-4,4.108463E-4,0,0,0,4.519310E-3,4.108463E-4,0,0,4.108463E-4,4.108463E-4,8.216927E-4,8.216927E-4,4.108463E-4,4.108463E-4,4.108463E-4,4.108463E-4,1.643385E-3,4.108463E-4,8.216927E-4,4.108463E-4,0,0,0,0,6.573541E-3,8.216927E-4,8.216927E-4,4.108463E-4,4.108463E-4,6.573541E-3,6.162695E-3,4.108463E-4,6.162695E-3,2.465078E-3,1.643385E-3,6.162695E-3,2.465078E-3,1.232539E-3,2.054232E-3,0,0,4.108463E-4,4.108463E-4,2.465078E-3,4.108463E-4,0,0,0,3.697617E-3,1.232539E-3,1.643385E-3,1.643385E-3,1.232539E-3,8.216927E-4,0,8.216927E-4,4.108463E-4,4.108463E-4,4.108463E-4,0,0,3.286771E-3,1.643385E-3,8.216927E-4,4.108463E-4,4.108463E-4,8.216927E-4,4.108463E-4,0,0,0,4.108463E-4,0,4.108463E-4,1.232539E-3,8.216927E-4,4.108463E-4,0,4.108463E-4,4.108463E-4,0,0,0,0,0,4.108463E-4,0,0,0,4.108463E-4,0,0,0,0,0,0,0,0,0,0,9.860312E-3,7.806081E-3,4.108463E-4,2.054232E-3,5.341002E-3,4.108463E-4,4.108463E-4,4.108463E-4,2.054232E-3,2.054232E-3,2.054232E-3,0,3.697617E-3,4.108463E-4,3.286771E-3,2.054232E-3,1.232539E-3,4.108463E-4,4.108463E-4,0,4.108463E-4,4.108463E-4,4.108463E-4,0,0,4.108463E-4,4.108463E-4,0,4.108463E-4,2.054232E-3,4.108463E-4,0,1.232539E-3,1.232539E-3,8.216927E-4,4.108463E-4,8.216927E-4,4.108463E-4,0,6.084634E-1,0,2.341824E-2,4.108463E-4,1.959737E-1,1.109285E-2,2.875924E-3,0,0,4.108463E-4,8.216927E-4,0,8.216927E-4,8.216927E-4,4.108463E-4,6.984388E-3,4.930156E-3,0,4.108463E-4,2.095316E-2,1.273624E-2,8.216927E-4,5.341002E-3,4.108463E-4,4.108463E-4,8.216927E-3,5.751849E-3,4.108463E-4,8.216927E-4,4.108463E-4,4.108463E-4,4.108463E-4,4.108463E-4,4.108463E-4,4.108463E-4,0,2.382909E-2,1.232539E-3,1.232539E-3,1.396878E-2,3.286771E-3,4.108463E-4,8.216927E-4,1.643385E-3,4.108463E-4,8.216927E-4,6.984388E-3,3.697617E-3,4.108463E-4,8.216927E-4,4.108463E-4,0,4.108463E-4,4.108463E-4,4.108463E-4,4.108463E-4,6.162695E-3,4.108463E-4,1.232539E-3,4.067379E-2,4.108463E-4,4.108463E-4,4.108463E-4,7.806081E-3,2.054232E-3,5.751849E-3,4.108463E-4,8.216927E-4,4.108463E-4,8.216927E-4,1.643385E-3,1.643385E-3,8.216927E-4,4.108463E-4,4.108463E-4,4.108463E-4,4.108463E-4,4.108463E-3,4.108463E-3,4.108463E-4,1.930978E-2,6.984388E-3,8.216927E-4,3.286771E-3,4.108463E-4,8.216927E-4,4.108463E-4,4.108463E-4,1.150370E-2,1.068200E-2,4.930156E-3,1.232539E-3,0,8.216927E-4,4.519310E-3,8.216927E-4,4.108463E-3,4.108463E-3,3.697617E-3,1.232539E-3,1.232539E-3,4.108463E-4,0,4.519310E-3,0,0,1.232539E-3,5.341002E-3,4.108463E-4,4.108463E-4,1.643385E-3,9.038620E-3,8.216927E-4,4.108463E-4,4.108463E-4,2.875924E-3,4.108463E-4,4.108463E-4,5.341002E-3,4.108463E-4,1.232539E-3,9.038620E-3,8.216927E-4,4.108463E-4,8.216927E-3,4.930156E-3,8.216927E-3,0,1.643385E-3,2.054232E-3,3.040263E-2,4.108463E-4,2.054232E-3,4.108463E-4,8.216927E-4,2.054232E-3,4.108463E-4,0,8.216927E-4,2.382909E-2,7.395234E-3,1.027116E-2,4.108463E-4,8.216927E-4,0,2.013147E-2,4.519310E-3,1.232539E-3,8.216927E-4,8.216927E-4,8.216927E-4,8.216927E-4,4.108463E-4,4.108463E-4,0,0,0,0,0,0,4.108463E-4,4.108463E-4,4.108463E-4,0,5.341002E-3,4.108463E-4,3.286771E-3,4.108463E-4,1.027116E-2,1.027116E-2,9.449466E-3,1.232539E-3,4.108463E-4,4.108463E-4,4.108463E-4,3.697617E-3,1.232539E-3,1.643385E-3,4.108463E-4,4.108463E-4,0,2.465078E-3,4.108463E-4,0,0,0,2.054232E-3,0,1.643385E-3,4.108463E-4,3.348398E-1,2.033689E-1,4.108463E-4,4.108463E-4,4.108463E-4,2.013147E-2,1.643385E-3,4.108463E-4,1.561216E-2,2.465078E-3,1.273624E-2,2.875924E-3,6.984388E-3,4.108463E-3,4.519310E-3,2.875924E-3,4.108463E-4,2.054232E-3,2.875924E-3,0,3.697617E-3,1.027116E-2,0,4.108463E-4,4.108463E-4,4.108463E-4,0,0,1.643385E-1,1.458505E-1,1.930978E-2,0,4.108463E-4,4.108463E-4,5.751849E-3,2.875924E-3,1.232539E-3,0,1.647494E-1,8.216927E-4,2.875924E-3,4.108463E-4,1.626952E-1,1.561216E-2,6.162695E-3,8.216927E-4,8.216927E-4,5.176664E-2,5.341002E-3,2.054232E-3,0,0,6.162695E-3,8.216927E-4,0,4.108463E-4,4.108463E-4,3.861956E-2,2.054232E-3,8.216927E-4,0,0,0,1.602301E-2,4.108463E-4,1.232539E-3,8.216927E-4,4.108463E-4,4.108463E-4,4.108463E-4,9.860312E-3,1.232539E-3,5.751849E-3,0,1.643385E-3,8.216927E-4,4.108463E-4,0,4.108463E-4,0,1.520131E-2,1.232539E-3,4.108463E-4,1.232539E-3,0,0,0,1.109285E-2,4.108463E-3,0,7.806081E-3,0,0,0,0,0,2.719803E-1,8.216927E-4,0,0,4.108463E-4,2.481512E-1,0,1.322925E-1,3.697617E-3,2.465078E-3,4.108463E-4,1.232539E-3,8.216927E-4,6.573541E-3,4.108463E-4,4.108463E-4,8.216927E-4,2.423993E-2,1.643385E-3,2.875924E-3,8.216927E-4,4.108463E-4,4.108463E-4,4.108463E-4,0,1.314708E-2,2.054232E-3,0,0,8.216927E-4,7.806081E-3,2.465078E-3,0,0,8.216927E-3,3.697617E-3,3.286771E-3,1.643385E-3,0,1.848809E-2,6.984388E-3,3.286771E-3,0,0,3.697617E-2,2.999178E-2,2.465078E-2,2.177486E-2,4.108463E-4,2.054232E-3,4.108463E-4,4.108463E-4,3.286771E-3,3.286771E-3,8.216927E-4,1.232539E-3,1.232539E-3,8.216927E-4,4.108463E-4,4.108463E-4,0,1.643385E-3,4.108463E-4,2.054232E-3,8.216927E-4,1.154478E-1,6.162695E-3,1.232539E-3,4.108463E-4,4.108463E-4,1.643385E-3,8.216927E-4,0,1.643385E-3,0,0,1.643385E-3,1.643385E-3,2.177486E-2,1.232539E-3,8.216927E-4,4.108463E-4,4.108463E-4,1.396878E-2,9.038620E-3,4.108463E-3,1.232539E-3,1.232539E-3,4.108463E-4,1.643385E-3,4.108463E-3,1.643385E-3,1.232539E-3,1.643385E-3,4.108463E-4,4.108463E-4,4.108463E-4,1.232539E-3,1.355793E-2,8.216927E-4,1.643385E-3,2.465078E-3,1.232539E-3,2.875924E-3,4.108463E-4,0,0,8.216927E-4,0,2.465078E-3,8.216927E-4,8.216927E-4,4.108463E-4,8.216927E-4,4.108463E-4,4.108463E-4,0,4.108463E-4,4.108463E-4,2.875924E-3,2.875924E-3,2.465078E-3,4.108463E-4,1.232539E-3,1.232539E-3,4.108463E-4,5.751849E-3,5.751849E-3,0,1.684470E-2,1.684470E-2,2.875924E-3,4.108463E-4,2.054232E-3,2.054232E-3,0,0,0,0,0,3.286771E-3,6.573541E-3,1.232539E-3,4.108463E-4,0,0,0,8.216927E-4,2.875924E-3,4.108463E-4,2.465078E-3,0,3.286771E-3,8.216927E-4,2.465078E-3,0,2.465078E-3,1.232539E-3,0,8.216927E-4,0,8.216927E-4,4.108463E-4,4.108463E-4,8.216927E-4,4.806902E-2,4.108463E-4,4.765818E-2,2.875924E-3,4.108463E-4,8.216927E-4,4.108463E-4,4.108463E-4,4.108463E-4,4.108463E-4,0,9.860312E-3,0,8.216927E-4,4.108463E-4,4.108463E-4,3.286771E-3,3.286771E-3,1.643385E-3,8.216927E-4,1.643385E-3,1.232539E-3,4.108463E-4,8.627773E-3,0,7.806081E-3,1.232539E-3,1.232539E-3,0,0,6.573541E-3,1.232539E-3,5.341002E-3,0,5.341002E-3,8.216927E-4,4.108463E-4,4.108463E-4,4.108463E-4,1.232539E-3,1.232539E-3,1.602301E-2,1.191454E-2,1.232539E-3,4.108463E-4,4.108463E-4,1.150370E-2,4.108463E-3,3.697617E-3,4.108463E-4,4.108463E-4,0,0,0,0,1.643385E-3,0,1.643385E-3,1.232539E-3,4.108463E-4,6.491372E-2,1.725555E-2,1.396878E-2,8.216927E-3,2.875924E-3,2.465078E-3,1.232539E-3,2.054232E-3,6.162695E-3,8.216927E-4,4.930156E-3,4.108463E-4,4.519310E-3,4.519310E-3,1.232539E-3,4.108463E-4,4.108463E-4,4.149548E-2,3.451109E-2,2.259655E-2,1.602301E-2,4.108463E-3,1.232539E-3,1.232539E-3,8.216927E-4,4.108463E-4,0,8.216927E-4,2.054232E-3,0,1.848809E-2,9.038620E-3,2.054232E-3,4.930156E-3,4.108463E-4,4.108463E-4,9.428924E-1,2.095316E-2,8.216927E-4,0,2.506163E-2,0,4.108463E-3,4.108463E-3,4.108463E-3,0,0,6.532457E-2,8.216927E-4,2.054232E-3,1.232539E-3,4.108463E-4,2.465078E-3,0,1.232539E-3,0,0,8.216927E-4,0,8.216927E-4,1.232539E-3,2.054232E-3,0,0,0,4.108463E-4,8.216927E-4,0,4.108463E-4,8.216927E-4,8.216927E-4,1.232539E-3,2.465078E-3,0,0,2.054232E-3,0,0,0,0,0,0,4.108463E-4,4.108463E-4,4.108463E-4,0,0,0,2.465078E-3,2.465078E-3,4.108463E-4,4.108463E-4,4.108463E-4,5.341002E-3,8.216927E-4,4.108463E-4,0,0,0,0,0,0,0,0,0,4.108463E-3,0,0,3.697617E-3,2.054232E-3,1.643385E-3,1.643385E-3,1.232539E-3,1.232539E-3,0,0,0,0,4.108463E-4,8.216927E-4,8.216927E-4,4.108463E-4,4.108463E-4,4.108463E-4,0,0,2.465078E-3,2.054232E-3,4.108463E-4,8.216927E-4,4.108463E-4,8.216927E-4,8.216927E-4,8.216927E-4,4.108463E-4,4.108463E-4,3.081348E-2,4.108463E-3,2.465078E-3,0,7.806081E-3,4.108463E-4,0,1.889893E-2,3.286771E-3,9.038620E-3,2.054232E-3,5.341002E-3,1.232539E-3,1.232539E-3,1.232539E-3,0,8.216927E-4,4.108463E-4,4.108463E-4,8.216927E-3,8.216927E-4,0,0,4.108463E-4,4.108463E-4,0,6.984388E-3,4.108463E-4,2.465078E-3,3.286771E-3,1.643385E-3,1.639277E-1,1.109285E-2,1.516023E-1,1.425637E-1,9.038620E-3,8.216927E-4,8.216927E-4,8.216927E-4,9.235826E-1,9.860312E-3,6.984388E-3,7.518488E-2,8.216927E-4,4.519310E-3,4.108463E-4,4.108463E-4,4.108463E-4,2.054232E-3,3.697617E-3,2.095316E-2,2.095316E-2,2.013147E-2,2.465078E-3,0,3.903040E-2,1.437962E-2,2.793755E-2,4.108463E-4,1.191454E-2,1.643385E-3,4.108463E-4,4.108463E-4,1.643385E-3,8.216927E-4,8.216927E-4,0,8.216927E-4,8.216927E-4,0,0,4.108463E-3,1.232539E-3,8.216927E-4,4.108463E-4,4.108463E-4,1.643385E-3,1.643385E-3,1.643385E-3,8.562038E-1,1.314708E-2,5.751849E-3,3.286771E-3,2.054232E-3,0,4.108463E-4,0,4.108463E-4,4.108463E-4,4.108463E-4,1.232539E-3,4.108463E-4,4.519310E-3,8.216927E-4,8.216927E-4,2.875924E-3,2.875924E-3,8.216927E-4,8.216927E-4,2.189811E-1,8.216927E-3,8.216927E-3,1.232539E-3,1.232539E-3,8.216927E-4,4.108463E-4,4.108463E-4,4.108463E-4,2.875924E-3,8.216927E-4,8.216927E-4,1.232539E-3,4.108463E-4,4.108463E-4,8.216927E-4,2.465078E-3,2.875924E-3,4.108463E-4,8.216927E-4,1.643385E-3,2.465078E-3,0,0,4.108463E-4,2.875924E-3,4.108463E-4,0,0,8.216927E-4,1.232539E-3,8.216927E-4,4.108463E-4,1.232539E-3,0,4.108463E-4,8.216927E-4,0,4.108463E-4,0,1.643385E-3,0,4.108463E-4,4.108463E-4,0,8.216927E-4,8.216927E-4,8.216927E-4,0,8.216927E-4,1.232539E-3,8.216927E-4,8.216927E-4,0,4.556286E-1,3.640099E-1,2.300740E-1,7.723911E-2,1.561216E-2,0,1.191454E-2,1.150370E-2,4.108463E-4,1.232539E-3,3.245686E-2,1.643385E-3,2.341824E-2,2.875924E-3,1.273624E-2,1.027116E-2,4.108463E-4,4.108463E-3,4.108463E-3,1.142153E-1,1.191454E-2,1.027116E-2,8.216927E-3,1.027116E-2,8.627773E-3,5.751849E-3,4.108463E-4,4.108463E-4,0,4.149548E-2,6.984388E-3,8.216927E-3,2.875924E-3,1.643385E-3,6.573541E-3,1.643385E-3,1.643385E-3,2.465078E-3,8.216927E-4,9.449466E-3,8.216927E-4,5.751849E-3,4.930156E-3,3.286771E-3,0,1.643385E-3,8.216927E-4,8.216927E-4,8.216927E-4,8.216927E-4,2.506163E-2,2.506163E-2,8.216927E-3,1.972062E-2,6.162695E-3,2.875924E-2,2.875924E-2,1.889893E-2,3.286771E-3,6.162695E-3,4.108463E-4,4.108463E-4,5.751849E-3,4.930156E-3,4.108463E-4,0,2.054232E-3,4.108463E-4,4.108463E-4,1.232539E-3,1.232539E-3,1.232539E-3,4.108463E-4,0,1.598192E-1,0,2.875924E-3,3.286771E-3,7.395234E-3,9.860312E-2,8.216927E-4,2.054232E-3,1.643385E-3,0,0,8.216927E-4,8.216927E-4,8.216927E-4,8.216927E-4,8.216927E-4,4.108463E-4,1.643385E-3,4.108463E-4,1.232539E-3,0,8.216927E-4,8.216927E-4,8.216927E-4,1.232539E-3,8.216927E-4,8.216927E-4,8.216927E-4,8.216927E-4,1.232539E-3,8.216927E-4,4.108463E-4,8.216927E-3,4.108463E-4,2.875924E-3,4.108463E-4,1.232539E-3,1.232539E-3,0,8.216927E-4,2.875924E-3,8.216927E-4,4.108463E-4,4.108463E-4,8.216927E-4,4.108463E-4,4.108463E-4,2.054232E-3,1.561216E-2,2.054232E-3,1.232539E-3,0,4.108463E-4,1.232539E-3,0,8.627773E-3,6.573541E-3,1.232539E-3,1.232539E-3,4.108463E-4,4.108463E-4,4.108463E-4,2.465078E-3,8.216927E-4,1.643385E-3,0,0,0,0,0,0,0,4.930156E-3,1.232539E-3,1.232539E-3,8.216927E-4,1.643385E-3,2.054232E-3,8.216927E-4,1.643385E-3,4.108463E-4,4.108463E-4,8.216927E-4,2.054232E-3,1.232539E-3,5.106820E-1,8.216927E-4,4.108463E-4,4.108463E-4,0,0,0,5.053410E-2,2.875924E-2,8.216927E-3,8.216927E-3,2.013147E-2,2.218570E-2,6.573541E-3,6.573541E-3,1.561216E-2,3.656532E-2,0,0,2.465078E-3,0,0,0,0,0,1.232539E-3,8.216927E-4,4.108463E-4,0,0,0,0,4.930156E-3,1.232539E-3,0,0,1.232539E-3,8.216927E-4,1.232539E-3,1.643385E-3,8.216927E-4,8.216927E-4,1.232539E-3,0,0,8.216927E-4,2.054232E-3,2.054232E-3,4.108463E-4,2.095316E-2,6.984388E-3,0,1.314708E-2,4.108463E-4,8.216927E-4,1.877568E-1,2.875924E-3,4.108463E-4,4.108463E-4,1.643385E-3,4.108463E-4,4.108463E-4,4.108463E-4,4.519310E-3,3.286771E-3,8.216927E-4,4.108463E-4,3.286771E-3,8.216927E-4,0,4.108463E-4,4.108463E-4,1.232539E-3,8.216927E-4,1.109285E-2,8.216927E-4,8.216927E-3,2.506163E-2,1.684470E-2,9.449466E-3,3.286771E-3,6.573541E-3,8.216927E-4,8.216927E-4,8.216927E-4,0,3.286771E-3,2.465078E-3,2.465078E-3,6.162695E-3,2.054232E-3,0,0,1.643385E-3,0,4.108463E-4,4.108463E-4,8.216927E-4,0,1.027116E-2,1.027116E-2,1.643385E-3,2.465078E-3,2.875924E-3,8.216927E-4,2.054232E-3,4.108463E-4,5.341002E-3,5.341002E-3,0,0,0,0,1.643385E-3,1.643385E-3,1.232539E-3,8.216927E-4,8.216927E-4,2.465078E-3,1.479047E-2,1.232539E-3,1.643385E-3,4.108463E-4,4.108463E-4,8.216927E-4,8.216927E-4,4.108463E-4,8.216927E-4,0,8.216927E-4,8.216927E-4,8.216927E-4,4.108463E-4,1.232539E-3,9.038620E-3,4.108463E-4,4.108463E-4,4.149548E-2,2.875924E-3,8.216927E-4,1.643385E-3,4.108463E-4,1.232539E-3,4.108463E-4,9.038620E-3,4.519310E-3,4.519310E-3,4.108463E-3,8.216927E-4,8.216927E-4,8.216927E-4,4.108463E-4,4.108463E-3,1.643385E-3,2.465078E-3,2.465078E-3,1.232539E-3,1.232539E-3,4.519310E-3,2.054232E-3,2.875924E-3,4.519310E-3,4.108463E-3,3.697617E-3,4.108463E-4,4.108463E-4,4.108463E-4,1.232539E-3,4.108463E-4,8.216927E-4,0,4.108463E-4,9.449466E-3,4.108463E-4,0,4.108463E-4,4.519310E-3,2.465078E-3,4.108463E-4,4.108463E-4,8.216927E-4,4.108463E-4,2.054232E-3,1.232539E-3,8.216927E-4,8.216927E-4,8.216927E-4,9.860312E-3,2.875924E-3,3.286771E-3,8.216927E-4,4.108463E-4,4.108463E-4,0,1.232539E-3,8.216927E-4,0,8.216927E-4,4.108463E-4,4.108463E-4,4.108463E-4,4.108463E-4,5.299918E-2,3.697617E-3,2.054232E-3,1.232539E-3,8.216927E-4,5.341002E-3,8.216927E-4,1.561216E-2,4.108463E-4,1.232539E-3,1.232539E-3,1.643385E-3,1.232539E-3,1.232539E-3,4.108463E-4,4.108463E-4,1.232539E-3,0,0,1.643385E-3,8.216927E-4,1.643385E-3,8.216927E-4,1.232539E-3,4.108463E-4,1.643385E-3,8.216927E-4,1.232539E-3,4.519310E-3,3.286771E-3,8.216927E-4,1.027116E-2,2.054232E-3,3.697617E-3,2.054232E-3,1.232539E-3,8.216927E-4,8.216927E-4,4.108463E-4,3.286771E-3,2.054232E-3,2.054232E-3,2.875924E-3,2.875924E-3,8.216927E-4,4.108463E-4,2.465078E-3,1.643385E-3,2.054232E-3,2.259655E-2,2.054232E-3,1.232539E-3,0,8.216927E-4,1.807724E-2,4.108463E-3,1.232539E-3,4.108463E-4,1.232539E-3,2.054232E-3,8.216927E-4,1.232539E-3,8.216927E-4,6.984388E-3,4.108463E-4,4.108463E-4,2.875924E-3,1.232539E-3,1.643385E-3,0,0,4.108463E-4,4.108463E-4,8.751027E-2,1.232539E-3,1.437962E-2,2.423993E-2,4.396056E-2,9.860312E-3,2.958094E-2,2.958094E-2,4.108463E-4,4.108463E-4,5.751849E-3,0,4.108463E-4,8.216927E-4,0,4.108463E-4,8.627773E-3,4.108463E-4,0,8.216927E-3,3.697617E-3,3.697617E-3,2.875924E-3,4.108463E-4,1.643385E-3,8.216927E-4,1.396878E-2,8.216927E-4,8.216927E-4,8.216927E-4,1.232539E-3,4.108463E-4,1.643385E-3,2.465078E-3,2.054232E-3,4.108463E-4,1.232539E-3,0,4.108463E-4,2.054232E-3,0,4.108463E-4,4.108463E-3,4.108463E-4,1.232539E-3,4.108463E-4,0,1.643385E-3,1.232539E-3,1.232539E-3,4.108463E-4,0,8.216927E-4,0,0,4.272802E-2,3.697617E-3,1.150370E-2,4.108463E-4,1.109285E-2,1.232539E-3,4.108463E-4,3.286771E-3,2.054232E-3,2.054232E-3,4.108463E-3,1.643385E-3,1.232539E-3,2.465078E-3,8.216927E-4,4.108463E-4,2.054232E-3,8.216927E-4,1.643385E-3,8.216927E-4,1.355793E-2,2.465078E-3,4.108463E-4,0,1.643385E-3,3.697617E-3,4.108463E-4,4.108463E-4,4.108463E-4,4.108463E-4,8.216927E-4,2.054232E-3,1.232539E-3,4.108463E-4,0,4.108463E-4,1.643385E-3,1.520131E-2,1.314708E-2,4.108463E-3,4.108463E-4,0,8.216927E-4,0,0,3.286771E-3,0,2.054232E-3,0,1.232539E-3,1.232539E-3,4.108463E-4,4.108463E-4,4.396056E-2,1.643385E-3,2.588332E-2,8.216927E-4,8.216927E-4,1.232539E-3,4.108463E-4,1.643385E-3,1.232539E-3,8.216927E-4,2.465078E-3,2.465078E-3,4.108463E-4,1.643385E-3,0,8.216927E-4,1.191454E-2,8.216927E-4,7.806081E-3,4.108463E-3,1.232539E-3,2.054232E-3,1.232539E-3,2.465078E-3,2.054232E-3,6.820049E-2,4.108463E-4,2.875924E-3,2.465078E-3,8.216927E-4,2.465078E-3,2.054232E-3,8.216927E-4,1.232539E-3,4.108463E-3,4.396056E-2,1.643385E-3,4.108463E-4,1.643385E-3,8.216927E-4,4.108463E-4,4.108463E-4,1.150370E-2,1.150370E-2,0,2.054232E-3,2.054232E-3,8.216927E-4,8.216927E-4,8.216927E-4,4.108463E-4,4.108463E-4,8.216927E-4,4.108463E-4,4.108463E-4,4.108463E-4,8.216927E-4,0,8.216927E-4,8.216927E-4,0,4.108463E-4,8.216927E-4,4.108463E-4,8.216927E-4,4.108463E-4,2.054232E-3,2.054232E-3,1.643385E-3,0,2.999178E-2,2.875924E-3,1.232539E-3,1.643385E-3,1.232539E-3,6.162695E-3,2.875924E-3,1.232539E-3,8.216927E-4,4.108463E-4,4.108463E-4,4.108463E-4,0,2.054232E-2,1.602301E-2,8.216927E-4,6.573541E-3,4.108463E-4,4.108463E-4,4.108463E-4,4.108463E-4,2.054232E-3,4.108463E-4,3.697617E-3,1.232539E-3,8.216927E-4,8.216927E-4,4.108463E-4,4.108463E-4,3.861956E-2,2.054232E-3,1.232539E-3,1.643385E-3,8.216927E-4,4.108463E-4,3.286771E-2,8.216927E-4,2.465078E-2,2.465078E-2,4.108463E-4,2.054232E-3,1.232539E-3,4.108463E-4,2.465078E-3,2.054232E-3,1.643385E-3,0,8.216927E-4,1.232539E-3,6.162695E-3,0,6.162695E-3,4.108463E-4,3.697617E-3,2.465078E-3,2.465078E-3,4.108463E-4,4.108463E-4,0,0,0,0,0,0,0,0,0,4.108463E-4,8.216927E-4,0,0,4.108463E-4,4.108463E-4,2.465078E-2,8.216927E-4,1.643385E-3,2.013147E-2,1.561216E-2,1.232539E-3,0,1.643385E-3,2.875924E-3,2.465078E-3,0,8.216927E-4,4.108463E-4,4.108463E-4,4.108463E-4,1.232539E-3,8.216927E-4,4.108463E-4,4.108463E-4,4.108463E-4,4.108463E-4,2.054232E-3,2.054232E-3,1.232539E-3,8.216927E-4,0,2.875924E-3,2.875924E-3,1.643385E-3,8.216927E-4,4.108463E-4,4.108463E-4,4.108463E-4,8.216927E-4,0,4.108463E-4,0,8.216927E-4,0,0,0,0,0,9.778143E-1,0,0,0,0,0,6.643385E-1,5.550534E-1,0,0,0,2.707477E-1,1.992605E-1,0,4.519310E-3,2.465078E-3,2.054232E-3,0,0,0,0,0,0,0,0,8.216927E-4,4.108463E-4,0,0,0,0,0,0,0,0,4.108463E-4,0,0,0,0,0,0,0,0,0,0,0,0,0,0,0,0,0,2.054232E-3,1.643385E-3,4.108463E-4,0,0,1.947412E-1,8.833196E-2,1.150370E-2,1.232539E-3,2.465078E-3,0,4.108463E-4,4.108463E-4,2.875924E-3,2.465078E-3,8.216927E-4,8.216927E-4,2.465078E-3,8.216927E-4,4.108463E-4,1.561216E-2,8.216927E-3,4.108463E-4,4.108463E-3,4.108463E-3,2.465078E-3,2.875924E-3,8.216927E-4,4.108463E-4,1.068200E-2,4.108463E-4,4.108463E-4,4.108463E-4,5.628595E-2,1.602301E-2,1.437962E-2,6.162695E-3,4.108463E-4,3.286771E-3,1.643385E-3,0,4.519310E-3,7.395234E-3,8.216927E-4,8.216927E-4,0,4.108463E-4,4.108463E-4,5.751849E-3,2.054232E-3,3.697617E-3,8.216927E-4,1.437962E-2,6.573541E-3,8.216927E-4,0,1.232539E-3,4.108463E-4,8.216927E-4,8.216927E-4,1.643385E-3,8.216927E-4,1.232539E-3,8.216927E-4,8.216927E-4,8.216927E-4,8.216927E-4,8.216927E-4,0,2.423993E-2,8.627773E-3,6.573541E-3,4.108463E-4,1.232539E-3,8.216927E-4,1.314708E-2,1.314708E-2,2.054232E-3,1.232539E-3,2.875924E-3,2.054232E-3,8.216927E-4,2.465078E-3,4.108463E-4,1.232539E-3,4.108463E-4,1.232539E-3,4.108463E-4,3.697617E-3,2.875924E-3,0,0,4.108463E-3,1.232539E-3,8.216927E-4,0,8.216927E-4,1.232539E-3,0,0,8.216927E-4,4.108463E-4,0,0,1.170912E-1,4.108463E-4,0,3.697617E-3,3.697617E-3,3.410025E-2,8.216927E-4,0,0,0,3.163517E-2,1.479047E-2,8.216927E-4,2.054232E-3,7.395234E-3,4.930156E-3,4.108463E-3,2.465078E-3,2.465078E-3,2.465078E-3,4.108463E-4,4.108463E-4,0,4.108463E-4,4.108463E-4,4.108463E-4,0,0,0,0,2.875924E-3,0,1.232539E-3,0,4.108463E-4,0,0,1.643385E-3,0,4.108463E-4,0,0,6.162695E-3,2.958094E-2,3.697617E-3,3.286771E-3,3.286771E-3,2.341824E-2,2.300740E-2,3.286771E-3,3.286771E-3,2.465078E-3,3.286771E-3,5.341002E-3,4.930156E-3,4.930156E-3,2.054232E-3,2.465078E-3,5.751849E-3,8.216927E-4,4.519310E-3,8.216927E-4,8.216927E-4,4.108463E-4,4.519310E-3,4.519310E-3,0,2.054232E-3,8.216927E-4,1.232539E-3,6.778965E-2,2.670501E-2,2.259655E-2,8.216927E-4,1.396878E-2,6.162695E-3,5.751849E-3,8.216927E-4,4.108463E-4,4.108463E-4,8.216927E-4,1.643385E-3,0,0,0,0,0,1.643385E-3,1.232539E-3,4.108463E-4,4.108463E-4,8.216927E-4,4.108463E-4,4.108463E-4,1.232539E-3,4.108463E-4,0,4.108463E-4,4.108463E-4,4.519310E-3,4.519310E-3,4.847987E-2,4.560394E-2,1.068200E-2,1.643385E-3,0,1.232539E-3,8.627773E-3,1.232539E-3,4.108463E-4,0,4.108463E-4,4.108463E-4,3.286771E-3,2.875924E-3,7.806081E-3,6.573541E-3,0,3.286771E-3,3.286771E-3,1.068200E-2,9.449466E-3,4.108463E-4,6.162695E-3,1.232539E-3,4.930156E-3,4.108463E-4,4.108463E-4,6.984388E-3,5.751849E-3,4.519310E-3,8.216927E-4,8.216927E-4,8.216927E-4,4.108463E-4,0,0,1.314708E-2,4.108463E-4,8.216927E-4,4.108463E-4,0,1.191454E-2,0,7.806081E-3,4.108463E-4,1.232539E-3,4.519310E-3,1.232539E-3,2.875924E-3,0,2.465078E-3,4.108463E-4,6.162695E-3,5.341002E-3,1.643385E-3,4.519310E-3,2.875924E-3,2.875924E-3,0,0,0,1.643385E-3,1.643385E-3,8.216927E-4,8.216927E-4,1.643385E-3,4.108463E-4,8.216927E-4,8.216927E-4,0,1.232539E-3,0,1.232539E-3,4.108463E-4,9.860312E-3,0,0,0,9.449466E-3,8.216927E-3,8.216927E-3,5.341002E-3,2.054232E-3,4.108463E-4,3.286771E-3,4.108463E-4,4.108463E-4,9.860312E-3,4.108463E-4,2.054232E-3,2.054232E-3,0,1.232539E-3,3.697617E-3,4.108463E-4,0,4.108463E-4,0,4.108463E-4,4.108463E-4,1.138044E-1,4.108463E-4,1.129827E-1,8.216927E-4,8.216927E-4,0,9.572720E-2,1.643385E-3,1.643385E-3,2.465078E-3,2.465078E-3,4.108463E-4,4.108463E-4,0,1.232539E-3,5.341002E-3,8.216927E-4,4.108463E-3,0,4.108463E-4,1.232539E-2,1.643385E-3,6.984388E-3,1.643385E-3,2.054232E-3,2.875924E-3,1.191454E-2,1.232539E-3,1.068200E-2,4.108463E-4,4.108463E-4,7.764996E-2,2.054232E-3,7.764996E-2,4.108463E-3,1.191454E-2,4.108463E-4,5.751849E-3,2.054232E-3,3.286771E-3,4.108463E-4,0,6.984388E-3,4.108463E-4,1.232539E-3,8.216927E-4,4.930156E-3,4.519310E-3,4.108463E-4,4.108463E-4,4.108463E-4,0,0,0,0,4.108463E-4,0,4.108463E-4,4.108463E-4,0,0,0,0,0,0,0,0,0,0,0,1.191454E-2,5.751849E-3,0,5.341002E-3,4.108463E-3,3.286771E-3,1.232539E-3,4.930156E-3,3.697617E-3,4.930156E-3,2.054232E-3,0,0,0,0,2.054232E-3,0,0,0,0,0,0,0,0,0,0,0,0,0,0,0,0,0,4.930156E-3,0,2.054232E-3,0,4.108463E-4,4.108463E-4,0,0,0,0,0,0,3.516845E-1,0,8.216927E-4,8.216927E-4,8.216927E-4,4.108463E-3,2.054232E-3,1.232539E-3,0,0,6.327034E-2,1.232539E-3,3.204601E-2,4.108463E-4,1.643385E-3,4.108463E-4,0,1.643385E-3,4.108463E-4,0,2.958094E-2,3.286771E-3,2.465078E-3,8.216927E-4,4.108463E-4,1.191454E-2,4.108463E-4,4.108463E-4,0,4.108463E-4,4.108463E-3,4.108463E-4,3.286771E-3,7.806081E-3,2.054232E-3,8.216927E-4,1.232539E-3,1.232539E-3,1.232539E-3,6.573541E-3,8.216927E-4,4.108463E-4,0,1.232539E-3,8.216927E-4,3.697617E-3,8.216927E-4,1.232539E-3,0,0,6.573541E-3,1.232539E-3,0,3.286771E-3,0,4.108463E-4,1.643385E-3,1.232539E-3,3.286771E-3,1.232539E-3,1.643385E-3,1.232539E-3,1.232539E-3,5.751849E-3,0,1.643385E-3,1.643385E-3,4.108463E-4,2.465078E-3,1.643385E-3,2.054232E-3,1.232539E-3,8.216927E-4,4.108463E-4,0,0,0,0,1.150370E-2,1.150370E-2,1.068200E-2,4.108463E-4,4.108463E-4,0,4.108463E-4,0,0,4.108463E-4,4.108463E-4,0,4.108463E-4,4.108463E-4,4.108463E-4,8.216927E-4,4.108463E-4,4.108463E-4,0,8.216927E-4,1.232539E-3,4.108463E-4,8.216927E-4,4.108463E-4,0,4.108463E-4,0,4.108463E-4,4.108463E-4,4.108463E-4,1.643385E-3,4.108463E-4,4.108463E-4,4.108463E-4,0,0,4.108463E-4,8.216927E-4,0,2.341824E-2,4.108463E-4,0,0,0,3.697617E-3,2.875924E-3,4.108463E-4,1.643385E-3,0,0,0,0,0,1.027116E-2,2.054232E-3,4.108463E-4,4.108463E-4,2.465078E-3,4.108463E-4,4.108463E-4,0,8.216927E-4,8.216927E-4,3.286771E-3,4.108463E-4,0,2.054232E-3,2.054232E-3,1.232539E-3,0,0,4.108463E-4,0,0,8.216927E-4,0,0,3.286771E-3,0,0,4.108463E-4,0,2.465078E-3,2.054232E-3,0,0,0,4.108463E-4,4.108463E-4,0,4.108463E-4,0,6.984388E-3,4.108463E-4,8.216927E-4,8.216927E-4,4.108463E-4,2.054232E-3,0,4.108463E-4,4.108463E-4,4.108463E-4,4.108463E-4,1.232539E-3,4.108463E-4,4.108463E-4,2.465078E-3,1.643385E-3,8.216927E-4,4.108463E-4,4.108463E-4,4.108463E-4,4.108463E-4,4.108463E-4,4.108463E-4,4.108463E-4,0,4.108463E-4,4.108463E-4,2.054232E-3,2.054232E-3,0,0,3.286771E-3,8.216927E-4,8.216927E-4,4.108463E-4,2.054232E-3,0,2.054232E-3,0,2.054232E-3,0,0,2.465078E-3,0,1.232539E-3,4.108463E-4,4.108463E-4,4.108463E-4,0,0,0,0,2.054232E-3,0,0,0,0,0,0,0,0,0,0,0,0,0,0,1.680362E-1,2.834840E-2,4.930156E-3,4.108463E-4,8.216927E-4,8.216927E-4,4.108463E-4,8.216927E-4,2.054232E-2,1.232539E-3,1.807724E-2,1.807724E-2,4.519310E-3,2.465078E-3,0,2.465078E-3,3.286771E-2,0,3.081348E-2,4.108463E-3,3.286771E-3,3.286771E-3,2.793755E-2,1.109285E-2,8.216927E-4,2.875924E-3,1.643385E-3,4.108463E-4,1.643385E-3,1.232539E-3,2.054232E-3,1.232539E-3,1.269515E-1,1.269515E-1,2.670501E-2,8.216927E-4,4.108463E-3,2.054232E-3,2.054232E-3,4.108463E-4,8.216927E-4,4.930156E-3,4.108463E-4,3.697617E-3,4.108463E-4,0,0,0,0,4.108463E-4,1.150370E-2,0,1.232539E-3,8.216927E-4,1.643385E-3,1.232539E-3,1.520131E-2,9.038620E-3,5.751849E-3,2.875924E-3,4.108463E-4,0,4.519310E-3,1.232539E-3,0,3.286771E-3,1.643385E-3,4.108463E-4,8.216927E-4,8.216927E-4,4.108463E-4,8.216927E-4,4.108463E-4,4.108463E-4,4.108463E-4,0,4.108463E-4,4.108463E-4,4.108463E-4,4.108463E-4,8.216927E-4,8.216927E-4,8.627773E-3,8.216927E-4,2.054232E-3,2.054232E-3,4.108463E-4,2.054232E-3,4.108463E-4,1.232539E-3,0,1.232539E-3,2.465078E-3,0,4.108463E-4,1.232539E-3,4.108463E-4,4.108463E-4,0,4.108463E-4,4.108463E-4,4.108463E-4,4.108463E-4,1.437962E-2,4.108463E-4,4.108463E-4,1.643385E-3,1.643385E-3,8.216927E-4,4.108463E-4,0,4.108463E-4,4.108463E-4,0,0,8.216927E-4,8.216927E-4,8.216927E-4,0,3.286771E-3,4.108463E-4,1.643385E-3,1.232539E-3,0,8.216927E-4,4.108463E-4,0,0,4.108463E-4,4.108463E-4,6.984388E-3,6.984388E-3,3.286771E-3,3.286771E-3,0,0,0,0,0,4.108463E-4,0,2.054232E-3,8.216927E-4,1.643385E-3,8.216927E-4,4.108463E-4,0,0,0,0,1.396878E-2,1.273624E-2,2.875924E-3,1.643385E-3,0,0,0,8.627773E-3,8.627773E-3,8.216927E-3,8.216927E-4,0,4.108463E-4,0,8.216927E-4,4.108463E-4,4.108463E-4,4.108463E-4,4.108463E-4,0,0,0,0,0,0,3.368940E-2,2.752671E-2,2.095316E-2,9.038620E-3,4.108463E-4,4.108463E-4,4.108463E-4,5.341002E-3,0,1.643385E-3,8.216927E-4,4.108463E-4,1.232539E-3,4.519310E-3,1.232539E-3,1.643385E-3,6.573541E-3,4.108463E-4,5.751849E-3,8.216927E-4,4.108463E-4,8.216927E-4,7.395234E-3,2.054232E-3,8.216927E-4,0,1.232539E-3,1.232539E-3,3.286771E-3,1.643385E-3,8.216927E-4,6.162695E-3,2.465078E-3,1.643385E-3,2.465078E-3,0,0,4.108463E-4,4.108463E-4,4.108463E-4,4.108463E-4,0,0,0,0,0,0,0,0,0,0,4.108463E-4,0,4.108463E-4,4.108463E-4,0,0,4.108463E-4,4.108463E-4,0,0,8.216927E-3,2.054232E-3,0,0,0,2.875924E-3,2.465078E-3,0,0,2.465078E-3,4.108463E-4,0,1.232539E-3,1.232539E-3,0,0,0,0,0,0,0,0,0,0,3.286771E-3,2.875924E-3,1.643385E-3,1.232539E-3,8.216927E-4,4.108463E-4,4.108463E-4,0,8.216927E-4,0,0,0,0,0,0,0,6.984388E-3,6.573541E-3,6.573541E-3,3.286771E-3,8.216927E-4,8.216927E-4,1.643385E-3,2.875924E-3,2.875924E-3,2.465078E-3,4.108463E-4,0,4.108463E-4,4.108463E-4,0,0,1.643385E-3,1.232539E-3,4.108463E-4,4.108463E-4,0,0,4.108463E-4,4.108463E-4,0,0,0,0,0,0,0,0,0,0,0,0,0,0,0,4.108463E-4,4.108463E-4,1.027116E-2,1.232539E-3,0,1.232539E-3,1.232539E-3,4.108463E-4,2.465078E-3,8.216927E-4,4.108463E-4,4.108463E-4,4.108463E-4,4.108463E-4,8.216927E-4,8.216927E-4,8.216927E-4,4.108463E-4,0,8.216927E-4,4.108463E-4,4.108463E-4,8.216927E-4,8.216927E-4,8.216927E-4,4.108463E-4,8.216927E-4,4.108463E-4,4.108463E-4,4.108463E-4,4.108463E-4,8.216927E-4,4.108463E-4,0,0,4.108463E-4,0,1.232539E-3,0,0,1.232539E-3,8.216927E-4,4.108463E-4,4.108463E-4,4.108463E-4,0,4.108463E-4,4.108463E-4,0,4.108463E-4,4.108463E-4,8.216927E-4,4.108463E-4,4.108463E-4,4.108463E-4,4.108463E-4,4.108463E-4,1.183237E-1,1.232539E-3,4.930156E-3,4.930156E-3,4.519310E-3,4.108463E-3,2.465078E-3,4.108463E-4,4.108463E-3,0,4.108463E-3,4.108463E-3,2.054232E-3,8.216927E-4,8.216927E-4,8.216927E-4,0,1.232539E-3,1.232539E-3,1.232539E-3,8.216927E-4,8.216927E-4,0,4.930156E-3,8.216927E-4,4.108463E-4,1.232539E-3,4.108463E-4,4.108463E-3,4.108463E-3,0,2.054232E-3,4.108463E-3,4.108463E-4,4.108463E-4,4.108463E-4,0,5.751849E-3,4.108463E-4,2.875924E-3,1.643385E-3,4.108463E-4,1.643385E-3,2.465078E-3,0,0,4.108463E-4,4.108463E-4,4.108463E-4,2.054232E-3,1.643385E-3,4.108463E-4,4.108463E-4,5.998357E-2,5.834018E-2,3.615448E-2,1.972062E-2,1.232539E-3,1.232539E-3,4.108463E-4,0,0,1.355793E-2,1.068200E-2,9.860312E-3,1.232539E-3,4.108463E-4,8.216927E-4,4.108463E-4,8.216927E-4,4.108463E-4,4.108463E-4,2.875924E-3,2.054232E-3,8.216927E-4,5.341002E-3,5.341002E-3,0,0,0,0,2.465078E-3,4.108463E-4,4.108463E-4,0,8.216927E-4,4.108463E-4,0,0,2.054232E-3,4.108463E-4,1.643385E-3,1.643385E-3,8.216927E-4,8.216927E-4,0,4.108463E-4,4.108463E-4,4.108463E-4,0,0,1.232539E-3,1.232539E-3,4.108463E-4,3.697617E-3,1.232539E-3,0,1.232539E-3,0,1.232539E-3,8.216927E-4,0,1.232539E-3,1.232539E-3,4.108463E-4,1.643385E-3,1.232539E-3,1.643385E-3,4.108463E-4,4.108463E-4,4.108463E-4,4.108463E-4,1.068200E-2,6.162695E-3,2.465078E-3,2.465078E-3,1.232539E-3,1.232539E-3,0,0,0,4.108463E-4,4.108463E-4,1.643385E-3,8.216927E-4,4.108463E-4,8.216927E-4,4.108463E-4,8.216927E-4,1.643385E-3,0,2.054232E-3,8.216927E-4,2.875924E-3,2.054232E-3,2.054232E-3,2.875924E-3,2.875924E-3,4.108463E-4,4.108463E-4,8.216927E-4,8.216927E-4,8.216927E-4,0,0,1.643385E-3,4.108463E-4,8.216927E-4,8.216927E-4,8.216927E-4,0,0,0,0,0,0,0,0,0,0,0,1.737880E-1,3.697617E-3,3.245686E-2,0,0,0,0,4.108463E-4,3.204601E-2,2.465078E-3,8.216927E-4,8.216927E-4,2.958094E-2,1.766639E-2,1.232539E-3,4.108463E-4,1.643385E-3,8.216927E-4,4.108463E-4,4.108463E-4,4.108463E-4,3.697617E-3,8.216927E-3,1.643385E-3,8.216927E-4,4.108463E-4,8.216927E-4,4.108463E-4,0,4.930156E-3,4.519310E-3,8.216927E-4,4.108463E-4,0,8.216927E-4,4.108463E-4,0,0,4.108463E-4,0,0,0,4.108463E-4,4.108463E-4,2.465078E-3,2.054232E-3,4.108463E-4,1.232539E-3,1.232539E-3,0,4.108463E-3,1.643385E-3,0,0,0,1.643385E-3,0,4.108463E-4,4.108463E-4,4.108463E-4,5.751849E-3,1.232539E-3,1.232539E-3,4.519310E-3,3.286771E-3,4.108463E-4,4.108463E-4,1.232539E-3,1.232539E-3,1.232539E-3,1.232539E-3,1.232539E-3,0,2.054232E-3,4.108463E-4,8.216927E-4,0,0,7.806081E-3,7.806081E-3,7.806081E-3,8.216927E-4,1.561216E-2,1.191454E-2,0,0,0,1.191454E-2,1.027116E-2,2.465078E-3,2.465078E-3,4.108463E-4,6.984388E-3,5.751849E-3,4.108463E-4,1.643385E-3,2.875924E-3,6.162695E-3,1.232539E-3,0,4.108463E-4,4.108463E-4,4.108463E-4,8.216927E-4,8.216927E-4,0,0,0,0,0,0,4.108463E-3,9.449466E-3,2.875924E-3,4.108463E-4,1.232539E-3,4.108463E-3,4.108463E-4,4.108463E-4,0,4.108463E-4,0,2.259655E-2,2.259655E-2,1.232539E-3,1.643385E-3,3.697617E-3,2.465078E-3,4.108463E-4,4.108463E-4,4.108463E-4,0,2.054232E-3,4.108463E-4,4.108463E-4,0,0,0,0,0,0,0,4.930156E-3,2.875924E-3,2.875924E-3,8.216927E-4,3.697617E-3,4.108463E-4,4.108463E-4,1.232539E-3,1.232539E-3,8.216927E-4,0,0,0,0,2.465078E-3,0,2.465078E-3,2.054232E-3,0,4.108463E-4,1.643385E-3,1.643385E-3,0,0,8.216927E-4,4.108463E-4,4.108463E-4,4.108463E-4,1.232539E-3,1.232539E-3,4.108463E-4,4.108463E-4,0,0,0,0,0,2.054232E-3,2.054232E-3,2.054232E-3,4.108463E-4,0,0,0,8.216927E-4,0,0,0,4.149548E-2,3.122432E-2,5.751849E-3,1.766639E-2,3.286771E-3,1.643385E-3,1.643385E-3,1.643385E-3,1.191454E-2,1.027116E-2,4.108463E-3,3.286771E-3,3.286771E-3,0,0,1.643385E-3,8.216927E-4,8.216927E-4,0,0,0,0,0,1.232539E-3,1.232539E-3,0,0,1.232539E-3,0,0,0,0,0,0,0,6.984388E-3,2.054232E-3,2.054232E-3,8.216927E-4,4.930156E-3,8.216927E-4,2.875924E-3,0,4.108463E-4,4.108463E-4,0,0,0,3.820871E-2,1.643385E-3,4.108463E-4,4.108463E-4,4.108463E-4,0,1.191454E-2,4.108463E-4,4.108463E-4,0,8.216927E-4,4.108463E-4,0,2.054232E-3,8.216927E-4,5.751849E-3,2.465078E-3,4.108463E-4,1.232539E-3,8.216927E-4,1.232539E-3,4.108463E-4,0,0,0,4.108463E-4,4.108463E-4,4.108463E-4,0,0,0,3.286771E-3,8.216927E-4,0,0,2.465078E-3,4.108463E-4,2.054232E-3,1.314708E-2,5.341002E-3,2.054232E-3,8.216927E-4,6.162695E-3,6.162695E-3,4.108463E-3,2.465078E-3,1.232539E-3,1.232539E-3,0,1.643385E-3,1.643385E-3,1.643385E-3,0,1.643385E-3,0,1.643385E-3,8.216927E-4,0,0,6.984388E-3,6.984388E-3,2.465078E-3,4.108463E-4,0,2.054232E-3,4.108463E-4,4.108463E-4,4.108463E-4,0,0,0,0,0,2.465078E-3,2.054232E-3,2.054232E-3,2.054232E-3,4.108463E-4,5.341002E-3,2.875924E-3,1.643385E-3,0,0,0,0,0,0,0,4.108463E-4,0,0,0,0,0,4.108463E-4,4.108463E-4,4.108463E-4,0,7.395234E-3,1.232539E-3,1.232539E-3,1.232539E-3,0,0,0,0,0,6.162695E-3,5.751849E-3,5.341002E-3,8.216927E-4,0,0,0,0,0,0,0,0,0,0,0,0,4.108463E-4,4.108463E-4,4.108463E-4,0,0,7.806081E-3,4.519310E-3,3.286771E-3,0,1.232539E-3,1.232539E-3,4.108463E-4,8.216927E-4,2.054232E-3,8.216927E-4,8.216927E-4,1.232539E-3,8.216927E-4,8.216927E-4,0,0,4.108463E-4,0,0,0,0,0,4.108463E-4,0,2.465078E-3,1.643385E-3,1.643385E-3,0,0,1.520131E-2,7.806081E-3,2.465078E-3,0,1.643385E-3,4.108463E-4,0,4.108463E-4,4.108463E-4,0,0,0,0,0,0,8.216927E-4,4.108463E-4,4.108463E-4,7.395234E-3,1.643385E-3,1.643385E-3,0,2.465078E-3,1.643385E-3,1.643385E-3,0,2.875924E-3,0,1.684470E-2,8.627773E-3,7.395234E-3,2.465078E-3,4.930156E-3,8.216927E-4,8.216927E-4,1.232539E-3,0,4.108463E-4,0,0,8.216927E-4,1.643385E-3,0,0,0,0,0,0,0,0,1.232539E-3,1.232539E-3,4.108463E-3,0,0,0,4.108463E-3,2.465078E-3,0,2.465078E-3,1.643385E-3,1.643385E-3,4.108463E-4,4.108463E-4,8.216927E-4,0,8.216927E-4,4.930156E-3,4.108463E-4,0,4.108463E-4,4.108463E-4,4.108463E-4,4.108463E-4,0,4.519310E-3,4.108463E-3,4.108463E-3,4.108463E-4,4.108463E-4,2.465078E-3,8.216927E-4,8.216927E-4,0,0,0,0,0,0,0,0,0,0,0,0,0,0,0,0,0,0,0,0,0,0,0,0,0,0,4.835661E-1,8.216927E-4,8.216927E-4,8.216927E-4,0,0,3.697617E-3,3.697617E-3,2.465078E-3,2.054232E-3,2.547247E-2,7.395234E-3,2.054232E-3,1.232539E-3,8.216927E-4,1.232539E-3,2.054232E-3,5.751849E-3,2.875924E-3,0,8.216927E-4,4.108463E-4,4.108463E-4,0,0,5.751849E-3,1.643385E-3,2.465078E-3,2.465078E-3,3.368940E-2,4.930156E-3,1.314708E-2,1.027116E-2,0,1.191454E-2,6.162695E-3,4.519310E-3,4.354971E-2,2.875924E-3,8.216927E-3,5.751849E-3,1.643385E-3,1.643385E-3,8.216927E-4,1.232539E-3,1.232539E-3,4.108463E-4,1.232539E-3,1.232539E-3,8.216927E-4,0,2.793755E-2,4.108463E-4,1.150370E-2,6.162695E-3,2.054232E-3,1.232539E-3,3.697617E-3,1.232539E-3,0,0,2.054232E-3,2.054232E-3,4.108463E-4,4.108463E-4,3.286771E-3,4.108463E-4,1.643385E-3,8.216927E-4,0,0,4.108463E-3,4.108463E-3,4.108463E-3,3.003287E-1,4.437141E-2,1.643385E-3,1.232539E-3,1.232539E-3,0,4.108463E-4,3.286771E-3,1.437962E-2,8.216927E-4,6.573541E-3,2.013147E-2,4.108463E-3,1.068200E-2,8.216927E-3,1.643385E-3,8.216927E-4,0,0,1.232539E-3,4.108463E-4,4.108463E-4,2.054232E-3,2.054232E-3,1.298274E-1,4.519310E-3,3.286771E-3,1.643385E-3,0,1.643385E-2,8.627773E-3,2.054232E-3,2.465078E-3,1.643385E-3,8.216927E-4,0,4.108463E-4,8.216927E-4,4.108463E-4,2.670501E-2,9.860312E-3,0,4.930156E-3,4.108463E-4,4.108463E-4,2.875924E-3,0,1.643385E-3,4.108463E-4,0,4.108463E-4,4.108463E-4,8.216927E-4,4.108463E-4,0,1.273624E-2,6.573541E-3,4.519310E-3,8.216927E-4,8.216927E-4,1.643385E-3,0,4.108463E-4,0,0,2.465078E-3,2.465078E-3,0,0,8.216927E-4,0,4.108463E-4,0,2.465078E-3,1.232539E-3,4.108463E-3,1.232539E-3,9.038620E-3,5.751849E-3,8.216927E-4,8.216927E-4,8.216927E-4,4.108463E-4,4.108463E-4,1.972062E-2,4.108463E-3,2.054232E-3,8.216927E-4,2.054232E-3,4.108463E-4,4.108463E-4,4.108463E-4,0,9.860312E-3,4.108463E-4,4.108463E-4,1.232539E-3,3.286771E-3,4.108463E-4,4.108463E-4,1.232539E-3,4.108463E-4,4.108463E-4,0,4.108463E-4,1.232539E-3,1.561216E-2,4.930156E-3,2.465078E-3,4.108463E-4,1.232539E-3,4.108463E-4,4.108463E-4,8.216927E-4,9.860312E-3,9.860312E-3,3.697617E-3,2.054232E-3,1.232539E-3,1.232539E-3,0,1.643385E-3,2.465078E-3,1.232539E-3,1.232539E-3,0,3.615448E-2,4.108463E-4,8.627773E-3,5.751849E-3,2.465078E-3,3.697617E-3,2.875924E-3,1.232539E-3,0,4.108463E-4,1.643385E-3,1.643385E-3,8.216927E-3,5.341002E-3,0,4.108463E-4,8.216927E-4,4.108463E-4,0,2.054232E-3,6.162695E-3,2.875924E-3,2.875924E-3,1.643385E-3,8.216927E-4,4.108463E-4,1.109285E-2,4.108463E-3,2.875924E-3,2.465078E-3,8.216927E-4,4.108463E-4,4.108463E-4,2.054232E-3,6.984388E-3,5.751849E-3,2.875924E-3,8.216927E-4,8.216927E-4,8.216927E-4,4.108463E-4,1.437962E-2,3.697617E-3,2.875924E-3,1.232539E-3,1.643385E-3,2.054232E-3,4.108463E-4,2.054232E-3,4.108463E-4,1.232539E-3,1.643385E-3,1.766639E-2,1.520131E-2,4.519310E-3,4.519310E-3,3.697617E-3,1.232539E-3,1.643385E-3,8.216927E-4,6.984388E-3,2.875924E-3,4.108463E-4,0,8.216927E-4,2.875924E-3,8.216927E-4,4.108463E-4,1.232539E-3,4.108463E-4,4.108463E-4,8.216927E-4,4.108463E-4,4.108463E-4,2.465078E-3,4.108463E-4,2.054232E-3,1.232539E-3,8.216927E-4,0,2.341824E-2,0,2.465078E-3,1.643385E-3,8.216927E-4,4.108463E-4,0,4.108463E-3,0,1.232539E-3,4.108463E-4,4.108463E-4,2.054232E-3,4.108463E-4,4.108463E-4,0,4.108463E-4,4.108463E-4,4.108463E-4,9.449466E-3,0,9.038620E-3,9.038620E-3,4.108463E-4,4.108463E-4,1.643385E-3,1.232539E-3,1.232539E-3,0,0,8.216927E-4,8.216927E-4,7.806081E-3,2.465078E-3,4.108463E-4,4.519310E-3,4.519310E-3,2.875924E-3,0,2.054232E-3,2.054232E-3,2.054232E-3,1.232539E-3,8.216927E-4,8.216927E-4,0,2.054232E-3,1.232539E-3,1.232539E-3,1.232539E-3,8.216927E-4,4.108463E-4,4.108463E-4,4.108463E-4,4.519310E-3,4.519310E-3,2.054232E-3,1.643385E-3,4.108463E-4,0,9.449466E-2,4.108463E-4,4.108463E-4,5.669680E-2,5.341002E-2,4.108463E-4,0,2.054232E-3,4.108463E-3,2.054232E-3,1.643385E-3,1.643385E-3,1.643385E-3,8.216927E-4,4.108463E-4,0,8.216927E-4,6.984388E-3,2.875924E-3,8.216927E-4,4.108463E-4,1.232539E-3,2.465078E-3,3.286771E-3,4.108463E-4,4.108463E-4,1.643385E-3,8.216927E-4,4.108463E-4,2.341824E-2,1.232539E-3,8.216927E-4,4.930156E-3,1.643385E-3,1.643385E-3,4.930156E-3,4.930156E-3,4.930156E-3,1.150370E-2,1.027116E-2,1.643385E-3,1.232539E-3,1.232539E-3,4.519310E-3,2.465078E-3,2.465078E-3,2.054232E-3,2.054232E-3,1.232539E-3,0,0,3.697617E-3,2.054232E-3,4.108463E-4,0,0,4.108463E-4,0,1.150370E-2,2.465078E-3,2.465078E-3,1.643385E-3,9.038620E-3,0,0,2.465078E-3,0,8.216927E-4,2.054232E-3,3.286771E-3,2.054232E-3,0,3.081348E-2,3.081348E-2,7.806081E-3,6.984388E-3,2.054232E-3,0,8.216927E-4,8.216927E-4,2.054232E-3,4.108463E-4,3.286771E-3,1.643385E-3,4.108463E-4,2.465078E-3,2.465078E-3,2.054232E-3,4.108463E-4,2.465078E-3,1.232539E-3,8.216927E-4,4.108463E-4,0,2.465078E-3,0,0,8.216927E-4,3.286771E-2,3.286771E-2,2.177486E-2,8.627773E-3,8.216927E-4,4.108463E-4,1.232539E-3,8.216927E-4,8.216927E-4,2.054232E-3,4.108463E-4,4.108463E-4,4.108463E-4,3.286771E-3,3.286771E-3,0,1.232539E-3,1.232539E-3,0,1.396878E-2,1.396878E-2,4.108463E-4,2.465078E-3,2.054232E-3,4.108463E-4,4.108463E-4,0,0,1.232539E-3,8.216927E-4,0,3.286771E-3,1.643385E-3,1.232539E-2,1.232539E-2,4.108463E-4,4.108463E-4,4.108463E-4,4.190633E-2,4.108463E-4,1.232539E-3,8.627773E-3,3.204601E-2,8.216927E-4,3.040263E-2,2.917009E-2,1.972062E-2,4.108463E-4,1.232539E-3,0,1.725555E-2,4.108463E-4,5.751849E-3,1.314708E-2,1.643385E-3,4.108463E-4,1.232539E-3,2.054232E-3,6.984388E-3,6.573541E-3,6.573541E-3,6.162695E-3,6.162695E-3,3.697617E-3,3.286771E-3,0,0,4.108463E-4,0,0,8.216927E-4,5.587510E-2,4.108463E-4,0,0,0,8.216927E-4,8.216927E-4,4.108463E-4,3.697617E-3,1.643385E-3,1.232539E-3,0,0,0,1.232539E-3,1.232539E-3,4.108463E-4,0,0,0,0,0,1.232539E-3,2.875924E-3,2.875924E-3,4.108463E-4,1.643385E-3,4.108463E-4,4.108463E-4,7.395234E-3,4.108463E-4,2.054232E-3,4.108463E-4,1.643385E-3,8.216927E-4,8.216927E-4,1.232539E-3,1.232539E-3,1.232539E-3,1.232539E-3,1.232539E-3,0,0,4.108463E-4,4.108463E-4,4.560394E-2,4.519310E-3,8.216927E-4,2.054232E-3,1.232539E-3,8.216927E-4,0,2.875924E-3,8.216927E-3,3.286771E-3,4.108463E-3,0,0,1.396878E-2,2.465078E-3,2.875924E-3,2.875924E-3,0,1.643385E-3,8.216927E-3,5.341002E-3,2.875924E-3,3.697617E-3,4.108463E-4,1.150370E-2,6.984388E-3,3.697617E-3,4.108463E-4,2.054232E-3,2.465078E-3,4.108463E-4,0,0,4.108463E-4,4.108463E-4,0,1.643385E-3,1.232539E-3,2.054232E-3,1.232539E-3,4.108463E-4,1.232539E-3,4.519310E-3,3.697617E-3,3.697617E-3,4.108463E-4,4.108463E-4,4.108463E-4,4.108463E-4,4.108463E-4,0,0,4.108463E-4,4.108463E-4,0,3.820871E-2,4.108463E-4,1.520131E-2,6.162695E-3,9.449466E-3,8.216927E-4,1.972062E-2,1.602301E-2,7.806081E-3,7.806081E-3,3.286771E-3,3.286771E-3,2.465078E-3,0,1.643385E-3,1.643385E-3,1.232539E-3,4.108463E-4,8.216927E-4,0,3.697617E-2,1.232539E-3,9.778143E-2,8.216927E-4,8.216927E-4,8.216927E-4,0,7.518488E-2,1.602301E-2,6.573541E-3,1.232539E-3,1.232539E-3,2.875924E-3,4.108463E-4,2.875924E-3,4.108463E-4,0,0,4.108463E-4,4.108463E-4,4.108463E-4,4.108463E-4,4.108463E-4,1.150370E-2,4.519310E-3,1.232539E-3,0,0,0,8.216927E-4,2.465078E-3,4.108463E-4,1.232539E-3,8.216927E-4,8.216927E-4,8.216927E-4,2.465078E-3,8.216927E-4,0,8.216927E-4,8.216927E-4,4.108463E-4,4.108463E-3,1.972062E-2,8.216927E-4,1.232539E-3,1.232539E-3,0,0,4.108463E-4,9.449466E-3,3.286771E-3,4.108463E-4,5.751849E-3,3.697617E-3,4.108463E-4,4.108463E-4,0,0,8.216927E-4,4.108463E-4,0,0,4.108463E-4,7.806081E-3,7.806081E-3,3.286771E-3,4.108463E-4,4.108463E-4,1.232539E-3,4.108463E-4,4.108463E-4,4.108463E-4,4.108463E-4,0,4.108463E-4,1.643385E-3,0,4.108463E-4,4.108463E-4,0,4.108463E-4,4.108463E-4,1.232539E-3,4.108463E-4,8.216927E-4,8.216927E-4,9.038620E-3,3.697617E-3,8.216927E-4,1.232539E-3,2.054232E-3,2.054232E-3,4.108463E-4,2.875924E-3,4.108463E-4,0,4.108463E-4,4.108463E-4,8.216927E-4,0,4.108463E-4,4.108463E-4,2.506163E-2,1.684470E-2,1.396878E-2,3.697617E-3,2.875924E-3,2.875924E-3,2.875924E-3,0,0,8.216927E-4,8.216927E-4,0,0,1.109285E-2,1.232539E-3,9.860312E-3,4.108463E-4,1.232539E-3,4.519310E-3,8.216927E-4,0,0,1.232539E-3,0,1.232539E-3,4.108463E-4,1.643385E-3,1.643385E-3,1.643385E-3,0,0,0,0,0,1.232539E-3,1.232539E-3,4.108463E-4,4.108463E-4,6.162695E-3,4.108463E-4,4.108463E-4,4.108463E-4,4.108463E-4,8.216927E-4,8.216927E-4,8.216927E-4,8.216927E-4,0,1.232539E-3,1.232539E-3,8.216927E-4,4.108463E-4,1.643385E-3,1.643385E-3,8.216927E-4,4.108463E-4,4.108463E-4,0,0,4.108463E-4,8.216927E-4,4.108463E-4,4.108463E-4,0,0,0,1.643385E-3,1.643385E-3,0,0,1.643385E-3,1.643385E-3,1.643385E-3,1.643385E-3,0,0,3.697617E-3,3.697617E-3,2.875924E-3,2.054232E-3,1.232539E-3,4.108463E-4,1.232539E-3,4.108463E-4,8.216927E-4,4.108463E-4,4.108463E-4,0,3.286771E-3,4.108463E-4,2.465078E-3,2.465078E-3,0,4.108463E-4,4.108463E-4,0,0,1.232539E-3,2.465078E-3,1.355793E-2,7.806081E-3,4.519310E-3,1.232539E-3,4.108463E-3,4.108463E-3,1.643385E-3,1.232539E-3,4.108463E-4,0,8.216927E-4,8.216927E-4,4.108463E-4,4.108463E-4,4.108463E-4,4.108463E-4,1.232539E-3,0,0,0,4.108463E-4,4.108463E-4,4.108463E-4,0,0,0,0,0,1.068200E-2,1.068200E-2,8.627773E-3,8.627773E-3,8.627773E-3,7.395234E-3,4.108463E-4,4.108463E-4,4.847987E-2,2.506163E-2,0,1.232539E-3,1.232539E-3,1.232539E-3,1.191454E-2,0,3.286771E-3,8.216927E-4,4.108463E-3,2.875924E-3,2.054232E-3,4.108463E-4,4.108463E-4,1.232539E-3,0,4.108463E-4,3.286771E-3,0,0,0,0,0,0,2.054232E-3,2.054232E-3,0,4.108463E-4,0,0,0,0,4.108463E-4,4.108463E-4,4.108463E-4,0,0,0,0,0,0,0,4.108463E-3,0,2.875924E-3,0,1.643385E-3,4.108463E-4,1.232539E-3,4.108463E-4,4.108463E-4,0,8.216927E-4,0,0,0,0,2.177486E-2,0,8.216927E-4,8.216927E-4,8.216927E-4,0,8.216927E-3,1.643385E-3,1.232539E-3,1.232539E-3,1.232539E-3,1.232539E-3,4.108463E-4,4.108463E-4,4.108463E-4,4.108463E-4,4.108463E-4,0,0,0,2.054232E-3,8.216927E-4,0,1.232539E-3,0,0,8.216927E-4,8.216927E-4,3.697617E-3,0,0,0,0,0,0,0,4.930156E-3,0,4.930156E-3,0,0,4.108463E-4,0,1.643385E-3,1.643385E-3,3.697617E-3,0,1.643385E-3,2.465078E-3,0,0,0,0,4.108463E-4,2.859491E-1,6.573541E-3,0,6.162695E-3,8.216927E-4,4.108463E-4,4.108463E-4,2.465078E-3,2.465078E-3,4.108463E-4,4.108463E-4,4.108463E-3,8.216927E-4,4.108463E-4,3.286771E-3,4.108463E-4,8.216927E-4,2.530813E-1,1.429745E-1,2.136401E-2,1.479047E-2,1.643385E-3,1.232539E-3,0,8.216927E-4,1.150370E-2,9.038620E-3,4.108463E-4,5.341002E-3,3.286771E-3,3.697617E-3,0,4.108463E-4,0,2.054232E-3,8.216927E-4,1.232539E-3,2.465078E-3,2.465078E-3,0,0,0,0,0,1.643385E-3,4.519310E-3,4.519310E-3,8.216927E-4,8.216927E-4,4.108463E-4,1.643385E-3,4.108463E-4,8.216927E-4,4.108463E-4,4.108463E-4,0,7.806081E-3,3.286771E-3,0,2.465078E-3,0,8.216927E-4,4.889071E-2,1.109285E-2,2.136401E-2,2.054232E-3,8.216927E-4,0,1.766639E-2,6.162695E-3,4.930156E-3,8.216927E-4,4.108463E-4,7.806081E-3,6.162695E-3,8.216927E-4,0,0,0,1.232539E-3,1.232539E-3,4.108463E-4,0,0,0,1.232539E-3,1.232539E-3,0,3.533279E-2,2.465078E-3,4.108463E-4,1.807724E-2,0,1.643385E-3,8.216927E-4,8.216927E-4,1.479047E-2,1.643385E-3,1.232539E-3,4.108463E-4,1.355793E-2,2.875924E-3,8.216927E-4,1.643385E-3,1.232539E-3,8.216927E-4,4.108463E-4,0,1.232539E-3,8.216927E-4,1.232539E-3,4.108463E-4,4.108463E-4,4.108463E-4,0,6.984388E-3,4.108463E-3,4.108463E-3,2.465078E-3,2.465078E-3,4.108463E-4,0,0,0,0,4.108463E-4,0,0,0,0,0,4.108463E-4,4.108463E-4,2.629417E-2,5.341002E-3,5.341002E-3,1.232539E-3,0,8.627773E-3,4.108463E-4,4.108463E-4,4.108463E-4,4.108463E-4,7.395234E-3,7.395234E-3,7.395234E-3,8.216927E-4,4.108463E-4,4.108463E-4,4.108463E-4,7.395234E-3,6.573541E-3,0,1.109285E-2,0,4.108463E-4,2.875924E-3,1.232539E-3,0,0,6.984388E-3,1.643385E-3,1.232539E-3,8.216927E-4,4.108463E-4,0,4.108463E-4,4.108463E-4,4.108463E-4,0,4.930156E-3,1.232539E-3,8.216927E-4,8.216927E-4,8.216927E-4,8.216927E-4,4.108463E-4,4.108463E-4,4.108463E-4,4.108463E-4,4.108463E-4,4.108463E-4,1.643385E-3,1.643385E-3,8.216927E-4,8.216927E-4,4.108463E-4,4.108463E-4,1.643385E-3,1.232539E-3,1.232539E-3,1.232539E-3,4.108463E-4,4.108463E-4,0,4.108463E-4,4.108463E-4,0,2.054232E-3,2.054232E-3,1.643385E-3,4.108463E-4,4.108463E-4,0,0,0,1.232539E-3,0,0,0,1.232539E-3,1.232539E-3,1.232539E-3,0,3.656532E-2,1.273624E-2,4.108463E-4,4.108463E-4,4.108463E-3,4.108463E-4,4.108463E-4,8.216927E-4,8.216927E-4,0,8.216927E-4,1.232539E-3,4.108463E-4,0,0,8.216927E-4,0,0,0,0,2.875924E-3,8.216927E-4,4.108463E-4,0,0,2.465078E-3,0,0,0,1.643385E-3,8.216927E-4,0,8.216927E-4,0,0,5.751849E-3,1.232539E-3,0,1.232539E-3,1.232539E-3,4.108463E-4,4.108463E-4,4.108463E-4,4.108463E-4,8.216927E-4,4.108463E-4,2.054232E-3,0,2.054232E-3,8.216927E-4,4.108463E-4,4.108463E-4,8.216927E-4,4.108463E-4,0,9.038620E-3,6.573541E-3,0,6.162695E-3,4.108463E-4,5.751849E-3,4.108463E-4,5.751849E-3,4.930156E-3,0,0,0,0,0,0,0,4.108463E-4,4.108463E-4,0,4.108463E-4,0,0,0,4.108463E-4,4.108463E-4,0,1.643385E-3,8.216927E-4,4.108463E-4,4.108463E-4,8.216927E-4,0,0,4.108463E-4,4.108463E-4,4.108463E-4,4.930156E-3,0,4.108463E-4,2.054232E-3,4.108463E-4,0,1.643385E-3,4.108463E-4,0,0,4.108463E-4,4.108463E-4,4.108463E-4,0,8.216927E-4,0,4.108463E-4,8.216927E-4,0,4.108463E-4,8.216927E-4,4.108463E-4,1.232539E-3,4.108463E-4,8.216927E-4,8.216927E-4,4.108463E-4,4.108463E-4,4.108463E-4,4.108463E-4,4.108463E-4,4.108463E-4,0,4.108463E-4,0,0,0,0,4.313887E-2,4.026294E-2,3.286771E-3,0,2.465078E-3,1.232539E-3,0,0,0,1.643385E-3,1.232539E-3,4.108463E-4,1.232539E-3,4.108463E-4,4.108463E-4,0,0,0,4.108463E-4,4.108463E-4,0,4.108463E-4,0,3.368940E-2,3.368940E-2,4.108463E-4,2.670501E-2,1.520131E-2,1.027116E-2,2.465078E-3,8.627773E-3,8.627773E-3,8.627773E-3,4.108463E-3,3.286771E-3,7.395234E-3,4.519310E-3,2.465078E-3,8.216927E-4,0,5.341002E-3,0,2.054232E-3,4.108463E-4,1.232539E-3,1.088743E-1,1.039441E-1,5.834018E-2,1.643385E-3,2.382909E-2,9.449466E-3,2.054232E-3,2.054232E-3,1.643385E-3,4.108463E-4,8.216927E-4,1.109285E-2,4.108463E-4,4.108463E-4,3.286771E-3,2.875924E-3,3.286771E-3,1.643385E-3,4.108463E-4,4.108463E-4,2.875924E-3,1.232539E-3,1.561216E-2,3.286771E-3,2.875924E-3,4.519310E-3,2.465078E-3,2.465078E-3,8.216927E-4,4.108463E-4,1.766639E-2,6.573541E-3,1.232539E-3,1.643385E-3,1.273624E-2,8.216927E-4,3.697617E-3,3.286771E-3,8.216927E-3,1.643385E-3,0,4.930156E-3,4.519310E-3,4.108463E-4,4.930156E-3,4.108463E-3,4.108463E-3,4.108463E-3,8.216927E-4,4.108463E-4,4.108463E-4,4.108463E-4,0,8.216927E-4,8.216927E-4,0,8.216927E-4,0,8.216927E-4,4.108463E-4,0,0,4.930156E-3,4.108463E-4,1.479047E-2,1.479047E-2,2.054232E-3,2.054232E-3,1.273624E-2,1.273624E-2,4.108463E-3,8.216927E-4,4.108463E-4,0,2.054232E-3,1.643385E-3,3.286771E-3,2.875924E-3,2.465078E-3,0,8.216927E-4,8.216927E-4,8.216927E-4,0,1.232539E-3,4.108463E-4,0,4.108463E-4,4.108463E-4,4.108463E-4,4.108463E-4,0,0,8.216927E-4,9.860312E-3,4.108463E-4,8.216927E-3,7.806081E-3,8.216927E-4,8.216927E-4,3.286771E-3,2.465078E-3,1.232539E-3,1.232539E-3,1.232539E-3,4.108463E-4,0,0,0,1.232539E-3,1.232539E-3,0,5.710764E-2,2.300740E-2,4.930156E-3,2.465078E-3,2.465078E-3,2.465078E-3,4.108463E-4,2.054232E-3,0,0,8.216927E-4,8.216927E-3,7.806081E-3,7.395234E-3,4.108463E-4,0,0,0,9.860312E-3,8.627773E-3,4.108463E-3,4.108463E-4,8.216927E-4,4.108463E-4,0,0,2.875924E-3,0,0,0,3.615448E-2,4.519310E-3,1.643385E-3,8.216927E-4,8.216927E-4,3.204601E-2,4.108463E-4,2.547247E-2,1.643385E-3,7.806081E-3,8.216927E-4,0,1.232539E-3,4.108463E-4,4.519310E-3,2.465078E-3,8.216927E-4,2.465078E-3,2.054232E-3,1.643385E-3,4.108463E-4,0,1.232539E-3,1.643385E-3,8.216927E-4,0,0,8.216927E-4,8.216927E-4,0,4.108463E-4,4.108463E-4,4.108463E-4,4.108463E-4,4.108463E-4,0,4.108463E-4,4.108463E-4,0,1.027116E-2,9.449466E-3,8.216927E-4,0,2.054232E-3,0,2.875924E-3,2.054232E-3,4.108463E-4,4.108463E-4,1.232539E-3,0,0,0,0,1.643385E-3,8.216927E-4,0,8.216927E-4,8.216927E-4,4.108463E-4,4.108463E-4,0,0,0,2.760887E-1,2.567790E-1,8.216927E-4,7.806081E-3,0,0,0,0,0,0,0,0,0,0,0,0,0,0,0,0,0,0,0,0,0,0,0,4.108463E-4,0,4.108463E-4,4.108463E-4,0,0,0,0,3.286771E-3,0,4.108463E-4,0,2.875924E-3,4.108463E-4,0,0,0,8.216927E-4,1.643385E-3,1.232539E-3,4.108463E-4,0,0,0,0,0,0,0,3.697617E-3,3.697617E-3,0,4.108463E-4,8.216927E-4,0,4.108463E-4,0,0,0,0,0,0,4.108463E-4,4.108463E-4,0,0,0,0,0,0,0,0,0,0,0,0,0,0,0,1.150370E-2,4.519310E-3,0,5.341002E-3,0,0,0,0,4.108463E-4,0,4.108463E-4,0,2.054232E-3,8.216927E-4,4.108463E-4,0,1.232539E-3,0,0,4.108463E-4,4.108463E-4,4.108463E-4,0,0,0,4.108463E-4,4.108463E-4,0,4.108463E-4,0,0,0,0,0,2.465078E-3,0,2.054232E-3,2.054232E-3,4.108463E-4,1.643385E-3,4.108463E-4,4.108463E-4,0,4.108463E-4,4.108463E-4,0,2.465078E-3,0,2.465078E-3,0,1.232539E-3,0,4.108463E-4,4.108463E-4,4.108463E-4,4.108463E-4,0,0,0,0,0,0,1.643385E-3,4.108463E-4,4.108463E-4,4.108463E-4,4.108463E-4,0,0,0,4.108463E-4,0,4.108463E-4,4.108463E-4,4.108463E-4,6.573541E-3,0,0,0,0,4.108463E-4,4.108463E-4,4.108463E-4,2.465078E-3,2.465078E-3,2.465078E-3,1.643385E-3,1.643385E-3,8.216927E-4,8.216927E-4,4.108463E-4,4.108463E-4,0,0,0,4.108463E-4,4.108463E-4,8.216927E-4,0,0,0,0,0,4.108463E-4,4.108463E-4,0,0,0,0,0,0,0,0,0,0,0,4.108463E-4,2.054232E-3,8.216927E-4,4.108463E-4,8.216927E-4,0,4.108463E-4,0,0,0,4.108463E-4,4.108463E-4,0,0,1.643385E-3,0,0,8.216927E-4,8.216927E-4,4.108463E-4,4.108463E-4,4.108463E-4,0,0,0,0,0,0,0,0,0,0,0,0,0,0,0,0,0,0,0,0,0,0,0,4.108463E-4,0,0,0,0,0,0,4.108463E-4,0,4.108463E-4,0,0,0,4.108463E-4,4.108463E-4,0,0,0,0,0,8.216927E-4,0,8.216927E-4,0,0,0,2.481512E-1,1.643385E-3,1.643385E-3,7.395234E-3,7.395234E-3,4.108463E-4,4.108463E-4,4.108463E-4,4.108463E-4,2.465078E-3,2.465078E-3,1.643385E-3,0,2.054232E-3,0,0,4.108463E-4,0,1.643385E-3,1.643385E-3,4.108463E-4,8.216927E-4,0,0,0,0,3.697617E-3,3.697617E-3,3.697617E-3,0,0,0,0,1.943303E-1,0,1.232539E-3,1.232539E-3,8.216927E-4,8.216927E-4,0,0,4.108463E-4,0,0,4.108463E-4,4.108463E-4,4.108463E-4,0,0,0,0,0,0,1.380444E-1,1.232539E-3,0,0,0,8.216927E-4,0,8.216927E-4,0,8.216927E-4,8.216927E-4,4.108463E-4,4.108463E-4,0,0,0,4.108463E-4,0,0,4.108463E-4,1.232539E-3,4.108463E-4,4.108463E-4,8.216927E-4,0,0,0,8.216927E-4,0,8.216927E-4,4.108463E-4,4.108463E-4,4.108463E-4,0,2.259655E-2,2.875924E-3,1.232539E-3,1.232539E-3,0,0,0,0,6.984388E-3,8.216927E-4,4.930156E-3,2.054232E-3,1.232539E-3,0,0,8.216927E-4,4.108463E-4,8.216927E-4,8.216927E-4,2.465078E-3,4.108463E-4,4.108463E-4,0,1.643385E-3,1.643385E-3,4.108463E-4,4.108463E-4,4.108463E-4,0,0,4.108463E-4,0,4.108463E-3,4.108463E-4,0,0,0,0,3.697617E-3,1.643385E-3,4.108463E-4,4.108463E-4,4.108463E-4,4.108463E-4,0,5.751849E-3,1.232539E-3,8.216927E-4,4.108463E-4,0,0,4.108463E-4,4.108463E-4,4.108463E-4,1.232539E-3,8.216927E-4,4.108463E-4,4.108463E-4,4.108463E-4,0,1.232539E-3,8.216927E-4,4.108463E-4,4.108463E-4,4.108463E-4,8.216927E-4,8.216927E-4,4.108463E-4,4.108463E-4,0,0,0,3.286771E-3,0,1.643385E-3,1.643385E-3,0,1.643385E-3,1.232539E-3,4.108463E-4,1.203780E-1,0,4.108463E-4,1.643385E-3,0,0,0,1.643385E-3,1.232539E-3,8.216927E-4,8.216927E-4,4.108463E-4,8.216927E-4,4.108463E-4,4.108463E-4,2.875924E-3,0,2.054232E-3,2.054232E-3,8.216927E-4,8.216927E-4,8.216927E-4,8.216927E-4,0,0,0,2.465078E-3,1.232539E-3,8.216927E-4,0,4.108463E-4,4.108463E-4,1.232539E-3,4.108463E-4,4.108463E-4,4.108463E-4,4.108463E-4,4.108463E-4,8.216927E-4,8.216927E-4,1.150370E-1,0,0,1.150370E-1,1.146261E-1,0,2.465078E-3,7.559573E-2,0,4.108463E-4,0,0,0,0,6.368118E-2,1.232539E-3,1.191454E-2,8.216927E-4,4.108463E-4,8.216927E-4,8.216927E-4,5.751849E-3,4.108463E-3,1.643385E-3,0,4.108463E-4,4.108463E-4,4.108463E-4,1.232539E-3,1.232539E-3,0,4.108463E-4,4.108463E-4,4.108463E-4,1.643385E-3,1.643385E-3,4.108463E-4,4.108463E-4,4.108463E-4,4.108463E-4,0,4.108463E-4,4.108463E-4,4.108463E-4,3.286771E-3,4.108463E-4,1.232539E-3,4.108463E-4,0,0,1.232539E-3,0,8.216927E-4,0,2.054232E-3,1.232539E-3,8.216927E-4,0,4.108463E-4,4.108463E-4,4.108463E-4,0,0,0,0,0,0,0,0,0,0,0,2.054232E-3,0,8.216927E-4,8.216927E-4,8.216927E-4,0,0,3.697617E-3,4.108463E-4,8.216927E-4,0,1.232539E-3,1.232539E-3,4.108463E-3,0,0,3.286771E-3,0,4.108463E-4,4.108463E-4,4.108463E-4,0,0,3.410025E-2,3.327855E-2,8.216927E-4,8.216927E-4,4.108463E-4,0,4.108463E-4,4.108463E-4,1.643385E-3,8.216927E-4,4.108463E-4,4.108463E-4,4.108463E-4,4.108463E-4,8.216927E-4,8.216927E-4,0,0,0,0,4.108463E-4,0,0,0,0,8.216927E-4,4.108463E-4,0,0,8.216927E-4,4.108463E-4,4.108463E-4,0,8.216927E-4,4.108463E-4,0,4.108463E-4,0,9.860312E-3,0,2.875924E-3,2.054232E-3,8.216927E-4,8.216927E-4,2.465078E-3,2.054232E-3,1.232539E-3,4.108463E-4,4.108463E-4,4.108463E-4,0,0,0,4.108463E-4,1.643385E-3,4.108463E-4,8.216927E-4,0,0,0,0,4.108463E-4,0,3.697617E-3,0,0,3.697617E-3,3.697617E-3,1.643385E-3,0,0,6.984388E-3,8.216927E-4,0,0,0,0,0,0,0,0,6.162695E-3,4.930156E-3,3.286771E-3,8.216927E-4,0,4.108463E-4,4.108463E-4,4.108463E-4,0,4.108463E-4,0,0,0,0,0,0,0,0,0,0,0,0,0,0,3.286771E-2,4.108463E-4,4.108463E-4,4.108463E-4,4.108463E-4,3.697617E-3,4.108463E-4,4.108463E-4,1.232539E-3,2.054232E-3,4.108463E-4,0,4.108463E-4,4.108463E-4,0,0,0,2.465078E-3,4.108463E-4,4.108463E-4,4.108463E-4,0,0,4.108463E-4,4.108463E-4,0,4.108463E-4,0,4.108463E-4,0,4.108463E-4,0,0,0,0,1.643385E-3,0,0,1.232539E-3,4.108463E-4,0,4.108463E-4,0,0,0,4.108463E-4,0,0,2.423993E-2,2.300740E-2,4.519310E-3,8.216927E-4,8.216927E-4,4.108463E-4,0,4.108463E-4,0,0,1.232539E-3,8.216927E-4,6.162695E-3,0,1.232539E-3,6.573541E-3,1.232539E-3,4.108463E-4,4.108463E-4,1.232539E-3,2.875924E-3,0,4.108463E-4,4.108463E-4,0,0,0,0,0,0,1.232539E-3,1.232539E-3,8.216927E-4,4.108463E-4,4.108463E-4,0,0,0,2.875924E-3,2.465078E-3,2.054232E-3,8.216927E-4,0,0,4.108463E-4,4.108463E-4,0,0,0,0,0,3.574363E-2,1.930978E-2,1.191454E-2,2.054232E-3,1.232539E-3,0,0,8.216927E-4,4.108463E-4,9.860312E-3,8.216927E-4,4.108463E-4,9.038620E-3,5.751849E-3,2.875924E-3,2.875924E-3,2.875924E-3,8.216927E-4,4.108463E-4,4.108463E-4,4.108463E-4,0,0,1.643385E-3,1.232539E-3,4.108463E-4,0,8.216927E-4,4.108463E-4,0,1.232539E-3,1.232539E-3,1.232539E-3,0,0,0,4.519310E-3,8.216927E-4,4.108463E-4,4.108463E-4,4.108463E-4,8.216927E-4,4.108463E-4,4.108463E-4,4.108463E-4,4.108463E-4,4.108463E-4,4.108463E-4,2.465078E-3,2.054232E-3,1.232539E-3,8.216927E-4,4.108463E-4,4.108463E-4,1.232539E-3,1.232539E-3,4.108463E-4,0,0,0,4.108463E-4,0,0,0,0,0,0,4.108463E-4,0,1.643385E-3,1.643385E-3,8.216927E-4,4.108463E-4,4.108463E-4,0,1.766639E-2,1.643385E-2,9.038620E-3,4.108463E-4,4.108463E-4,4.108463E-4,4.108463E-4,7.806081E-3,4.108463E-3,8.216927E-4,0,8.216927E-4,4.108463E-4,0,1.643385E-3,1.643385E-3,4.108463E-3,1.232539E-3,4.108463E-4,4.108463E-4,8.216927E-4,4.108463E-4,8.216927E-4,4.108463E-4,2.054232E-3,4.108463E-4,4.108463E-4,0,0,0,2.875924E-3,1.232539E-3,8.216927E-4,8.216927E-4,4.108463E-4,1.643385E-3,4.108463E-4,8.216927E-4,4.108463E-4,4.108463E-4,4.108463E-4,8.216927E-4,8.216927E-4,4.108463E-4,4.108463E-4,4.108463E-4,4.108463E-4,4.108463E-4,4.108463E-4,4.108463E-4,0,0,4.108463E-4,0,4.108463E-4,4.108463E-4,4.108463E-4,0,0,0,4.108463E-4,4.108463E-4,0,1.232539E-3,1.232539E-3,0,0,0,5.341002E-3,0,0,5.341002E-3,1.643385E-3,8.216927E-4,4.108463E-4,4.108463E-4,4.108463E-4,4.108463E-4,4.108463E-4,4.108463E-4,0,8.216927E-4,0,0,0,0,1.643385E-3,8.216927E-4,4.108463E-4,0,4.108463E-4,0,4.108463E-4,0,0,0,4.108463E-4,0,4.108463E-4,0,0,0,0,1.232539E-3,0,0,0,1.232539E-3,4.108463E-4,4.108463E-4,8.216927E-4,0,4.108463E-4,4.108463E-4,4.108463E-4,4.108463E-4,1.355793E-2,4.108463E-4,4.108463E-4,4.519310E-3,2.875924E-3,0,2.054232E-3,1.232539E-3,1.232539E-3,8.216927E-4,8.216927E-4,4.108463E-4,4.108463E-4,0,0,4.108463E-4,4.108463E-4,1.643385E-3,1.232539E-3,1.232539E-3,8.216927E-4,4.108463E-4,0,0,4.108463E-4,4.108463E-4,0,4.108463E-4,1.232539E-3,1.232539E-3,1.232539E-3,4.930156E-3,3.286771E-3,2.875924E-3,0,2.465078E-3,2.054232E-3,0,0,0,2.054232E-3,4.108463E-4,8.216927E-4,4.108463E-4,4.108463E-4,0,4.108463E-4,0,0,0,0,4.108463E-4,4.108463E-4,0,0,0,8.216927E-4,4.108463E-4,4.108463E-4,0,0,4.108463E-4,1.396878E-2,8.216927E-4,8.216927E-4,8.216927E-3,7.806081E-3,0,4.108463E-4,4.108463E-4,4.108463E-4,4.930156E-3,1.643385E-3,4.108463E-4,0,8.216927E-4,2.875924E-3,2.465078E-3,1.232539E-3,4.108463E-4,8.216927E-4,4.108463E-4,4.108463E-4,0,0,0,4.108463E-4,8.216927E-4,8.216927E-4,0,8.216927E-4,8.216927E-4,0,0,0,0,0,0,0,0,0,0,0,0,0,2.465078E-3,1.232539E-3,1.232539E-3,0,4.108463E-4,4.108463E-4,4.108463E-4,1.232539E-3,0,0,4.108463E-4,0,0,0,0,4.108463E-4,4.108463E-4,0,5.423172E-2,4.108463E-3,0,0,2.875924E-3,1.232539E-3,8.216927E-4,6.162695E-3,4.930156E-3,0,0,0,0,1.643385E-3,1.643385E-3,8.216927E-4,1.232539E-3,1.232539E-3,0,0,4.108463E-4,0,4.108463E-4,4.108463E-4,4.108463E-4,2.834840E-2,8.216927E-4,6.162695E-3,8.216927E-4,4.108463E-4,4.108463E-4,1.232539E-3,8.216927E-4,0,2.054232E-3,8.216927E-4,8.216927E-4,4.108463E-4,1.232539E-3,1.232539E-3,0,4.108463E-4,4.108463E-4,1.643385E-3,8.216927E-4,4.108463E-4,4.108463E-4,4.108463E-4,4.108463E-4,4.108463E-4,4.108463E-4,4.108463E-4,4.108463E-4,0,0,4.108463E-4,0,0,0,2.875924E-3,2.054232E-3,2.054232E-3,0,0,0,0,0,0,0,4.108463E-4,2.054232E-3,4.108463E-4,4.108463E-4,0,0,0,0,0,0,3.697617E-3,3.286771E-3,6.573541E-3,4.108463E-3,4.108463E-4,4.108463E-4,0,4.108463E-4,4.108463E-4,1.643385E-3,1.643385E-3,0,2.465078E-3,1.232539E-3,1.232539E-3,0,0,2.054232E-3,8.216927E-4,8.216927E-4,1.232539E-3,8.216927E-4,0,9.038620E-3,7.395234E-3,3.697617E-3,2.465078E-3,2.465078E-3,2.465078E-3,8.216927E-4,8.216927E-4,4.108463E-4,4.108463E-4,1.643385E-3,0,0,4.108463E-4,4.108463E-4,4.108463E-4,0,0,4.108463E-4,4.108463E-4,4.108463E-4,1.232539E-3,0,0,1.232539E-3,0,1.232539E-3,1.232539E-3,0,1.232539E-3,0,0,4.108463E-4,0,0,9.860312E-3,9.449466E-3,4.108463E-4,4.108463E-4,2.054232E-3,8.216927E-4,4.108463E-4,4.108463E-4,8.216927E-4,4.108463E-4,3.286771E-3,1.232539E-3,0,2.054232E-3,2.054232E-3,1.643385E-3,1.643385E-3,2.054232E-3,0,0,0,0,0,1.643385E-3,8.216927E-4,8.216927E-4,0,8.216927E-4,4.108463E-4,4.108463E-4,4.108463E-4,4.108463E-4,0,0,0,0,0,2.875924E-3,4.108463E-4,0,0,0,1.643385E-3,4.108463E-4,0,4.108463E-4,4.108463E-4,4.108463E-4,4.108463E-4,4.930156E-3,0,0,0,4.519310E-3,1.643385E-3,1.643385E-3,2.875924E-3,2.875924E-3,4.108463E-4,2.465078E-3,1.643385E-3,0,4.108463E-4,4.108463E-4,0,0,0,0,1.232539E-2,5.341002E-3,2.465078E-3,1.643385E-3,0,0,0,0,0,4.108463E-4,4.108463E-4,0,0,0,0,0,0,0,0,4.108463E-4,0,4.108463E-4,0,4.108463E-4,4.108463E-4,2.875924E-3,1.232539E-3,0,0,4.108463E-4,0,0,4.108463E-4,4.108463E-4,0,0,0,0,0,0,4.108463E-4,0,0,0,0,0,0,0,0,0,4.108463E-4,4.108463E-4,8.216927E-4,8.216927E-4,0,8.216927E-4,0,0,0,0,1.437962E-2,0,2.875924E-3,0,4.108463E-3,4.108463E-4,3.286771E-3,1.643385E-3,4.108463E-4,4.108463E-4,4.108463E-4,4.108463E-4,5.751849E-3,5.751849E-3,4.108463E-4,0,0,4.108463E-3,0,0,0,4.108463E-3,3.286771E-3,0,0,4.108463E-4,2.875924E-3,0,0,0,0,2.875924E-3,0,0,8.216927E-4,8.216927E-4,0,0,1.232539E-3,1.232539E-3,0,0,0,1.479047E-2,0,8.216927E-4,8.216927E-4,4.108463E-4,4.108463E-4,4.108463E-4,4.108463E-4,9.860312E-3,9.038620E-3,8.216927E-4,8.216927E-4,6.984388E-3,4.108463E-4,5.751849E-3,1.232539E-3,4.108463E-4,4.108463E-4,4.108463E-4,0,0,4.108463E-4,8.216927E-4,0,0,8.216927E-4,8.216927E-4,0,0,0,4.930156E-3,4.108463E-4,8.216927E-4,8.216927E-4,0,3.697617E-3,2.054232E-3,1.232539E-3,1.232539E-3,0,0,0,4.108463E-4,4.108463E-4,0,0,0,0,0,0,0,0,0,0,0,0,0,0,0,0,2.218570E-2,2.218570E-2,2.218570E-2,9.860312E-3,8.627773E-3,4.930156E-3,0,8.216927E-4,0,8.216927E-4,8.216927E-4,8.216927E-4]: 2434

Forest with 10 trees Model
**************************

Forest with 10 models

Forest with 10 trees(T = 0.0) Model
***********************************

Forest with 10 models

Forest with 10 trees(T = 2.0) Model
***********************************

Forest with 10 models

Forest with 10 trees(T = 4.0) Model
***********************************

Forest with 10 models

Forest with 10 trees(T = 6.0) Model
***********************************

Forest with 10 models

Forest with 10 trees(T = 8.0) Model
***********************************

Forest with 10 models

Forest with 10 trees(T = 10.0) Model
************************************

Forest with 10 models

Forest with 10 trees(T = 12.0) Model
************************************

Forest with 10 models

Forest with 10 trees(T = 14.0) Model
************************************

Forest with 10 models

Forest with 10 trees(T = 16.0) Model
************************************

Forest with 10 models

Forest with 10 trees(T = 18.0) Model
************************************

Forest with 10 models

Forest with 10 trees(T = 20.0) Model
************************************

Forest with 10 models

Forest with 10 trees(T = 22.0) Model
************************************

Forest with 10 models

Forest with 10 trees(T = 24.0) Model
************************************

Forest with 10 models

Forest with 10 trees(T = 26.0) Model
************************************

Forest with 10 models

Forest with 10 trees(T = 28.0) Model
************************************

Forest with 10 models

Forest with 10 trees(T = 30.0) Model
************************************

Forest with 10 models

Forest with 10 trees(T = 32.0) Model
************************************

Forest with 10 models

Forest with 10 trees(T = 34.0) Model
************************************

Forest with 10 models

Forest with 10 trees(T = 36.0) Model
************************************

Forest with 10 models

Forest with 10 trees(T = 38.0) Model
************************************

Forest with 10 models

Forest with 10 trees(T = 40.0) Model
************************************

Forest with 10 models

Forest with 10 trees(T = 42.0) Model
************************************

Forest with 10 models

Forest with 10 trees(T = 44.0) Model
************************************

Forest with 10 models

Forest with 10 trees(T = 46.0) Model
************************************

Forest with 10 models

Forest with 10 trees(T = 48.0) Model
************************************

Forest with 10 models

Forest with 10 trees(T = 50.0) Model
************************************

Forest with 10 models

Forest with 10 trees(T = 52.0) Model
************************************

Forest with 10 models

Forest with 10 trees(T = 54.0) Model
************************************

Forest with 10 models

Forest with 10 trees(T = 56.0) Model
************************************

Forest with 10 models

Forest with 10 trees(T = 58.0) Model
************************************

Forest with 10 models

Forest with 10 trees(T = 60.0) Model
************************************

Forest with 10 models

Forest with 10 trees(T = 62.0) Model
************************************

Forest with 10 models

Forest with 10 trees(T = 64.0) Model
************************************

Forest with 10 models

Forest with 10 trees(T = 66.0) Model
************************************

Forest with 10 models

Forest with 10 trees(T = 68.0) Model
************************************

Forest with 10 models

Forest with 10 trees(T = 70.0) Model
************************************

Forest with 10 models

Forest with 10 trees(T = 72.0) Model
************************************

Forest with 10 models

Forest with 10 trees(T = 74.0) Model
************************************

Forest with 10 models

Forest with 10 trees(T = 76.0) Model
************************************

Forest with 10 models

Forest with 10 trees(T = 78.0) Model
************************************

Forest with 10 models

Forest with 10 trees(T = 80.0) Model
************************************

Forest with 10 models

Forest with 10 trees(T = 82.0) Model
************************************

Forest with 10 models

Forest with 10 trees(T = 84.0) Model
************************************

Forest with 10 models

Forest with 10 trees(T = 86.0) Model
************************************

Forest with 10 models

Forest with 10 trees(T = 88.0) Model
************************************

Forest with 10 models

Forest with 10 trees(T = 90.0) Model
************************************

Forest with 10 models

Forest with 10 trees(T = 92.0) Model
************************************

Forest with 10 models

Forest with 10 trees(T = 94.0) Model
************************************

Forest with 10 models

Forest with 10 trees(T = 96.0) Model
************************************

Forest with 10 models

Forest with 10 trees(T = 98.0) Model
************************************

Forest with 10 models

Forest with 10 trees(T = 100.0) Model
*************************************

Forest with 10 models

