Clus run 'eisen0.names'
***********************

Date: 3/3/23 8:45 PM
File: eisen_GO.f.out
Attributes: 80 (input: 79, output: 1)
Missing values: Yes

[General]
Verbose = 1
RandomSeed = 0
ResourceInfoLoaded = No
DoNotInduce = No
LoggingProperties = logging.properties

[Data]
File = raw_datasets/eisen_GO/eisen_GO.trainvalid.fake.arff
TestSet = None
PruneSet = None
XVal = 10
RemoveMissingTarget = No
NormalizeData = None

[Attributes]
Target = 80
Clustering = 80
Descriptive = 1-79
Key = None
Disable = None
Weights = Normalize
ClusteringWeights = 1.0
ReduceMemoryNominalAttrs = No
GIS = None

[Constraints]
Syntactic = None
MaxSize = Infinity
MaxError = 0.0
MaxDepth = Infinity

[Nominal]
MEstimate = 1.0

[Model]
MinimalWeight = 5.0
MinimalNumberExamples = 0
MinimalKnownWeight = 0.0
ParamTuneNumberFolds = 3
NominalSubsetTests = Yes

[Tree]
Heuristic = VarianceReduction
HeuristicComplexity = N2
SetDistance = GSMDistance
TupleDistance = Euclidean
TSDistance = DTW
PruningMethod = Default
FTest = 0.1
BinarySplit = Yes
ConvertToRules = No
AlternativeSplits = No
Optimize = []
MSENominal = No
SplitSampling = None
MissingClusteringAttrHandling = EstimateFromParentNode
MissingTargetAttrHandling = ParentNode
InductionOrder = DepthFirst
EntropyType = StandardEntropy
ConsiderUnlableInstancesInIGCalc = No
SpatialMatrix = Binary
SpatialMeasure = GlobalMoran
Bandwidth = 0.001
Longlat = No
NumNeightbours = 0.0
Alpha = 1.0
SplitPosition = Exact

[Hierarchical]
Type = Tree
Distance = WeightedEuclidean
WType = ExpAvgParentWeight
WParam = 0.75
HSeparator = /
EmptySetIndicator = n
OptimizeErrorMeasure = PooledAUPRC
DefinitionFile = None
NoRootPredictions = No
PruneInSig = 0.0
Bonferroni = No
SingleLabel = No
CalculateErrors = Yes
ClassificationThreshold = [0.0,2.0,4.0,6.0,8.0,10.0,12.0,14.0,16.0,18.0,20.0,22.0,24.0,26.0,28.0,30.0,32.0,34.0,36.0,38.0,40.0,42.0,44.0,46.0,48.0,50.0,52.0,54.0,56.0,58.0,60.0,62.0,64.0,66.0,68.0,70.0,72.0,74.0,76.0,78.0,80.0,82.0,84.0,86.0,88.0,90.0,92.0,94.0,96.0,98.0,100.0]
RecallValues = None
EvalClasses = None
MEstimate = No

[Relief]
Neighbours = [10,15]
Iterations = 1.0
WeightNeighbours = No
WeightingSigma = 0.5
ChosenInstances = [-1]
MultilabelDistance = HammingLoss
ReliefStatisticsType = DistanceClassic
MissingTargetHandling = Impute

[Ensemble]
Iterations = [10]
TimeBudget = 0
EnsembleMethod = RForest
EnsembleBootstrapping = Yes
VotingType = ProbabilityDistribution
SelectRandomSubspaces = 9
ROSTargetSubspaceSize = SQRT
ROSAlgorithmType = Disabled
ROSVotingType = SubspaceAveraging
PrintAllModels = No
PrintAllModelFiles = No
PrintAllModelInfo = No
PrintPaths = No
Optimize = No
OOBestimate = No
FeatureRanking = [Genie3, Symbolic]
FeatureRankingPerTarget = No
SymbolicWeight = Dynamic
SortRankingByRelevance = Yes
WriteEnsemblePredictions = No
EnsembleRandomDepth = No
BagSelection = -1
BagSize = 0
NumberOfThreads = 1

[kNN]
K = [1,5,10,15,20,25,30,35,40]
Distance = Euclidean
SearchMethod = BruteForce
DistanceWeighting = [Constant]
AttributeWeighting = none
ChosenInstancesTrain = [-1]
ChosenInstancesTest = [-1]
LoadNeighboursFiles = {}
SaveNeighboursFile = 
IsMlcKnn = No
MlcCountSmoother = 1.0

[SemiSupervised]
SemiSupervisedMethod = PCT
StoppingCriteria = NoneAdded
UnlabeledCriteria = Threshold
ConfidenceThreshold = 0.8
ConfidenceMeasure = Variance
Iterations = 10
K = 5
UnlabeledData = 
PercentageLabeled = 5
UseWeights = No
AirbagTrials = 0
ExhaustiveSearchThresholds = [0.5,0.6,0.7,0.8,0.9,0.99]
OOBErrorCalculation = LabeledOnly
Normalization = MinMaxNormalization
Aggregation = Average
CalibrateHmcThreshold = No
PruningWhenTuning = No
InternalFolds = 5
WeightScoresFile = NO
PossibleWeights = [0.0,0.1,0.2,0.3,0.4,0.5,0.6,0.7,0.8,0.9,1.0]
IterationsSupervisionOptimisation = 0
ForceInternalXValOptimisation = No
ImputeMissingTargetValues = No
InternalFold = -1
ProceedToMain = Yes

[Output]
ShowModels = [Default, Pruned, Others]
TrainErrors = No
ValidErrors = Yes
TestErrors = Yes
AllFoldModels = Yes
AllFoldErrors = No
AllFoldDatasets = No
UnknownFrequency = No
BranchFrequency = No
ShowInfo = [Count]
PrintModelAndExamples = No
WriteErrorFile = No
WriteModelFile = No
WritePerBagModelFile = Yes
WriteOOBFile = Yes
WritePredictions = []
GzipOutput = No
ModelIDFiles = No
WriteCurves = No
OutputPythonModel = No
PythonModelType = Object
OutputROSSubspaces = No
OutputJSONModel = No
OutputDatabaseQueries = No
OutputClowdFlowsJSON = No
ComputeSpearman = No

Run: 01
*******

Statistics
----------

FTValue (FTest): 0.1
Induction Time: 12.928 sec
Pruning Time: 0 sec
Prediction Time (total for ClusModel.Original): 
	0 microsecs
	0 millisecs
	0 secs
Prediction Time (average for ClusModel.Original): 0 microsecs
Model information:
     Default: Nodes = 1; Leaves = 1; Depth = 1
     Forest with 10 trees: FOREST with 10 models (Total nodes: 2610; leaves: 1310; average tree depth: 19.5)
     Forest with 10 trees(T = 0.0): FOREST with 10 models (Total nodes: 2610; leaves: 1310; average tree depth: 19.5)
     Forest with 10 trees(T = 2.0): FOREST with 10 models (Total nodes: 2610; leaves: 1310; average tree depth: 19.5)
     Forest with 10 trees(T = 4.0): FOREST with 10 models (Total nodes: 2610; leaves: 1310; average tree depth: 19.5)
     Forest with 10 trees(T = 6.0): FOREST with 10 models (Total nodes: 2610; leaves: 1310; average tree depth: 19.5)
     Forest with 10 trees(T = 8.0): FOREST with 10 models (Total nodes: 2610; leaves: 1310; average tree depth: 19.5)
     Forest with 10 trees(T = 10.0): FOREST with 10 models (Total nodes: 2610; leaves: 1310; average tree depth: 19.5)
     Forest with 10 trees(T = 12.0): FOREST with 10 models (Total nodes: 2610; leaves: 1310; average tree depth: 19.5)
     Forest with 10 trees(T = 14.0): FOREST with 10 models (Total nodes: 2610; leaves: 1310; average tree depth: 19.5)
     Forest with 10 trees(T = 16.0): FOREST with 10 models (Total nodes: 2610; leaves: 1310; average tree depth: 19.5)
     Forest with 10 trees(T = 18.0): FOREST with 10 models (Total nodes: 2610; leaves: 1310; average tree depth: 19.5)
     Forest with 10 trees(T = 20.0): FOREST with 10 models (Total nodes: 2610; leaves: 1310; average tree depth: 19.5)
     Forest with 10 trees(T = 22.0): FOREST with 10 models (Total nodes: 2610; leaves: 1310; average tree depth: 19.5)
     Forest with 10 trees(T = 24.0): FOREST with 10 models (Total nodes: 2610; leaves: 1310; average tree depth: 19.5)
     Forest with 10 trees(T = 26.0): FOREST with 10 models (Total nodes: 2610; leaves: 1310; average tree depth: 19.5)
     Forest with 10 trees(T = 28.0): FOREST with 10 models (Total nodes: 2610; leaves: 1310; average tree depth: 19.5)
     Forest with 10 trees(T = 30.0): FOREST with 10 models (Total nodes: 2610; leaves: 1310; average tree depth: 19.5)
     Forest with 10 trees(T = 32.0): FOREST with 10 models (Total nodes: 2610; leaves: 1310; average tree depth: 19.5)
     Forest with 10 trees(T = 34.0): FOREST with 10 models (Total nodes: 2610; leaves: 1310; average tree depth: 19.5)
     Forest with 10 trees(T = 36.0): FOREST with 10 models (Total nodes: 2610; leaves: 1310; average tree depth: 19.5)
     Forest with 10 trees(T = 38.0): FOREST with 10 models (Total nodes: 2610; leaves: 1310; average tree depth: 19.5)
     Forest with 10 trees(T = 40.0): FOREST with 10 models (Total nodes: 2610; leaves: 1310; average tree depth: 19.5)
     Forest with 10 trees(T = 42.0): FOREST with 10 models (Total nodes: 2610; leaves: 1310; average tree depth: 19.5)
     Forest with 10 trees(T = 44.0): FOREST with 10 models (Total nodes: 2610; leaves: 1310; average tree depth: 19.5)
     Forest with 10 trees(T = 46.0): FOREST with 10 models (Total nodes: 2610; leaves: 1310; average tree depth: 19.5)
     Forest with 10 trees(T = 48.0): FOREST with 10 models (Total nodes: 2610; leaves: 1310; average tree depth: 19.5)
     Forest with 10 trees(T = 50.0): FOREST with 10 models (Total nodes: 2610; leaves: 1310; average tree depth: 19.5)
     Forest with 10 trees(T = 52.0): FOREST with 10 models (Total nodes: 2610; leaves: 1310; average tree depth: 19.5)
     Forest with 10 trees(T = 54.0): FOREST with 10 models (Total nodes: 2610; leaves: 1310; average tree depth: 19.5)
     Forest with 10 trees(T = 56.0): FOREST with 10 models (Total nodes: 2610; leaves: 1310; average tree depth: 19.5)
     Forest with 10 trees(T = 58.0): FOREST with 10 models (Total nodes: 2610; leaves: 1310; average tree depth: 19.5)
     Forest with 10 trees(T = 60.0): FOREST with 10 models (Total nodes: 2610; leaves: 1310; average tree depth: 19.5)
     Forest with 10 trees(T = 62.0): FOREST with 10 models (Total nodes: 2610; leaves: 1310; average tree depth: 19.5)
     Forest with 10 trees(T = 64.0): FOREST with 10 models (Total nodes: 2610; leaves: 1310; average tree depth: 19.5)
     Forest with 10 trees(T = 66.0): FOREST with 10 models (Total nodes: 2610; leaves: 1310; average tree depth: 19.5)
     Forest with 10 trees(T = 68.0): FOREST with 10 models (Total nodes: 2610; leaves: 1310; average tree depth: 19.5)
     Forest with 10 trees(T = 70.0): FOREST with 10 models (Total nodes: 2610; leaves: 1310; average tree depth: 19.5)
     Forest with 10 trees(T = 72.0): FOREST with 10 models (Total nodes: 2610; leaves: 1310; average tree depth: 19.5)
     Forest with 10 trees(T = 74.0): FOREST with 10 models (Total nodes: 2610; leaves: 1310; average tree depth: 19.5)
     Forest with 10 trees(T = 76.0): FOREST with 10 models (Total nodes: 2610; leaves: 1310; average tree depth: 19.5)
     Forest with 10 trees(T = 78.0): FOREST with 10 models (Total nodes: 2610; leaves: 1310; average tree depth: 19.5)
     Forest with 10 trees(T = 80.0): FOREST with 10 models (Total nodes: 2610; leaves: 1310; average tree depth: 19.5)
     Forest with 10 trees(T = 82.0): FOREST with 10 models (Total nodes: 2610; leaves: 1310; average tree depth: 19.5)
     Forest with 10 trees(T = 84.0): FOREST with 10 models (Total nodes: 2610; leaves: 1310; average tree depth: 19.5)
     Forest with 10 trees(T = 86.0): FOREST with 10 models (Total nodes: 2610; leaves: 1310; average tree depth: 19.5)
     Forest with 10 trees(T = 88.0): FOREST with 10 models (Total nodes: 2610; leaves: 1310; average tree depth: 19.5)
     Forest with 10 trees(T = 90.0): FOREST with 10 models (Total nodes: 2610; leaves: 1310; average tree depth: 19.5)
     Forest with 10 trees(T = 92.0): FOREST with 10 models (Total nodes: 2610; leaves: 1310; average tree depth: 19.5)
     Forest with 10 trees(T = 94.0): FOREST with 10 models (Total nodes: 2610; leaves: 1310; average tree depth: 19.5)
     Forest with 10 trees(T = 96.0): FOREST with 10 models (Total nodes: 2610; leaves: 1310; average tree depth: 19.5)
     Forest with 10 trees(T = 98.0): FOREST with 10 models (Total nodes: 2610; leaves: 1310; average tree depth: 19.5)
     Forest with 10 trees(T = 100.0): FOREST with 10 models (Total nodes: 2610; leaves: 1310; average tree depth: 19.5)

Default Model
*************

[1,9.147189E-1,4.396715E-1,0,5.938092E-2,0,1.895136E-3,1.263424E-3,0,6.317119E-4,0,6.317119E-4,6.948831E-3,1.895136E-3,6.317119E-4,6.317119E-4,0,9.475679E-3,0,0,9.475679E-3,6.317119E-4,0,0,0,1.263424E-3,0,6.317119E-4,6.317119E-4,6.317119E-4,1.263424E-3,6.317119E-4,6.317119E-4,0,6.317119E-4,6.317119E-4,6.317119E-4,0,1.895136E-3,6.317119E-4,0,0,0,0,5.685407E-3,6.317119E-4,6.317119E-4,1.895136E-3,0,0,0,6.317119E-4,6.317119E-4,6.317119E-4,1.895136E-3,6.317119E-4,6.317119E-4,6.317119E-4,1.263424E-3,6.317119E-4,6.317119E-4,6.317119E-4,0,3.158560E-3,0,1.263424E-3,1.263424E-3,1.263424E-3,0,0,6.317119E-4,6.317119E-4,1.263424E-3,1.263424E-3,5.685407E-3,6.317119E-4,4.421984E-3,6.317119E-4,6.317119E-4,0,1.263424E-3,6.317119E-4,6.317119E-4,0,6.317119E-4,6.317119E-4,6.317119E-4,6.317119E-4,6.317119E-4,6.317119E-4,6.317119E-4,6.317119E-4,3.158560E-3,6.317119E-4,6.317119E-4,6.317119E-4,1.895136E-3,6.317119E-4,1.263424E-3,0,6.317119E-4,6.317119E-4,6.317119E-4,6.317119E-4,7.580543E-3,3.790272E-3,3.158560E-3,6.317119E-4,6.317119E-4,6.317119E-4,6.317119E-4,3.790272E-3,6.317119E-4,6.317119E-4,2.526848E-3,1.263424E-3,6.317119E-4,6.317119E-4,0,3.790272E-3,6.317119E-4,6.317119E-4,6.317119E-4,0,6.317119E-4,6.317119E-4,0,0,0,0,3.158560E-3,3.158560E-3,6.317119E-4,6.317119E-4,0,1.895136E-3,0,6.317119E-4,0,2.526848E-3,6.317119E-4,0,6.317119E-4,6.317119E-4,0,0,1.263424E-3,6.317119E-4,6.317119E-4,1.895136E-3,1.895136E-3,1.263424E-3,1.263424E-3,1.263424E-3,1.895136E-3,1.895136E-3,1.895136E-3,1.895136E-3,8.212255E-3,6.317119E-4,6.317119E-3,6.317119E-4,2.526848E-3,1.263424E-3,6.317119E-4,6.317119E-4,6.317119E-4,6.317119E-4,6.317119E-4,6.317119E-4,1.895136E-3,1.263424E-3,6.317119E-4,6.317119E-4,6.317119E-4,6.317119E-4,6.317119E-4,0,1.250790E-1,6.317119E-4,9.475679E-3,7.580543E-3,6.317119E-4,0,0,6.317119E-4,6.317119E-4,6.317119E-4,6.317119E-4,0,6.317119E-4,0,0,4.421984E-3,6.317119E-4,6.317119E-4,6.317119E-4,6.317119E-4,0,1.263424E-3,6.317119E-4,6.317119E-4,6.317119E-4,6.317119E-4,0,0,0,0,0,0,6.317119E-4,0,0,6.317119E-4,6.317119E-4,6.317119E-4,6.317119E-4,6.317119E-4,0,0,0,0,0,0,6.317119E-4,6.317119E-4,0,0,6.317119E-4,6.317119E-4,6.317119E-4,6.317119E-4,6.317119E-4,0,1.895136E-3,6.317119E-4,6.317119E-4,0,6.317119E-4,0,0,0,1.895136E-3,1.263424E-3,0,6.317119E-4,1.895136E-2,1.452937E-2,1.895136E-3,0,0,0,0,1.895136E-3,1.263424E-3,6.317119E-4,6.317119E-4,0,0,6.317119E-4,6.317119E-4,0,3.790272E-3,1.263424E-3,0,6.317119E-4,6.317119E-4,6.317119E-4,6.317119E-4,6.317119E-4,6.317119E-4,0,1.895136E-3,6.317119E-4,6.317119E-4,6.317119E-3,5.053696E-3,6.317119E-4,4.421984E-3,0,0,0,4.421984E-3,4.421984E-3,6.317119E-4,0,6.317119E-4,6.317119E-4,6.317119E-4,6.317119E-4,6.317119E-4,0,0,0,0,0,0,0,0,0,6.317119E-4,6.317119E-4,0,0,0,1.895136E-3,1.895136E-3,1.895136E-3,1.895136E-3,0,3.158560E-3,6.317119E-4,6.317119E-4,0,6.317119E-4,1.263424E-3,1.263424E-3,0,2.716361E-2,0,1.895136E-2,1.263424E-2,3.158560E-3,1.263424E-3,6.317119E-4,4.421984E-3,0,0,1.263424E-3,0,3.158560E-3,6.317119E-4,0,6.317119E-4,6.317119E-4,0,6.317119E-4,6.317119E-4,6.317119E-4,6.317119E-4,6.317119E-4,1.895136E-3,1.263424E-3,6.317119E-4,1.263424E-3,1.895136E-3,6.317119E-4,6.317119E-4,0,6.317119E-4,0,6.317119E-4,0,6.317119E-4,6.317119E-4,6.317119E-4,5.685407E-3,6.317119E-4,0,6.317119E-4,0,6.317119E-4,6.317119E-4,6.317119E-4,6.317119E-4,6.317119E-4,6.317119E-4,6.317119E-4,6.317119E-4,6.317119E-4,9.475679E-3,0,6.317119E-4,6.317119E-4,6.317119E-4,0,6.317119E-4,0,6.317119E-4,6.317119E-4,6.317119E-4,1.895136E-3,0,0,0,0,1.263424E-3,1.263424E-3,0,6.317119E-4,0,1.263424E-3,6.317119E-4,6.317119E-4,6.317119E-4,6.317119E-4,6.317119E-4,5.053696E-3,5.053696E-3,0,6.317119E-4,6.317119E-4,6.317119E-4,6.317119E-4,6.317119E-4,6.317119E-4,6.317119E-4,0,0,6.317119E-4,6.317119E-4,0,0,6.317119E-4,6.317119E-4,0,6.317119E-4,6.317119E-4,5.243209E-2,1.579280E-2,1.263424E-3,6.317119E-4,6.317119E-4,6.317119E-4,6.317119E-4,6.317119E-4,6.317119E-4,0,6.317119E-4,6.317119E-4,6.317119E-4,6.317119E-4,1.263424E-3,1.263424E-3,6.317119E-4,6.317119E-4,3.790272E-3,6.317119E-4,1.263424E-3,1.263424E-3,0,2.526848E-3,1.895136E-3,6.317119E-4,0,6.317119E-4,1.263424E-3,6.317119E-4,1.010739E-2,0,6.317119E-4,6.317119E-4,0,1.263424E-3,1.263424E-3,1.263424E-3,1.263424E-3,1.263424E-3,0,6.317119E-4,6.317119E-4,1.263424E-3,6.317119E-4,6.317119E-4,6.317119E-4,6.317119E-4,6.317119E-4,6.317119E-4,1.263424E-3,6.317119E-4,0,0,0,6.317119E-4,6.317119E-4,6.317119E-4,6.317119E-4,6.317119E-4,6.317119E-4,0,0,0,0,3.790272E-3,3.158560E-3,6.317119E-4,2.400505E-2,6.317119E-4,8.843967E-3,8.843967E-3,6.317119E-4,0,6.317119E-4,6.317119E-4,0,3.790272E-3,1.263424E-3,6.317119E-4,1.263424E-3,6.317119E-4,6.317119E-4,6.317119E-4,1.895136E-3,1.263424E-3,6.317119E-4,6.317119E-4,0,6.317119E-4,6.317119E-4,6.317119E-4,6.317119E-4,6.317119E-4,6.317119E-4,6.317119E-4,9.475679E-3,9.475679E-3,9.475679E-3,5.053696E-3,0,1.895136E-3,5.053696E-3,6.317119E-4,6.317119E-4,6.317119E-4,3.158560E-3,6.317119E-4,6.317119E-4,1.263424E-3,6.317119E-4,6.317119E-4,6.317119E-4,6.317119E-4,2.526848E-3,6.317119E-4,6.317119E-4,1.895136E-3,6.317119E-4,6.317119E-4,6.317119E-4,0,6.317119E-4,6.317119E-4,1.737208E-1,0,2.842704E-2,2.779533E-2,1.263424E-2,3.158560E-3,1.895136E-3,6.317119E-4,6.317119E-3,7.580543E-3,6.948831E-3,6.948831E-3,6.948831E-3,1.895136E-3,6.948831E-3,5.685407E-3,3.790272E-3,2.526848E-3,6.317119E-4,6.317119E-4,6.317119E-4,0,1.263424E-3,1.263424E-3,0,0,0,0,0,4.737840E-2,2.274163E-2,6.317119E-3,2.526848E-3,6.317119E-4,0,6.317119E-4,6.317119E-4,0,0,5.685407E-3,3.790272E-3,3.790272E-3,3.158560E-3,6.317119E-4,1.263424E-3,0,0,6.317119E-4,2.526848E-3,0,0,0,1.200253E-2,0,8.212255E-3,5.685407E-3,1.263424E-3,6.317119E-4,3.158560E-3,6.317119E-4,6.317119E-4,6.317119E-4,3.790272E-3,3.790272E-3,3.158560E-3,6.317119E-4,6.317119E-4,0,0,0,1.263424E-3,6.317119E-4,0,0,1.263424E-3,6.317119E-4,6.317119E-4,6.317119E-4,0,0,0,0,0,0,0,1.768793E-2,2.526848E-3,6.317119E-4,0,6.317119E-4,6.317119E-4,6.317119E-4,6.317119E-4,6.317119E-4,1.516109E-2,6.317119E-4,6.317119E-4,6.317119E-4,6.948831E-3,6.317119E-3,1.263424E-3,1.263424E-3,6.317119E-4,1.895136E-3,6.317119E-4,0,1.263424E-3,6.317119E-4,6.317119E-4,3.158560E-3,6.317119E-4,2.526848E-3,1.263424E-3,6.317119E-4,6.317119E-4,6.317119E-4,1.263424E-3,0,0,0,1.263424E-3,6.317119E-4,1.263424E-3,0,6.317119E-4,6.317119E-4,6.317119E-4,0,0,5.685407E-3,3.158560E-3,6.317119E-4,6.317119E-4,6.317119E-4,6.317119E-4,1.010739E-2,5.685407E-3,6.317119E-4,0,0,6.317119E-4,1.263424E-3,1.263424E-3,6.317119E-4,6.317119E-4,6.317119E-4,2.526848E-3,0,1.263424E-3,1.263424E-3,6.317119E-4,6.317119E-4,6.317119E-4,6.317119E-4,0,0,6.317119E-4,0,0,0,3.158560E-3,3.158560E-3,2.526848E-3,1.263424E-3,1.895136E-3,6.317119E-4,6.317119E-4,6.317119E-4,6.317119E-4,6.317119E-4,6.317119E-4,6.317119E-4,0,0,0,1.137081E-2,6.317119E-3,0,2.526848E-3,6.317119E-4,2.526848E-3,2.526848E-3,1.895136E-3,6.317119E-4,6.317119E-4,0,0,0,6.317119E-4,6.317119E-4,6.317119E-4,0,0,0,1.263424E-3,0,6.317119E-4,6.317119E-4,3.790272E-3,0,6.317119E-4,6.317119E-4,0,1.895136E-3,1.263424E-3,6.317119E-4,6.317119E-4,0,0,6.317119E-4,0,6.317119E-4,6.317119E-4,6.317119E-4,7.770057E-2,7.770057E-2,7.770057E-2,6.317119E-4,6.317119E-4,1.263424E-3,1.263424E-3,0,6.317119E-4,6.317119E-4,6.317119E-4,6.317119E-4,7.201516E-2,4.421984E-3,1.895136E-3,1.895136E-3,1.579280E-2,1.200253E-2,5.685407E-3,6.317119E-4,6.317119E-4,1.263424E-3,1.895136E-3,0,0,0,0,0,4.864182E-2,3.095389E-2,0,0,1.326595E-2,6.317119E-4,5.685407E-3,2.526848E-3,1.263424E-3,0,6.317119E-4,6.317119E-4,1.895136E-3,1.073910E-2,1.073910E-2,6.317119E-4,6.317119E-4,3.158560E-3,0,6.317119E-4,1.895136E-3,1.263424E-3,6.317119E-4,1.263424E-3,6.317119E-4,0,6.317119E-4,0,0,0,0,0,0,0,6.317119E-4,6.317119E-4,0,0,0,0,0,0,2.274163E-2,1.263424E-3,6.317119E-4,7.580543E-3,0,5.685407E-3,6.317119E-4,0,6.317119E-4,0,6.317119E-4,1.263424E-3,0,6.317119E-4,1.895136E-3,0,1.895136E-3,1.895136E-3,1.895136E-3,0,0,0,2.526848E-3,1.263424E-3,6.317119E-4,6.317119E-4,8.843967E-3,7.580543E-3,6.317119E-4,0,6.317119E-4,0,6.317119E-4,6.317119E-4,6.317119E-4,0,6.317119E-4,6.317119E-4,1.263424E-3,6.317119E-4,6.317119E-4,6.317119E-4,0,0,0,1.895136E-3,6.317119E-4,6.317119E-4,6.317119E-4,3.158560E-3,1.895136E-3,1.263424E-3,6.317119E-4,1.263424E-3,6.317119E-4,0,6.317119E-4,6.317119E-4,1.263424E-3,6.317119E-4,6.317119E-4,0,6.317119E-4,6.317119E-4,6.317119E-4,6.317119E-4,1.010739E-2,0,0,0,0,2.526848E-3,1.263424E-3,6.317119E-4,0,6.317119E-4,0,0,1.263424E-3,0,6.317119E-4,6.317119E-4,0,6.948831E-3,1.263424E-3,1.263424E-3,3.790272E-3,6.317119E-4,1.263424E-3,0,6.317119E-4,6.317119E-4,6.317119E-4,6.317119E-4,1.326595E-2,0,7.580543E-3,2.526848E-3,6.317119E-4,6.317119E-4,6.317119E-4,3.790272E-3,1.263424E-3,1.263424E-3,1.263424E-3,1.263424E-3,1.263424E-3,6.317119E-4,1.263424E-3,1.263424E-3,1.263424E-3,6.317119E-4,0,7.580543E-3,0,0,0,6.317119E-4,0,0,0,6.317119E-4,0,0,1.895136E-3,6.317119E-4,6.317119E-4,2.526848E-3,6.317119E-4,6.317119E-4,6.317119E-4,6.317119E-4,6.317119E-4,0,1.263424E-3,0,0,6.317119E-4,6.317119E-4,0,0,0,0,0,0,0,4.421984E-2,6.948831E-3,1.895136E-3,6.317119E-4,1.452937E-2,1.326595E-2,0,6.317119E-4,2.526848E-3,6.317119E-4,0,0,1.263424E-3,0,6.317119E-4,6.317119E-4,0,6.317119E-4,6.317119E-4,1.263424E-3,0,0,0,0,1.263424E-3,0,6.317119E-4,0,6.317119E-4,0,0,0,1.895136E-3,6.317119E-4,1.895136E-3,6.317119E-4,1.263424E-3,0,0,0,0,0,6.317119E-4,6.317119E-4,6.317119E-4,6.317119E-4,6.317119E-4,6.317119E-4,6.317119E-4,6.317119E-4,1.452937E-2,1.263424E-2,8.843967E-3,6.317119E-4,6.317119E-4,1.263424E-3,0,6.317119E-4,6.317119E-4,6.317119E-4,8.212255E-3,1.895136E-3,3.790272E-3,3.158560E-3,1.263424E-3,1.263424E-3,6.317119E-4,6.317119E-4,6.317119E-4,6.317119E-4,0,1.452937E-2,0,0,1.452937E-2,1.389766E-2,6.317119E-4,6.317119E-4,6.317119E-4,6.317119E-4,6.317119E-4,6.317119E-4,6.317119E-4,0,6.317119E-4,1.263424E-3,6.317119E-4,0,1.263424E-3,1.895136E-3,6.317119E-4,6.317119E-4,6.317119E-4,1.263424E-3,6.317119E-4,6.317119E-4,0,9.475679E-2,6.885660E-2,1.263424E-3,8.212255E-3,6.948831E-3,8.907138E-2,4.421984E-3,1.263424E-3,6.317119E-4,6.317119E-4,1.895136E-3,6.317119E-4,0,1.389766E-2,5.685407E-3,3.158560E-3,0,7.138345E-2,0,1.895136E-3,3.284902E-2,6.317119E-4,2.463677E-2,0,6.317119E-4,6.317119E-4,1.895136E-3,1.895136E-3,6.317119E-4,1.263424E-3,6.317119E-4,6.317119E-4,6.317119E-4,6.317119E-4,6.317119E-4,6.317119E-4,6.317119E-4,1.263424E-3,1.895136E-3,0,0,0,1.516109E-2,0,0,0,6.317119E-3,4.421984E-3,2.526848E-3,1.895136E-3,6.317119E-4,6.317119E-4,6.317119E-4,0,8.843967E-3,1.263424E-3,1.263424E-3,6.317119E-4,6.317119E-4,0,6.317119E-3,1.895136E-3,3.158560E-3,1.895136E-3,1.263424E-3,1.895136E-3,6.317119E-4,6.317119E-4,0,0,0,6.317119E-4,6.317119E-4,1.137081E-2,8.843967E-3,0,6.317119E-4,0,0,8.843967E-3,1.263424E-3,0,6.317119E-4,6.317119E-4,0,6.317119E-4,6.317119E-4,6.317119E-4,0,0,6.317119E-4,6.317119E-4,6.317119E-4,6.317119E-3,0,0,1.895136E-3,0,6.317119E-4,1.263424E-3,0,0,3.790272E-3,6.317119E-4,0,0,6.317119E-4,6.317119E-4,1.263424E-3,1.263424E-3,6.317119E-4,1.263424E-3,6.317119E-4,0,0,7.580543E-3,6.317119E-4,6.317119E-4,0,6.317119E-4,7.580543E-3,6.948831E-3,6.317119E-4,6.948831E-3,3.790272E-3,2.526848E-3,6.948831E-3,3.790272E-3,6.317119E-4,1.263424E-3,0,1.263424E-3,0,0,0,0,1.263424E-3,1.263424E-3,6.317119E-4,0,6.317119E-4,6.317119E-4,6.317119E-4,6.317119E-4,0,0,1.895136E-3,1.263424E-3,6.317119E-4,6.317119E-4,6.317119E-4,0,0,0,6.317119E-4,6.317119E-4,0,6.317119E-4,0,0,0,0,0,0,0,0,0,0,0,0,3.663929E-2,1.958307E-2,0,1.263424E-3,6.317119E-4,6.317119E-4,1.137081E-2,1.073910E-2,0,0,1.010739E-2,6.317119E-4,6.317119E-4,8.212255E-3,6.317119E-4,1.263424E-3,6.317119E-4,6.317119E-4,6.317119E-4,6.948831E-3,6.317119E-4,1.895136E-3,1.895136E-3,1.895136E-3,1.263424E-3,1.263424E-3,6.317119E-4,6.317119E-4,6.317119E-4,0,0,6.317119E-4,6.317119E-4,0,6.317119E-4,6.317119E-4,6.317119E-4,1.705622E-2,1.705622E-2,1.705622E-2,1.895136E-3,0,0,0,6.317119E-4,6.317119E-4,1.137081E-2,1.263424E-3,1.137081E-2,1.895136E-3,6.317119E-4,1.263424E-3,1.263424E-3,6.317119E-4,5.685407E-3,1.263424E-3,5.053696E-3,2.526848E-3,0,0,0,0,0,3.790272E-3,6.317119E-4,0,0,6.317119E-4,6.317119E-4,0,6.317119E-4,1.263424E-3,6.317119E-4,6.317119E-4,6.317119E-4,6.317119E-4,6.317119E-4,0,0,0,0,0,0,0,0,0,6.317119E-4,6.317119E-4,0,6.475047E-1,0,2.779533E-2,3.790272E-3,1.895136E-3,0,6.317119E-4,6.317119E-4,2.229943E-1,1.389766E-2,2.526848E-3,0,0,6.317119E-4,0,6.317119E-4,6.317119E-4,6.317119E-4,1.010739E-2,3.790272E-3,0,6.317119E-4,2.526848E-2,1.579280E-2,1.263424E-3,6.948831E-3,6.317119E-4,6.317119E-4,9.475679E-3,6.948831E-3,6.317119E-4,6.317119E-4,6.317119E-4,6.317119E-4,6.317119E-4,6.317119E-4,6.317119E-4,6.317119E-4,0,3.158560E-2,1.895136E-3,1.895136E-3,1.705622E-2,3.158560E-3,6.317119E-4,1.263424E-3,1.263424E-3,6.317119E-4,6.317119E-4,8.843967E-3,4.421984E-3,6.317119E-4,1.263424E-3,6.317119E-4,0,6.317119E-4,6.317119E-4,6.317119E-4,6.317119E-4,9.475679E-3,6.317119E-4,1.895136E-3,4.232470E-2,6.317119E-4,6.317119E-4,6.317119E-3,6.317119E-3,1.263424E-3,6.317119E-4,1.263424E-3,1.263424E-3,1.263424E-3,6.317119E-4,6.317119E-4,5.053696E-3,5.053696E-3,6.317119E-4,2.021478E-2,8.843967E-3,6.317119E-4,3.790272E-3,6.317119E-4,1.263424E-3,6.317119E-4,6.317119E-4,1.010739E-2,1.010739E-2,4.421984E-3,6.317119E-4,0,0,5.053696E-3,1.263424E-3,5.053696E-3,5.053696E-3,4.421984E-3,1.263424E-3,1.263424E-3,6.317119E-4,0,5.685407E-3,1.895136E-3,6.948831E-3,6.317119E-4,6.317119E-4,6.317119E-4,1.263424E-3,1.010739E-2,6.317119E-4,2.526848E-3,6.317119E-4,6.317119E-4,6.317119E-3,1.895136E-3,1.073910E-2,1.073910E-2,7.580543E-3,1.263424E-3,9.475679E-3,0,1.263424E-3,1.895136E-3,3.663929E-2,6.317119E-3,6.317119E-4,2.526848E-3,6.317119E-4,1.263424E-3,2.526848E-3,6.317119E-4,1.263424E-3,2.147821E-2,1.389766E-2,6.317119E-4,0,2.463677E-2,5.053696E-3,6.317119E-4,0,0,1.263424E-3,1.263424E-3,6.317119E-4,6.317119E-4,0,0,0,0,0,6.317119E-4,6.317119E-4,6.317119E-4,3.790272E-3,2.526848E-3,6.317119E-4,1.452937E-2,1.452937E-2,1.326595E-2,1.263424E-3,6.317119E-4,6.317119E-4,5.053696E-3,1.895136E-3,2.526848E-3,6.317119E-4,6.317119E-4,0,0,2.053064E-1,1.737208E-1,1.535060E-1,0,0,2.526848E-3,2.526848E-3,1.528743E-1,1.528743E-1,6.317119E-4,6.317119E-4,1.522426E-1,1.263424E-3,6.317119E-4,0,2.526848E-3,2.526848E-3,5.053696E-3,2.526848E-3,4.421984E-3,5.685407E-3,1.263424E-3,2.084649E-2,1.958307E-2,1.958307E-2,1.958307E-2,6.317119E-4,6.317119E-4,1.263424E-2,0,6.317119E-4,3.158560E-3,6.317119E-4,8.212255E-3,8.212255E-3,1.263424E-3,1.263424E-3,1.263424E-3,6.317119E-4,0,0,0,1.895136E-3,1.895136E-3,1.844599E-1,2.021478E-2,1.958307E-2,1.263424E-3,0,0,1.452937E-2,2.526848E-3,1.200253E-2,3.158560E-3,6.948831E-3,3.790272E-3,2.526848E-3,1.263424E-3,0,1.263424E-3,2.526848E-3,0,0,6.317119E-4,1.680354E-1,1.674037E-1,1.831965E-2,5.685407E-3,1.263424E-3,1.263424E-3,5.053696E-2,2.526848E-3,6.317119E-4,0,0,8.212255E-3,1.263424E-3,0,6.317119E-4,6.317119E-4,3.853443E-2,1.895136E-3,1.263424E-3,0,0,1.452937E-2,6.317119E-4,0,6.317119E-4,1.010739E-2,1.263424E-3,6.317119E-3,0,2.526848E-3,6.317119E-4,6.317119E-4,6.317119E-4,1.389766E-2,1.263424E-3,6.317119E-4,0,0,0,0,1.073910E-2,1.263424E-3,0,8.843967E-3,0,0,0,0,0,2.943778E-1,2.849021E-1,0,1.452937E-1,4.421984E-3,3.158560E-3,6.317119E-4,1.895136E-3,1.263424E-3,9.475679E-3,6.317119E-4,6.317119E-4,1.263424E-3,2.400505E-2,2.526848E-3,2.526848E-3,6.317119E-4,0,6.317119E-4,6.317119E-4,0,1.263424E-2,2.526848E-3,0,0,6.317119E-4,8.212255E-3,1.263424E-3,0,8.212255E-3,5.685407E-3,6.317119E-4,6.317119E-4,2.147821E-2,6.948831E-3,3.158560E-3,0,0,4.232470E-2,3.411244E-2,2.590019E-2,2.274163E-2,3.158560E-3,6.317119E-4,6.317119E-4,5.053696E-3,5.053696E-3,6.317119E-4,1.263424E-3,1.263424E-3,1.263424E-3,0,6.317119E-4,0,1.263424E-3,3.158560E-3,6.317119E-4,1.402401E-1,8.843967E-3,6.317119E-4,6.317119E-4,6.317119E-4,1.263424E-3,3.790272E-3,0,0,1.263424E-3,0,2.526848E-3,2.526848E-3,2.590019E-2,6.317119E-4,1.263424E-3,6.317119E-4,6.317119E-4,1.705622E-2,1.137081E-2,4.421984E-3,1.895136E-3,1.895136E-3,6.317119E-4,2.526848E-3,5.685407E-3,2.526848E-3,1.895136E-3,1.895136E-3,6.317119E-4,6.317119E-4,6.317119E-4,1.895136E-3,1.895136E-2,1.263424E-3,1.895136E-3,3.790272E-3,1.895136E-3,1.895136E-3,0,0,0,1.263424E-3,0,3.790272E-3,1.263424E-3,1.263424E-3,6.317119E-4,6.317119E-4,6.317119E-4,6.317119E-4,0,6.317119E-4,6.317119E-4,1.895136E-3,1.895136E-3,1.895136E-3,1.895136E-3,1.895136E-3,5.685407E-3,5.685407E-3,0,0,1.895136E-3,6.317119E-4,0,0,0,1.263424E-3,3.158560E-3,0,3.158560E-3,0,1.895136E-3,6.317119E-4,1.263424E-3,0,1.263424E-3,6.317119E-4,0,6.317119E-4,0,6.317119E-4,6.317119E-4,0,5.243209E-2,0,5.243209E-2,2.526848E-3,6.317119E-4,6.317119E-4,6.317119E-4,6.317119E-4,6.317119E-4,0,0,0,6.317119E-4,1.200253E-2,6.317119E-4,6.317119E-4,3.790272E-3,3.790272E-3,2.526848E-3,1.263424E-3,2.526848E-3,1.895136E-3,6.317119E-4,1.200253E-2,0,1.137081E-2,1.895136E-3,1.895136E-3,9.475679E-3,1.895136E-3,4.421984E-3,4.421984E-3,6.317119E-4,1.263424E-3,1.263424E-3,1.452937E-2,8.843967E-3,1.895136E-3,6.317119E-4,6.317119E-4,8.843967E-3,5.685407E-3,5.053696E-3,6.317119E-4,6.317119E-4,0,0,0,0,1.263424E-3,0,1.263424E-3,6.317119E-4,6.317119E-4,7.770057E-2,2.147821E-2,1.705622E-2,1.010739E-2,4.421984E-3,3.790272E-3,1.895136E-3,2.526848E-3,7.580543E-3,6.948831E-3,6.317119E-4,6.317119E-3,6.317119E-3,1.895136E-3,6.317119E-4,4.801011E-2,3.916614E-2,2.337334E-2,1.642451E-2,4.421984E-3,1.263424E-3,1.263424E-3,1.263424E-3,6.317119E-4,0,1.263424E-3,2.526848E-3,1.263424E-3,0,6.317119E-4,2.463677E-2,1.200253E-2,2.526848E-3,6.317119E-3,6.317119E-4,6.317119E-4,9.608339E-1,1.516109E-2,1.263424E-3,0,1.263424E-2,0,0,0,6.759318E-2,1.263424E-3,1.895136E-3,1.895136E-3,6.317119E-4,3.790272E-3,0,1.895136E-3,0,0,1.263424E-3,0,1.263424E-3,1.263424E-3,3.158560E-3,0,0,0,6.317119E-4,1.263424E-3,0,0,6.317119E-4,1.895136E-3,0,0,0,1.263424E-3,1.263424E-3,0,0,0,7.580543E-3,3.790272E-3,6.317119E-4,0,6.317119E-4,6.317119E-4,6.317119E-4,0,0,0,0,0,0,3.158560E-3,0,0,3.158560E-3,3.158560E-3,0,0,0,0,1.263424E-3,6.317119E-4,6.317119E-4,0,6.317119E-4,0,0,3.790272E-3,3.158560E-3,0,6.317119E-4,6.317119E-4,1.263424E-3,6.317119E-4,6.317119E-4,2.969046E-2,1.263424E-3,0,8.843967E-3,1.958307E-2,2.526848E-3,1.010739E-2,1.895136E-3,6.317119E-3,1.895136E-3,1.895136E-3,1.895136E-3,0,1.263424E-3,6.317119E-4,6.317119E-4,6.317119E-3,1.263424E-3,0,0,0,5.053696E-3,6.317119E-4,2.526848E-3,2.526848E-3,6.317119E-4,1.535060E-1,1.010739E-2,1.351864E-1,1.307644E-1,6.317119E-4,4.421984E-3,0,6.317119E-4,1.263424E-3,1.263424E-3,4.421984E-3,4.421984E-3,4.421984E-3,5.685407E-3,1.895136E-3,1.895136E-3,1.263424E-3,1.895136E-3,0,0,3.158560E-3,0,0,0,0,0,0,6.317119E-4,6.317119E-4,6.317119E-4,9.488313E-1,6.948831E-3,5.685407E-3,6.632975E-2,1.263424E-3,3.790272E-3,0,6.317119E-4,1.895136E-3,3.158560E-3,1.326595E-2,1.326595E-2,1.200253E-2,1.263424E-3,1.263424E-3,3.853443E-2,1.389766E-2,2.969046E-2,8.843967E-3,1.895136E-3,2.526848E-3,1.263424E-3,1.263424E-3,0,6.317119E-4,6.317119E-4,0,0,5.053696E-3,1.895136E-3,1.263424E-3,6.317119E-4,6.317119E-4,2.526848E-3,2.526848E-3,2.526848E-3,8.913455E-1,1.389766E-2,6.317119E-3,3.790272E-3,1.895136E-3,6.317119E-4,6.317119E-4,6.317119E-4,6.317119E-4,1.895136E-3,6.317119E-4,6.317119E-3,1.263424E-3,3.790272E-3,4.421984E-3,6.317119E-4,6.317119E-4,1.996210E-1,0,6.317119E-4,6.317119E-4,3.158560E-3,1.263424E-3,6.317119E-4,6.317119E-4,1.263424E-3,3.790272E-3,4.421984E-3,6.317119E-4,6.317119E-4,2.526848E-3,3.790272E-3,0,0,6.317119E-4,3.790272E-3,6.317119E-4,0,0,6.317119E-4,1.263424E-3,1.263424E-3,6.317119E-4,0,6.317119E-4,1.263424E-3,0,6.317119E-4,0,2.526848E-3,0,0,0,0,6.317119E-4,6.317119E-4,6.317119E-4,6.317119E-4,0,0,0,0,2.520531E-1,2.406822E-1,2.400505E-1,1.200253E-2,1.263424E-3,0,5.685407E-3,5.053696E-3,1.263424E-3,0,0,0,3.354390E-1,0,2.526848E-3,3.790272E-3,0,4.421984E-3,7.896399E-2,1.452937E-2,0,1.073910E-2,1.010739E-2,6.317119E-4,6.317119E-4,2.716361E-2,1.263424E-3,2.590019E-2,1.036008E-1,3.790272E-3,0,1.263424E-3,1.263424E-3,3.158560E-3,1.895136E-3,0,0,1.263424E-3,1.263424E-3,6.317119E-4,1.263424E-3,1.263424E-3,6.317119E-4,1.895136E-3,6.317119E-4,1.895136E-3,0,1.263424E-3,1.263424E-3,1.895136E-3,1.263424E-3,1.263424E-3,1.263424E-3,1.263424E-3,1.263424E-3,1.263424E-3,0,1.200253E-2,6.317119E-4,3.348073E-2,2.274163E-2,2.526848E-3,8.212255E-3,6.317119E-4,6.317119E-4,5.053696E-3,3.790272E-3,6.317119E-4,2.526848E-3,1.895136E-3,1.895136E-3,1.895136E-3,6.317119E-4,1.895136E-3,6.317119E-4,6.317119E-4,6.317119E-4,0,1.895136E-3,6.317119E-4,6.317119E-4,6.317119E-4,2.842704E-2,9.475679E-3,2.274163E-2,1.073910E-2,1.073910E-2,6.317119E-4,6.317119E-4,6.317119E-4,3.158560E-3,2.400505E-2,1.263424E-3,1.895136E-3,0,6.317119E-4,1.895136E-3,0,3.158560E-3,1.326595E-2,1.010739E-2,1.263424E-3,1.263424E-3,6.317119E-4,5.053696E-3,1.263424E-3,2.526848E-3,0,1.895136E-3,1.895136E-3,1.263424E-3,0,0,0,0,0,4.421984E-3,1.895136E-3,1.895136E-3,1.263424E-3,1.263424E-3,2.526848E-3,1.263424E-3,1.895136E-3,6.317119E-4,0,1.263424E-3,6.948831E-3,6.948831E-3,6.317119E-4,1.263424E-3,5.900190E-1,1.263424E-3,0,0,0,0,5.243209E-2,3.095389E-2,0,3.032217E-2,2.210992E-2,0,2.147821E-2,3.916614E-2,2.526848E-3,6.317119E-4,0,2.526848E-3,0,0,0,0,1.895136E-3,1.263424E-3,6.317119E-4,0,0,6.948831E-3,1.895136E-3,0,0,1.263424E-3,0,1.895136E-3,1.263424E-3,1.263424E-3,6.317119E-4,6.317119E-4,0,6.317119E-4,2.526848E-3,2.526848E-3,6.317119E-4,1.958307E-2,4.421984E-3,0,1.452937E-2,1.263424E-3,2.349968E-1,4.421984E-3,6.317119E-4,6.317119E-4,2.526848E-3,6.317119E-4,6.317119E-4,6.317119E-4,4.421984E-3,3.790272E-3,6.317119E-4,3.790272E-3,1.263424E-3,6.317119E-3,3.790272E-3,0,0,0,1.895136E-3,9.475679E-3,1.263424E-3,9.475679E-3,2.905875E-2,2.021478E-2,8.212255E-3,4.421984E-3,1.895136E-3,1.895136E-3,1.263424E-3,6.317119E-4,6.948831E-3,6.948831E-3,4.421984E-3,0,5.053696E-3,0,0,1.895136E-3,0,4.169299E-2,6.317119E-4,6.317119E-4,1.263424E-3,0,1.326595E-2,1.326595E-2,2.526848E-3,3.790272E-3,3.158560E-3,1.263424E-3,1.895136E-3,6.317119E-4,6.948831E-3,6.948831E-3,1.895136E-3,2.526848E-3,6.317119E-4,1.263424E-3,6.317119E-4,3.790272E-3,1.768793E-2,1.895136E-3,6.317119E-4,6.317119E-4,1.263424E-3,6.317119E-4,0,1.263424E-3,0,1.263424E-3,1.263424E-3,1.263424E-3,6.317119E-4,1.263424E-3,1.010739E-2,6.317119E-4,6.317119E-4,6.443462E-2,3.790272E-3,1.263424E-3,1.895136E-3,6.317119E-4,1.895136E-3,6.317119E-4,1.137081E-2,6.948831E-3,6.948831E-3,6.317119E-3,6.317119E-4,6.317119E-4,6.317119E-4,6.317119E-4,4.421984E-3,1.895136E-3,2.526848E-3,2.526848E-3,1.895136E-3,1.895136E-3,6.317119E-3,3.158560E-3,4.421984E-3,6.317119E-3,1.895136E-3,6.317119E-4,1.895136E-3,3.158560E-3,5.685407E-3,5.053696E-3,4.421984E-3,0,6.317119E-4,6.317119E-4,1.263424E-3,6.317119E-4,1.263424E-3,0,6.317119E-4,1.263424E-2,6.317119E-4,0,6.317119E-4,6.317119E-3,3.790272E-3,6.317119E-4,6.317119E-4,1.263424E-3,8.843967E-3,6.317119E-4,6.317119E-4,3.158560E-3,1.895136E-3,1.263424E-3,1.263424E-3,1.263424E-3,1.326595E-2,4.421984E-3,5.053696E-3,6.317119E-4,1.263424E-3,0,1.895136E-3,0,0,5.432723E-2,3.790272E-3,1.895136E-3,2.526848E-3,1.895136E-3,6.317119E-4,7.580543E-3,1.263424E-3,1.705622E-2,6.317119E-4,1.263424E-3,1.263424E-3,0,0,6.317119E-4,2.526848E-3,1.263424E-3,1.895136E-3,0,1.895136E-3,1.895136E-3,6.317119E-3,2.526848E-3,1.263424E-3,8.843967E-3,3.158560E-3,5.053696E-3,1.895136E-3,6.317119E-4,1.895136E-3,1.895136E-3,1.895136E-3,1.263424E-3,6.317119E-4,3.158560E-3,2.526848E-3,1.895136E-3,1.073910E-2,2.526848E-3,1.263424E-3,0,1.263424E-3,4.421984E-3,1.263424E-3,1.895136E-3,1.263424E-3,6.317119E-4,3.790272E-3,1.895136E-3,1.895136E-3,0,6.317119E-4,0,1.193936E-1,6.317119E-4,1.263424E-3,1.831965E-2,2.842704E-2,4.801011E-2,1.200253E-2,3.158560E-2,7.580543E-3,1.895136E-2,6.317119E-4,6.317119E-4,6.948831E-3,0,0,6.317119E-4,1.010739E-2,5.685407E-3,5.053696E-3,0,4.421984E-3,3.158560E-3,4.990524E-2,6.317119E-4,1.895136E-3,1.073910E-2,6.948831E-3,1.895136E-3,6.317119E-4,2.526848E-3,1.895136E-3,1.895136E-3,6.317119E-4,0,1.263424E-3,0,4.421984E-3,6.317119E-4,2.526848E-3,1.263424E-3,1.958307E-2,1.263424E-3,1.263424E-3,1.263424E-3,1.895136E-3,6.317119E-4,1.895136E-3,3.790272E-3,2.526848E-3,6.317119E-4,1.895136E-3,0,6.317119E-4,2.526848E-3,6.317119E-4,4.737840E-2,3.790272E-3,9.475679E-3,6.317119E-4,8.843967E-3,0,7.580543E-3,3.158560E-3,1.263424E-3,5.053696E-3,3.158560E-3,3.158560E-3,4.421984E-3,1.895136E-3,1.263424E-3,3.158560E-3,1.263424E-3,2.526848E-3,1.263424E-3,0,1.263424E-3,2.526848E-3,1.263424E-3,1.516109E-2,2.526848E-3,6.317119E-4,2.526848E-3,5.053696E-3,4.421984E-3,6.317119E-4,0,2.526848E-3,3.790272E-3,6.317119E-4,6.317119E-4,6.317119E-4,6.317119E-4,1.263424E-3,1.895136E-3,1.263424E-3,6.317119E-4,0,6.317119E-4,6.317119E-4,1.516109E-2,1.200253E-2,3.158560E-3,6.317119E-4,6.317119E-4,5.053696E-3,3.158560E-3,0,1.895136E-3,1.895136E-3,6.317119E-4,6.317119E-4,4.358812E-2,2.526848E-3,2.590019E-2,6.317119E-4,6.317119E-4,6.317119E-4,2.526848E-3,2.526848E-3,1.895136E-3,1.263424E-3,1.263424E-3,1.263424E-3,6.317119E-4,6.317119E-4,0,1.263424E-3,1.200253E-2,6.317119E-4,8.212255E-3,3.790272E-3,1.895136E-3,1.263424E-3,1.263424E-3,6.317119E-4,6.317119E-4,7.012003E-2,6.317119E-4,4.421984E-3,3.790272E-3,1.263424E-3,3.790272E-3,3.158560E-3,6.317119E-4,1.263424E-3,3.790272E-3,4.169299E-2,2.526848E-3,6.317119E-4,2.526848E-3,1.263424E-3,6.317119E-4,6.317119E-4,1.326595E-2,1.326595E-2,3.158560E-3,3.158560E-3,1.263424E-3,1.263424E-3,1.263424E-3,6.317119E-4,6.317119E-4,1.263424E-3,6.317119E-4,6.317119E-4,6.317119E-4,6.317119E-4,1.263424E-3,6.317119E-4,0,6.317119E-4,1.263424E-3,6.317119E-4,1.263424E-3,0,6.317119E-4,6.317119E-4,6.317119E-4,0,3.600758E-2,3.790272E-3,1.263424E-3,2.526848E-3,1.895136E-3,6.948831E-3,1.263424E-3,3.158560E-3,1.895136E-3,1.263424E-3,6.317119E-4,0,2.463677E-2,1.831965E-2,6.317119E-4,9.475679E-3,6.317119E-4,6.317119E-4,6.317119E-4,6.317119E-4,3.158560E-3,6.317119E-4,5.053696E-3,1.895136E-3,1.263424E-3,6.317119E-4,6.317119E-4,6.317119E-4,2.969046E-2,3.158560E-3,1.263424E-3,1.895136E-3,6.317119E-4,6.317119E-4,2.779533E-2,6.317119E-4,2.021478E-2,2.021478E-2,6.317119E-4,1.263424E-3,1.263424E-3,6.317119E-4,6.317119E-4,1.263424E-3,1.137081E-2,5.685407E-3,5.685407E-3,0,7.580543E-3,6.317119E-4,5.053696E-3,2.526848E-3,2.526848E-3,6.317119E-4,6.317119E-4,0,0,0,0,0,0,0,0,0,0,6.317119E-4,6.317119E-4,2.337334E-2,1.263424E-3,1.895136E-3,1.768793E-2,1.326595E-2,0,1.263424E-3,3.158560E-3,2.526848E-3,0,1.263424E-3,6.317119E-4,6.317119E-4,6.317119E-4,1.263424E-3,6.317119E-4,6.317119E-4,6.317119E-4,6.317119E-4,6.317119E-4,6.317119E-4,6.317119E-4,6.317119E-4,0,3.158560E-3,3.158560E-3,2.526848E-3,6.317119E-4,0,6.317119E-4,6.317119E-4,0,0,1.263424E-3,0,1.895136E-3,1.895136E-3,0,0,0,9.930512E-1,0,0,0,0,0,5.874921E-2,2.400505E-2,0,0,2.400505E-2,0,0,2.400505E-2,1.642451E-2,3.790272E-3,6.317119E-4,6.317119E-4,6.317119E-4,1.263424E-3,9.475679E-3,1.263424E-3,6.948831E-3,6.317119E-3,2.526848E-3,0,6.317119E-3,3.158560E-3,1.895136E-3,1.263424E-3,0,0,0,0,0,0,0,0,0,0,1.263424E-3,0,0,1.263424E-3,1.263424E-3,1.263424E-3,0,0,0,0,0,0,0,0,0,0,0,0,0,0,0,2.716361E-2,2.147821E-2,2.526848E-3,0,1.263424E-3,6.317119E-4,6.317119E-4,6.317119E-4,8.212255E-3,6.948831E-3,1.263424E-3,5.053696E-3,1.263424E-3,1.263424E-3,1.263424E-3,0,6.317119E-4,6.317119E-4,0,0,0,5.685407E-3,0,0,5.685407E-3,5.685407E-3,5.685407E-3,3.790272E-3,6.317119E-4,6.317119E-4,2.526848E-3,1.263424E-3,0,1.263424E-3,1.263424E-3,6.317119E-4,6.317119E-4,5.685407E-3,6.317119E-4,6.317119E-4,0,3.790272E-3,2.526848E-3,2.526848E-3,0,0,0,0,0,0,2.526848E-3,1.263424E-3,1.263424E-3,0,1.263424E-3,1.263424E-3,1.263424E-3,0,0,0,0,0,0,0,0,0,0,0,0,0,0,0,0,0,0,0,0,0,0,0,0,0,0,0,0,0,0,0,8.016425E-1,6.317119E-4,6.317119E-4,6.317119E-4,0,0,3.158560E-3,3.790272E-3,2.526848E-3,1.895136E-3,2.716361E-2,9.475679E-3,2.526848E-3,1.263424E-3,1.263424E-3,1.263424E-3,1.895136E-3,8.212255E-3,3.790272E-3,1.263424E-3,6.317119E-4,6.317119E-4,0,3.790272E-3,1.895136E-3,2.779533E-2,5.685407E-3,6.948831E-3,5.685407E-3,0,1.768793E-2,1.326595E-2,8.843967E-3,4.421984E-3,5.685407E-3,4.421984E-3,2.842704E-2,0,3.790272E-3,3.158560E-3,6.317119E-4,6.317119E-4,0,0,1.263424E-3,1.263424E-3,1.263424E-3,1.263424E-3,2.526848E-3,6.317119E-4,0,1.642451E-2,6.948831E-3,1.895136E-3,1.263424E-3,1.895136E-3,1.263424E-3,0,0,6.317119E-4,6.317119E-4,6.317119E-4,1.263424E-3,1.263424E-3,0,6.317119E-4,6.317119E-4,6.317119E-4,1.895136E-3,1.895136E-3,1.895136E-3,9.475679E-3,9.475679E-3,6.317119E-4,6.317119E-4,6.317119E-4,4.295641E-2,1.895136E-3,6.317119E-3,3.474416E-2,1.895136E-3,6.317119E-4,3.221731E-2,3.095389E-2,1.831965E-2,6.317119E-4,1.895136E-3,0,1.516109E-2,6.317119E-4,6.317119E-3,1.010739E-2,1.895136E-3,1.895136E-3,3.158560E-3,8.843967E-3,8.212255E-3,8.212255E-3,7.580543E-3,7.580543E-3,5.685407E-3,5.053696E-3,0,0,6.317119E-4,0,0,6.317119E-4,4.990524E-2,6.317119E-4,0,0,0,1.263424E-3,1.263424E-3,6.317119E-4,1.895136E-3,1.895136E-3,1.895136E-3,0,0,0,1.895136E-3,1.895136E-3,6.317119E-4,0,0,0,0,6.317119E-4,0,0,0,6.948831E-3,6.317119E-4,2.526848E-3,6.317119E-4,1.895136E-3,1.895136E-3,6.317119E-4,1.263424E-3,6.317119E-4,6.317119E-4,6.317119E-4,1.263424E-3,1.263424E-3,0,0,4.106128E-2,1.895136E-3,6.317119E-3,6.317119E-4,3.158560E-3,1.263424E-3,6.317119E-4,3.790272E-3,0,0,1.389766E-2,6.317119E-3,3.790272E-3,0,0,1.263424E-3,7.580543E-3,4.421984E-3,3.158560E-3,6.317119E-4,1.642451E-2,1.010739E-2,5.053696E-3,1.895136E-3,6.317119E-4,0,6.317119E-4,6.317119E-4,0,1.895136E-3,0,1.263424E-3,1.263424E-3,6.317119E-4,6.317119E-4,1.895136E-3,6.816172E-1,6.317119E-4,3.411244E-2,3.411244E-2,3.284902E-2,1.642451E-2,1.895136E-3,0,0,0,0,1.389766E-2,6.317119E-4,0,0,0,0,8.212255E-3,2.526848E-3,6.317119E-4,5.053696E-3,1.263424E-3,1.895136E-3,6.317119E-4,0,0,1.263424E-3,0,3.158560E-3,1.263424E-3,1.263424E-3,0,6.317119E-4,0,6.317119E-4,6.317119E-4,0,0,5.053696E-3,6.317119E-4,0,4.421984E-3,0,0,2.526848E-3,0,0,1.895136E-3,0,6.317119E-4,1.073910E-2,1.073910E-2,1.073910E-2,1.263424E-3,1.263424E-3,1.263424E-3,1.895136E-2,1.642451E-2,0,6.317119E-4,6.317119E-4,0,0,1.579280E-2,1.326595E-2,3.158560E-3,3.158560E-3,6.317119E-4,7.580543E-3,6.948831E-3,6.317119E-4,1.895136E-3,4.421984E-3,7.580543E-3,1.263424E-3,0,1.263424E-3,0,3.739735E-1,3.493367E-1,3.537587E-2,1.895136E-3,1.263424E-3,1.263424E-3,0,6.317119E-3,4.421984E-3,0,1.895136E-3,1.895136E-3,1.263424E-3,6.317119E-4,0,0,1.895136E-3,1.263424E-3,6.317119E-4,6.317119E-4,6.317119E-4,6.317119E-4,1.895136E-3,6.317119E-4,0,6.317119E-4,6.317119E-4,0,0,1.895136E-3,6.317119E-4,6.317119E-4,6.317119E-4,0,6.317119E-4,6.317119E-4,6.317119E-4,6.317119E-4,6.317119E-4,6.317119E-4,6.317119E-4,6.317119E-4,6.317119E-4,0,0,0,1.263424E-3,1.263424E-3,6.317119E-4,6.317119E-4,0,3.095389E-2,3.158560E-3,0,0,0,0,0,3.158560E-3,0,0,0,0,0,0,0,0,0,0,0,0,0,0,0,0,3.095389E-2,1.452937E-2,1.389766E-2,1.263424E-3,6.317119E-4,6.317119E-4,6.317119E-4,6.317119E-4,6.317119E-4,0,4.421984E-3,3.158560E-3,1.263424E-3,6.317119E-3,6.317119E-3,0,0,2.526848E-3,2.526848E-3,1.263424E-3,1.263424E-3,0,0,5.053696E-3,3.790272E-3,3.790272E-3,1.895136E-3,1.895136E-3,0,0,0,6.317119E-4,6.317119E-4,6.317119E-4,0,0,5.685407E-3,2.526848E-3,2.526848E-3,1.263424E-3,6.317119E-4,1.263424E-3,6.317119E-4,1.263424E-3,0,0,1.263424E-3,0,1.263424E-3,1.263424E-3,6.317119E-4,6.317119E-4,6.317119E-4,6.317119E-4,0,6.317119E-4,6.317119E-4,0,0,0,0,3.411244E-2,1.831965E-2,1.831965E-2,6.317119E-4,0,0,0,0,0,0,0,6.948831E-3,6.948831E-3,5.053696E-3,3.158560E-3,1.895136E-3,6.317119E-4,6.317119E-4,1.263424E-3,6.317119E-4,6.317119E-4,0,6.317119E-4,0,0,1.895136E-3,6.317119E-4,0,0,0,0,0,0,0,0,0,0,0,0,0,0,0,0,0,0,0,8.212255E-3,8.212255E-3,3.790272E-3,6.317119E-4,1.263424E-3,1.895136E-3,1.263424E-3,1.263424E-3,2.526848E-3,2.526848E-3,1.895136E-3,6.317119E-4,0,1.263424E-3,6.317119E-4,0,0,0,0,0,0,0,0,0,0,0,0,0,0,0,0,0,0,0,0,0,0,0,0,0,0,0,0,0,0,9.475679E-3,4.421984E-3,0,1.895136E-3,6.317119E-4,0,0,0,0,0,0,5.053696E-3,3.158560E-3,3.158560E-3,6.317119E-4,0,0,5.053696E-3,0,6.317119E-4,0,0,0,0,0,0,0,0,6.317119E-4,6.317119E-4,1.263424E-3,0,0,0,0,0,2.526848E-3,1.895136E-3,6.317119E-4,0,0,2.981680E-1,9.033481E-2,2.526848E-3,1.895136E-3,6.317119E-4,0,1.263424E-3,6.317119E-4,1.831965E-2,1.010739E-2,6.317119E-4,4.421984E-3,4.421984E-3,2.526848E-3,1.263424E-3,6.317119E-4,1.326595E-2,6.317119E-4,6.317119E-4,6.317119E-4,6.759318E-2,1.768793E-2,1.579280E-2,7.580543E-3,6.317119E-4,2.526848E-3,2.526848E-3,0,6.317119E-3,1.073910E-2,6.317119E-4,1.263424E-3,0,6.317119E-4,6.317119E-4,7.580543E-3,2.526848E-3,1.137081E-2,7.580543E-3,5.685407E-3,5.053696E-3,1.263424E-3,1.831965E-2,9.475679E-3,1.263424E-3,0,1.263424E-3,6.317119E-4,1.263424E-3,1.263424E-3,2.526848E-3,1.263424E-3,1.895136E-3,1.263424E-3,1.263424E-3,1.263424E-3,0,1.642451E-2,3.790272E-3,6.317119E-4,1.263424E-3,6.317119E-4,9.475679E-3,9.475679E-3,2.526848E-3,1.895136E-3,3.158560E-3,3.158560E-3,0,3.158560E-3,0,1.263424E-3,6.317119E-4,1.895136E-3,6.317119E-4,3.790272E-3,6.317119E-4,6.317119E-4,0,6.317119E-4,6.317119E-4,0,0,6.317119E-4,5.053696E-3,6.317119E-4,0,1.895136E-3,1.895136E-3,6.317119E-4,0,0,2.362603E-1,6.317119E-4,0,0,5.053696E-3,5.685407E-3,4.358812E-2,1.263424E-3,0,0,0,2.337334E-2,2.526848E-3,9.475679E-3,6.948831E-3,2.463677E-2,2.210992E-2,3.790272E-3,3.790272E-3,1.895136E-2,6.317119E-4,1.831965E-2,6.317119E-4,0,6.317119E-4,6.317119E-4,6.317119E-4,0,0,0,0,3.158560E-3,0,1.895136E-3,0,0,0,0,1.895136E-3,0,0,6.317119E-3,2.526848E-2,2.274163E-2,2.210992E-2,3.790272E-3,3.158560E-3,3.158560E-3,2.526848E-3,6.948831E-3,6.317119E-3,6.317119E-3,2.526848E-3,3.790272E-3,6.317119E-3,5.053696E-3,6.317119E-4,6.317119E-4,4.421984E-3,4.421984E-3,1.895136E-3,6.317119E-4,1.263424E-3,1.137081E-1,2.526848E-3,2.526848E-3,3.790272E-3,3.790272E-3,6.317119E-4,6.317119E-4,0,1.895136E-3,8.212255E-3,1.263424E-3,6.317119E-3,0,6.317119E-4,1.579280E-2,1.895136E-3,8.843967E-3,1.895136E-3,2.526848E-3,4.421984E-3,1.452937E-2,1.895136E-3,1.326595E-2,6.317119E-4,6.317119E-4,9.096652E-2,3.158560E-3,9.096652E-2,6.317119E-3,1.831965E-2,1.263424E-3,6.317119E-4,8.212255E-3,2.526848E-3,5.053696E-3,6.317119E-4,0,7.580543E-3,6.317119E-4,6.317119E-3,5.685407E-3,6.317119E-4,8.528111E-2,1.958307E-2,4.421984E-3,4.421984E-3,1.516109E-2,1.452937E-2,6.317119E-4,6.317119E-4,6.317119E-4,6.317119E-4,6.317119E-4,6.317119E-4,6.317119E-4,6.317119E-4,0,6.317119E-4,1.263424E-3,6.317119E-4,0,1.263424E-3,1.895136E-3,6.317119E-4,6.317119E-4,6.317119E-4,6.317119E-4,6.317119E-4,2.526848E-3,6.317119E-4,0,0,0,0,6.317119E-4,0,6.317119E-4,0,0,6.317119E-4,6.317119E-4,5.180038E-2,4.990524E-2,7.580543E-3,0,0,0,7.580543E-3,1.263424E-3,0,0,4.421984E-3,3.790272E-3,9.475679E-3,7.580543E-3,0,2.526848E-3,2.526848E-3,1.263424E-2,1.137081E-2,6.317119E-4,7.580543E-3,1.895136E-3,5.685407E-3,6.317119E-4,6.948831E-3,6.317119E-3,4.421984E-3,6.317119E-4,6.317119E-4,6.317119E-4,6.317119E-4,0,0,3.158560E-2,2.021478E-2,1.263424E-3,8.212255E-3,4.421984E-3,4.421984E-3,6.317119E-4,0,6.317119E-4,6.317119E-4,0,1.263424E-3,6.317119E-4,6.317119E-4,0,1.895136E-3,6.317119E-4,0,6.317119E-4,1.263424E-3,6.317119E-4,6.317119E-4,6.317119E-4,6.317119E-4,6.948831E-3,0,1.895136E-3,4.421984E-3,3.790272E-3,6.317119E-4,1.010739E-2,8.843967E-3,0,6.317119E-4,4.421984E-3,5.685407E-3,2.526848E-3,4.421984E-3,3.790272E-3,1.895136E-3,0,1.263424E-3,1.263424E-3,1.263424E-3,6.317119E-4,6.317119E-4,0,6.317119E-4,0,1.895136E-3,0,1.705622E-2,9.475679E-3,0,9.475679E-3,9.475679E-3,5.685407E-3,3.158560E-3,6.317119E-4,2.526848E-3,5.053696E-3,4.421984E-3,4.421984E-3,0,1.895136E-3,6.317119E-4,6.317119E-4,1.010739E-2,0,0,2.526848E-3,3.158560E-3,0,1.895136E-3,2.526848E-3,6.317119E-4,0,0,6.317119E-4,0,0,0,0,2.274163E-2,4.421984E-3,6.317119E-4,4.421984E-3,6.317119E-4,1.895136E-3,1.263424E-3,1.895136E-3,3.158560E-3,5.685407E-3,5.685407E-3,0,3.158560E-3,5.685407E-3,6.317119E-4,6.317119E-4,6.317119E-4,3.790272E-3,3.790272E-3,3.790272E-3,1.895136E-3,6.317119E-4,1.895136E-3,1.263424E-3,0,1.263424E-3,6.317119E-4,2.526848E-3,2.526848E-3,6.317119E-4,6.317119E-4,0,0,1.895136E-3,1.895136E-3,1.895136E-3,1.895136E-3,1.895136E-3,0,0,0,0,0,0,0,0,0,0,0,0,0,0,0,0,0,0,0,0,0,0,1.895136E-3,1.895136E-3,1.895136E-3,0,1.895136E-3,0,0,0,6.317119E-4,6.317119E-4,0,0,0,0,0,4.421984E-3,4.421984E-3,2.526848E-3,2.526848E-3,6.317119E-4,1.895136E-3,0,1.452937E-2,5.685407E-3,1.895136E-3,6.317119E-4,1.895136E-3,1.263424E-3,7.580543E-3,1.895136E-3,1.263424E-3,0,0,0,0,0,0,6.317119E-4,0,0,1.263424E-3,4.421984E-3,1.263424E-3,0,3.158560E-3,3.158560E-3,0,0,2.526848E-3,1.263424E-3,1.263424E-3,1.263424E-3,1.263424E-3,0,1.048642E-1,6.317119E-4,6.317119E-4,0,0,1.200253E-2,0,6.948831E-3,2.526848E-3,1.263424E-3,1.895136E-3,0,2.526848E-3,2.526848E-3,0,0,0,0,6.317119E-4,6.317119E-4,1.895136E-3,1.895136E-3,0,1.263424E-3,1.263424E-3,0,0,0,0,1.263424E-3,1.263424E-3,6.317119E-4,6.317119E-4,6.317119E-4,0,9.222994E-2,1.895136E-3,1.895136E-3,1.895136E-3,1.263424E-3,1.263424E-3,0,0,2.526848E-3,2.526848E-3,8.970310E-2,1.895136E-3,6.317119E-4,6.317119E-4,0,1.895136E-3,3.790272E-3,8.085913E-2,7.896399E-2,5.243209E-2,2.400505E-2,1.895136E-3,1.895136E-3,6.317119E-4,0,0,0,0,0,0,0,0,0,0,0,5.180038E-2,2.716361E-2,1.895136E-2,2.526848E-3,2.526848E-3,2.526848E-3,8.843967E-3,8.212255E-3,1.895136E-3,1.895136E-3,1.895136E-3,1.452937E-2,1.452937E-2,6.948831E-3,0,1.263424E-3,1.263424E-3,3.158560E-3,6.317119E-4,6.317119E-4,6.317119E-4,1.895136E-3,6.317119E-4,6.317119E-4,6.317119E-4,6.317119E-4,0,0,6.317119E-4,0,6.317119E-4,0,6.317119E-4,6.317119E-4,6.948831E-3,6.317119E-3,5.685407E-3,6.317119E-4,6.317119E-4,0,6.317119E-4,1.263424E-3,6.317119E-4,0,0,0,0,4.421984E-3,0,1.263424E-3,1.895136E-3,6.317119E-4,0,0,0,1.263424E-3,1.895136E-3,6.317119E-4,6.317119E-4,0,0,0,0,0,5.053696E-3,1.263424E-3,1.263424E-3,1.263424E-3,3.790272E-3,3.158560E-3,0,6.317119E-4,6.317119E-4,6.317119E-4,6.317119E-4,0,0,8.907138E-2,1.895136E-3,6.317119E-4,0,1.579280E-2,6.317119E-4,6.317119E-4,0,1.263424E-3,6.317119E-4,0,3.158560E-3,1.263424E-3,9.475679E-3,3.158560E-3,1.263424E-3,1.263424E-3,3.158560E-3,6.317119E-4,6.317119E-4,3.158560E-3,1.895136E-3,6.317119E-4,0,0,0,0,2.779533E-2,2.779533E-2,2.147821E-2,2.526848E-3,6.317119E-4,0,2.021478E-2,6.317119E-4,7.580543E-3,6.317119E-4,5.685407E-3,6.317119E-4,4.421984E-3,1.895136E-3,2.526848E-3,6.317119E-4,6.317119E-4,6.317119E-4,1.263424E-3,7.580543E-3,1.895136E-3,0,5.053696E-3,0,6.317119E-4,4.421984E-3,1.263424E-3,2.526848E-3,0,1.895136E-3,1.895136E-3,4.421984E-3,3.158560E-3,1.895136E-3,1.895136E-3,1.895136E-3,1.895136E-3,1.895136E-3,0,2.526848E-3,1.263424E-3,0,6.317119E-4,6.317119E-4,6.317119E-4,6.317119E-4,2.526848E-3,1.895136E-3,1.895136E-3,6.317119E-4,0,3.158560E-3,3.158560E-3,6.317119E-4,2.526848E-3,2.084649E-2,6.317119E-3,2.526848E-3,1.263424E-3,0,0,3.790272E-3,3.790272E-3,2.526848E-3,1.895136E-3,6.317119E-4,1.263424E-3,1.073910E-2,1.073910E-2,6.317119E-3,6.317119E-3,4.421984E-3,6.317119E-4,3.790272E-3,3.158560E-3,6.317119E-4,0,0,8.212255E-3,8.212255E-3,9.475679E-3,9.475679E-3,8.843967E-3,2.526848E-3,6.317119E-4,1.895136E-3,1.895136E-3,4.421984E-3,6.317119E-4,1.263424E-3,0,3.158560E-3,6.317119E-4,6.317119E-4,6.317119E-4,0,0,0,5.053696E-3,6.317119E-4,6.317119E-4,4.421984E-3,3.790272E-3,3.158560E-3,6.317119E-4,2.526848E-3,2.526848E-3,6.317119E-4,1.768793E-2,4.421984E-3,2.526848E-3,3.790272E-3,6.317119E-4,6.317119E-4,6.317119E-4,1.263424E-3,6.317119E-4,6.317119E-4,0,1.895136E-3,0,0,1.895136E-3,3.158560E-3,1.263424E-3,6.317119E-4,0,0,0,0,0,0,0,0,0,6.317119E-4,0,0,0,0,3.790272E-3,0,0,3.790272E-3,0,0,0,0,0,0,3.790272E-3,1.263424E-3,6.317119E-4,1.263424E-3,1.263424E-3,0,1.421352E-1,3.158560E-3,0,3.158560E-3,1.263424E-3,1.263424E-3,1.263424E-3,0,0,0,0,0,4.421984E-3,3.790272E-3,3.158560E-3,0,0,0,0,0,0,0,0,0,6.317119E-4,6.317119E-4,6.317119E-4,4.990524E-2,4.990524E-2,4.990524E-2,4.990524E-2,3.411244E-2,1.389766E-2,2.526848E-3,1.263424E-3,6.317119E-4,2.526848E-3,1.895136E-3,2.526848E-3,1.895136E-3,6.317119E-3,1.067593E-1,1.010739E-1,1.895136E-2,1.263424E-3,1.263424E-3,6.317119E-4,6.317119E-4,6.317119E-4,3.790272E-3,6.317119E-4,5.053696E-3,6.317119E-4,0,0,0,0,6.317119E-4,1.010739E-2,6.317119E-4,1.895136E-3,1.895136E-3,1.895136E-2,1.326595E-2,6.317119E-3,3.790272E-3,6.317119E-4,0,6.317119E-4,0,6.317119E-4,1.263424E-3,1.263424E-3,6.317119E-4,6.317119E-4,6.317119E-4,0,0,0,6.317119E-4,6.317119E-4,6.317119E-4,6.317119E-4,6.317119E-4,0,0,0,6.317119E-4,1.263424E-2,0,0,1.895136E-3,1.895136E-3,6.317119E-4,6.317119E-4,0,0,0,0,0,5.685407E-3,1.263424E-3,3.158560E-3,1.263424E-3,0,6.317119E-4,6.317119E-4,0,6.317119E-4,6.317119E-4,3.790272E-3,3.790272E-3,2.526848E-3,2.526848E-3,0,0,0,0,6.317119E-4,3.158560E-3,1.263424E-3,2.526848E-3,0,0,0,5.053696E-3,3.158560E-3,2.526848E-3,1.895136E-3,0,0,0,0,0,0,1.263424E-3,6.317119E-4,6.317119E-4,6.317119E-4,6.317119E-4,0,0,0,0,0,3.032217E-2,2.337334E-2,2.147821E-2,1.137081E-2,6.317119E-4,6.317119E-4,6.317119E-4,6.317119E-3,1.895136E-3,0,1.895136E-3,7.580543E-3,6.317119E-4,6.948831E-3,1.263424E-3,1.263424E-3,1.895136E-3,1.895136E-3,2.526848E-3,1.263424E-3,6.317119E-4,8.843967E-3,2.526848E-3,1.263424E-3,0,1.263424E-3,1.263424E-3,6.317119E-4,6.317119E-4,3.158560E-3,6.317119E-4,6.317119E-4,6.317119E-4,6.317119E-4,1.263424E-3,1.895136E-3,6.317119E-4,0,0,1.263424E-3,1.263424E-3,1.263424E-3,2.526848E-3,2.526848E-3,0,0,0,0,0,6.317119E-4,0,3.790272E-3,2.526848E-3,2.526848E-3,0,0,2.526848E-3,2.526848E-3,2.526848E-3,0,0,0,0,3.284902E-2,0,1.516109E-2,5.053696E-3,1.073910E-2,6.317119E-4,1.326595E-2,8.212255E-3,2.526848E-3,2.526848E-3,4.421984E-3,4.421984E-3,3.790272E-3,0,2.526848E-3,2.526848E-3,1.895136E-3,6.317119E-4,6.317119E-4,0,2.905875E-2,0,9.159823E-2,1.263424E-3,1.263424E-3,1.263424E-3,0,6.632975E-2,1.579280E-2,6.948831E-3,0,3.790272E-3,6.317119E-4,6.317119E-4,3.158560E-3,6.317119E-4,1.200253E-2,5.053696E-3,1.895136E-3,0,1.263424E-3,1.263424E-3,6.317119E-4,0,1.263424E-3,1.263424E-3,1.263424E-3,6.317119E-4,1.200253E-2,6.317119E-4,1.263424E-3,1.263424E-3,0,0,6.317119E-4,5.053696E-3,6.317119E-4,6.317119E-3,4.421984E-3,4.421984E-3,6.317119E-4,6.317119E-4,0,0,6.317119E-4,6.317119E-4,0,0,0,1.705622E-2,1.705622E-2,0,0,6.317119E-4,1.073910E-2,0,2.526848E-3,6.317119E-4,6.317119E-4,6.317119E-4,1.895136E-3,6.317119E-4,6.317119E-4,6.317119E-4,4.421984E-3,6.317119E-4,6.317119E-4,1.895136E-3,0,6.317119E-4,1.263424E-3,2.526848E-3,6.317119E-4,6.317119E-4,0,0,0,6.317119E-4,6.317119E-4,0,6.317119E-4,6.317119E-4,6.317119E-4,6.317119E-4,0,6.317119E-4,6.317119E-4,2.526848E-3,6.317119E-4,0,6.317119E-4,0,6.317119E-4,6.317119E-4,2.842704E-2,1.958307E-2,1.137081E-2,6.317119E-4,6.317119E-4,6.317119E-4,0,0,1.073910E-2,1.263424E-3,9.475679E-3,1.895136E-3,2.526848E-3,1.263424E-3,0,6.317119E-3,4.421984E-3,4.421984E-3,4.421984E-3,4.421984E-3,1.895136E-3,6.317119E-4,2.526848E-3,2.526848E-3,2.526848E-3,0,0,0,0,0,1.263424E-3,1.263424E-3,6.317119E-4,6.317119E-4,6.317119E-3,0,0,0,1.263424E-3,1.263424E-3,1.263424E-3,6.317119E-4,0,1.895136E-3,1.895136E-3,1.263424E-3,0,6.317119E-4,1.895136E-3,1.895136E-3,6.317119E-4,6.317119E-4,0,0,1.263424E-3,6.317119E-4,6.317119E-4,0,0,0,1.263424E-3,1.263424E-3,0,0,1.263424E-3,1.263424E-3,1.263424E-3,1.263424E-3,0,0,3.790272E-3,3.790272E-3,2.526848E-3,1.895136E-3,6.317119E-4,6.317119E-4,1.895136E-3,6.317119E-4,1.263424E-3,6.317119E-4,6.317119E-4,0,6.317119E-4,0,0,6.317119E-4,6.317119E-4,0,0,2.526848E-3,1.389766E-2,0,0,0,7.580543E-3,4.421984E-3,1.263424E-3,5.053696E-3,5.053696E-3,1.263424E-3,6.317119E-4,6.317119E-4,0,6.317119E-4,6.317119E-4,0,0,0,0,1.895136E-3,0,6.317119E-4,6.317119E-4,6.317119E-4,0,0,0,0,6.948831E-3,6.948831E-3,5.053696E-3,5.053696E-3,5.053696E-3,3.158560E-3,6.317119E-4,6.317119E-4,4.232470E-2,1.452937E-2,0,1.263424E-3,1.263424E-3,1.263424E-3,1.010739E-2,0,1.895136E-3,4.421984E-3,1.263424E-3,0,0,3.158560E-3,0,0,0,0,6.317119E-4,0,0,0,0,0,0,0,0,0,0,0,0,3.790272E-3,0,1.895136E-3,0,6.317119E-4,1.895136E-3,6.317119E-4,6.317119E-4,0,1.263424E-3,0,0,0,0,2.653190E-2,0,0,6.317119E-4,1.263424E-3,8.843967E-3,1.263424E-3,1.263424E-3,1.263424E-3,1.263424E-3,1.263424E-3,0,0,0,0,2.526848E-3,6.317119E-4,0,1.895136E-3,0,0,3.790272E-3,0,0,0,1.263424E-3,1.263424E-3,0,0,0,0,0,7.580543E-3,6.317119E-4,0,0,0,5.685407E-3,0,0,0,0,2.526848E-3,2.526848E-3,1.895136E-3,4.421984E-3,0,1.895136E-3,0,2.526848E-3,0,1.895136E-3,1.263424E-3,6.317119E-4,6.317119E-4,0,0,6.317119E-4,2.886924E-1,6.317119E-4,5.685407E-3,1.263424E-3,6.317119E-4,4.421984E-3,6.317119E-4,6.317119E-4,2.552116E-1,1.433986E-1,2.084649E-2,1.516109E-2,1.263424E-3,1.263424E-3,0,1.263424E-3,1.137081E-2,8.212255E-3,6.317119E-4,4.421984E-3,1.895136E-3,1.895136E-3,6.317119E-4,0,3.158560E-3,6.317119E-4,1.263424E-3,3.158560E-3,3.158560E-3,0,0,0,0,2.526848E-3,5.053696E-3,5.053696E-3,6.317119E-4,1.263424E-3,0,1.263424E-3,6.317119E-4,1.263424E-3,6.317119E-4,6.317119E-4,0,5.685407E-3,1.895136E-3,1.895136E-3,0,1.263424E-3,5.243209E-2,2.274163E-2,2.526848E-3,1.263424E-3,0,2.147821E-2,8.843967E-3,5.685407E-3,6.317119E-4,6.317119E-4,8.843967E-3,6.317119E-3,6.317119E-4,0,0,6.317119E-4,1.263424E-2,1.263424E-2,1.263424E-2,0,0,0,4.295641E-2,1.263424E-3,8.843967E-3,8.843967E-3,8.843967E-3,1.263424E-3,6.317119E-4,6.317119E-4,6.317119E-4,8.843967E-3,7.580543E-3,2.021478E-2,0,3.790272E-3,1.263424E-3,1.263424E-3,1.895136E-3,0,6.317119E-4,6.317119E-4,6.317119E-4,6.317119E-4,6.317119E-4,6.317119E-4,6.317119E-4,1.831965E-2,1.895136E-3,1.263424E-3,6.317119E-4,1.642451E-2,2.526848E-3,6.317119E-4,6.317119E-4,1.263424E-3,6.317119E-4,0,1.895136E-3,1.263424E-3,1.263424E-3,6.317119E-4,6.317119E-4,0,1.010739E-2,6.317119E-3,6.317119E-3,3.790272E-3,3.790272E-3,6.317119E-4,0,0,0,0,0,0,0,0,1.895136E-3,0,1.263424E-3,6.317119E-4,6.317119E-4,1.452937E-2,2.526848E-3,2.526848E-3,0,0,0,0,3.158560E-3,6.317119E-4,6.317119E-4,6.317119E-4,6.317119E-4,6.317119E-4,6.317119E-4,6.317119E-4,0,0,8.212255E-3,6.317119E-4,1.895136E-3,1.263424E-3,5.053696E-3,1.263424E-3,1.263424E-3,6.317119E-4,6.317119E-4,0,6.317119E-4,0,0,3.790272E-3,6.317119E-4,0,6.317119E-4,0,2.526848E-3,2.526848E-3,1.263424E-3,1.263424E-3,0,0,6.317119E-4,6.317119E-4,6.317119E-4,0,0,1.263424E-3,1.263424E-3,1.263424E-3,1.263424E-3,0,3.537587E-2,9.475679E-3,6.317119E-4,6.317119E-4,1.263424E-3,1.263424E-3,1.263424E-3,0,0,0,0,0,0,2.526848E-3,6.317119E-4,6.317119E-4,0,2.526848E-3,0,6.317119E-4,6.317119E-4,0,0,1.263424E-3,6.317119E-4,0,1.263424E-3,0,0,4.421984E-3,6.317119E-4,6.317119E-4,6.317119E-4,6.317119E-4,6.317119E-4,1.263424E-3,6.317119E-4,6.317119E-4,6.317119E-4,6.317119E-4,0,0,1.895136E-3,1.895136E-3,6.317119E-4,0,6.317119E-4,6.317119E-4,0,1.579280E-2,6.317119E-3,0,0,6.317119E-3,6.317119E-4,5.685407E-3,0,5.685407E-3,5.685407E-3,0,0,0,0,0,0,1.263424E-3,6.317119E-4,6.317119E-4,6.317119E-4,7.580543E-3,7.580543E-3,0,6.317119E-3,0,1.263424E-3,6.317119E-4,0,5.685407E-3,0,6.317119E-4,1.263424E-3,0,1.263424E-3,6.317119E-4,6.317119E-4,6.317119E-4,6.317119E-4,1.263424E-3,6.317119E-4,1.263424E-3,0,6.317119E-4,6.317119E-4,6.317119E-4,0,0,0,0,0,0,0,4.232470E-2,3.916614E-2,4.421984E-3,0,1.895136E-3,1.263424E-3,0,0,1.895136E-3,1.263424E-3,6.317119E-4,1.263424E-3,6.317119E-4,6.317119E-4,0,0,0,0,0,0,0,0,1.452937E-1,1.408718E-1,9.349337E-2,2.526848E-3,3.284902E-2,1.137081E-2,2.526848E-3,2.526848E-3,1.895136E-3,1.579280E-2,6.317119E-4,0,1.263424E-3,1.263424E-3,5.053696E-3,3.158560E-3,1.452937E-2,5.685407E-3,1.263424E-3,1.010739E-2,9.475679E-3,9.475679E-3,9.475679E-3,5.685407E-3,3.158560E-3,5.053696E-3,2.526848E-3,6.317119E-4,6.317119E-4,1.895136E-3,1.895136E-3,2.021478E-2,4.421984E-3,3.158560E-3,5.685407E-3,3.790272E-3,3.158560E-3,1.263424E-3,6.317119E-4,1.768793E-2,8.843967E-3,6.317119E-4,2.526848E-3,1.389766E-2,1.263424E-3,5.053696E-3,4.421984E-3,7.580543E-3,6.317119E-4,0,5.685407E-3,5.685407E-3,6.317119E-3,5.053696E-3,5.053696E-3,5.053696E-3,1.263424E-3,6.317119E-4,6.317119E-4,0,1.263424E-3,1.263424E-3,0,6.317119E-4,0,6.317119E-4,6.317119E-4,0,0,6.948831E-3,6.317119E-4,3.032217E-2,3.032217E-2,2.526848E-2,2.526848E-2,1.642451E-2,1.200253E-2,3.158560E-3,1.073910E-2,6.948831E-3,3.158560E-3,6.317119E-4,2.526848E-3,2.526848E-3,1.895136E-3,6.317119E-4,0,2.526848E-3,2.526848E-3,4.421984E-3,3.790272E-3,3.158560E-3,0,0,1.263424E-3,6.317119E-4,0,6.317119E-4,6.317119E-4,0,0,0,0,1.263424E-3,1.326595E-2,6.317119E-4,1.137081E-2,1.073910E-2,6.317119E-4,1.263424E-3,4.421984E-3,3.790272E-3,1.895136E-3,1.895136E-3,1.895136E-3,6.317119E-4,0,0,0,1.263424E-3,1.263424E-3,0,5.938092E-2,2.842704E-2,0,5.053696E-3,3.158560E-3,3.158560E-3,1.895136E-3,1.895136E-3,0,0,6.317119E-4,9.475679E-3,9.475679E-3,8.843967E-3,6.317119E-4,0,0,0,1.389766E-2,1.263424E-2,6.317119E-3,6.317119E-4,6.317119E-4,6.317119E-4,0,0,3.158560E-3,0,0,0,3.537587E-2,5.053696E-3,1.895136E-3,1.263424E-3,6.317119E-4,3.095389E-2,6.317119E-4,2.084649E-2,6.317119E-4,3.790272E-3,6.317119E-4,0,1.263424E-3,6.317119E-4,1.263424E-3,1.263424E-3,3.790272E-3,3.158560E-3,2.526848E-3,6.317119E-4,6.317119E-4,6.317119E-4,1.263424E-3,1.895136E-3,6.317119E-4,0,0,6.317119E-4,6.317119E-4,0,6.317119E-4,6.317119E-4,6.317119E-4,6.317119E-4,6.317119E-4,0,0,0,0,9.475679E-3,8.212255E-3,1.263424E-3,0,6.317119E-4,6.317119E-3,1.263424E-3,6.317119E-4,3.158560E-3,3.158560E-3,0,2.526848E-3,1.895136E-3,6.317119E-4,6.317119E-4,0,0,0,0,1.263424E-3,1.263424E-3,0,0,0,0,2.804801E-1,2.621605E-1,6.317119E-4,7.580543E-3,0,0,0,0,0,0,0,0,0,0,0,0,0,0,0,0,0,0,0,0,0,0,0,0,0,0,0,4.421984E-3,0,3.158560E-3,2.526848E-3,1.895136E-3,6.317119E-4,0,1.263424E-3,0,0,1.263424E-3,0,0,0,0,3.158560E-3,3.158560E-3,0,6.317119E-4,0,0,0,6.317119E-4,0,0,0,0,0,0,0,0,0,0,0,0,0,0,0,0,0,0,0,0,0,0,1.579280E-2,8.843967E-3,0,0,5.685407E-3,1.895136E-3,0,6.317119E-4,6.317119E-4,6.317119E-4,0,6.317119E-4,0,0,1.895136E-3,1.263424E-3,6.317119E-4,0,0,6.948831E-3,0,0,0,0,0,0,0,0,1.895136E-3,1.263424E-3,0,1.263424E-3,0,6.317119E-4,6.317119E-4,6.317119E-4,6.317119E-4,0,6.317119E-4,6.317119E-4,6.317119E-4,0,0,2.526848E-3,6.317119E-4,0,6.317119E-4,1.263424E-3,0,0,6.317119E-4,6.317119E-4,6.317119E-4,0,0,0,0,0,0,1.263424E-3,0,0,0,6.317119E-4,0,6.317119E-4,0,0,6.317119E-4,6.317119E-4,6.317119E-4,0,0,6.317119E-4,6.317119E-4,6.317119E-4,0,0,0,0,0,0,6.317119E-4,0,0,6.317119E-4,6.317119E-4,0,0,0,6.317119E-4,6.317119E-4,6.317119E-4,0,0,0,1.895136E-3,6.317119E-4,6.317119E-4,6.317119E-4,6.317119E-4,0,0,0,0,0,5.053696E-3,0,0,0,0,0,6.317119E-4,6.317119E-4,6.317119E-4,2.526848E-3,2.526848E-3,2.526848E-3,2.526848E-3,2.526848E-3,1.895136E-3,1.895136E-3,1.895136E-3,1.263424E-3,1.263424E-3,0,0,0,6.317119E-4,0,6.317119E-4,6.317119E-4,0,0,0,0,0,0,6.317119E-4,0,0,0,0,0,0,0,0,0,0,0,6.317119E-4,6.317119E-4,0,0,0,0,0,0,0,2.533165E-1,1.263424E-3,1.263424E-3,1.452937E-2,7.580543E-3,6.317119E-4,0,0,1.263424E-3,1.263424E-3,0,2.526848E-3,3.158560E-3,0,0,6.317119E-4,0,2.526848E-3,2.526848E-3,6.317119E-4,1.263424E-3,0,0,7.580543E-3,6.948831E-3,0,6.317119E-4,6.317119E-4,6.317119E-4,4.421984E-3,1.895136E-3,6.317119E-4,0,1.263424E-3,1.263424E-3,1.263424E-3,6.317119E-4,1.263424E-3,6.317119E-4,0,6.317119E-4,6.317119E-4,6.317119E-4,0,2.084649E-1,0,0,0,0,6.317119E-4,6.317119E-4,6.317119E-4,0,0,0,0,1.522426E-1,6.317119E-4,0,0,0,0,0,0,0,0,0,6.317119E-4,6.317119E-4,0,0,0,0,0,0,9.475679E-3,0,0,1.263424E-3,0,0,6.317119E-4,6.317119E-4,6.317119E-4,0,6.317119E-4,0,6.317119E-4,8.212255E-3,1.895136E-3,1.263424E-3,6.317119E-4,0,0,6.317119E-4,6.317119E-4,6.317119E-4,2.526848E-3,1.895136E-3,0,0,6.317119E-4,6.317119E-4,6.317119E-4,1.895136E-3,1.263424E-3,6.317119E-4,6.317119E-4,6.317119E-4,0,6.317119E-4,6.317119E-4,0,1.831965E-2,2.526848E-3,1.895136E-3,0,0,7.580543E-3,1.263424E-3,5.053696E-3,2.526848E-3,0,6.317119E-4,0,0,1.263424E-3,6.317119E-4,6.317119E-4,6.317119E-4,3.158560E-3,6.317119E-4,0,6.317119E-4,0,1.895136E-3,1.895136E-3,0,0,0,6.317119E-4,0,5.685407E-3,6.317119E-4,6.317119E-4,0,0,0,0,0,1.895136E-3,6.317119E-4,0,3.790272E-3,1.263424E-3,1.895136E-3,6.317119E-4,0,0,6.317119E-4,0,0,0,1.345546E-1,0,0,2.526848E-3,0,0,0,2.526848E-3,1.895136E-3,1.263424E-3,1.263424E-3,6.317119E-4,1.263424E-3,6.317119E-4,6.317119E-4,2.526848E-3,0,1.895136E-3,1.895136E-3,6.317119E-4,6.317119E-4,6.317119E-4,0,0,0,3.790272E-3,1.895136E-3,1.263424E-3,0,6.317119E-4,6.317119E-4,1.895136E-3,6.317119E-4,6.317119E-4,6.317119E-4,6.317119E-4,6.317119E-4,1.263424E-3,1.301327E-1,0,0,1.301327E-1,1.295009E-1,0,3.158560E-3,1.023373E-1,3.979785E-2,1.263424E-3,1.263424E-3,6.317119E-4,6.317119E-4,6.317119E-4,6.317119E-4,6.317119E-4,6.317119E-4,6.317119E-4,0,0,0,0,6.317119E-4,0,0,0,0,6.317119E-4,6.317119E-4,0,1.642451E-2,1.642451E-2,0,0,0,0,6.380291E-2,1.895136E-3,0,6.317119E-4,1.263424E-3,8.843967E-3,6.317119E-3,1.895136E-3,0,6.317119E-4,6.317119E-4,6.317119E-4,1.895136E-3,1.895136E-3,0,6.317119E-4,6.317119E-4,6.317119E-4,6.317119E-4,6.317119E-4,0,6.317119E-4,6.317119E-4,6.317119E-4,6.317119E-4,6.317119E-4,3.158560E-3,6.317119E-4,6.317119E-4,6.317119E-4,0,0,1.263424E-3,0,0,3.158560E-3,1.263424E-3,1.263424E-3,6.317119E-4,0,6.317119E-4,6.317119E-4,0,0,0,0,0,0,0,0,0,0,2.526848E-3,0,6.317119E-4,1.263424E-3,1.263424E-3,0,0,5.053696E-3,6.317119E-4,1.263424E-3,0,1.895136E-3,1.895136E-3,5.685407E-3,0,4.421984E-3,0,6.317119E-4,6.317119E-4,0,6.317119E-4,0,6.317119E-4,6.317119E-4,2.526848E-3,0,0,1.263424E-3,0,1.263424E-3,0,0,1.200253E-2,0,3.790272E-3,2.526848E-3,1.263424E-3,1.263424E-3,2.526848E-3,1.895136E-3,6.317119E-4,0,6.317119E-4,6.317119E-4,0,0,0,6.317119E-4,1.895136E-3,6.317119E-4,6.317119E-4,0,0,0,0,0,6.317119E-4,0,4.421984E-3,0,0,4.421984E-3,4.421984E-3,2.526848E-3,0,0,2.463677E-2,6.317119E-4,1.073910E-2,1.073910E-2,1.263424E-3,6.317119E-4,6.317119E-4,8.212255E-3,6.948831E-3,0,6.317119E-4,6.317119E-4,6.317119E-4,5.685407E-3,6.317119E-4,6.317119E-4,1.895136E-3,1.895136E-3,6.317119E-4,0,0,0,0,0,0,6.317119E-3,4.421984E-3,3.158560E-3,0,6.317119E-4,6.317119E-4,6.317119E-4,6.317119E-4,6.317119E-4,0,0,0,6.317119E-4,0,7.580543E-3,6.317119E-3,1.895136E-3,1.263424E-3,6.317119E-4,6.317119E-4,6.317119E-4,0,6.317119E-4,6.317119E-4,0,3.158560E-3,3.158560E-3,3.158560E-3,6.317119E-4,1.263424E-3,1.263424E-3,1.263424E-3,1.263424E-3,0,6.317119E-4,6.317119E-4,1.263424E-3,1.263424E-3,6.317119E-4,6.317119E-4,6.317119E-4,0,0,0,0,0,0,0,0,0,0,0,3.790272E-2,6.317119E-4,6.317119E-4,6.317119E-4,6.317119E-4,3.158560E-3,6.317119E-4,1.263424E-3,1.263424E-3,6.317119E-4,0,0,0,4.421984E-3,6.317119E-4,6.317119E-4,0,1.263424E-3,6.317119E-4,0,0,6.317119E-4,6.317119E-4,0,6.317119E-4,0,6.317119E-4,0,6.317119E-4,0,0,0,0,0,0,0,0,0,0,2.905875E-2,2.021478E-2,5.053696E-3,1.263424E-3,6.317119E-4,0,6.317119E-4,0,0,6.317119E-4,8.212255E-3,1.895136E-3,6.317119E-4,6.317119E-4,1.895136E-3,1.263424E-3,4.421984E-3,0,0,0,0,0,8.843967E-3,6.948831E-3,0,6.317119E-4,6.317119E-4,1.895136E-3,1.263424E-3,6.317119E-4,6.317119E-4,0,0,0,1.263424E-3,6.317119E-4,6.317119E-4,6.317119E-4,0,0,6.317119E-4,6.317119E-4,0,0,0,0,0,0,0,0,2.210992E-2,1.389766E-2,1.010739E-2,0,0,6.317119E-4,6.317119E-4,0,8.843967E-3,8.843967E-3,8.843967E-3,0,0,1.895136E-3,1.895136E-3,6.317119E-4,0,1.263424E-3,6.317119E-4,0,1.263424E-3,1.263424E-3,1.263424E-3,0,0,0,1.263424E-3,1.263424E-3,6.317119E-4,0,0,0,6.317119E-4,0,0,0,0,0,6.317119E-4,8.843967E-3,6.948831E-3,2.526848E-3,1.263424E-3,6.317119E-4,6.317119E-4,6.317119E-4,6.317119E-4,6.317119E-4,6.317119E-4,1.263424E-3,6.317119E-4,6.317119E-4,6.317119E-4,1.263424E-3,6.317119E-4,6.317119E-4,6.317119E-4,6.317119E-4,6.317119E-4,6.317119E-4,1.263424E-3,1.263424E-3,6.317119E-4,6.317119E-4,2.526848E-3,1.263424E-3,6.317119E-4,6.317119E-4,0,6.317119E-4,6.317119E-4,6.317119E-4,6.317119E-4,0,2.526848E-3,2.526848E-3,1.263424E-3,1.263424E-3,0,0,6.317119E-4,6.317119E-4,0,0,6.317119E-4,6.317119E-4,1.895136E-3,1.895136E-3,0,2.526848E-3,0,2.526848E-3,0,0,6.317119E-4,6.317119E-4,1.263424E-3,0,0,0,0,0,0,0,0,0,0,1.895136E-3,0,0,1.895136E-3,6.317119E-4,6.317119E-4,1.263424E-3,0,0,0,2.905875E-2,6.317119E-4,6.317119E-4,4.421984E-3,1.895136E-3,0,1.263424E-3,1.263424E-3,1.263424E-3,0,6.317119E-4,6.317119E-4,2.526848E-3,6.317119E-4,6.317119E-4,6.317119E-4,6.317119E-4,6.317119E-4,6.317119E-4,6.317119E-4,0,1.895136E-3,1.895136E-3,1.895136E-3,6.317119E-3,0,0,5.685407E-3,6.317119E-4,0,0,0,6.317119E-4,6.317119E-4,4.421984E-3,0,0,0,6.317119E-4,3.790272E-3,3.790272E-3,3.158560E-3,0,6.317119E-4,0,6.317119E-4,1.452937E-2,9.475679E-3,6.317119E-4,6.317119E-4,1.895136E-3,1.263424E-3,3.790272E-3,1.895136E-3,0,1.263424E-3,6.317119E-4,6.317119E-4,1.895136E-3,1.263424E-3,1.263424E-3,6.317119E-4,6.317119E-4,6.317119E-4,0,6.317119E-4,6.317119E-4,6.317119E-4,6.317119E-4,6.317119E-4,6.317119E-4,6.317119E-4,0,0,0,6.317119E-4,0,0,0,0,0,1.895136E-3,6.317119E-4,0,0,0,3.790272E-3,1.263424E-3,2.526848E-3,1.895136E-3,0,0,0,0,0,6.317119E-4,6.317119E-4,0,0,0,0,6.317119E-4,3.158560E-3,6.317119E-4,6.317119E-4,0,0,0,0,0,0,0,1.263424E-3,0,0,0,6.317119E-4,6.317119E-4,0,1.895136E-3,0,0,0,0,3.348073E-2,1.263424E-3,0,1.263424E-3,6.317119E-4,5.685407E-3,3.790272E-3,2.526848E-3,2.526848E-3,1.263424E-3,1.895136E-3,0,0,0,0,2.210992E-2,5.685407E-3,3.790272E-3,1.895136E-3,0,1.895136E-3,1.895136E-3,6.317119E-4,6.317119E-4,1.263424E-3,0,0,0,0,0,6.317119E-4,0,0,6.317119E-4,6.317119E-4,6.317119E-4,6.317119E-4,0,0,2.526848E-3,6.317119E-4,0,0,0,6.317119E-4,6.317119E-4,0,0,0,1.895136E-3,6.317119E-4,6.317119E-4,0,0,0,0,0,4.421984E-3,4.421984E-3,5.053696E-3,1.263424E-3,0,0,0,0,0,3.790272E-3,1.263424E-3,1.263424E-3,0,0,2.526848E-3,0,2.526848E-3,1.263424E-3,6.317119E-4,0,5.685407E-3,4.421984E-3,3.158560E-3,1.263424E-3,0,0,0,0,0,0,6.317119E-4,0,0,0,0,0,0,0,0,0,0,0,0,0,0,0,2.526848E-3,0,0,3.790272E-3,6.317119E-4,6.317119E-4,0,1.263424E-3,1.263424E-3,6.317119E-4,6.317119E-4,6.317119E-4,1.895136E-3,1.895136E-3,0,0,0,0,9.475679E-3,3.158560E-3,0,1.895136E-3,6.317119E-4,0,0,0,6.317119E-4,6.317119E-4,0,0,0,0,0,0,0,6.317119E-4,0,0,0,0,0,0,6.317119E-4,0,0,0,0,0,0,0,0,0,6.317119E-4,0,6.317119E-4,0,6.317119E-4,0,6.317119E-3,0,0,0,0,3.790272E-3,0,3.790272E-3,6.317119E-4,0,1.895136E-3,1.263424E-3,1.263424E-3,0,0,6.317119E-4,0,0,0,0,0,0,6.317119E-4,0,0,0,0,0,6.317119E-4,6.317119E-4,1.895136E-3,1.895136E-3,6.317119E-4,6.317119E-4,0,0,1.263424E-3,0,0,1.516109E-2,0,3.790272E-3,5.685407E-3,6.317119E-4,4.421984E-3,2.526848E-3,6.317119E-4,6.317119E-4,6.317119E-4,6.317119E-4,3.158560E-3,3.158560E-3,0,0,2.526848E-3,0,2.526848E-3,1.895136E-3,0,0,0,1.895136E-3,0,0,0,0,1.895136E-3,0,0,6.317119E-4,6.317119E-4,0,0,6.317119E-4,6.317119E-4,0,0,0,1.073910E-2,0,1.263424E-3,6.317119E-4,6.317119E-4,6.317119E-4,0,0,0,6.317119E-4,6.317119E-4,6.317119E-4,0,0,8.212255E-3,6.948831E-3,5.685407E-3,6.317119E-4,3.790272E-3,6.317119E-4,6.317119E-4,6.317119E-4,6.317119E-4,6.317119E-4,1.263424E-3,1.263424E-3,0,0,0,0,0,0,0,0,0,1.263424E-3,0,0,0,1.263424E-3,1.263424E-3,1.263424E-3,0,3.512318E-1,3.379659E-1,7.327858E-2,2.526848E-3,1.895136E-3,1.895136E-3,0,6.317119E-4,1.263424E-2,3.158560E-3,1.895136E-3,0,0,1.895136E-3,1.895136E-3,3.158560E-3,1.895136E-3,1.516109E-2,1.263424E-3,7.580543E-3,2.526848E-2,4.421984E-3,1.326595E-2,1.200253E-2,1.895136E-3,1.263424E-3,2.337334E-2,2.337334E-2,1.263424E-3,2.526848E-3,2.526848E-3,6.317119E-4,2.526848E-3,6.317119E-4,1.263424E-3,0,1.895136E-3,1.073910E-2,1.263424E-3,0,6.317119E-4,1.895136E-3,0,1.263424E-3,6.317119E-4,3.158560E-3,0,0,6.317119E-4,1.263424E-3,0,0,1.452937E-2,0,0,3.790272E-3,6.317119E-3,1.895136E-3,2.526848E-3,1.895136E-3,6.317119E-4,2.526848E-3,2.526848E-3,1.263424E-3,6.317119E-4,1.276058E-1,1.895136E-3,0,0,2.084649E-2,8.843967E-3,1.895136E-3,3.158560E-3,1.895136E-3,6.317119E-4,0,0,6.317119E-4,4.421984E-3,4.421984E-3,6.317119E-4,2.210992E-2,1.137081E-2,4.421984E-3,6.317119E-4,6.317119E-4,5.685407E-3,0,2.526848E-3,1.263424E-3,6.317119E-4,1.263424E-3,1.263424E-3,0,1.263424E-3,0,4.421984E-3,6.317119E-4,0,0,6.317119E-4,0,1.263424E-3,1.263424E-3,0,3.158560E-3,3.158560E-3,6.317119E-4,0,0,6.317119E-4,4.421984E-3,1.263424E-3,1.895136E-3,1.263424E-2,1.263424E-3,1.263424E-3,1.137081E-2,1.137081E-2,6.317119E-4,0,1.073910E-2,3.790272E-3,1.895136E-3,1.263424E-3,1.895136E-3,6.317119E-4,6.317119E-4,6.317119E-4,1.263424E-3,0,0,1.895136E-3,2.021478E-2,5.685407E-3,3.158560E-3,1.516109E-2,6.317119E-4,6.317119E-4,1.389766E-2,6.317119E-4,6.317119E-4,1.895136E-3,4.421984E-3,6.317119E-4,1.263424E-3,3.158560E-3,1.263424E-3,6.317119E-4,6.317119E-4,0,1.895136E-3,8.843967E-3,7.580543E-3,6.317119E-4,1.263424E-3,4.295641E-2,6.317119E-4,4.421984E-3,3.790272E-3,4.421984E-3,3.790272E-3,1.895136E-3,0,6.317119E-4,2.526848E-3,2.526848E-3,8.212255E-3,4.421984E-3,1.263424E-3,1.263424E-3,0,1.579280E-2,1.579280E-2,6.317119E-3,5.053696E-3,4.421984E-3,3.158560E-3,0,6.317119E-4,6.317119E-4,3.790272E-3,3.158560E-3,0,0,6.317119E-4,6.317119E-4,1.263424E-3,6.317119E-4,1.389766E-2,3.158560E-3,1.895136E-3,6.317119E-4,6.317119E-4,6.317119E-4,6.317119E-4,6.317119E-4,1.010739E-2,3.158560E-3,6.317119E-3,3.158560E-3,6.317119E-4,0,1.263424E-3,1.263424E-3,0,1.415035E-1,3.158560E-3,1.263424E-3,1.263424E-3,0,5.053696E-3,1.263424E-3,1.895136E-3,1.895136E-3,1.895136E-3,1.895136E-3,1.263424E-3,1.263424E-3,3.790272E-3,1.895136E-3,1.895136E-3,0,6.317119E-4,1.895136E-3,6.317119E-4,6.317119E-4,0,6.317119E-4,6.317119E-4,6.317119E-4,1.143399E-1,1.099179E-1,1.895136E-3,6.317119E-4,0,1.895136E-3,6.317119E-3,2.526848E-3,1.895136E-3,2.526848E-3,2.526848E-3,6.317119E-4,3.979785E-2,8.843967E-3,9.475679E-3,2.526848E-3,0,1.263424E-3,6.317119E-4,3.158560E-3,5.053696E-3,2.526848E-3,6.317119E-4,1.263424E-3,1.263424E-3,1.895136E-3,0,3.790272E-3,1.895136E-3,1.263424E-3,1.263424E-3,1.895136E-3,6.317119E-4,0,2.526848E-3,6.317119E-4,3.158560E-3,0,6.317119E-4,1.263424E-3,1.010739E-2,3.790272E-3,1.263424E-3,6.317119E-4,1.895136E-3,3.158560E-3,5.053696E-3,6.317119E-4,6.317119E-4,1.895136E-3,1.263424E-3,6.317119E-4,1.895136E-3,6.317119E-4,6.317119E-4,2.653190E-2,1.895136E-3,1.263424E-3,6.317119E-4,6.317119E-3,6.317119E-3,6.317119E-3,1.705622E-2,1.516109E-2,2.526848E-3,1.263424E-3,1.263424E-3,6.317119E-3,3.790272E-3,3.790272E-3,2.526848E-3,2.526848E-3,1.895136E-3,0,6.317119E-4,0,0,5.053696E-3,2.526848E-3,6.317119E-4,0,0,6.317119E-4,6.317119E-4,0,6.317119E-3,3.158560E-3,6.317119E-4,1.895136E-3,6.317119E-4,1.263424E-3,6.317119E-4,6.317119E-4,0,1.895136E-3,1.895136E-3,0,0,0,0,1.010739E-2,2.526848E-3,6.317119E-4,6.317119E-3,6.317119E-3,4.421984E-3,0,3.158560E-3,3.158560E-3,3.158560E-3,1.895136E-3,1.263424E-3,1.263424E-3,0,2.526848E-3,1.895136E-3,1.895136E-3,1.895136E-3,6.317119E-4,6.317119E-4,6.317119E-4,6.317119E-4,3.790272E-3,3.790272E-3,2.526848E-3,1.895136E-3,6.317119E-4,0,1.895136E-2,1.895136E-3,1.263424E-2,3.158560E-3,1.263424E-3,6.317119E-4,1.263424E-3,8.843967E-3,3.790272E-3,6.317119E-4,0,1.263424E-3,3.158560E-3,6.317119E-4,6.317119E-4,1.263424E-3,6.317119E-4,6.317119E-4,1.263424E-3,6.317119E-4,6.317119E-4,6.317119E-4,0,3.790272E-3,3.790272E-3,3.790272E-3,2.526848E-3,0,0,0,0,1.263424E-3,3.474416E-2,3.474416E-2,2.337334E-2,7.580543E-3,6.317119E-4,6.317119E-4,1.895136E-3,1.263424E-3,1.263424E-3,2.526848E-3,6.317119E-4,6.317119E-4,6.317119E-4,1.263424E-3,1.263424E-3,1.263424E-2,1.263424E-2,6.317119E-4,3.158560E-3,2.526848E-3,6.317119E-4,6.317119E-4,0,0,1.263424E-3,6.317119E-4,0,5.053696E-3,2.526848E-3,2.210992E-2,1.958307E-2,9.475679E-3,8.843967E-3,2.526848E-3,2.526848E-3,1.895136E-3,0,1.263424E-3,0,1.263424E-3,1.263424E-3,1.263424E-3]: 1583

Forest with 10 trees Model
**************************

Forest with 10 models

Forest with 10 trees(T = 0.0) Model
***********************************

Forest with 10 models

Forest with 10 trees(T = 2.0) Model
***********************************

Forest with 10 models

Forest with 10 trees(T = 4.0) Model
***********************************

Forest with 10 models

Forest with 10 trees(T = 6.0) Model
***********************************

Forest with 10 models

Forest with 10 trees(T = 8.0) Model
***********************************

Forest with 10 models

Forest with 10 trees(T = 10.0) Model
************************************

Forest with 10 models

Forest with 10 trees(T = 12.0) Model
************************************

Forest with 10 models

Forest with 10 trees(T = 14.0) Model
************************************

Forest with 10 models

Forest with 10 trees(T = 16.0) Model
************************************

Forest with 10 models

Forest with 10 trees(T = 18.0) Model
************************************

Forest with 10 models

Forest with 10 trees(T = 20.0) Model
************************************

Forest with 10 models

Forest with 10 trees(T = 22.0) Model
************************************

Forest with 10 models

Forest with 10 trees(T = 24.0) Model
************************************

Forest with 10 models

Forest with 10 trees(T = 26.0) Model
************************************

Forest with 10 models

Forest with 10 trees(T = 28.0) Model
************************************

Forest with 10 models

Forest with 10 trees(T = 30.0) Model
************************************

Forest with 10 models

Forest with 10 trees(T = 32.0) Model
************************************

Forest with 10 models

Forest with 10 trees(T = 34.0) Model
************************************

Forest with 10 models

Forest with 10 trees(T = 36.0) Model
************************************

Forest with 10 models

Forest with 10 trees(T = 38.0) Model
************************************

Forest with 10 models

Forest with 10 trees(T = 40.0) Model
************************************

Forest with 10 models

Forest with 10 trees(T = 42.0) Model
************************************

Forest with 10 models

Forest with 10 trees(T = 44.0) Model
************************************

Forest with 10 models

Forest with 10 trees(T = 46.0) Model
************************************

Forest with 10 models

Forest with 10 trees(T = 48.0) Model
************************************

Forest with 10 models

Forest with 10 trees(T = 50.0) Model
************************************

Forest with 10 models

Forest with 10 trees(T = 52.0) Model
************************************

Forest with 10 models

Forest with 10 trees(T = 54.0) Model
************************************

Forest with 10 models

Forest with 10 trees(T = 56.0) Model
************************************

Forest with 10 models

Forest with 10 trees(T = 58.0) Model
************************************

Forest with 10 models

Forest with 10 trees(T = 60.0) Model
************************************

Forest with 10 models

Forest with 10 trees(T = 62.0) Model
************************************

Forest with 10 models

Forest with 10 trees(T = 64.0) Model
************************************

Forest with 10 models

Forest with 10 trees(T = 66.0) Model
************************************

Forest with 10 models

Forest with 10 trees(T = 68.0) Model
************************************

Forest with 10 models

Forest with 10 trees(T = 70.0) Model
************************************

Forest with 10 models

Forest with 10 trees(T = 72.0) Model
************************************

Forest with 10 models

Forest with 10 trees(T = 74.0) Model
************************************

Forest with 10 models

Forest with 10 trees(T = 76.0) Model
************************************

Forest with 10 models

Forest with 10 trees(T = 78.0) Model
************************************

Forest with 10 models

Forest with 10 trees(T = 80.0) Model
************************************

Forest with 10 models

Forest with 10 trees(T = 82.0) Model
************************************

Forest with 10 models

Forest with 10 trees(T = 84.0) Model
************************************

Forest with 10 models

Forest with 10 trees(T = 86.0) Model
************************************

Forest with 10 models

Forest with 10 trees(T = 88.0) Model
************************************

Forest with 10 models

Forest with 10 trees(T = 90.0) Model
************************************

Forest with 10 models

Forest with 10 trees(T = 92.0) Model
************************************

Forest with 10 models

Forest with 10 trees(T = 94.0) Model
************************************

Forest with 10 models

Forest with 10 trees(T = 96.0) Model
************************************

Forest with 10 models

Forest with 10 trees(T = 98.0) Model
************************************

Forest with 10 models

Forest with 10 trees(T = 100.0) Model
*************************************

Forest with 10 models

