Clus run 'gasch10.names'
************************

Date: 3/3/23 8:56 PM
File: gasch1_GO.f.out
Attributes: 174 (input: 173, output: 1)
Missing values: Yes

[General]
Verbose = 1
RandomSeed = 0
ResourceInfoLoaded = No
DoNotInduce = No
LoggingProperties = logging.properties

[Data]
File = raw_datasets/gasch1_GO/gasch1_GO.trainvalid.fake.arff
TestSet = None
PruneSet = None
XVal = 10
RemoveMissingTarget = No
NormalizeData = None

[Attributes]
Target = 174
Clustering = 174
Descriptive = 1-173
Key = None
Disable = None
Weights = Normalize
ClusteringWeights = 1.0
ReduceMemoryNominalAttrs = No
GIS = None

[Constraints]
Syntactic = None
MaxSize = Infinity
MaxError = 0.0
MaxDepth = Infinity

[Nominal]
MEstimate = 1.0

[Model]
MinimalWeight = 5.0
MinimalNumberExamples = 0
MinimalKnownWeight = 0.0
ParamTuneNumberFolds = 3
NominalSubsetTests = Yes

[Tree]
Heuristic = VarianceReduction
HeuristicComplexity = N2
SetDistance = GSMDistance
TupleDistance = Euclidean
TSDistance = DTW
PruningMethod = Default
FTest = 0.05
BinarySplit = Yes
ConvertToRules = No
AlternativeSplits = No
Optimize = []
MSENominal = No
SplitSampling = None
MissingClusteringAttrHandling = EstimateFromParentNode
MissingTargetAttrHandling = ParentNode
InductionOrder = DepthFirst
EntropyType = StandardEntropy
ConsiderUnlableInstancesInIGCalc = No
SpatialMatrix = Binary
SpatialMeasure = GlobalMoran
Bandwidth = 0.001
Longlat = No
NumNeightbours = 0.0
Alpha = 1.0
SplitPosition = Exact

[Hierarchical]
Type = Tree
Distance = WeightedEuclidean
WType = ExpAvgParentWeight
WParam = 0.75
HSeparator = /
EmptySetIndicator = n
OptimizeErrorMeasure = PooledAUPRC
DefinitionFile = None
NoRootPredictions = No
PruneInSig = 0.0
Bonferroni = No
SingleLabel = No
CalculateErrors = Yes
ClassificationThreshold = [0.0,2.0,4.0,6.0,8.0,10.0,12.0,14.0,16.0,18.0,20.0,22.0,24.0,26.0,28.0,30.0,32.0,34.0,36.0,38.0,40.0,42.0,44.0,46.0,48.0,50.0,52.0,54.0,56.0,58.0,60.0,62.0,64.0,66.0,68.0,70.0,72.0,74.0,76.0,78.0,80.0,82.0,84.0,86.0,88.0,90.0,92.0,94.0,96.0,98.0,100.0]
RecallValues = None
EvalClasses = None
MEstimate = No

[Relief]
Neighbours = [10,15]
Iterations = 1.0
WeightNeighbours = No
WeightingSigma = 0.5
ChosenInstances = [-1]
MultilabelDistance = HammingLoss
ReliefStatisticsType = DistanceClassic
MissingTargetHandling = Impute

[Ensemble]
Iterations = [10]
TimeBudget = 0
EnsembleMethod = RForest
EnsembleBootstrapping = Yes
VotingType = ProbabilityDistribution
SelectRandomSubspaces = 14
ROSTargetSubspaceSize = SQRT
ROSAlgorithmType = Disabled
ROSVotingType = SubspaceAveraging
PrintAllModels = No
PrintAllModelFiles = No
PrintAllModelInfo = No
PrintPaths = No
Optimize = No
OOBestimate = No
FeatureRanking = [Genie3, Symbolic]
FeatureRankingPerTarget = No
SymbolicWeight = Dynamic
SortRankingByRelevance = Yes
WriteEnsemblePredictions = No
EnsembleRandomDepth = No
BagSelection = -1
BagSize = 0
NumberOfThreads = 1

[kNN]
K = [1,5,10,15,20,25,30,35,40]
Distance = Euclidean
SearchMethod = BruteForce
DistanceWeighting = [Constant]
AttributeWeighting = none
ChosenInstancesTrain = [-1]
ChosenInstancesTest = [-1]
LoadNeighboursFiles = {}
SaveNeighboursFile = 
IsMlcKnn = No
MlcCountSmoother = 1.0

[SemiSupervised]
SemiSupervisedMethod = PCT
StoppingCriteria = NoneAdded
UnlabeledCriteria = Threshold
ConfidenceThreshold = 0.8
ConfidenceMeasure = Variance
Iterations = 10
K = 5
UnlabeledData = 
PercentageLabeled = 5
UseWeights = No
AirbagTrials = 0
ExhaustiveSearchThresholds = [0.5,0.6,0.7,0.8,0.9,0.99]
OOBErrorCalculation = LabeledOnly
Normalization = MinMaxNormalization
Aggregation = Average
CalibrateHmcThreshold = No
PruningWhenTuning = No
InternalFolds = 5
WeightScoresFile = NO
PossibleWeights = [0.0,0.1,0.2,0.3,0.4,0.5,0.6,0.7,0.8,0.9,1.0]
IterationsSupervisionOptimisation = 0
ForceInternalXValOptimisation = No
ImputeMissingTargetValues = No
InternalFold = -1
ProceedToMain = Yes

[Output]
ShowModels = [Default, Pruned, Others]
TrainErrors = No
ValidErrors = Yes
TestErrors = Yes
AllFoldModels = Yes
AllFoldErrors = No
AllFoldDatasets = No
UnknownFrequency = No
BranchFrequency = No
ShowInfo = [Count]
PrintModelAndExamples = No
WriteErrorFile = No
WriteModelFile = No
WritePerBagModelFile = Yes
WriteOOBFile = Yes
WritePredictions = []
GzipOutput = No
ModelIDFiles = No
WriteCurves = No
OutputPythonModel = No
PythonModelType = Object
OutputROSSubspaces = No
OutputJSONModel = No
OutputDatabaseQueries = No
OutputClowdFlowsJSON = No
ComputeSpearman = No

Run: 01
*******

Statistics
----------

FTValue (FTest): 0.05
Induction Time: 26.772 sec
Pruning Time: 0 sec
Prediction Time (total for ClusModel.Original): 
	0 microsecs
	0 millisecs
	0 secs
Prediction Time (average for ClusModel.Original): 0 microsecs
Model information:
     Default: Nodes = 1; Leaves = 1; Depth = 1
     Forest with 10 trees: FOREST with 10 models (Total nodes: 1342; leaves: 676; average tree depth: 13.7)
     Forest with 10 trees(T = 0.0): FOREST with 10 models (Total nodes: 1342; leaves: 676; average tree depth: 13.7)
     Forest with 10 trees(T = 2.0): FOREST with 10 models (Total nodes: 1342; leaves: 676; average tree depth: 13.7)
     Forest with 10 trees(T = 4.0): FOREST with 10 models (Total nodes: 1342; leaves: 676; average tree depth: 13.7)
     Forest with 10 trees(T = 6.0): FOREST with 10 models (Total nodes: 1342; leaves: 676; average tree depth: 13.7)
     Forest with 10 trees(T = 8.0): FOREST with 10 models (Total nodes: 1342; leaves: 676; average tree depth: 13.7)
     Forest with 10 trees(T = 10.0): FOREST with 10 models (Total nodes: 1342; leaves: 676; average tree depth: 13.7)
     Forest with 10 trees(T = 12.0): FOREST with 10 models (Total nodes: 1342; leaves: 676; average tree depth: 13.7)
     Forest with 10 trees(T = 14.0): FOREST with 10 models (Total nodes: 1342; leaves: 676; average tree depth: 13.7)
     Forest with 10 trees(T = 16.0): FOREST with 10 models (Total nodes: 1342; leaves: 676; average tree depth: 13.7)
     Forest with 10 trees(T = 18.0): FOREST with 10 models (Total nodes: 1342; leaves: 676; average tree depth: 13.7)
     Forest with 10 trees(T = 20.0): FOREST with 10 models (Total nodes: 1342; leaves: 676; average tree depth: 13.7)
     Forest with 10 trees(T = 22.0): FOREST with 10 models (Total nodes: 1342; leaves: 676; average tree depth: 13.7)
     Forest with 10 trees(T = 24.0): FOREST with 10 models (Total nodes: 1342; leaves: 676; average tree depth: 13.7)
     Forest with 10 trees(T = 26.0): FOREST with 10 models (Total nodes: 1342; leaves: 676; average tree depth: 13.7)
     Forest with 10 trees(T = 28.0): FOREST with 10 models (Total nodes: 1342; leaves: 676; average tree depth: 13.7)
     Forest with 10 trees(T = 30.0): FOREST with 10 models (Total nodes: 1342; leaves: 676; average tree depth: 13.7)
     Forest with 10 trees(T = 32.0): FOREST with 10 models (Total nodes: 1342; leaves: 676; average tree depth: 13.7)
     Forest with 10 trees(T = 34.0): FOREST with 10 models (Total nodes: 1342; leaves: 676; average tree depth: 13.7)
     Forest with 10 trees(T = 36.0): FOREST with 10 models (Total nodes: 1342; leaves: 676; average tree depth: 13.7)
     Forest with 10 trees(T = 38.0): FOREST with 10 models (Total nodes: 1342; leaves: 676; average tree depth: 13.7)
     Forest with 10 trees(T = 40.0): FOREST with 10 models (Total nodes: 1342; leaves: 676; average tree depth: 13.7)
     Forest with 10 trees(T = 42.0): FOREST with 10 models (Total nodes: 1342; leaves: 676; average tree depth: 13.7)
     Forest with 10 trees(T = 44.0): FOREST with 10 models (Total nodes: 1342; leaves: 676; average tree depth: 13.7)
     Forest with 10 trees(T = 46.0): FOREST with 10 models (Total nodes: 1342; leaves: 676; average tree depth: 13.7)
     Forest with 10 trees(T = 48.0): FOREST with 10 models (Total nodes: 1342; leaves: 676; average tree depth: 13.7)
     Forest with 10 trees(T = 50.0): FOREST with 10 models (Total nodes: 1342; leaves: 676; average tree depth: 13.7)
     Forest with 10 trees(T = 52.0): FOREST with 10 models (Total nodes: 1342; leaves: 676; average tree depth: 13.7)
     Forest with 10 trees(T = 54.0): FOREST with 10 models (Total nodes: 1342; leaves: 676; average tree depth: 13.7)
     Forest with 10 trees(T = 56.0): FOREST with 10 models (Total nodes: 1342; leaves: 676; average tree depth: 13.7)
     Forest with 10 trees(T = 58.0): FOREST with 10 models (Total nodes: 1342; leaves: 676; average tree depth: 13.7)
     Forest with 10 trees(T = 60.0): FOREST with 10 models (Total nodes: 1342; leaves: 676; average tree depth: 13.7)
     Forest with 10 trees(T = 62.0): FOREST with 10 models (Total nodes: 1342; leaves: 676; average tree depth: 13.7)
     Forest with 10 trees(T = 64.0): FOREST with 10 models (Total nodes: 1342; leaves: 676; average tree depth: 13.7)
     Forest with 10 trees(T = 66.0): FOREST with 10 models (Total nodes: 1342; leaves: 676; average tree depth: 13.7)
     Forest with 10 trees(T = 68.0): FOREST with 10 models (Total nodes: 1342; leaves: 676; average tree depth: 13.7)
     Forest with 10 trees(T = 70.0): FOREST with 10 models (Total nodes: 1342; leaves: 676; average tree depth: 13.7)
     Forest with 10 trees(T = 72.0): FOREST with 10 models (Total nodes: 1342; leaves: 676; average tree depth: 13.7)
     Forest with 10 trees(T = 74.0): FOREST with 10 models (Total nodes: 1342; leaves: 676; average tree depth: 13.7)
     Forest with 10 trees(T = 76.0): FOREST with 10 models (Total nodes: 1342; leaves: 676; average tree depth: 13.7)
     Forest with 10 trees(T = 78.0): FOREST with 10 models (Total nodes: 1342; leaves: 676; average tree depth: 13.7)
     Forest with 10 trees(T = 80.0): FOREST with 10 models (Total nodes: 1342; leaves: 676; average tree depth: 13.7)
     Forest with 10 trees(T = 82.0): FOREST with 10 models (Total nodes: 1342; leaves: 676; average tree depth: 13.7)
     Forest with 10 trees(T = 84.0): FOREST with 10 models (Total nodes: 1342; leaves: 676; average tree depth: 13.7)
     Forest with 10 trees(T = 86.0): FOREST with 10 models (Total nodes: 1342; leaves: 676; average tree depth: 13.7)
     Forest with 10 trees(T = 88.0): FOREST with 10 models (Total nodes: 1342; leaves: 676; average tree depth: 13.7)
     Forest with 10 trees(T = 90.0): FOREST with 10 models (Total nodes: 1342; leaves: 676; average tree depth: 13.7)
     Forest with 10 trees(T = 92.0): FOREST with 10 models (Total nodes: 1342; leaves: 676; average tree depth: 13.7)
     Forest with 10 trees(T = 94.0): FOREST with 10 models (Total nodes: 1342; leaves: 676; average tree depth: 13.7)
     Forest with 10 trees(T = 96.0): FOREST with 10 models (Total nodes: 1342; leaves: 676; average tree depth: 13.7)
     Forest with 10 trees(T = 98.0): FOREST with 10 models (Total nodes: 1342; leaves: 676; average tree depth: 13.7)
     Forest with 10 trees(T = 100.0): FOREST with 10 models (Total nodes: 1342; leaves: 676; average tree depth: 13.7)

Default Model
*************

[1,8.853452E-1,4.586193E-1,0,0,7.589826E-2,0,2.825999E-3,4.037142E-4,4.037142E-4,1.614857E-3,0,4.037142E-4,4.037142E-4,4.037142E-4,0,4.037142E-4,1.090028E-2,2.422285E-3,0,1.211143E-3,4.037142E-4,4.037142E-4,0,4.037142E-4,0,2.058942E-2,0,4.037142E-4,4.037142E-4,1.897457E-2,0,4.037142E-4,4.037142E-4,4.037142E-4,4.037142E-4,0,8.074283E-4,0,1.211143E-3,2.018571E-3,2.018571E-3,1.211143E-3,0,8.074283E-4,0,0,4.037142E-4,4.037142E-4,4.037142E-4,4.037142E-4,8.074283E-4,4.037142E-4,4.037142E-4,0,4.037142E-4,4.037142E-4,8.074283E-4,4.037142E-4,0,4.037142E-4,8.074283E-4,0,0,2.825999E-3,4.037142E-4,4.037142E-4,0,1.211143E-3,8.074283E-4,4.037142E-4,4.037142E-4,8.074283E-4,4.037142E-4,0,4.037142E-4,8.074283E-4,4.037142E-4,4.037142E-4,4.037142E-4,0,0,4.037142E-4,4.037142E-4,0,0,0,0,0,0,0,0,4.037142E-4,4.037142E-4,0,1.211143E-3,8.074283E-4,4.037142E-4,0,0,4.037142E-4,4.037142E-4,4.037142E-4,4.037142E-4,0,0,8.074283E-4,8.074283E-4,8.074283E-4,4.037142E-4,5.248284E-3,2.018571E-3,4.037142E-4,4.037142E-4,2.422285E-3,0,0,0,0,0,0,8.074283E-4,4.037142E-4,4.037142E-4,4.037142E-4,0,4.037142E-4,1.211143E-3,4.037142E-4,4.037142E-4,4.037142E-4,4.037142E-4,4.037142E-4,4.037142E-4,0,0,0,2.018571E-3,0,8.074283E-4,8.074283E-4,0,8.074283E-4,0,0,4.037142E-4,4.037142E-4,8.074283E-4,8.074283E-4,4.037142E-3,4.037142E-4,3.229713E-3,4.037142E-4,0,4.037142E-4,4.037142E-4,8.074283E-4,4.037142E-4,4.037142E-4,0,4.037142E-4,4.037142E-4,4.037142E-4,4.037142E-4,4.037142E-4,4.037142E-4,4.037142E-4,4.037142E-4,0,1.009285E-2,4.037142E-4,8.074283E-4,2.825999E-3,8.074283E-4,2.018571E-3,1.211143E-3,8.074283E-4,4.037142E-4,4.037142E-4,3.633428E-3,4.037142E-4,8.074283E-4,4.037142E-4,2.018571E-3,1.211143E-3,8.074283E-4,4.037142E-4,4.037142E-4,4.037142E-4,1.211143E-3,4.037142E-4,4.037142E-4,8.074283E-4,7.266855E-3,5.248284E-3,4.844570E-3,4.037142E-4,4.037142E-4,4.037142E-4,4.037142E-4,4.037142E-4,4.037142E-4,0,2.825999E-3,4.037142E-4,4.037142E-4,4.037142E-4,0,0,4.037142E-4,4.037142E-4,8.074283E-4,0,0,0,0,4.037142E-3,4.037142E-3,4.037142E-4,4.037142E-4,1.211143E-3,2.018571E-3,4.037142E-4,1.211143E-3,0,4.037142E-3,4.037142E-4,4.037142E-4,8.074283E-4,0,0,8.074283E-4,4.037142E-4,4.037142E-4,4.037142E-4,4.037142E-4,4.037142E-4,4.037142E-4,0,8.074283E-4,4.037142E-4,4.037142E-4,1.211143E-3,1.211143E-3,3.229713E-3,2.018571E-3,2.018571E-3,2.018571E-3,8.074283E-4,8.074283E-4,0,1.211143E-3,1.211143E-3,1.211143E-3,1.211143E-3,8.477998E-3,4.037142E-4,6.863141E-3,4.037142E-4,2.825999E-3,8.074283E-4,4.037142E-4,4.037142E-4,4.037142E-4,4.037142E-4,1.211143E-3,4.037142E-4,4.037142E-4,4.037142E-4,4.037142E-4,1.211143E-3,8.074283E-4,4.037142E-4,4.037142E-4,4.037142E-4,4.037142E-4,8.074283E-4,4.037142E-4,4.037142E-4,0,0,1.517965E-1,4.037142E-4,1.130400E-2,9.285426E-3,4.037142E-4,0,0,4.037142E-4,0,4.037142E-4,4.037142E-4,4.037142E-4,0,4.037142E-4,1.211143E-3,1.211143E-3,4.037142E-4,4.037142E-4,0,4.037142E-4,4.037142E-4,0,0,6.863141E-3,4.037142E-4,4.037142E-4,4.037142E-4,4.037142E-4,0,8.074283E-4,4.037142E-4,4.037142E-4,4.037142E-4,1.211143E-3,4.037142E-4,0,0,0,0,0,8.074283E-4,0,4.037142E-4,4.037142E-4,4.037142E-4,4.037142E-4,4.037142E-4,4.037142E-4,4.037142E-4,4.037142E-4,0,4.037142E-4,0,0,0,1.211143E-3,1.211143E-3,0,4.037142E-4,0,0,4.037142E-4,0,0,0,4.037142E-4,0,0,0,0,4.037142E-4,4.037142E-4,4.037142E-4,0,0,4.037142E-4,0,0,4.037142E-4,4.037142E-4,4.037142E-4,4.037142E-4,4.037142E-4,0,2.018571E-3,4.037142E-4,4.037142E-4,4.037142E-4,4.037142E-4,4.037142E-4,0,0,0,1.614857E-3,8.074283E-4,4.037142E-4,4.037142E-4,2.058942E-2,1.614857E-2,1.211143E-3,0,0,1.211143E-3,4.037142E-3,8.074283E-4,4.037142E-4,4.037142E-4,0,0,8.074283E-4,8.074283E-4,2.018571E-3,0,8.074283E-4,4.037142E-4,0,8.074283E-4,0,6.055713E-3,4.844570E-3,4.037142E-4,0,0,4.037142E-3,1.211143E-3,0,0,2.825999E-3,2.825999E-3,4.037142E-4,0,4.037142E-4,0,4.037142E-4,4.037142E-4,4.037142E-4,4.037142E-4,0,4.037142E-4,4.037142E-4,4.037142E-4,8.074283E-4,4.037142E-4,0,4.037142E-4,4.037142E-4,8.074283E-4,4.037142E-4,1.614857E-3,4.037142E-4,4.037142E-4,4.037142E-4,8.074283E-4,4.037142E-4,4.037142E-4,0,0,0,0,0,4.037142E-4,4.037142E-4,4.037142E-4,0,4.037142E-4,8.074283E-4,4.037142E-4,4.037142E-4,1.211143E-3,1.211143E-3,1.211143E-3,8.074283E-4,1.211143E-3,0,4.037142E-4,0,0,4.037142E-4,0,0,2.422285E-3,8.074283E-4,4.037142E-4,0,4.037142E-4,8.074283E-4,8.074283E-4,0,2.381914E-2,0,1.695600E-2,1.009285E-2,2.422285E-3,8.074283E-4,4.037142E-4,2.825999E-3,0,0,0,2.018571E-3,0,2.018571E-3,4.037142E-4,4.037142E-4,4.037142E-4,0,4.037142E-4,4.037142E-4,4.037142E-4,4.037142E-4,4.037142E-4,4.037142E-4,4.037142E-4,4.037142E-4,1.211143E-3,8.074283E-4,4.037142E-4,0,8.074283E-4,3.229713E-3,4.037142E-4,2.422285E-3,0,8.074283E-4,4.037142E-4,4.037142E-4,0,8.074283E-4,0,4.037142E-4,0,4.037142E-4,0,0,0,4.037142E-4,4.037142E-4,4.037142E-4,4.037142E-4,8.074283E-4,4.037142E-4,4.440856E-3,4.037142E-4,0,0,4.037142E-4,0,4.037142E-4,4.037142E-4,8.074283E-4,4.037142E-4,8.074283E-4,4.037142E-4,4.037142E-4,4.037142E-4,4.037142E-4,1.130400E-2,0,4.037142E-4,4.037142E-4,4.037142E-4,0,1.614857E-3,4.037142E-4,4.037142E-4,1.614857E-3,4.037142E-4,4.037142E-4,2.825999E-3,4.037142E-4,0,0,0,8.074283E-4,8.074283E-4,0,4.037142E-4,0,8.074283E-4,1.211143E-3,4.037142E-4,1.211143E-3,4.037142E-4,8.074283E-4,4.037142E-4,4.037142E-4,4.037142E-4,4.037142E-4,4.037142E-4,4.037142E-4,4.037142E-4,4.037142E-3,4.037142E-3,4.037142E-4,4.037142E-4,0,4.037142E-4,4.037142E-4,4.037142E-4,4.037142E-4,4.037142E-4,4.037142E-4,4.037142E-4,0,0,0,0,4.037142E-4,4.037142E-4,0,0,4.037142E-4,4.037142E-4,0,0,0,4.037142E-4,4.037142E-4,6.217198E-2,1.170771E-2,8.074283E-4,4.037142E-4,0,0,4.037142E-4,4.037142E-4,4.037142E-4,4.037142E-4,4.037142E-4,0,4.037142E-4,4.037142E-4,4.037142E-4,4.037142E-4,4.037142E-4,8.074283E-4,1.211143E-3,4.037142E-4,8.074283E-4,2.422285E-3,4.037142E-4,8.074283E-4,8.074283E-4,0,1.614857E-3,1.211143E-3,4.037142E-4,0,4.037142E-4,8.074283E-4,0,4.037142E-4,3.593056E-2,0,4.037142E-4,4.037142E-4,4.037142E-4,4.037142E-4,0,4.037142E-4,0,4.037142E-4,8.074283E-4,8.074283E-4,8.074283E-4,8.074283E-4,8.074283E-4,0,4.037142E-4,4.037142E-4,2.422285E-2,0,0,2.260799E-2,0,1.614857E-3,1.211143E-3,1.211143E-3,1.614857E-3,4.037142E-4,0,1.211143E-3,8.074283E-4,8.074283E-4,8.074283E-4,8.074283E-4,4.037142E-4,2.422285E-3,1.614857E-3,1.614857E-3,4.037142E-4,4.037142E-4,0,0,4.037142E-4,8.074283E-4,4.037142E-4,4.037142E-4,4.037142E-4,1.614857E-3,4.037142E-4,1.211143E-3,0,4.037142E-4,4.037142E-4,8.074283E-4,4.037142E-4,4.037142E-4,4.037142E-4,0,4.037142E-4,8.074283E-4,4.037142E-4,0,0,0,4.037142E-4,4.037142E-4,4.037142E-4,4.037142E-4,4.037142E-4,4.037142E-4,1.211143E-3,1.211143E-3,0,0,0,0,0,2.825999E-3,4.037142E-4,2.018571E-3,4.037142E-4,1.291885E-2,4.037142E-4,4.037142E-4,4.037142E-4,0,3.633428E-3,8.074283E-4,4.037142E-4,1.614857E-3,4.037142E-4,4.037142E-4,4.037142E-4,1.211143E-3,8.074283E-4,4.037142E-4,4.037142E-4,8.074283E-4,0,4.037142E-4,4.037142E-4,4.037142E-4,4.037142E-4,4.037142E-4,0,0,1.211143E-3,0,4.037142E-4,8.074283E-4,8.074283E-4,6.055713E-3,6.055713E-3,6.055713E-3,3.229713E-3,0,1.211143E-3,4.440856E-3,4.037142E-4,4.037142E-4,4.037142E-4,2.018571E-3,4.037142E-4,4.037142E-4,8.074283E-4,4.037142E-4,4.037142E-4,4.037142E-4,4.037142E-4,1.211143E-3,0,3.633428E-3,4.037142E-4,4.037142E-4,2.422285E-3,4.037142E-4,1.211143E-3,4.037142E-4,4.037142E-4,8.074283E-4,0,1.372628E-2,1.130400E-2,8.074283E-3,1.614857E-3,0,4.037142E-4,2.018571E-3,0,1.211143E-3,1.211143E-3,1.881308E-1,4.037142E-4,2.341542E-2,2.220428E-2,6.863141E-3,2.422285E-3,1.614857E-3,4.037142E-4,1.211143E-3,5.651998E-3,5.248284E-3,4.037142E-4,4.037142E-4,0,4.844570E-3,4.844570E-3,0,1.614857E-3,5.651998E-3,4.440856E-3,3.633428E-3,2.018571E-3,4.037142E-4,4.037142E-4,8.074283E-4,4.037142E-4,1.211143E-3,1.211143E-3,0,0,0,0,4.037142E-3,4.037142E-3,0,5.207913E-2,2.099314E-2,3.633428E-3,0,0,5.248284E-3,2.825999E-3,2.825999E-3,2.018571E-3,4.037142E-4,8.074283E-4,0,0,8.074283E-4,4.037142E-4,2.422285E-3,0,0,3.633428E-3,3.633428E-3,1.211143E-3,4.037142E-4,4.037142E-4,8.074283E-4,4.037142E-4,4.037142E-4,1.090028E-2,0,7.266855E-3,4.440856E-3,1.211143E-3,8.074283E-4,2.018571E-3,4.037142E-4,0,8.074283E-4,4.037142E-4,4.037142E-4,2.825999E-3,2.825999E-3,2.422285E-3,4.037142E-4,4.037142E-4,0,0,0,4.037142E-4,4.037142E-3,1.211143E-3,8.074283E-4,8.074283E-4,0,1.211143E-3,8.074283E-4,4.037142E-4,4.037142E-4,4.037142E-4,0,0,0,0,0,0,0,0,2.099314E-2,2.825999E-3,8.074283E-4,0,8.074283E-4,8.074283E-4,4.037142E-4,8.074283E-4,4.037142E-4,4.037142E-4,0,4.037142E-4,4.037142E-4,0,1.816714E-2,0,8.074283E-4,4.037142E-4,4.037142E-4,4.037142E-4,9.285426E-3,4.844570E-3,8.074283E-4,8.074283E-4,4.037142E-4,4.037142E-3,4.037142E-4,4.037142E-4,2.018571E-3,8.074283E-4,0,8.074283E-4,4.037142E-4,4.037142E-4,0,2.825999E-3,4.037142E-4,2.422285E-3,8.074283E-4,8.074283E-4,4.037142E-4,4.037142E-4,4.037142E-4,0,4.037142E-4,4.037142E-4,4.037142E-4,4.037142E-4,4.037142E-4,4.037142E-4,1.211143E-3,0,0,0,0,0,1.211143E-3,8.074283E-4,8.074283E-4,0,4.037142E-4,4.037142E-4,4.037142E-4,4.037142E-4,4.037142E-4,5.248284E-3,2.825999E-3,0,4.037142E-4,8.074283E-4,4.037142E-4,4.037142E-4,1.170771E-2,8.074283E-3,4.037142E-4,0,0,0,4.037142E-4,1.211143E-3,1.211143E-3,4.037142E-4,8.074283E-4,8.074283E-4,4.440856E-3,0,0,8.074283E-4,8.074283E-4,4.037142E-4,0,3.229713E-3,4.037142E-4,8.074283E-4,1.614857E-3,1.614857E-3,8.074283E-4,4.037142E-4,4.037142E-4,0,0,8.074283E-4,4.037142E-4,0,0,0,4.037142E-4,0,2.825999E-3,8.074283E-4,4.037142E-4,2.018571E-3,1.614857E-3,8.074283E-4,1.211143E-3,4.037142E-4,4.037142E-4,4.037142E-4,4.037142E-4,4.037142E-4,4.037142E-4,4.037142E-4,0,0,4.037142E-4,4.037142E-4,8.074283E-4,4.037142E-4,0,0,0,0,0,0,1.453371E-2,8.074283E-3,4.037142E-4,4.037142E-4,0,8.074283E-4,2.018571E-3,8.074283E-4,8.074283E-4,2.018571E-3,2.018571E-3,1.211143E-3,4.037142E-4,8.074283E-4,0,0,0,4.037142E-4,4.037142E-4,0,4.037142E-4,0,4.037142E-4,4.037142E-4,0,0,4.037142E-4,8.074283E-4,0,4.037142E-4,4.037142E-4,4.844570E-3,0,1.211143E-3,1.211143E-3,4.037142E-4,8.074283E-4,4.037142E-4,4.037142E-4,4.037142E-4,0,2.018571E-3,8.074283E-4,4.037142E-4,4.037142E-4,4.037142E-4,4.037142E-4,4.037142E-4,0,4.037142E-4,4.037142E-4,4.037142E-4,4.037142E-4,8.800969E-2,8.800969E-2,8.800969E-2,4.037142E-4,4.037142E-4,8.074283E-4,8.074283E-4,1.211143E-3,0,8.074283E-4,0,0,0,4.037142E-4,4.037142E-4,0,4.037142E-4,4.037142E-4,0,4.037142E-4,8.276140E-2,3.633428E-3,1.211143E-3,1.614857E-3,1.735971E-2,1.332257E-2,6.459427E-3,8.074283E-4,8.074283E-4,8.074283E-4,2.018571E-3,0,0,4.037142E-4,0,0,5.813484E-2,4.198627E-2,4.037142E-4,0,1.170771E-2,8.074283E-4,5.248284E-3,8.074283E-4,2.422285E-3,1.614857E-3,0,8.074283E-4,4.037142E-4,1.211143E-3,9.689140E-3,9.689140E-3,4.037142E-4,4.037142E-4,2.018571E-3,1.534114E-2,8.074283E-4,1.453371E-2,1.614857E-3,8.074283E-4,8.074283E-4,4.037142E-4,0,0,0,8.074283E-4,4.037142E-4,4.037142E-4,7.670569E-3,8.074283E-4,7.670569E-3,1.211143E-3,4.037142E-4,8.074283E-4,8.074283E-4,4.037142E-4,4.037142E-3,8.074283E-4,3.633428E-3,1.614857E-3,0,0,0,4.037142E-4,1.614857E-3,8.074283E-4,8.074283E-4,4.037142E-4,1.211143E-3,4.037142E-4,4.037142E-4,0,4.037142E-4,0,0,0,0,0,0,0,0,4.037142E-4,4.037142E-4,0,0,0,0,0,0,0,0,0,0,0,0,0,0,0,0,4.037142E-4,4.037142E-4,4.037142E-4,0,0,0,0,0,0,2.301171E-2,8.074283E-4,4.037142E-4,7.266855E-3,0,5.248284E-3,4.037142E-4,0,0,4.037142E-4,0,4.037142E-4,8.074283E-4,4.037142E-4,4.037142E-4,1.614857E-3,0,4.037142E-4,1.614857E-3,1.614857E-3,1.614857E-3,4.037142E-4,8.074283E-4,4.037142E-4,0,4.037142E-4,4.037142E-4,0,1.614857E-3,8.074283E-4,4.037142E-4,4.037142E-4,8.881712E-3,8.074283E-3,4.037142E-4,0,8.074283E-4,0,4.037142E-4,4.037142E-4,4.037142E-4,0,4.037142E-4,4.037142E-4,2.018571E-3,4.037142E-4,4.037142E-4,4.037142E-4,4.037142E-4,0,0,4.037142E-4,0,0,8.074283E-4,1.211143E-3,4.037142E-4,4.037142E-4,4.037142E-4,4.037142E-3,2.018571E-3,1.211143E-3,8.074283E-4,4.037142E-4,8.074283E-4,4.037142E-4,0,4.037142E-4,4.037142E-4,1.211143E-3,1.211143E-3,1.614857E-3,8.074283E-4,8.074283E-4,4.037142E-4,0,4.037142E-4,4.037142E-4,4.037142E-4,4.037142E-4,4.037142E-4,1.049657E-2,1.211143E-3,1.211143E-3,4.037142E-4,1.211143E-3,0,0,2.018571E-3,8.074283E-4,4.037142E-4,0,0,4.037142E-4,0,0,1.211143E-3,0,8.074283E-4,4.037142E-4,0,6.055713E-3,8.074283E-4,2.422285E-3,2.422285E-3,4.037142E-4,8.074283E-4,0,4.037142E-4,4.037142E-4,0,4.037142E-4,4.037142E-4,4.037142E-4,4.037142E-4,2.422285E-2,1.009285E-2,1.009285E-2,4.037142E-4,4.037142E-4,4.037142E-4,4.037142E-4,4.037142E-4,4.037142E-4,4.037142E-4,4.037142E-4,4.037142E-4,8.074283E-4,4.037142E-4,0,8.074283E-4,1.211143E-3,8.074283E-4,4.037142E-4,4.037142E-4,4.037142E-4,8.074283E-4,4.037142E-4,6.459427E-3,3.229713E-3,4.037142E-4,4.037142E-4,4.037142E-4,4.037142E-4,4.037142E-4,4.037142E-4,2.422285E-3,8.074283E-4,8.074283E-4,8.074283E-4,8.074283E-4,8.074283E-4,4.037142E-4,8.074283E-4,8.074283E-4,8.074283E-4,4.037142E-4,0,8.477998E-3,0,0,0,4.037142E-4,0,0,4.037142E-4,4.037142E-4,0,0,1.211143E-3,4.037142E-4,4.037142E-4,2.422285E-3,8.074283E-4,4.037142E-4,4.037142E-4,0,4.037142E-4,4.037142E-4,8.074283E-4,4.037142E-4,0,4.037142E-4,2.422285E-3,8.074283E-4,0,4.037142E-4,4.037142E-4,8.074283E-4,4.037142E-4,4.037142E-4,4.037142E-4,4.037142E-4,4.037142E-4,4.037142E-4,0,0,0,0,0,0,0,0,0,6.863141E-3,4.440856E-3,1.614857E-3,8.074283E-4,4.037142E-4,4.037142E-4,1.332257E-2,1.614857E-3,2.422285E-3,2.018571E-3,8.074283E-4,8.074283E-4,4.037142E-4,4.037142E-4,8.074283E-4,4.037142E-4,0,6.863141E-3,6.863141E-3,1.211143E-3,0,4.037142E-4,4.037142E-4,4.037142E-4,0,0,7.751312E-2,5.046427E-2,3.633428E-3,8.477998E-3,5.248284E-3,7.872426E-2,5.248284E-3,8.074283E-4,2.018571E-3,4.037142E-4,8.074283E-4,8.074283E-4,2.018571E-3,4.037142E-4,0,7.266855E-3,0,6.580541E-2,4.037142E-4,1.211143E-3,4.521599E-2,1.211143E-3,3.229713E-2,0,8.074283E-4,4.037142E-4,1.211143E-3,3.633428E-3,1.211143E-3,2.825999E-3,4.037142E-4,1.211143E-3,1.211143E-3,8.074283E-4,8.074283E-4,4.037142E-4,4.037142E-4,4.037142E-4,8.074283E-4,4.037142E-4,8.074283E-4,8.074283E-4,8.074283E-4,4.037142E-4,8.074283E-4,1.211143E-3,0,0,0,4.037142E-4,4.037142E-4,4.037142E-4,4.037142E-4,2.018571E-2,0,0,0,1.251514E-2,1.130400E-2,8.477998E-3,4.037142E-4,4.037142E-4,4.037142E-4,6.863141E-3,4.037142E-4,4.037142E-4,1.614857E-3,1.614857E-3,8.074283E-4,1.211143E-3,4.037142E-4,4.037142E-4,1.614857E-3,4.037142E-4,4.037142E-4,4.037142E-4,4.037142E-4,0,0,0,0,0,0,0,0,0,0,8.074283E-3,8.074283E-4,8.074283E-4,4.037142E-4,4.037142E-4,0,4.037142E-4,5.651998E-3,1.614857E-3,2.422285E-3,1.211143E-3,8.074283E-4,1.614857E-3,4.037142E-4,4.037142E-4,4.037142E-4,0,0,4.037142E-4,8.074283E-4,8.074283E-4,4.037142E-4,1.614857E-2,1.291885E-2,0,4.037142E-4,4.037142E-4,1.251514E-2,2.422285E-3,0,4.037142E-4,1.211143E-3,8.074283E-4,0,4.037142E-4,8.074283E-4,4.037142E-4,4.037142E-4,4.037142E-4,4.037142E-4,2.422285E-3,8.074283E-4,0,0,0,4.037142E-4,8.074283E-4,4.037142E-4,0,1.211143E-3,8.074283E-4,8.074283E-4,6.459427E-3,0,0,0,0,2.018571E-3,0,4.037142E-4,0,2.018571E-3,8.074283E-4,4.037142E-4,0,0,0,4.440856E-3,4.037142E-4,0,0,4.037142E-4,4.037142E-4,8.074283E-4,8.074283E-4,4.037142E-4,4.037142E-4,4.037142E-4,4.037142E-4,1.614857E-3,4.037142E-4,8.074283E-4,4.037142E-4,0,0,0,0,6.459427E-3,8.074283E-4,8.074283E-4,4.037142E-4,4.037142E-4,6.459427E-3,6.055713E-3,4.037142E-4,6.055713E-3,2.422285E-3,1.614857E-3,6.055713E-3,2.422285E-3,1.211143E-3,2.422285E-3,0,0,4.037142E-4,4.037142E-4,2.422285E-3,4.037142E-4,0,0,0,3.633428E-3,1.211143E-3,1.614857E-3,1.614857E-3,1.211143E-3,8.074283E-4,0,8.074283E-4,4.037142E-4,4.037142E-4,4.037142E-4,0,0,3.229713E-3,1.614857E-3,8.074283E-4,4.037142E-4,4.037142E-4,8.074283E-4,4.037142E-4,0,0,0,4.037142E-4,0,4.037142E-4,1.211143E-3,8.074283E-4,4.037142E-4,0,4.037142E-4,4.037142E-4,0,0,0,0,0,4.037142E-4,0,0,0,4.037142E-4,0,0,0,0,0,0,0,0,0,0,9.689140E-3,7.670569E-3,4.037142E-4,2.018571E-3,5.248284E-3,4.037142E-4,4.037142E-4,4.037142E-4,2.018571E-3,2.018571E-3,2.018571E-3,0,3.633428E-3,4.037142E-4,3.229713E-3,2.018571E-3,1.211143E-3,4.037142E-4,4.037142E-4,0,4.037142E-4,4.037142E-4,4.037142E-4,0,0,4.037142E-4,4.037142E-4,0,4.037142E-4,2.018571E-3,4.037142E-4,0,1.211143E-3,1.211143E-3,8.074283E-4,4.037142E-4,8.074283E-4,4.037142E-4,0,6.055713E-1,0,2.301171E-2,4.037142E-4,1.953977E-1,1.090028E-2,2.825999E-3,0,0,8.074283E-4,8.074283E-4,0,8.074283E-4,8.074283E-4,4.037142E-4,7.266855E-3,4.844570E-3,0,4.037142E-4,2.139685E-2,1.291885E-2,8.074283E-4,5.651998E-3,4.037142E-4,4.037142E-4,8.477998E-3,5.651998E-3,4.037142E-4,8.074283E-4,4.037142E-4,4.037142E-4,4.037142E-4,4.037142E-4,4.037142E-4,4.037142E-4,0,2.341542E-2,1.211143E-3,1.211143E-3,1.372628E-2,3.229713E-3,4.037142E-4,8.074283E-4,1.614857E-3,4.037142E-4,8.074283E-4,6.863141E-3,3.633428E-3,4.037142E-4,8.074283E-4,4.037142E-4,0,4.037142E-4,4.037142E-4,4.037142E-4,4.037142E-4,6.055713E-3,4.037142E-4,1.211143E-3,4.077513E-2,8.074283E-4,4.037142E-4,4.037142E-4,7.670569E-3,2.018571E-3,5.651998E-3,4.037142E-4,8.074283E-4,4.037142E-4,8.074283E-4,1.614857E-3,1.614857E-3,8.074283E-4,4.037142E-4,4.037142E-4,4.037142E-4,4.037142E-4,4.037142E-3,4.037142E-3,4.037142E-4,1.937828E-2,7.266855E-3,1.211143E-3,3.229713E-3,4.037142E-4,8.074283E-4,4.037142E-4,4.037142E-4,1.130400E-2,1.049657E-2,4.844570E-3,1.211143E-3,0,8.074283E-4,4.440856E-3,8.074283E-4,4.037142E-3,4.037142E-3,3.633428E-3,1.211143E-3,1.211143E-3,4.037142E-4,0,4.440856E-3,0,0,1.211143E-3,5.248284E-3,4.037142E-4,4.037142E-4,1.614857E-3,9.285426E-3,8.074283E-4,4.037142E-4,4.037142E-4,2.825999E-3,4.037142E-4,4.037142E-4,5.248284E-3,4.037142E-4,1.211143E-3,8.881712E-3,8.074283E-4,4.037142E-4,8.074283E-3,4.844570E-3,8.074283E-3,0,1.614857E-3,2.018571E-3,2.987485E-2,4.037142E-4,2.018571E-3,4.037142E-4,8.074283E-4,2.018571E-3,4.037142E-4,0,8.074283E-4,2.341542E-2,7.266855E-3,1.009285E-2,4.037142E-4,8.074283E-4,0,2.018571E-2,4.440856E-3,1.211143E-3,8.074283E-4,8.074283E-4,8.074283E-4,8.074283E-4,4.037142E-4,4.037142E-4,0,0,0,0,0,0,4.037142E-4,4.037142E-4,4.037142E-4,0,5.248284E-3,4.037142E-4,3.229713E-3,4.037142E-4,1.049657E-2,1.049657E-2,9.689140E-3,1.614857E-3,8.074283E-4,4.037142E-4,4.037142E-4,3.633428E-3,1.211143E-3,1.614857E-3,4.037142E-4,4.037142E-4,0,4.037142E-3,4.037142E-4,4.037142E-4,4.037142E-4,8.074283E-4,8.074283E-4,8.074283E-4,4.037142E-4,0,4.037142E-4,4.037142E-4,2.018571E-3,0,1.614857E-3,4.037142E-4,1.784417E-1,2.099314E-2,2.058942E-2,1.614857E-3,4.037142E-4,0,1.574485E-2,2.422285E-3,1.251514E-2,2.825999E-3,6.863141E-3,4.037142E-3,4.440856E-3,2.825999E-3,4.037142E-4,2.018571E-3,2.825999E-3,0,0,4.037142E-4,1.606782E-1,1.602745E-1,1.534114E-2,6.055713E-3,8.074283E-4,8.074283E-4,5.086799E-2,5.248284E-3,2.018571E-3,0,0,5.651998E-3,8.074283E-4,0,4.037142E-4,4.037142E-4,3.835285E-2,2.018571E-3,8.074283E-4,0,0,1.574485E-2,4.037142E-4,1.211143E-3,8.074283E-4,4.037142E-4,4.037142E-4,4.037142E-4,9.689140E-3,1.211143E-3,5.651998E-3,0,1.614857E-3,8.074283E-4,4.037142E-4,0,4.037142E-4,0,1.493742E-2,1.211143E-3,4.037142E-4,1.211143E-3,0,0,0,1.090028E-2,4.037142E-3,0,7.670569E-3,0,0,0,0,0,4.053290E-1,8.074283E-4,0,0,4.037142E-4,2.462656E-1,0,1.303997E-1,3.633428E-3,2.422285E-3,4.037142E-4,1.211143E-3,8.074283E-4,6.863141E-3,4.037142E-4,4.037142E-4,8.074283E-4,2.381914E-2,1.614857E-3,2.825999E-3,8.074283E-4,4.037142E-4,4.037142E-4,4.037142E-4,0,1.291885E-2,2.018571E-3,0,0,8.074283E-4,7.670569E-3,2.422285E-3,0,0,8.074283E-3,3.633428E-3,3.229713E-3,1.614857E-3,0,1.857085E-2,7.266855E-3,3.229713E-3,0,0,3.633428E-2,2.947113E-2,2.422285E-2,2.139685E-2,4.037142E-4,2.018571E-3,4.037142E-4,4.037142E-4,3.229713E-3,3.229713E-3,8.074283E-4,1.211143E-3,1.211143E-3,8.074283E-4,4.037142E-4,4.037142E-4,0,1.614857E-3,4.037142E-4,2.018571E-3,8.074283E-4,1.154623E-1,6.055713E-3,1.211143E-3,4.037142E-4,4.037142E-4,1.614857E-3,8.074283E-4,0,1.614857E-3,0,0,1.614857E-3,1.614857E-3,2.180057E-2,1.211143E-3,8.074283E-4,4.037142E-4,4.037142E-4,1.372628E-2,8.881712E-3,4.037142E-3,1.211143E-3,1.211143E-3,4.037142E-4,1.614857E-3,4.037142E-3,1.614857E-3,1.211143E-3,1.614857E-3,4.037142E-4,4.037142E-4,4.037142E-4,1.211143E-3,1.413000E-2,8.074283E-4,1.614857E-3,2.422285E-3,1.211143E-3,2.825999E-3,4.037142E-4,0,0,8.074283E-4,0,2.422285E-3,8.074283E-4,8.074283E-4,4.037142E-4,8.074283E-4,4.037142E-4,4.037142E-4,0,4.037142E-4,4.037142E-4,2.825999E-3,2.825999E-3,2.422285E-3,4.037142E-4,1.211143E-3,1.211143E-3,0,4.037142E-4,2.825999E-3,5.651998E-3,5.651998E-3,1.009285E-2,1.009285E-2,1.873234E-1,2.866371E-2,4.440856E-3,4.037142E-4,3.633428E-3,2.018571E-3,1.614857E-3,4.037142E-4,4.037142E-4,8.074283E-4,0,4.037142E-4,0,0,0,0,3.633428E-3,3.633428E-3,5.651998E-3,2.825999E-3,3.229713E-3,8.074283E-3,1.211143E-3,1.626968E-1,1.437222E-1,1.978199E-2,1.211143E-3,4.037142E-4,0,0,0,8.074283E-4,2.825999E-3,4.037142E-4,2.422285E-3,0,3.229713E-3,8.074283E-4,2.422285E-3,0,2.422285E-3,1.211143E-3,0,8.074283E-4,0,8.074283E-4,4.037142E-4,4.037142E-4,8.074283E-4,4.925313E-2,4.037142E-4,4.884941E-2,3.229713E-3,4.037142E-4,8.074283E-4,8.074283E-4,8.074283E-4,4.037142E-4,4.037142E-4,4.037142E-4,0,1.009285E-2,0,8.074283E-4,4.037142E-4,4.037142E-4,3.633428E-3,3.633428E-3,4.037142E-4,1.614857E-3,8.074283E-4,1.614857E-3,1.211143E-3,4.037142E-4,8.477998E-3,0,7.670569E-3,1.211143E-3,1.211143E-3,0,0,6.459427E-3,1.211143E-3,5.651998E-3,0,5.651998E-3,1.211143E-3,4.037142E-4,4.037142E-4,4.037142E-4,1.211143E-3,1.211143E-3,1.614857E-2,1.211143E-2,1.614857E-3,4.037142E-4,4.037142E-4,1.130400E-2,4.037142E-3,3.633428E-3,4.037142E-4,4.037142E-4,0,0,0,0,1.614857E-3,0,1.614857E-3,1.211143E-3,4.037142E-4,6.378684E-2,1.695600E-2,1.372628E-2,8.074283E-3,2.825999E-3,2.422285E-3,1.211143E-3,2.018571E-3,6.055713E-3,8.074283E-4,4.844570E-3,4.037142E-4,4.440856E-3,4.440856E-3,1.211143E-3,4.037142E-4,4.037142E-4,4.077513E-2,3.391199E-2,2.220428E-2,1.574485E-2,4.037142E-3,1.211143E-3,1.211143E-3,8.074283E-4,4.037142E-4,0,8.074283E-4,2.018571E-3,0,1.816714E-2,8.881712E-3,2.018571E-3,4.844570E-3,4.037142E-4,4.037142E-4,9.430763E-1,2.099314E-2,8.074283E-4,0,2.503028E-2,0,4.037142E-3,4.037142E-3,4.037142E-3,0,0,6.540170E-2,8.074283E-4,2.018571E-3,1.614857E-3,4.037142E-4,2.422285E-3,0,1.211143E-3,0,0,8.074283E-4,0,8.074283E-4,1.211143E-3,2.018571E-3,0,0,0,4.037142E-4,8.074283E-4,0,4.037142E-4,8.074283E-4,8.074283E-4,1.211143E-3,2.422285E-3,0,0,2.018571E-3,0,0,0,0,0,0,4.037142E-4,4.037142E-4,4.037142E-4,0,0,0,2.422285E-3,2.422285E-3,4.037142E-4,4.037142E-4,4.037142E-4,5.248284E-3,8.074283E-4,4.037142E-4,0,0,0,0,0,0,0,0,0,4.037142E-3,0,0,3.633428E-3,2.018571E-3,1.614857E-3,1.614857E-3,1.211143E-3,1.211143E-3,0,0,0,0,4.037142E-4,8.074283E-4,8.074283E-4,4.037142E-4,4.037142E-4,4.037142E-4,0,0,2.825999E-3,2.422285E-3,4.037142E-4,8.074283E-4,4.037142E-4,8.074283E-4,8.074283E-4,8.074283E-4,4.037142E-4,4.037142E-4,3.027856E-2,4.037142E-3,2.422285E-3,0,7.670569E-3,4.037142E-4,0,1.857085E-2,3.229713E-3,8.881712E-3,2.018571E-3,5.248284E-3,1.211143E-3,1.211143E-3,1.211143E-3,0,8.074283E-4,4.037142E-4,4.037142E-4,8.074283E-3,8.074283E-4,0,0,4.037142E-4,4.037142E-4,0,6.863141E-3,4.037142E-4,2.422285E-3,3.229713E-3,1.614857E-3,1.655228E-1,1.090028E-2,1.534114E-1,1.441260E-1,9.285426E-3,8.074283E-4,8.074283E-4,8.074283E-4,9.236980E-1,9.689140E-3,6.863141E-3,7.509084E-2,8.074283E-4,4.440856E-3,4.037142E-4,4.037142E-4,4.037142E-4,2.018571E-3,3.633428E-3,2.099314E-2,2.099314E-2,2.018571E-2,2.422285E-3,0,3.875656E-2,1.453371E-2,2.785628E-2,4.037142E-4,1.170771E-2,2.018571E-3,4.037142E-4,4.037142E-4,1.614857E-3,8.074283E-4,8.074283E-4,0,8.074283E-4,8.074283E-4,0,0,4.037142E-3,1.211143E-3,8.074283E-4,4.037142E-4,4.037142E-4,1.614857E-3,1.614857E-3,1.614857E-3,8.562778E-1,1.332257E-2,5.651998E-3,3.229713E-3,2.018571E-3,0,4.037142E-4,0,4.037142E-4,4.037142E-4,4.037142E-4,1.211143E-3,4.037142E-4,4.440856E-3,8.074283E-4,8.074283E-4,2.825999E-3,2.503028E-2,2.220428E-2,2.018571E-3,1.211143E-3,0,8.074283E-4,1.776342E-2,4.037142E-3,1.211143E-3,4.037142E-4,1.211143E-3,2.018571E-3,8.074283E-4,1.211143E-3,8.074283E-4,6.863141E-3,4.037142E-4,4.037142E-4,2.825999E-3,1.211143E-3,1.614857E-3,8.074283E-4,8.074283E-4,2.119499E-1,4.037142E-4,4.037142E-4,4.037142E-4,2.825999E-3,8.074283E-4,8.074283E-4,1.211143E-3,4.037142E-4,4.037142E-4,8.074283E-4,2.422285E-3,2.825999E-3,4.037142E-4,8.074283E-4,1.614857E-3,2.422285E-3,0,0,4.037142E-4,2.825999E-3,4.037142E-4,0,0,8.074283E-4,1.211143E-3,8.074283E-4,4.037142E-4,1.211143E-3,0,4.037142E-4,8.074283E-4,0,4.037142E-4,0,1.614857E-3,0,4.037142E-4,4.037142E-4,0,8.074283E-4,8.074283E-4,8.074283E-4,0,8.074283E-4,1.211143E-3,8.074283E-4,8.074283E-4,0,2.377876E-1,2.268874E-1,2.264836E-1,1.170771E-2,1.211143E-3,0,6.863141E-3,3.633428E-3,8.074283E-4,0,0,0,3.148971E-1,0,2.825999E-3,3.229713E-3,0,7.670569E-3,7.549455E-2,1.574485E-2,0,1.170771E-2,1.130400E-2,4.037142E-4,1.211143E-3,3.270085E-2,1.614857E-3,2.341542E-2,9.890997E-2,3.229713E-3,0,8.074283E-4,8.074283E-4,2.018571E-3,1.614857E-3,0,0,8.074283E-4,8.074283E-4,8.074283E-4,8.074283E-4,8.074283E-4,4.037142E-4,1.614857E-3,4.037142E-4,1.211143E-3,0,8.074283E-4,8.074283E-4,8.074283E-4,1.211143E-3,8.074283E-4,8.074283E-4,8.074283E-4,8.074283E-4,1.211143E-3,8.074283E-4,4.037142E-4,8.477998E-3,4.037142E-4,2.947113E-2,1.857085E-2,3.229713E-3,6.055713E-3,4.037142E-4,4.037142E-4,6.863141E-3,6.055713E-3,4.037142E-4,0,2.018571E-3,4.037142E-4,4.037142E-4,1.211143E-3,1.211143E-3,1.211143E-3,4.037142E-4,0,2.825999E-3,4.037142E-4,1.211143E-3,1.211143E-3,4.037142E-4,8.074283E-4,2.825999E-3,8.074283E-4,4.037142E-4,4.037142E-4,2.503028E-2,8.477998E-3,1.937828E-2,1.049657E-2,1.049657E-2,4.037142E-4,8.074283E-4,4.037142E-4,4.037142E-4,2.018571E-3,1.776342E-2,2.018571E-3,1.211143E-3,0,4.037142E-4,1.211143E-3,0,2.422285E-3,8.477998E-3,6.459427E-3,1.211143E-3,1.211143E-3,4.037142E-4,4.037142E-4,4.037142E-4,3.229713E-3,8.074283E-4,1.614857E-3,0,1.211143E-3,1.211143E-3,8.074283E-4,0,0,0,0,0,0,4.844570E-3,1.211143E-3,1.211143E-3,8.074283E-4,1.614857E-3,2.018571E-3,8.074283E-4,1.614857E-3,4.037142E-4,4.037142E-4,8.074283E-4,7.266855E-3,7.266855E-3,2.422285E-3,1.211143E-3,5.353250E-1,8.074283E-4,4.037142E-4,4.037142E-4,0,0,0,5.248284E-2,3.027856E-2,9.285426E-3,9.285426E-3,2.099314E-2,2.260799E-2,6.459427E-3,6.459427E-3,1.614857E-2,3.996770E-2,0,4.844570E-3,2.018571E-3,0,2.422285E-3,0,0,0,0,0,1.211143E-3,8.074283E-4,4.037142E-4,0,0,0,0,4.844570E-3,1.211143E-3,0,0,1.211143E-3,8.074283E-4,1.211143E-3,1.614857E-3,8.074283E-4,8.074283E-4,1.211143E-3,0,0,8.074283E-4,2.018571E-3,2.018571E-3,4.037142E-4,2.099314E-2,6.863141E-3,0,1.332257E-2,4.037142E-4,8.074283E-4,2.071054E-1,3.229713E-3,8.074283E-4,4.037142E-4,1.614857E-3,4.037142E-4,4.037142E-4,4.037142E-4,4.440856E-3,3.229713E-3,8.074283E-4,4.037142E-4,3.229713E-3,8.074283E-4,8.477998E-3,5.651998E-3,0,4.037142E-4,4.037142E-4,1.211143E-3,8.074283E-4,1.090028E-2,8.074283E-4,8.074283E-3,2.462656E-2,1.695600E-2,9.689140E-3,3.633428E-3,6.863141E-3,8.074283E-4,8.074283E-4,8.074283E-4,0,3.229713E-3,2.422285E-3,2.422285E-3,6.055713E-3,2.018571E-3,0,0,2.018571E-3,0,4.117885E-2,1.211143E-3,4.037142E-4,8.074283E-4,0,1.090028E-2,1.090028E-2,2.018571E-3,2.825999E-3,2.825999E-3,8.074283E-4,2.018571E-3,4.037142E-4,5.248284E-3,5.248284E-3,0,0,0,0,1.614857E-3,1.614857E-3,1.211143E-3,8.074283E-4,8.074283E-4,2.422285E-3,1.453371E-2,1.211143E-3,1.614857E-3,4.037142E-4,4.037142E-4,8.074283E-4,8.074283E-4,4.037142E-4,8.074283E-4,0,8.074283E-4,8.074283E-4,8.074283E-4,4.037142E-4,1.211143E-3,9.285426E-3,4.037142E-4,4.037142E-4,3.875656E-2,4.037142E-4,8.881712E-3,4.440856E-3,4.440856E-3,4.037142E-3,8.074283E-4,8.074283E-4,8.074283E-4,4.037142E-4,4.037142E-3,1.614857E-3,2.422285E-3,2.422285E-3,1.211143E-3,1.211143E-3,4.440856E-3,2.018571E-3,2.825999E-3,4.440856E-3,4.037142E-3,3.633428E-3,4.037142E-4,4.037142E-4,4.037142E-4,1.211143E-3,4.037142E-4,8.074283E-4,0,4.037142E-4,9.285426E-3,4.037142E-4,0,4.037142E-4,4.440856E-3,4.037142E-4,4.037142E-4,8.074283E-4,4.037142E-4,2.018571E-3,1.211143E-3,8.074283E-4,8.074283E-4,8.074283E-4,9.689140E-3,2.825999E-3,3.229713E-3,8.074283E-4,4.037142E-4,4.037142E-4,0,1.211143E-3,8.074283E-4,0,8.074283E-4,4.037142E-4,4.037142E-4,4.037142E-4,4.037142E-4,6.096084E-2,8.074283E-3,3.633428E-3,2.018571E-3,1.211143E-3,8.074283E-4,5.248284E-3,8.074283E-4,1.534114E-2,4.037142E-4,1.211143E-3,1.211143E-3,1.614857E-3,1.211143E-3,1.211143E-3,4.037142E-4,4.037142E-4,1.211143E-3,4.037142E-4,0,1.614857E-3,8.074283E-4,1.614857E-3,8.074283E-4,1.211143E-3,4.037142E-4,1.614857E-3,8.074283E-4,1.211143E-3,4.440856E-3,8.074283E-4,3.229713E-3,8.074283E-4,1.009285E-2,2.018571E-3,3.633428E-3,2.018571E-3,1.211143E-3,8.074283E-4,8.074283E-4,4.037142E-4,3.229713E-3,2.018571E-3,2.018571E-3,1.614857E-3,4.037142E-4,1.211143E-3,4.037142E-4,2.422285E-3,2.825999E-3,2.825999E-3,8.074283E-4,4.037142E-4,2.422285E-3,1.614857E-3,2.018571E-3,0,0,4.037142E-4,4.037142E-4,9.083569E-2,4.037142E-4,1.211143E-3,1.413000E-2,2.381914E-2,4.440856E-2,1.009285E-2,2.987485E-2,6.055713E-3,3.027856E-2,4.037142E-4,4.037142E-4,5.651998E-3,0,4.037142E-4,8.074283E-4,0,4.037142E-4,8.477998E-3,4.037142E-4,0,8.074283E-3,3.633428E-3,3.633428E-3,3.229713E-3,8.074283E-4,1.614857E-3,8.074283E-4,1.453371E-2,8.074283E-4,8.074283E-4,8.074283E-4,1.211143E-3,4.037142E-4,1.614857E-3,2.422285E-3,2.422285E-3,4.037142E-4,1.211143E-3,0,8.074283E-4,2.018571E-3,0,4.037142E-4,5.651998E-3,4.037142E-4,1.614857E-3,1.211143E-3,4.037142E-4,0,1.614857E-3,1.211143E-3,1.211143E-3,4.037142E-4,0,8.074283E-4,0,0,4.965684E-2,4.037142E-3,1.211143E-2,4.037142E-4,1.170771E-2,1.211143E-3,4.037142E-4,8.074283E-3,2.825999E-3,1.614857E-3,3.229713E-3,2.018571E-3,2.018571E-3,4.037142E-3,1.614857E-3,1.211143E-3,2.422285E-3,8.074283E-4,4.037142E-4,2.018571E-3,4.844570E-3,3.229713E-3,0,8.074283E-4,1.614857E-3,8.074283E-4,1.372628E-2,2.422285E-3,4.037142E-4,1.614857E-3,1.614857E-3,8.074283E-4,8.074283E-4,0,0,1.614857E-3,3.633428E-3,4.037142E-4,4.037142E-4,4.037142E-4,4.037142E-4,8.074283E-4,2.018571E-3,1.211143E-3,4.037142E-4,0,1.211143E-3,1.614857E-3,1.574485E-2,1.372628E-2,4.844570E-3,4.037142E-4,4.037142E-4,1.614857E-3,0,0,4.037142E-3,0,2.018571E-3,0,1.211143E-3,1.211143E-3,4.037142E-4,4.037142E-4,4.642713E-2,2.018571E-3,2.664514E-2,8.074283E-4,8.074283E-4,1.211143E-3,2.825999E-3,4.037142E-4,1.614857E-3,1.211143E-3,8.074283E-4,2.825999E-3,2.825999E-3,4.037142E-4,1.614857E-3,0,8.074283E-4,1.251514E-2,8.074283E-4,7.670569E-3,4.844570E-3,1.614857E-3,2.422285E-3,1.211143E-3,2.825999E-3,2.422285E-3,6.903512E-2,4.037142E-4,2.825999E-3,2.422285E-3,8.074283E-4,2.422285E-3,2.018571E-3,8.074283E-4,1.211143E-3,4.037142E-3,4.400484E-2,2.018571E-3,4.037142E-4,4.037142E-4,4.037142E-4,1.614857E-3,8.074283E-4,4.037142E-4,4.037142E-4,1.170771E-2,1.170771E-2,0,2.018571E-3,2.018571E-3,8.074283E-4,8.074283E-4,8.074283E-4,4.037142E-4,4.037142E-4,8.074283E-4,4.037142E-4,4.037142E-4,4.037142E-4,8.074283E-4,0,8.074283E-4,8.074283E-4,0,4.037142E-4,1.211143E-3,8.074283E-4,1.211143E-3,4.037142E-4,2.018571E-3,2.018571E-3,1.614857E-3,0,2.906742E-2,2.825999E-3,1.211143E-3,1.614857E-3,1.211143E-3,5.651998E-3,2.422285E-3,1.211143E-3,4.037142E-4,4.037142E-4,4.037142E-4,4.037142E-4,0,2.018571E-2,1.574485E-2,8.074283E-4,6.459427E-3,4.037142E-4,4.037142E-4,4.037142E-4,4.037142E-4,2.018571E-3,4.037142E-4,3.633428E-3,1.211143E-3,8.074283E-4,8.074283E-4,4.037142E-4,4.037142E-4,3.835285E-2,2.018571E-3,1.211143E-3,1.614857E-3,8.074283E-4,4.037142E-4,3.270085E-2,8.074283E-4,2.462656E-2,2.462656E-2,4.037142E-4,2.018571E-3,1.211143E-3,4.037142E-4,2.422285E-3,2.018571E-3,1.614857E-3,0,8.074283E-4,1.211143E-3,9.285426E-3,4.440856E-3,4.440856E-3,0,6.055713E-3,4.037142E-4,3.633428E-3,2.422285E-3,2.422285E-3,4.037142E-4,4.037142E-4,0,0,0,0,0,0,0,0,0,4.037142E-4,8.074283E-4,0,0,4.037142E-4,4.037142E-4,2.422285E-2,8.074283E-4,1.614857E-3,1.978199E-2,1.534114E-2,1.211143E-3,0,1.614857E-3,2.825999E-3,2.422285E-3,0,8.074283E-4,4.037142E-4,4.037142E-4,4.037142E-4,1.211143E-3,8.074283E-4,4.037142E-4,4.037142E-4,4.037142E-4,4.037142E-4,2.018571E-3,2.018571E-3,1.211143E-3,8.074283E-4,0,3.229713E-3,3.229713E-3,1.614857E-3,1.211143E-3,8.074283E-4,4.037142E-4,4.037142E-4,8.074283E-4,0,4.037142E-4,0,8.074283E-4,0,0,0,0,0,9.773920E-1,0,0,0,0,0,6.536132E-1,5.417844E-1,0,0,0,3.859507E-1,2.151797E-1,0,2.462656E-2,1.493742E-2,1.493742E-2,4.037142E-4,0,0,0,0,0,0,0,0,0,0,0,0,6.055713E-3,6.055713E-3,3.229713E-3,2.018571E-3,1.211143E-3,4.037142E-4,4.037142E-4,8.074283E-4,4.037142E-4,4.037142E-4,0,8.074283E-4,0,0,2.422285E-3,4.037142E-4,0,1.211143E-3,1.211143E-3,0,0,0,0,0,0,0,0,0,0,0,0,0,0,0,0,0,0,6.459427E-3,6.459427E-3,3.229713E-3,8.074283E-4,8.074283E-4,1.614857E-3,2.825999E-3,2.825999E-3,2.422285E-3,4.037142E-4,0,8.074283E-4,4.037142E-4,4.037142E-4,4.037142E-4,0,0,0,0,0,0,0,0,4.037142E-4,0,0,0,0,0,0,0,0,0,0,0,0,0,0,0,0,0,0,3.229713E-3,2.018571E-3,0,0,0,0,0,1.211143E-3,4.037142E-4,0,0,5.248284E-3,0,0,0,4.037142E-4,0,4.037142E-4,4.037142E-4,0,0,2.422285E-3,8.074283E-4,4.037142E-4,4.037142E-4,0,4.037142E-4,4.037142E-4,8.074283E-4,8.074283E-4,8.074283E-4,4.037142E-4,0,8.074283E-4,4.037142E-4,4.037142E-4,4.037142E-4,4.037142E-4,0,0,4.037142E-4,0,0,0,0,0,0,0,2.018571E-3,1.614857E-3,4.037142E-4,0,0,1.917642E-1,8.074283E-2,2.825999E-3,2.422285E-3,8.074283E-4,8.074283E-4,2.422285E-3,8.074283E-4,4.037142E-4,1.534114E-2,8.074283E-3,4.037142E-4,4.037142E-3,4.037142E-3,2.422285E-3,2.825999E-3,8.074283E-4,4.037142E-4,1.049657E-2,4.037142E-4,4.037142E-4,4.037142E-4,5.530884E-2,1.574485E-2,1.413000E-2,6.055713E-3,4.037142E-4,3.229713E-3,1.614857E-3,0,4.844570E-3,7.670569E-3,8.074283E-4,8.074283E-4,4.037142E-4,4.037142E-4,4.037142E-4,5.651998E-3,2.018571E-3,3.633428E-3,8.074283E-4,1.413000E-2,6.459427E-3,8.074283E-4,0,1.211143E-3,4.037142E-4,8.074283E-4,1.211143E-3,1.614857E-3,0,8.074283E-4,1.211143E-3,8.074283E-4,8.074283E-4,8.074283E-4,8.074283E-4,8.074283E-4,0,1.978199E-2,2.825999E-3,4.037142E-4,1.211143E-3,8.074283E-4,1.291885E-2,1.291885E-2,2.018571E-3,1.211143E-3,2.825999E-3,2.018571E-3,8.074283E-4,2.422285E-3,4.037142E-4,1.211143E-3,4.037142E-4,1.211143E-3,4.037142E-4,3.633428E-3,2.825999E-3,0,2.422285E-3,1.211143E-3,8.074283E-4,0,0,0,8.074283E-4,4.037142E-4,0,0,1.182883E-1,4.037142E-4,0,3.633428E-3,3.633428E-3,3.431570E-2,8.074283E-4,0,0,0,3.148971E-2,1.493742E-2,8.074283E-4,2.018571E-3,7.266855E-3,4.844570E-3,4.037142E-3,2.422285E-3,2.422285E-3,2.422285E-3,4.037142E-4,4.037142E-4,0,4.037142E-4,4.037142E-4,4.037142E-4,0,0,0,0,2.825999E-3,0,1.211143E-3,0,4.037142E-4,0,0,1.614857E-3,0,4.037142E-4,0,0,6.459427E-3,6.055713E-3,3.633428E-3,3.229713E-3,3.229713E-3,0,2.018571E-3,8.074283E-4,1.211143E-3,7.832055E-2,3.794913E-2,2.301171E-2,8.074283E-4,1.453371E-2,6.055713E-3,5.651998E-3,8.074283E-4,4.037142E-4,4.037142E-4,8.074283E-4,8.074283E-4,4.037142E-4,1.614857E-3,0,0,0,0,0,1.614857E-3,4.037142E-4,1.211143E-3,4.037142E-4,4.037142E-4,8.074283E-4,4.037142E-4,4.037142E-4,1.211143E-3,4.037142E-4,0,4.037142E-4,4.037142E-4,4.440856E-3,4.440856E-3,1.130400E-2,1.049657E-2,4.037142E-4,4.037142E-4,0,4.037142E-4,0,0,4.037142E-4,4.037142E-4,0,4.037142E-4,4.037142E-4,4.037142E-4,8.074283E-4,4.037142E-4,4.037142E-4,0,8.074283E-4,1.211143E-3,4.037142E-4,8.074283E-4,4.037142E-4,0,4.037142E-4,0,4.037142E-4,4.037142E-4,4.037142E-4,1.614857E-3,4.037142E-4,4.037142E-4,4.037142E-4,0,0,4.037142E-4,8.074283E-4,4.763827E-2,4.481227E-2,1.049657E-2,1.614857E-3,0,1.211143E-3,8.477998E-3,1.211143E-3,4.037142E-4,0,4.037142E-4,4.037142E-4,3.229713E-3,2.825999E-3,7.670569E-3,6.459427E-3,0,3.229713E-3,3.229713E-3,1.049657E-2,9.285426E-3,4.037142E-4,6.055713E-3,1.211143E-3,4.844570E-3,4.037142E-4,4.037142E-4,6.863141E-3,5.651998E-3,4.440856E-3,8.074283E-4,8.074283E-4,8.074283E-4,4.037142E-4,0,0,1.291885E-2,4.037142E-4,8.074283E-4,4.037142E-4,0,1.170771E-2,0,7.670569E-3,4.037142E-4,1.211143E-3,4.440856E-3,1.211143E-3,2.825999E-3,0,2.422285E-3,4.037142E-4,6.055713E-3,5.248284E-3,1.614857E-3,4.440856E-3,2.825999E-3,2.825999E-3,0,0,0,1.614857E-3,1.614857E-3,8.074283E-4,8.074283E-4,1.614857E-3,4.037142E-4,8.074283E-4,8.074283E-4,0,1.211143E-3,0,1.211143E-3,4.037142E-4,1.009285E-2,0,0,0,9.689140E-3,8.477998E-3,8.477998E-3,5.651998E-3,2.018571E-3,4.037142E-4,3.229713E-3,4.037142E-4,4.037142E-4,1.009285E-2,4.037142E-4,2.018571E-3,2.422285E-3,0,1.211143E-3,3.633428E-3,4.037142E-4,0,8.074283E-4,8.074283E-4,0,0,0,0,0,1.251514E-2,0,6.055713E-3,2.018571E-3,2.018571E-3,1.211143E-3,0,0,2.018571E-3,2.018571E-3,0,4.037142E-4,4.037142E-4,2.018571E-3,0,2.018571E-3,0,2.018571E-3,0,0,0,4.037142E-4,4.037142E-4,1.211143E-3,1.211143E-3,0,1.211143E-3,1.211143E-3,0,0,0,0,1.211143E-3,1.211143E-3,4.037142E-4,3.633428E-3,4.037142E-4,4.037142E-4,4.037142E-4,2.825999E-3,2.825999E-3,2.825999E-3,4.037142E-4,4.037142E-4,4.037142E-4,2.204279E-1,3.633428E-3,3.633428E-3,1.211143E-3,8.074283E-4,8.074283E-4,0,0,2.422285E-3,2.422285E-3,4.037142E-3,4.037142E-3,0,2.018571E-3,4.037142E-3,4.037142E-4,4.037142E-4,4.037142E-4,1.368591E-1,2.018571E-3,8.074283E-4,8.074283E-4,0,9.406540E-2,1.614857E-3,1.614857E-3,2.422285E-3,2.422285E-3,4.037142E-4,4.037142E-4,0,1.211143E-3,5.248284E-3,8.074283E-4,4.037142E-3,0,4.037142E-4,1.211143E-2,1.614857E-3,6.863141E-3,1.614857E-3,2.018571E-3,2.825999E-3,1.170771E-2,1.211143E-3,1.049657E-2,4.037142E-4,4.037142E-4,7.630198E-2,2.018571E-3,7.630198E-2,4.037142E-3,1.170771E-2,4.037142E-4,5.651998E-3,2.018571E-3,3.229713E-3,4.037142E-4,0,6.863141E-3,4.037142E-4,1.211143E-3,8.074283E-4,4.844570E-3,4.440856E-3,4.037142E-4,5.248284E-3,4.037142E-3,0,2.422285E-3,8.074283E-4,1.614857E-3,1.211143E-3,4.037142E-4,4.037142E-4,0,0,0,1.211143E-3,8.074283E-4,4.037142E-4,4.037142E-4,4.037142E-4,4.037142E-4,1.211143E-3,0,0,0,0,4.037142E-4,0,4.037142E-4,4.037142E-4,0,0,1.211143E-3,4.037142E-4,4.037142E-4,4.037142E-4,0,0,8.074283E-4,8.074283E-4,4.037142E-4,4.037142E-4,4.037142E-4,0,4.037142E-4,4.037142E-4,4.037142E-4,0,0,0,0,0,0,8.074283E-4,8.074283E-4,4.037142E-4,4.037142E-4,0,8.477998E-3,5.651998E-3,0,5.248284E-3,4.037142E-3,3.229713E-3,1.211143E-3,1.211143E-3,3.148971E-2,2.018571E-3,0,0,0,0,2.018571E-3,0,0,0,0,0,0,0,0,0,0,0,0,0,0,0,0,0,2.987485E-2,1.574485E-2,1.493742E-2,1.211143E-3,4.037142E-4,8.074283E-4,4.037142E-4,1.211143E-3,4.037142E-4,8.074283E-4,3.229713E-3,2.422285E-3,8.074283E-4,9.689140E-3,5.248284E-3,4.440856E-3,4.037142E-4,0,0,0,0,3.633428E-3,1.614857E-3,8.074283E-4,4.037142E-4,8.074283E-4,4.037142E-4,8.074283E-4,1.614857E-3,0,2.422285E-3,2.422285E-3,2.422285E-3,1.211143E-3,1.211143E-3,0,0,0,4.037142E-4,4.037142E-4,2.018571E-3,0,4.037142E-4,4.037142E-4,2.825999E-3,0,2.825999E-3,0,2.825999E-3,8.074283E-4,1.614857E-3,1.614857E-3,1.211143E-3,1.211143E-3,0,4.037142E-4,4.037142E-4,2.018571E-3,2.018571E-3,4.037142E-4,1.614857E-3,1.614857E-3,8.074283E-4,8.074283E-4,0,0,0,4.037142E-4,4.037142E-4,4.037142E-4,1.614857E-3,1.614857E-3,7.186112E-2,1.211143E-3,4.037142E-4,4.037142E-4,0,2.018571E-3,2.825999E-3,1.614857E-3,4.037142E-4,1.614857E-3,2.825999E-3,0,6.136455E-2,5.974970E-2,3.673799E-2,2.058942E-2,1.211143E-3,1.211143E-3,4.037142E-4,1.211143E-3,1.614857E-3,1.614857E-3,4.037142E-4,0,0,2.018571E-3,4.037142E-4,1.614857E-3,1.211143E-3,1.614857E-3,4.037142E-4,5.248284E-3,2.825999E-3,2.018571E-3,2.018571E-3,2.825999E-3,2.825999E-3,3.229713E-3,3.229713E-3,3.229713E-3,0,0,4.037142E-4,4.037142E-4,4.037142E-4,0,0,8.074283E-4,0,4.037142E-4,4.037142E-4,4.037142E-4,4.037142E-4,4.037142E-4,0,0,2.143722E-1,8.074283E-4,8.074283E-4,8.074283E-4,1.453371E-2,1.211143E-3,8.074283E-4,4.037142E-4,0,0,0,0,1.130400E-2,4.037142E-4,0,0,0,0,0,6.459427E-3,1.614857E-3,1.211143E-3,8.074283E-4,3.229713E-3,4.037142E-4,1.211143E-3,4.037142E-4,0,0,8.074283E-4,0,2.825999E-3,0,0,0,2.422285E-3,2.018571E-3,0,0,0,4.037142E-4,0,4.037142E-4,0,0,0,4.037142E-4,4.037142E-4,2.422285E-3,1.211143E-3,4.037142E-4,4.037142E-4,4.037142E-4,0,0,0,1.586597E-1,2.825999E-2,4.844570E-3,4.037142E-4,8.074283E-4,8.074283E-4,4.037142E-4,8.074283E-4,2.018571E-2,1.211143E-3,1.776342E-2,1.776342E-2,4.440856E-3,6.459427E-3,0,2.422285E-3,4.440856E-3,0,4.440856E-3,4.440856E-3,3.229713E-2,0,3.027856E-2,4.037142E-3,3.229713E-3,3.229713E-3,2.745256E-2,1.090028E-2,8.074283E-4,2.825999E-3,1.614857E-3,4.037142E-4,1.614857E-3,1.211143E-3,2.018571E-3,1.211143E-3,1.194994E-1,1.194994E-1,2.260799E-2,8.074283E-4,4.844570E-3,4.037142E-4,1.009285E-2,0,1.211143E-3,8.074283E-4,1.614857E-3,1.574485E-2,9.689140E-3,5.651998E-3,2.825999E-3,4.037142E-4,0,4.440856E-3,1.211143E-3,0,3.229713E-3,1.614857E-3,4.037142E-4,8.074283E-4,8.074283E-4,4.037142E-4,8.074283E-4,4.037142E-4,4.037142E-4,4.037142E-4,0,4.037142E-4,4.037142E-4,4.037142E-4,4.037142E-4,8.074283E-4,8.074283E-4,8.477998E-3,8.074283E-4,2.018571E-3,2.018571E-3,4.037142E-4,2.018571E-3,4.037142E-4,1.211143E-3,0,1.211143E-3,2.422285E-3,0,4.037142E-4,1.211143E-3,4.037142E-4,4.037142E-4,0,4.037142E-4,4.037142E-4,4.037142E-4,4.037142E-4,1.332257E-2,4.037142E-4,4.037142E-4,1.614857E-3,1.614857E-3,8.074283E-4,4.037142E-4,0,4.037142E-4,4.037142E-4,0,0,0,0,0,3.229713E-3,4.037142E-4,1.614857E-3,1.211143E-3,0,8.074283E-4,4.037142E-4,0,0,4.037142E-4,4.037142E-4,6.863141E-3,6.863141E-3,3.229713E-3,3.229713E-3,0,0,0,0,0,4.037142E-4,0,2.018571E-3,8.074283E-4,1.614857E-3,0,0,0,0,1.372628E-2,1.251514E-2,2.825999E-3,1.614857E-3,0,0,0,8.477998E-3,8.477998E-3,8.074283E-3,8.074283E-4,0,4.037142E-4,0,8.074283E-4,4.037142E-4,4.037142E-4,4.037142E-4,4.037142E-4,0,0,0,0,0,0,3.310456E-2,2.704885E-2,2.058942E-2,8.881712E-3,4.037142E-4,4.037142E-4,4.037142E-4,5.248284E-3,0,1.614857E-3,8.074283E-4,4.037142E-4,1.211143E-3,4.440856E-3,1.211143E-3,1.614857E-3,6.459427E-3,4.037142E-4,5.651998E-3,8.074283E-4,4.037142E-4,8.074283E-4,6.055713E-3,8.074283E-4,0,1.211143E-3,1.211143E-3,3.633428E-3,2.018571E-3,8.074283E-4,4.440856E-3,8.074283E-4,2.422285E-3,0,4.037142E-4,4.037142E-4,4.037142E-4,4.037142E-4,0,0,0,0,0,0,0,0,0,0,0,4.037142E-4,4.037142E-4,0,1.170771E-2,1.211143E-3,1.211143E-3,4.037142E-4,9.285426E-3,0,1.614857E-3,1.614857E-3,4.037142E-4,2.422285E-3,1.614857E-3,2.018571E-3,6.863141E-3,4.037142E-4,8.074283E-4,8.074283E-4,4.037142E-4,1.614857E-3,4.037142E-4,4.037142E-4,4.037142E-4,4.037142E-4,0,8.074283E-4,8.074283E-4,1.614857E-3,0,0,0,1.211143E-3,4.037142E-4,4.037142E-4,8.074283E-4,4.037142E-4,4.037142E-4,4.037142E-4,4.037142E-4,4.037142E-4,4.037142E-4,4.037142E-4,4.037142E-4,4.037142E-4,2.018571E-3,2.018571E-3,0,4.037142E-4,8.074283E-4,4.037142E-4,3.754542E-2,4.844570E-3,4.844570E-3,4.440856E-3,4.037142E-3,2.422285E-3,4.037142E-4,2.624142E-2,4.037142E-4,1.614857E-3,4.037142E-4,0,1.614857E-3,0,2.422285E-2,8.074283E-4,4.037142E-4,1.170771E-2,4.037142E-4,4.037142E-3,4.037142E-4,3.229713E-3,7.670569E-3,2.018571E-3,8.074283E-4,1.211143E-3,1.211143E-3,1.211143E-3,6.459427E-3,1.614857E-3,8.074283E-4,3.633428E-3,8.074283E-4,1.211143E-3,0,0,6.459427E-3,1.211143E-3,0,3.229713E-3,4.037142E-4,1.614857E-3,1.211143E-3,3.229713E-3,1.211143E-3,1.614857E-3,1.211143E-3,1.211143E-3,3.633428E-3,8.074283E-4,4.037142E-4,0,4.037142E-4,4.037142E-4,0,8.074283E-4,8.074283E-4,8.074283E-4,0,0,2.018571E-3,0,4.037142E-4,1.211143E-3,8.074283E-4,8.074283E-4,0,0,0,0,0,4.037142E-4,4.037142E-4,0,4.037142E-4,4.037142E-4,4.037142E-4,4.037142E-4,0,0,0,0,0,0,1.727897E-1,3.633428E-3,1.776342E-2,1.776342E-2,1.776342E-2,1.170771E-2,1.211143E-3,4.037142E-4,1.211143E-3,8.074283E-4,3.633428E-3,3.633428E-3,8.074283E-4,4.037142E-4,4.037142E-4,0,8.074283E-4,4.037142E-4,4.037142E-4,0,4.037142E-4,4.037142E-4,2.018571E-3,2.018571E-3,2.018571E-3,0,0,0,1.614857E-3,0,4.037142E-4,7.670569E-3,7.670569E-3,7.670569E-3,8.074283E-4,1.574485E-2,1.211143E-2,0,0,0,1.211143E-2,1.049657E-2,2.825999E-3,2.825999E-3,4.037142E-4,6.863141E-3,5.651998E-3,4.037142E-4,1.614857E-3,2.825999E-3,6.055713E-3,1.211143E-3,0,4.037142E-4,4.037142E-4,4.037142E-4,8.074283E-4,8.074283E-4,0,0,0,0,0,0,0,0,0,4.037142E-3,9.285426E-3,2.825999E-3,4.037142E-4,1.211143E-3,4.037142E-3,4.037142E-4,4.037142E-4,0,0,4.037142E-4,0,2.543399E-2,2.341542E-2,1.211143E-3,1.614857E-3,4.440856E-3,3.229713E-3,4.037142E-4,4.037142E-4,4.037142E-4,0,2.422285E-3,4.037142E-4,4.037142E-4,0,0,0,0,0,0,0,5.248284E-3,4.037142E-4,2.825999E-3,2.825999E-3,8.074283E-4,3.633428E-3,4.037142E-4,4.037142E-4,1.211143E-3,1.211143E-3,8.074283E-4,0,0,0,0,2.422285E-3,0,2.422285E-3,2.018571E-3,0,4.037142E-4,1.614857E-3,1.614857E-3,0,0,8.074283E-4,4.037142E-4,4.037142E-4,4.037142E-4,1.211143E-3,1.211143E-3,4.037142E-4,4.037142E-4,2.018571E-3,0,0,0,0,0,2.018571E-3,2.018571E-3,2.018571E-3,4.037142E-4,0,0,8.074283E-4,0,0,0,5.046427E-2,8.074283E-4,3.108599E-2,5.651998E-3,1.735971E-2,3.229713E-3,1.614857E-3,1.614857E-3,1.614857E-3,1.170771E-2,1.009285E-2,4.037142E-3,3.229713E-3,3.229713E-3,0,0,7.670569E-3,0,7.670569E-3,4.037142E-4,4.037142E-4,7.266855E-3,4.844570E-3,4.440856E-3,8.074283E-4,4.037142E-4,0,0,0,4.037142E-4,8.074283E-4,4.037142E-4,1.211143E-3,4.037142E-4,4.037142E-4,4.037142E-4,1.614857E-3,8.074283E-4,8.074283E-4,0,0,0,0,1.211143E-3,1.614857E-3,0,0,1.614857E-3,0,0,0,0,0,0,0,6.863141E-3,2.018571E-3,2.018571E-3,8.074283E-4,4.844570E-3,8.074283E-4,2.825999E-3,0,8.074283E-4,4.037142E-4,4.037142E-4,4.037142E-4,4.037142E-4,0,0,4.400484E-2,8.074283E-4,1.614857E-3,4.037142E-4,4.037142E-4,4.037142E-4,0,1.170771E-2,4.037142E-4,4.037142E-4,0,8.074283E-4,4.037142E-4,0,2.018571E-3,8.074283E-4,5.651998E-3,2.422285E-3,4.037142E-4,1.211143E-3,8.074283E-4,1.211143E-3,4.037142E-4,0,0,0,5.248284E-3,5.248284E-3,1.211143E-3,1.211143E-3,4.037142E-3,2.825999E-3,4.037142E-4,1.211143E-3,1.211143E-3,1.211143E-3,1.211143E-3,1.211143E-3,0,2.018571E-3,4.037142E-4,8.074283E-4,0,4.037142E-4,4.037142E-4,4.037142E-4,4.037142E-4,4.037142E-4,0,0,0,3.229713E-3,8.074283E-4,0,0,2.422285E-3,4.037142E-4,2.018571E-3,1.291885E-2,5.248284E-3,2.018571E-3,8.074283E-4,6.055713E-3,6.055713E-3,4.037142E-3,2.422285E-3,1.211143E-3,1.211143E-3,0,1.614857E-3,1.614857E-3,1.614857E-3,0,1.614857E-3,0,1.614857E-3,8.074283E-4,0,6.863141E-3,6.863141E-3,2.422285E-3,4.037142E-4,0,2.018571E-3,4.037142E-4,4.037142E-4,4.037142E-4,0,0,0,0,0,2.422285E-3,2.018571E-3,2.018571E-3,2.018571E-3,4.037142E-4,5.248284E-3,2.825999E-3,1.614857E-3,0,0,0,0,0,0,0,4.037142E-4,0,0,0,0,0,4.037142E-4,4.037142E-4,4.037142E-4,0,7.266855E-3,1.211143E-3,1.211143E-3,1.211143E-3,0,0,0,0,0,6.055713E-3,5.651998E-3,5.248284E-3,8.074283E-4,0,0,0,0,0,0,0,0,0,0,0,0,4.037142E-4,4.037142E-4,4.037142E-4,0,0,7.670569E-3,4.440856E-3,3.229713E-3,0,1.211143E-3,1.211143E-3,4.037142E-4,8.074283E-4,2.018571E-3,8.074283E-4,8.074283E-4,1.211143E-3,8.074283E-4,0,8.074283E-4,0,0,0,0,1.614857E-3,1.614857E-3,0,0,0,0,0,4.037142E-4,0,2.422285E-3,1.614857E-3,1.614857E-3,0,0,2.866371E-2,2.139685E-2,2.422285E-3,0,1.614857E-3,4.037142E-4,0,4.037142E-4,4.037142E-4,1.009285E-2,8.074283E-3,2.422285E-3,4.844570E-3,3.229713E-3,2.422285E-3,1.614857E-3,8.074283E-4,0,0,1.211143E-3,0,4.037142E-4,0,0,8.074283E-4,1.614857E-3,1.614857E-3,4.037142E-4,4.037142E-4,8.074283E-4,0,8.074283E-4,0,0,0,4.440856E-3,0,0,4.440856E-3,4.037142E-3,4.037142E-3,4.037142E-4,4.037142E-4,8.074283E-4,4.037142E-4,4.037142E-4,7.266855E-3,1.614857E-3,1.614857E-3,0,2.422285E-3,1.614857E-3,1.614857E-3,0,2.825999E-3,0,0,0,0,2.422285E-3,8.074283E-4,8.074283E-4,0,2.825999E-3,1.211143E-3,1.211143E-3,0,0,0,0,0,0,0,0,0,0,0,0,0,0,0,0,0,0,0,0,0,0,0,0,0,0,1.614857E-3,1.614857E-3,0,0,0,0,0,0,4.311667E-1,3.633428E-3,3.633428E-3,2.422285E-3,2.018571E-3,2.543399E-2,7.266855E-3,2.018571E-3,1.211143E-3,8.074283E-4,1.211143E-3,2.018571E-3,5.651998E-3,2.825999E-3,0,8.074283E-4,4.037142E-4,4.037142E-4,8.074283E-4,8.074283E-4,8.074283E-4,8.074283E-3,6.459427E-3,4.844570E-3,4.844570E-3,4.844570E-3,4.844570E-3,8.074283E-4,4.037142E-4,4.037142E-4,0,3.310456E-2,4.844570E-3,1.291885E-2,1.372628E-2,3.633428E-3,3.633428E-3,4.037142E-4,2.422285E-3,0,1.211143E-2,6.459427E-3,4.440856E-3,4.037142E-3,4.037142E-3,4.037142E-3,3.023819E-1,2.704885E-2,4.037142E-4,0,0,4.037142E-4,3.229713E-3,1.413000E-2,8.074283E-4,6.459427E-3,0,0,1.211143E-3,4.037142E-4,4.037142E-4,2.018571E-3,2.018571E-3,1.441260E-1,6.863141E-3,3.229713E-3,1.614857E-3,0,2.422285E-3,2.745256E-2,8.477998E-3,2.018571E-3,8.074283E-3,4.037142E-3,8.074283E-4,2.422285E-3,2.018571E-3,1.614857E-3,1.614857E-3,1.614857E-3,4.037142E-4,7.670569E-3,7.266855E-3,4.037142E-4,8.074283E-4,4.037142E-4,2.906742E-2,1.251514E-2,0,4.844570E-3,4.037142E-4,4.037142E-4,2.825999E-3,0,1.614857E-3,4.037142E-4,0,4.037142E-4,4.037142E-4,8.074283E-4,4.037142E-4,4.037142E-4,0,2.825999E-3,2.825999E-3,2.422285E-3,1.251514E-2,6.459427E-3,4.440856E-3,8.074283E-4,8.074283E-4,1.614857E-3,0,4.037142E-4,0,0,2.422285E-3,2.422285E-3,0,0,8.074283E-4,0,4.037142E-4,0,2.422285E-3,1.211143E-3,7.670569E-3,1.211143E-3,4.440856E-3,4.440856E-3,4.440856E-3,3.229713E-3,8.074283E-4,8.477998E-3,5.651998E-3,8.074283E-4,8.074283E-4,4.037142E-4,2.018571E-2,4.440856E-3,2.422285E-3,8.074283E-4,2.018571E-3,4.037142E-4,4.037142E-4,4.037142E-4,0,1.009285E-2,4.037142E-4,4.037142E-4,1.211143E-3,3.229713E-3,4.037142E-4,4.037142E-4,1.211143E-3,4.037142E-4,4.037142E-4,0,4.037142E-4,1.211143E-3,1.534114E-2,4.844570E-3,2.422285E-3,4.037142E-4,1.211143E-3,4.037142E-4,4.037142E-4,8.074283E-4,9.689140E-3,9.689140E-3,3.633428E-3,2.018571E-3,1.211143E-3,1.211143E-3,0,1.614857E-3,2.422285E-3,1.211143E-3,1.211143E-3,0,3.875656E-2,8.074283E-4,9.689140E-3,6.863141E-3,2.422285E-3,3.633428E-3,2.825999E-3,1.211143E-3,0,4.037142E-4,1.614857E-3,1.614857E-3,8.074283E-3,5.248284E-3,0,4.037142E-4,8.074283E-4,4.037142E-4,2.018571E-3,2.018571E-3,2.018571E-3,6.459427E-3,2.825999E-3,2.825999E-3,8.074283E-4,1.614857E-3,8.074283E-4,4.037142E-4,1.090028E-2,4.037142E-3,2.825999E-3,2.422285E-3,8.074283E-4,4.037142E-4,4.037142E-4,2.018571E-3,6.863141E-3,5.651998E-3,2.825999E-3,8.074283E-4,4.037142E-4,4.037142E-4,1.291885E-2,3.633428E-3,2.825999E-3,1.211143E-3,1.614857E-3,2.018571E-3,4.037142E-4,2.018571E-3,4.037142E-4,1.211143E-3,1.735971E-2,1.493742E-2,4.440856E-3,4.440856E-3,3.633428E-3,1.211143E-3,1.614857E-3,8.074283E-4,6.863141E-3,2.825999E-3,4.037142E-4,0,8.074283E-4,2.825999E-3,8.074283E-4,4.037142E-4,1.211143E-3,4.037142E-4,4.037142E-4,8.074283E-4,4.037142E-4,4.037142E-4,2.422285E-3,4.037142E-4,2.018571E-3,1.211143E-3,8.074283E-4,0,2.462656E-2,0,2.422285E-3,1.614857E-3,8.074283E-4,4.037142E-4,0,4.037142E-3,0,1.211143E-3,4.037142E-4,4.037142E-4,2.422285E-3,4.037142E-4,4.037142E-4,0,4.037142E-4,4.037142E-4,4.037142E-4,9.285426E-3,0,8.881712E-3,8.881712E-3,4.037142E-4,4.037142E-4,1.614857E-3,8.074283E-4,1.614857E-3,1.614857E-3,0,0,8.074283E-4,8.074283E-4,4.440856E-3,4.440856E-3,2.018571E-3,1.614857E-3,4.037142E-4,0,9.406540E-2,4.037142E-4,4.037142E-4,5.732741E-2,5.409770E-2,4.037142E-4,0,2.422285E-3,4.037142E-3,2.018571E-3,1.614857E-3,1.614857E-3,1.614857E-3,1.211143E-3,4.037142E-4,0,4.037142E-4,4.037142E-4,8.074283E-4,6.863141E-3,2.825999E-3,8.074283E-4,4.037142E-4,1.211143E-3,2.422285E-3,3.229713E-3,4.037142E-4,4.037142E-4,1.614857E-3,8.074283E-4,4.037142E-4,2.301171E-2,1.211143E-3,8.074283E-4,4.844570E-3,1.614857E-3,1.614857E-3,4.844570E-3,4.844570E-3,4.844570E-3,1.130400E-2,1.009285E-2,1.614857E-3,1.211143E-3,1.211143E-3,4.440856E-3,2.422285E-3,2.422285E-3,2.018571E-3,2.018571E-3,1.614857E-3,0,0,3.633428E-3,2.018571E-3,4.037142E-4,0,0,4.037142E-4,0,1.009285E-2,2.422285E-3,2.422285E-3,1.614857E-3,7.670569E-3,0,0,2.422285E-3,0,8.074283E-4,2.018571E-3,3.229713E-3,0,3.108599E-2,3.108599E-2,8.074283E-3,6.863141E-3,2.018571E-3,0,8.074283E-4,8.074283E-4,2.018571E-3,4.037142E-4,3.229713E-3,1.614857E-3,4.037142E-4,2.422285E-3,2.422285E-3,2.018571E-3,4.037142E-4,2.825999E-3,1.211143E-3,1.211143E-3,4.037142E-4,0,2.422285E-3,0,0,8.074283E-4,3.310456E-2,3.310456E-2,2.139685E-2,8.477998E-3,8.074283E-4,4.037142E-4,1.614857E-3,8.074283E-4,8.074283E-4,4.037142E-4,4.037142E-4,2.018571E-3,4.037142E-4,4.037142E-4,4.037142E-4,3.229713E-3,3.229713E-3,0,1.291885E-2,1.291885E-2,4.037142E-4,4.037142E-4,4.037142E-4,0,0,1.211143E-3,8.074283E-4,0,3.229713E-3,1.614857E-3,4.037142E-4,1.211143E-2,1.211143E-2,4.158256E-2,4.037142E-4,0,0,3.633428E-3,1.614857E-3,1.211143E-3,1.211143E-3,1.211143E-3,4.037142E-4,0,0,0,0,0,1.211143E-3,0,2.018571E-3,2.018571E-3,4.037142E-4,4.037142E-4,5.651998E-3,4.037142E-4,4.037142E-4,8.074283E-4,8.074283E-4,1.211143E-3,1.211143E-3,1.211143E-3,1.211143E-3,1.211143E-3,0,0,4.037142E-4,3.108599E-2,2.422285E-3,2.825999E-3,8.074283E-3,3.229713E-3,4.037142E-3,3.633428E-3,4.037142E-4,1.130400E-2,6.863141E-3,3.633428E-3,2.018571E-3,2.422285E-3,4.037142E-4,4.037142E-4,4.037142E-4,8.477998E-3,8.477998E-3,8.477998E-3,4.037142E-3,4.037142E-4,1.614857E-3,1.211143E-3,2.018571E-3,1.211143E-3,1.332257E-2,1.090028E-2,3.229713E-3,4.037142E-4,1.211143E-3,4.440856E-3,3.633428E-3,3.633428E-3,4.037142E-4,4.037142E-4,4.037142E-4,4.037142E-4,4.037142E-4,0,0,4.037142E-4,4.037142E-4,0,3.593056E-2,4.037142E-4,1.534114E-2,6.055713E-3,9.689140E-3,8.074283E-4,1.978199E-2,1.614857E-2,8.074283E-3,8.074283E-3,8.074283E-4,8.074283E-4,8.074283E-4,0,3.714170E-2,1.614857E-3,5.813484E-2,0,0,0,5.046427E-2,9.285426E-3,4.037142E-4,8.477998E-3,3.229713E-3,0,8.074283E-4,1.211143E-3,0,1.614857E-3,4.037142E-4,1.937828E-2,8.074283E-4,1.211143E-3,1.211143E-3,0,0,4.037142E-4,8.881712E-3,2.422285E-3,4.037142E-4,3.229713E-3,4.037142E-4,4.037142E-4,4.037142E-4,0,0,1.211143E-3,4.037142E-4,8.074283E-4,8.074283E-4,4.440856E-3,2.018571E-3,0,8.074283E-4,0,4.037142E-4,4.037142E-4,6.863141E-3,0,0,0,0,0,1.211143E-3,1.211143E-3,4.037142E-4,4.037142E-4,4.037142E-3,0,0,0,8.074283E-4,8.074283E-4,8.074283E-4,8.074283E-4,0,1.211143E-3,1.211143E-3,8.074283E-4,4.037142E-4,0,8.074283E-4,4.037142E-4,4.037142E-4,0,0,4.037142E-4,8.074283E-4,4.037142E-4,4.037142E-4,0,0,0,1.614857E-3,1.614857E-3,0,0,1.614857E-3,1.614857E-3,1.614857E-3,1.614857E-3,0,0,2.825999E-3,2.825999E-3,1.614857E-3,8.074283E-4,4.037142E-4,1.211143E-3,4.037142E-4,8.074283E-4,4.037142E-4,4.037142E-4,9.285426E-3,9.285426E-3,3.229713E-3,4.037142E-4,2.422285E-3,2.422285E-3,1.211143E-3,1.211143E-3,4.037142E-4,4.037142E-4,4.037142E-4,0,4.037142E-4,4.037142E-4,0,0,1.211143E-3,2.422285E-3,1.332257E-2,7.670569E-3,4.440856E-3,1.211143E-3,4.037142E-3,4.037142E-3,1.614857E-3,1.211143E-3,4.037142E-4,0,8.074283E-4,8.074283E-4,4.037142E-4,4.037142E-4,4.037142E-4,4.037142E-4,1.211143E-3,0,0,0,4.037142E-4,4.037142E-4,4.037142E-4,0,0,0,0,0,1.090028E-2,1.090028E-2,8.881712E-3,8.881712E-3,8.881712E-3,7.670569E-3,4.037142E-4,4.037142E-4,4.763827E-2,2.462656E-2,0,1.211143E-3,1.211143E-3,1.211143E-3,1.170771E-2,0,3.229713E-3,8.074283E-4,4.037142E-3,2.825999E-3,2.018571E-3,4.037142E-4,4.037142E-4,1.211143E-3,0,4.037142E-4,3.229713E-3,0,0,0,0,0,0,2.018571E-3,2.018571E-3,0,4.037142E-4,0,0,0,0,4.037142E-4,4.037142E-4,4.037142E-4,0,0,0,0,0,0,0,4.037142E-3,0,2.825999E-3,0,1.614857E-3,4.037142E-4,1.211143E-3,4.037142E-4,4.037142E-4,0,8.074283E-4,0,0,0,0,2.139685E-2,0,8.074283E-4,8.074283E-4,8.074283E-4,0,8.074283E-3,1.614857E-3,1.211143E-3,1.211143E-3,1.211143E-3,1.211143E-3,4.037142E-4,4.037142E-4,4.037142E-4,4.037142E-4,4.037142E-4,0,0,0,2.018571E-3,8.074283E-4,0,1.211143E-3,0,0,8.074283E-4,8.074283E-4,3.633428E-3,0,0,0,0,0,0,0,4.844570E-3,0,4.844570E-3,0,0,4.037142E-4,0,1.614857E-3,1.614857E-3,3.633428E-3,0,1.614857E-3,2.422285E-3,0,0,0,0,4.037142E-4,2.595882E-1,4.037142E-4,3.956399E-2,8.074283E-4,4.037142E-4,3.875656E-2,4.037142E-4,1.211143E-3,3.512313E-2,3.431570E-2,0,0,0,1.453371E-1,1.445297E-1,2.099314E-2,1.453371E-2,1.614857E-3,1.211143E-3,8.074283E-4,1.130400E-2,8.477998E-3,4.037142E-4,4.844570E-3,3.229713E-3,3.633428E-3,0,4.037142E-4,0,2.018571E-3,8.074283E-4,1.211143E-3,2.825999E-3,2.422285E-3,0,0,4.037142E-4,0,0,1.614857E-3,4.440856E-3,4.440856E-3,8.074283E-4,8.074283E-4,4.037142E-4,1.614857E-3,4.037142E-4,8.074283E-4,4.037142E-4,4.037142E-4,0,7.670569E-3,3.229713E-3,2.422285E-3,0,8.074283E-4,4.683084E-2,2.099314E-2,2.018571E-3,8.074283E-4,0,1.776342E-2,6.055713E-3,5.248284E-3,8.074283E-4,4.037142E-4,7.670569E-3,6.055713E-3,8.074283E-4,0,0,1.211143E-3,1.211143E-3,4.037142E-4,0,0,1.211143E-3,1.211143E-3,0,3.148971E-2,2.422285E-3,4.037142E-4,1.453371E-2,0,1.614857E-3,8.074283E-4,8.074283E-4,1.130400E-2,1.614857E-3,1.211143E-3,4.037142E-4,1.009285E-2,2.825999E-3,8.074283E-4,1.211143E-3,8.074283E-4,8.074283E-4,4.037142E-4,0,1.211143E-3,8.074283E-4,0,3.633428E-3,0,2.422285E-3,2.422285E-3,4.037142E-4,4.037142E-4,4.037142E-4,4.037142E-4,0,0,4.037142E-4,0,0,0,0,0,4.037142E-4,4.037142E-4,2.543399E-2,5.248284E-3,5.248284E-3,1.211143E-3,8.477998E-3,4.037142E-4,4.037142E-4,4.037142E-4,4.037142E-4,7.266855E-3,7.266855E-3,7.266855E-3,8.074283E-4,4.037142E-4,4.037142E-4,4.037142E-4,7.266855E-3,6.459427E-3,0,1.049657E-2,0,4.037142E-4,2.422285E-3,0,0,6.863141E-3,1.614857E-3,1.211143E-3,8.074283E-4,4.037142E-4,0,4.037142E-4,4.037142E-4,4.037142E-4,0,4.844570E-3,1.211143E-3,8.074283E-4,8.074283E-4,8.074283E-4,8.074283E-4,4.037142E-4,4.037142E-4,4.037142E-4,4.037142E-4,4.037142E-4,4.037142E-4,1.614857E-3,1.614857E-3,8.074283E-4,8.074283E-4,4.037142E-4,4.037142E-4,1.614857E-3,1.211143E-3,1.211143E-3,1.211143E-3,4.037142E-4,4.037142E-4,0,4.037142E-4,4.037142E-4,0,2.018571E-3,2.018571E-3,1.614857E-3,4.037142E-4,4.037142E-4,0,0,0,1.211143E-3,0,0,1.211143E-3,1.211143E-3,1.211143E-3,0,4.198627E-2,1.251514E-2,4.037142E-4,4.037142E-4,4.037142E-3,4.037142E-4,4.037142E-4,8.074283E-4,8.074283E-4,0,8.074283E-4,1.211143E-3,4.037142E-4,0,0,8.074283E-4,0,0,0,0,2.825999E-3,8.074283E-4,4.037142E-4,0,0,2.422285E-3,0,0,0,1.614857E-3,8.074283E-4,0,8.074283E-4,0,0,5.651998E-3,1.211143E-3,0,1.211143E-3,1.211143E-3,4.037142E-4,4.037142E-4,4.037142E-4,4.037142E-4,8.074283E-4,4.037142E-4,2.018571E-3,0,2.422285E-3,1.211143E-3,8.074283E-4,4.037142E-4,8.074283E-4,4.037142E-4,0,1.493742E-2,6.459427E-3,0,6.055713E-3,4.037142E-4,5.651998E-3,4.037142E-4,5.651998E-3,4.844570E-3,0,0,0,0,0,0,0,4.037142E-4,4.037142E-4,0,4.037142E-4,0,0,0,4.037142E-4,4.037142E-4,0,1.614857E-3,8.074283E-4,4.037142E-4,4.037142E-4,8.074283E-4,6.055713E-3,6.055713E-3,0,5.248284E-3,0,8.074283E-4,4.037142E-4,0,4.037142E-4,4.037142E-4,4.037142E-4,4.440856E-3,0,4.037142E-4,1.614857E-3,0,1.614857E-3,4.037142E-4,0,0,4.037142E-4,4.037142E-4,4.037142E-4,0,8.074283E-4,0,4.037142E-4,8.074283E-4,0,4.037142E-4,8.074283E-4,4.037142E-4,1.211143E-3,4.037142E-4,8.074283E-4,8.074283E-4,4.037142E-4,4.037142E-4,8.074283E-4,4.037142E-4,4.037142E-4,4.037142E-4,0,4.037142E-4,0,0,0,0,0,8.074283E-4,1.429148E-1,9.043197E-2,3.391199E-2,1.614857E-3,0,9.689140E-3,8.477998E-3,8.477998E-3,8.477998E-3,4.037142E-3,3.229713E-3,3.229713E-3,1.614857E-3,5.651998E-3,3.633428E-3,2.825999E-3,4.037142E-4,1.897457E-2,6.863141E-3,1.211143E-3,1.614857E-3,1.291885E-2,8.074283E-4,3.633428E-3,3.229713E-3,8.477998E-3,1.614857E-3,0,4.844570E-3,4.440856E-3,4.037142E-4,0,0,0,8.074283E-4,0,8.074283E-4,0,0,4.844570E-3,4.037142E-4,2.462656E-2,2.462656E-2,2.099314E-2,2.099314E-2,1.453371E-2,1.009285E-2,7.670569E-3,4.844570E-3,2.422285E-3,8.074283E-4,1.614857E-3,1.614857E-3,1.211143E-3,0,5.248284E-3,0,2.422285E-3,2.422285E-3,2.422285E-3,0,8.074283E-4,1.211143E-3,0,0,1.211143E-3,0,0,0,1.211143E-3,3.229713E-3,0,4.037142E-4,4.037142E-4,4.037142E-4,0,7.186112E-2,4.440856E-3,1.614857E-3,8.074283E-4,8.074283E-4,6.782398E-2,5.450141E-2,1.614857E-3,8.881712E-3,8.074283E-4,0,4.037142E-4,4.037142E-4,2.018571E-3,4.037142E-4,1.211143E-3,4.844570E-3,2.825999E-3,8.074283E-4,2.825999E-3,2.018571E-3,1.614857E-3,4.037142E-4,4.037142E-4,4.037142E-4,1.211143E-3,1.614857E-3,8.074283E-4,0,0,8.074283E-4,8.074283E-4,0,4.037142E-4,4.037142E-4,4.037142E-4,4.037142E-4,4.037142E-4,0,4.037142E-4,4.037142E-4,3.996770E-2,1.251514E-2,4.037142E-3,8.074283E-4,0,1.211143E-3,6.055713E-3,5.651998E-3,2.422285E-3,1.614857E-3,4.037142E-4,8.074283E-3,3.229713E-3,4.440856E-3,8.074283E-4,1.251514E-2,1.090028E-2,4.037142E-4,4.037142E-4,2.825999E-3,1.211143E-3,8.074283E-4,0,2.018571E-3,3.633428E-3,8.074283E-4,4.037142E-4,0,4.037142E-4,4.037142E-4,1.049657E-2,2.018571E-3,8.074283E-3,4.844570E-3,0,4.037142E-4,0,4.037142E-4,2.825999E-3,2.825999E-3,4.037142E-4,4.037142E-4,1.211143E-3,0,0,0,0,1.614857E-3,8.074283E-4,0,8.074283E-4,8.074283E-4,4.037142E-4,4.037142E-4,0,0,0,3.891805E-1,3.338716E-1,8.074283E-4,3.108599E-2,0,0,0,0,0,0,0,0,0,0,0,0,0,0,0,0,0,0,0,0,0,0,0,0,0,4.037142E-4,0,4.037142E-4,4.037142E-4,0,0,0,0,3.229713E-3,0,4.037142E-4,0,2.825999E-3,4.037142E-4,0,0,0,0,8.074283E-4,1.614857E-3,1.211143E-3,4.037142E-4,0,0,0,0,0,0,0,2.704885E-2,2.704885E-2,0,4.037142E-4,2.422285E-2,2.301171E-2,2.260799E-2,3.229713E-3,3.229713E-3,2.422285E-3,3.229713E-3,5.248284E-3,4.844570E-3,4.844570E-3,2.018571E-3,2.422285E-3,5.651998E-3,8.074283E-4,4.440856E-3,8.074283E-4,8.074283E-4,4.037142E-4,4.440856E-3,4.440856E-3,4.037142E-4,4.037142E-4,4.037142E-4,0,4.037142E-4,0,0,0,0,0,0,4.037142E-4,4.037142E-4,0,0,0,0,0,0,0,0,0,0,0,0,0,0,0,1.170771E-2,4.844570E-3,0,5.248284E-3,0,0,0,0,4.037142E-4,0,4.037142E-4,0,2.018571E-3,8.074283E-4,4.037142E-4,0,1.211143E-3,0,0,4.037142E-4,4.037142E-4,4.037142E-4,0,0,0,4.037142E-4,4.037142E-4,0,4.037142E-4,0,0,0,0,0,2.422285E-3,0,2.018571E-3,2.018571E-3,4.037142E-4,1.614857E-3,4.037142E-4,4.037142E-4,0,4.037142E-4,4.037142E-4,0,2.422285E-3,0,2.422285E-3,0,1.211143E-3,0,4.037142E-4,4.037142E-4,4.037142E-4,4.037142E-4,0,0,0,0,0,0,1.614857E-3,4.037142E-4,4.037142E-4,4.037142E-4,4.037142E-4,0,0,0,4.037142E-4,0,4.037142E-4,4.037142E-4,4.037142E-4,6.459427E-3,0,0,0,0,4.037142E-4,4.037142E-4,4.037142E-4,2.422285E-3,2.422285E-3,2.422285E-3,1.614857E-3,1.614857E-3,8.074283E-4,8.074283E-4,4.037142E-4,4.037142E-4,0,0,0,4.037142E-4,4.037142E-4,8.074283E-4,0,0,0,0,0,4.037142E-4,4.037142E-4,0,0,0,0,0,0,0,0,0,0,0,4.037142E-4,2.018571E-3,8.074283E-4,4.037142E-4,8.074283E-4,0,4.037142E-4,0,0,0,4.037142E-4,4.037142E-4,0,0,1.614857E-3,0,0,8.074283E-4,8.074283E-4,4.037142E-4,4.037142E-4,4.037142E-4,0,0,0,0,0,0,0,0,0,0,0,0,0,0,0,0,0,0,0,0,0,0,0,4.037142E-4,0,0,0,0,0,0,4.037142E-4,0,4.037142E-4,0,0,0,4.037142E-4,4.037142E-4,0,0,0,0,0,8.074283E-4,0,8.074283E-4,0,0,0,3.112636E-1,4.561970E-2,2.825999E-3,2.825999E-3,1.614857E-3,1.614857E-3,8.074283E-4,2.422285E-3,8.074283E-4,1.211143E-3,1.211143E-3,4.037142E-4,1.211143E-3,1.211143E-3,4.037142E-3,2.018571E-3,2.018571E-3,4.037142E-4,8.074283E-4,3.633428E-3,8.074283E-4,3.189342E-2,1.614857E-3,1.211143E-3,1.130400E-2,6.055713E-3,2.018571E-3,1.211143E-3,3.633428E-3,1.211143E-3,2.018571E-3,2.018571E-3,4.037142E-4,4.037142E-4,4.037142E-3,3.229713E-3,4.037142E-4,4.037142E-4,4.037142E-4,4.037142E-4,1.614857E-3,8.074283E-4,4.037142E-4,0,4.037142E-4,4.037142E-4,0,0,1.614857E-3,1.614857E-3,7.266855E-3,7.266855E-3,4.037142E-4,4.037142E-4,4.037142E-4,4.037142E-4,2.422285E-3,2.422285E-3,0,1.614857E-3,0,2.018571E-3,0,0,4.037142E-4,0,1.614857E-3,1.614857E-3,4.037142E-4,8.074283E-4,0,0,0,0,3.633428E-3,3.633428E-3,3.633428E-3,0,0,0,0,2.176019E-1,0,1.211143E-3,1.211143E-3,8.074283E-4,8.074283E-4,0,0,4.037142E-4,0,0,4.037142E-4,4.037142E-4,4.037142E-4,0,0,0,0,0,0,1.639080E-1,1.211143E-3,0,0,0,8.074283E-4,0,8.074283E-4,0,8.074283E-4,8.074283E-4,4.037142E-4,4.037142E-4,0,0,0,4.037142E-4,0,0,4.037142E-4,1.211143E-3,4.037142E-4,4.037142E-4,8.074283E-4,0,0,0,8.074283E-4,0,8.074283E-4,4.037142E-4,4.037142E-4,4.037142E-4,0,2.341542E-2,2.825999E-3,1.211143E-3,1.211143E-3,0,0,0,0,8.477998E-3,8.074283E-4,6.459427E-3,2.018571E-3,1.211143E-3,0,0,2.422285E-3,4.037142E-4,8.074283E-4,0,1.211143E-3,8.074283E-4,8.074283E-4,2.422285E-3,4.037142E-4,4.037142E-4,0,1.614857E-3,1.614857E-3,4.037142E-4,4.037142E-4,4.037142E-4,0,0,4.037142E-4,0,4.037142E-3,4.037142E-4,0,0,0,0,3.633428E-3,1.614857E-3,4.037142E-4,4.037142E-4,4.037142E-4,4.037142E-4,0,5.651998E-3,1.211143E-3,8.074283E-4,4.037142E-4,0,0,4.037142E-4,4.037142E-4,4.037142E-4,1.211143E-3,8.074283E-4,4.037142E-4,4.037142E-4,4.037142E-4,0,1.211143E-3,8.074283E-4,4.037142E-4,4.037142E-4,4.037142E-4,8.074283E-4,8.074283E-4,4.037142E-4,4.037142E-4,0,0,0,3.229713E-3,0,1.614857E-3,1.614857E-3,0,1.614857E-3,1.211143E-3,4.037142E-4,1.477594E-1,0,4.037142E-4,1.614857E-3,0,0,0,1.614857E-3,1.211143E-3,8.074283E-4,8.074283E-4,4.037142E-4,8.074283E-4,4.037142E-4,4.037142E-4,2.825999E-3,0,2.018571E-3,2.018571E-3,8.074283E-4,8.074283E-4,8.074283E-4,8.074283E-4,0,0,0,2.422285E-3,1.211143E-3,8.074283E-4,0,4.037142E-4,4.037142E-4,1.211143E-3,4.037142E-4,4.037142E-4,4.037142E-4,4.037142E-4,4.037142E-4,8.074283E-4,8.074283E-4,1.425111E-1,0,0,1.425111E-1,1.421074E-1,1.614857E-3,4.037142E-4,0,2.422285E-3,8.922083E-2,1.009285E-2,4.037142E-4,4.037142E-4,0,9.689140E-3,4.037142E-4,1.211143E-3,4.440856E-3,8.074283E-4,0,1.614857E-3,1.614857E-3,4.037142E-4,4.037142E-4,0,4.037142E-4,0,0,0,0,5.651998E-3,0,0,4.037142E-4,1.614857E-3,8.074283E-4,4.037142E-4,0,0,0,4.037142E-4,6.701655E-2,1.211143E-3,1.211143E-2,8.074283E-4,4.037142E-4,8.074283E-4,8.477998E-3,0,2.018571E-3,4.037142E-4,4.037142E-4,4.037142E-4,4.037142E-4,8.074283E-4,3.229713E-3,4.037142E-4,4.037142E-4,1.211143E-3,4.037142E-4,8.074283E-4,8.074283E-4,1.211143E-3,5.651998E-3,4.037142E-3,1.614857E-3,1.211143E-3,0,4.037142E-4,4.037142E-4,4.037142E-4,1.211143E-3,1.211143E-3,0,4.037142E-4,4.037142E-4,4.037142E-4,1.614857E-3,1.614857E-3,4.037142E-4,8.074283E-4,0,4.037142E-4,4.037142E-4,4.037142E-4,4.037142E-4,0,4.037142E-4,4.037142E-4,4.037142E-4,0,4.037142E-3,4.037142E-4,1.211143E-3,4.037142E-4,4.037142E-4,4.037142E-4,1.211143E-3,0,0,4.037142E-4,1.211143E-3,0,0,8.074283E-4,0,2.018571E-3,1.211143E-3,8.074283E-4,0,4.037142E-4,4.037142E-4,3.633428E-3,4.037142E-4,0,0,0,0,1.211143E-3,4.037142E-4,4.037142E-4,0,0,0,0,0,0,0,0,0,0,0,0,2.018571E-3,0,8.074283E-4,8.074283E-4,8.074283E-4,0,0,3.633428E-3,4.037142E-4,8.074283E-4,8.074283E-4,0,1.211143E-3,1.211143E-3,4.037142E-3,0,0,3.229713E-3,0,4.037142E-4,4.037142E-4,4.037142E-4,0,0,0,5.288656E-2,3.350828E-2,8.074283E-4,8.074283E-4,8.074283E-4,1.211143E-3,4.037142E-4,8.074283E-4,0,0,4.037142E-4,4.037142E-4,1.614857E-3,8.074283E-4,4.037142E-4,4.037142E-4,4.037142E-4,4.037142E-4,8.074283E-4,8.074283E-4,4.037142E-4,4.037142E-4,0,0,0,0,4.037142E-4,0,0,0,0,8.074283E-4,4.037142E-4,2.018571E-2,4.037142E-3,1.049657E-2,8.074283E-3,1.614857E-3,8.074283E-4,4.037142E-4,0,0,8.074283E-4,4.037142E-4,4.037142E-4,2.825999E-3,2.825999E-3,2.825999E-3,1.614857E-3,1.614857E-3,0,8.074283E-4,4.037142E-4,0,8.074283E-4,1.211143E-3,4.037142E-4,0,4.037142E-4,0,1.372628E-2,0,0,0,4.037142E-3,1.211143E-3,2.018571E-3,8.074283E-4,8.074283E-4,2.422285E-3,2.018571E-3,8.074283E-4,1.211143E-3,4.037142E-4,4.037142E-4,4.037142E-4,0,2.018571E-3,0,0,1.211143E-3,1.211143E-3,1.211143E-3,0,0,0,0,4.037142E-4,1.614857E-3,4.037142E-4,0,8.074283E-4,0,0,0,0,0,4.037142E-4,0,3.633428E-3,0,0,3.633428E-3,3.633428E-3,1.614857E-3,0,0,6.863141E-3,8.074283E-4,0,0,0,0,0,0,0,0,6.055713E-3,4.844570E-3,3.229713E-3,8.074283E-4,0,4.037142E-4,4.037142E-4,4.037142E-4,0,4.037142E-4,0,0,0,0,0,0,0,0,0,0,0,0,0,0,3.431570E-2,4.037142E-4,4.037142E-4,4.037142E-4,4.037142E-4,4.037142E-3,4.037142E-4,4.037142E-4,1.211143E-3,2.422285E-3,4.037142E-4,0,8.074283E-4,8.074283E-4,0,0,0,2.422285E-3,4.037142E-4,4.037142E-4,4.037142E-4,0,0,4.037142E-4,4.037142E-4,0,4.037142E-4,0,4.037142E-4,0,4.037142E-4,0,0,0,0,1.614857E-3,0,0,1.211143E-3,4.037142E-4,0,4.037142E-4,0,0,0,4.037142E-4,0,0,2.543399E-2,2.422285E-2,5.248284E-3,4.037142E-4,0,8.074283E-4,1.614857E-3,8.074283E-4,8.074283E-4,4.037142E-4,4.037142E-4,0,1.211143E-3,8.074283E-4,8.074283E-4,0,0,1.211143E-3,8.074283E-4,6.459427E-3,4.037142E-4,4.037142E-4,4.037142E-4,1.211143E-3,0,6.459427E-3,0,1.211143E-3,4.037142E-4,4.037142E-4,1.211143E-3,2.825999E-3,0,4.037142E-4,4.037142E-4,0,0,0,0,0,0,1.211143E-3,1.211143E-3,8.074283E-4,4.037142E-4,4.037142E-4,0,0,0,2.825999E-3,2.422285E-3,2.018571E-3,8.074283E-4,0,0,4.037142E-4,4.037142E-4,0,0,0,0,0,3.593056E-2,1.937828E-2,1.211143E-2,2.018571E-3,1.211143E-3,0,0,8.074283E-4,4.037142E-4,1.009285E-2,1.211143E-3,4.037142E-4,4.037142E-4,8.881712E-3,5.651998E-3,2.825999E-3,2.825999E-3,2.825999E-3,8.074283E-4,4.037142E-4,4.037142E-4,4.037142E-4,0,0,1.614857E-3,1.211143E-3,4.037142E-4,0,8.074283E-4,4.037142E-4,0,1.211143E-3,1.211143E-3,1.211143E-3,0,0,0,4.440856E-3,8.074283E-4,4.037142E-4,4.037142E-4,4.037142E-4,8.074283E-4,4.037142E-4,4.037142E-4,4.037142E-4,4.037142E-4,4.037142E-4,4.037142E-4,2.422285E-3,2.018571E-3,1.211143E-3,8.074283E-4,4.037142E-4,4.037142E-4,1.211143E-3,1.211143E-3,4.037142E-4,0,0,0,4.037142E-4,0,0,0,0,0,0,4.037142E-4,0,2.018571E-3,2.018571E-3,4.037142E-4,4.037142E-4,8.074283E-4,4.037142E-4,4.037142E-4,0,1.735971E-2,1.614857E-2,8.881712E-3,4.037142E-4,4.037142E-4,4.037142E-4,4.037142E-4,7.670569E-3,4.037142E-3,8.074283E-4,0,8.074283E-4,4.037142E-4,0,1.614857E-3,1.614857E-3,4.037142E-3,1.211143E-3,4.037142E-4,4.037142E-4,8.074283E-4,4.037142E-4,8.074283E-4,4.037142E-4,2.018571E-3,4.037142E-4,4.037142E-4,0,0,0,2.825999E-3,1.211143E-3,8.074283E-4,8.074283E-4,4.037142E-4,1.614857E-3,4.037142E-4,8.074283E-4,4.037142E-4,4.037142E-4,4.037142E-4,8.074283E-4,8.074283E-4,4.037142E-4,4.037142E-4,4.037142E-4,4.037142E-4,4.037142E-4,4.037142E-4,4.037142E-4,0,0,4.037142E-4,0,4.037142E-4,4.037142E-4,4.037142E-4,0,0,0,4.037142E-4,4.037142E-4,0,1.211143E-3,1.211143E-3,0,0,0,5.248284E-3,0,0,5.248284E-3,1.614857E-3,8.074283E-4,4.037142E-4,4.037142E-4,4.037142E-4,4.037142E-4,4.037142E-4,4.037142E-4,0,8.074283E-4,0,0,0,0,1.614857E-3,8.074283E-4,4.037142E-4,0,4.037142E-4,0,4.037142E-4,0,0,0,4.037142E-4,0,4.037142E-4,0,0,0,0,1.211143E-3,0,0,0,8.477998E-3,1.211143E-3,4.037142E-4,4.037142E-4,8.074283E-4,0,4.037142E-4,4.037142E-4,4.037142E-4,4.037142E-4,2.180057E-2,4.037142E-4,4.037142E-4,4.440856E-3,2.825999E-3,0,2.018571E-3,1.211143E-3,1.211143E-3,8.074283E-4,8.074283E-4,4.037142E-4,4.037142E-4,0,0,4.037142E-4,4.037142E-4,1.614857E-3,1.211143E-3,1.211143E-3,8.074283E-4,4.037142E-4,0,0,8.881712E-3,8.881712E-3,1.614857E-3,5.651998E-3,5.651998E-3,1.614857E-3,0,4.037142E-4,1.211143E-3,1.211143E-3,1.211143E-3,5.248284E-3,3.633428E-3,3.229713E-3,4.037142E-4,2.422285E-3,2.018571E-3,0,0,0,2.018571E-3,4.037142E-4,8.074283E-4,4.037142E-4,4.037142E-4,0,4.037142E-4,0,0,0,0,4.037142E-4,4.037142E-4,0,0,0,8.074283E-4,4.037142E-4,4.037142E-4,0,0,4.037142E-4,2.503028E-2,8.074283E-4,8.074283E-4,8.477998E-3,8.074283E-3,0,4.037142E-4,4.037142E-4,4.037142E-4,4.844570E-3,1.614857E-3,4.037142E-4,0,8.074283E-4,2.825999E-3,2.422285E-3,1.211143E-3,4.037142E-4,1.211143E-3,4.037142E-4,4.037142E-4,0,0,0,4.037142E-4,1.372628E-2,4.844570E-3,4.844570E-3,8.074283E-4,4.037142E-3,0,4.037142E-4,0,0,4.037142E-4,4.037142E-4,0,8.074283E-4,0,8.074283E-4,8.074283E-4,0,0,0,1.009285E-2,6.863141E-3,5.248284E-3,2.825999E-3,2.825999E-3,1.614857E-3,8.074283E-4,4.037142E-4,4.037142E-3,3.633428E-3,3.633428E-3,1.211143E-3,2.825999E-3,4.037142E-4,4.037142E-4,4.037142E-4,0,0,0,0,0,0,2.422285E-3,1.211143E-3,1.211143E-3,0,4.037142E-4,4.037142E-4,4.037142E-4,1.211143E-3,0,0,4.037142E-4,0,0,0,0,4.037142E-4,4.037142E-4,0,6.822769E-2,4.037142E-3,0,0,2.825999E-3,1.211143E-3,8.074283E-4,6.055713E-3,4.844570E-3,0,0,0,0,1.614857E-3,1.614857E-3,8.074283E-4,1.211143E-3,1.211143E-3,0,0,8.074283E-4,0,8.074283E-4,8.074283E-4,8.074283E-4,2.825999E-2,8.074283E-4,6.055713E-3,8.074283E-4,4.037142E-4,4.037142E-4,1.211143E-3,8.074283E-4,0,2.018571E-3,8.074283E-4,8.074283E-4,4.037142E-4,1.211143E-3,1.211143E-3,0,4.037142E-4,4.037142E-4,1.614857E-3,8.074283E-4,4.037142E-4,4.037142E-4,4.037142E-4,4.037142E-4,4.037142E-4,4.037142E-4,4.037142E-4,4.037142E-4,0,0,4.037142E-4,0,0,0,2.825999E-3,2.018571E-3,2.018571E-3,0,0,0,0,0,0,0,0,4.037142E-4,2.018571E-3,4.037142E-4,4.037142E-4,0,0,0,0,0,0,3.633428E-3,3.229713E-3,6.459427E-3,4.037142E-3,0,4.037142E-4,0,0,4.037142E-4,0,4.037142E-4,4.037142E-4,1.614857E-3,1.614857E-3,0,2.422285E-3,1.211143E-3,1.211143E-3,0,0,2.018571E-3,8.074283E-4,8.074283E-4,1.211143E-3,8.074283E-4,0,9.285426E-3,7.670569E-3,3.633428E-3,2.825999E-3,2.825999E-3,4.037142E-4,2.422285E-3,8.074283E-4,8.074283E-4,4.037142E-4,4.037142E-4,1.614857E-3,0,0,4.037142E-4,4.037142E-4,4.037142E-4,0,0,4.037142E-4,4.037142E-4,4.037142E-4,3.229713E-3,0,0,3.229713E-3,8.074283E-4,8.074283E-4,0,2.422285E-3,1.211143E-3,1.211143E-3,1.211143E-3,1.211143E-3,0,1.211143E-3,0,0,4.037142E-4,0,0,2.099314E-2,2.058942E-2,4.037142E-4,4.037142E-4,3.633428E-3,8.074283E-4,8.074283E-4,8.074283E-4,4.037142E-4,4.037142E-4,8.074283E-4,4.037142E-4,8.074283E-4,8.074283E-4,4.844570E-3,2.825999E-3,1.614857E-3,0,2.018571E-3,2.018571E-3,1.614857E-3,1.614857E-3,1.009285E-2,8.074283E-3,8.074283E-3,8.074283E-3,8.074283E-3,8.074283E-3,5.248284E-3,2.825999E-3,0,1.614857E-3,8.074283E-4,8.074283E-4,0,8.074283E-4,4.037142E-4,4.037142E-4,4.037142E-4,4.037142E-4,0,0,0,0,0,0,2.825999E-3,4.037142E-4,0,0,0,1.614857E-3,4.037142E-4,0,4.037142E-4,4.037142E-4,4.037142E-4,4.037142E-4,4.844570E-3,1.211143E-3,0,0,0,8.074283E-3,1.614857E-3,1.614857E-3,6.459427E-3,4.440856E-3,4.440856E-3,4.037142E-3,2.422285E-3,2.018571E-3,2.018571E-3,2.018571E-3,4.037142E-4,0,2.825999E-3,4.037142E-4,2.422285E-3,1.614857E-3,0,4.037142E-4,4.037142E-4,0,0,0,0,1.211143E-2,5.248284E-3,2.422285E-3,1.614857E-3,0,0,0,0,0,4.037142E-4,4.037142E-4,0,0,0,0,0,0,0,0,4.037142E-4,0,4.037142E-4,0,4.037142E-4,4.037142E-4,2.825999E-3,1.211143E-3,0,0,4.037142E-4,0,0,4.037142E-4,4.037142E-4,0,0,0,0,0,0,4.037142E-4,0,0,0,0,0,0,0,0,0,4.037142E-4,4.037142E-4,8.074283E-4,8.074283E-4,0,8.074283E-4,0,0,0,0,8.316512E-2,5.248284E-3,5.248284E-3,2.422285E-3,8.074283E-4,4.037142E-4,0,1.614857E-3,8.074283E-4,0,0,1.614857E-3,1.211143E-3,4.037142E-4,1.211143E-3,4.037142E-4,8.074283E-4,0,0,2.825999E-3,4.037142E-4,4.037142E-4,4.037142E-4,4.037142E-3,4.037142E-4,3.229713E-3,1.614857E-3,4.037142E-4,4.037142E-4,4.037142E-4,4.037142E-4,5.490513E-2,3.350828E-2,4.037142E-4,1.211143E-3,3.189342E-2,1.211143E-3,4.037142E-4,2.987485E-2,2.866371E-2,1.897457E-2,4.037142E-4,1.211143E-3,1.655228E-2,4.037142E-4,5.651998E-3,1.251514E-2,1.614857E-3,4.037142E-4,1.211143E-3,2.018571E-3,6.863141E-3,6.459427E-3,6.459427E-3,6.055713E-3,6.055713E-3,4.037142E-3,3.633428E-3,4.037142E-4,4.037142E-4,4.037142E-4,0,4.037142E-4,4.037142E-4,4.037142E-4,0,0,8.074283E-4,5.651998E-3,4.037142E-4,0,0,4.037142E-3,0,0,0,4.037142E-3,3.229713E-3,0,0,4.037142E-4,2.825999E-3,0,0,0,0,2.825999E-3,0,0,8.074283E-4,8.074283E-4,0,0,1.211143E-3,1.211143E-3,1.655228E-2,1.655228E-2,6.459427E-3,4.440856E-3,4.037142E-3,2.422285E-3,0,4.037142E-4,4.037142E-4,9.285426E-3,4.037142E-4,7.670569E-3,7.266855E-3,8.074283E-4,3.229713E-3,2.825999E-3,1.614857E-3,1.614857E-3,1.211143E-3,4.037142E-4,0,0,1.211143E-3,1.211143E-3,0,0,0,0,2.018571E-3,3.633428E-3,3.633428E-3,2.422285E-3,4.037142E-4,4.037142E-4,4.037142E-4,4.037142E-4,4.037142E-4,4.037142E-4,0,0,1.211143E-3,1.211143E-3,0,1.211143E-3,0,1.493742E-2,0,8.074283E-4,8.074283E-4,4.037142E-4,4.037142E-4,4.037142E-4,4.037142E-4,1.009285E-2,9.285426E-3,8.074283E-4,8.074283E-4,7.266855E-3,8.074283E-4,5.651998E-3,1.211143E-3,4.037142E-4,4.037142E-4,4.037142E-4,0,0,4.037142E-4,8.074283E-4,0,0,8.074283E-4,8.074283E-4,0,0,0,4.844570E-3,4.037142E-4,8.074283E-4,8.074283E-4,0,3.633428E-3,2.018571E-3,1.211143E-3,1.211143E-3,0,0,0,4.037142E-4,4.037142E-4,0,0,0,0,0,0,0,0,0,0,0,0,0,0,0,0,2.180057E-2,2.180057E-2,2.180057E-2,9.689140E-3,8.477998E-3,4.844570E-3,0,8.074283E-4,0,8.074283E-4,8.074283E-4,8.074283E-4]: 2477

Forest with 10 trees Model
**************************

Forest with 10 models

Forest with 10 trees(T = 0.0) Model
***********************************

Forest with 10 models

Forest with 10 trees(T = 2.0) Model
***********************************

Forest with 10 models

Forest with 10 trees(T = 4.0) Model
***********************************

Forest with 10 models

Forest with 10 trees(T = 6.0) Model
***********************************

Forest with 10 models

Forest with 10 trees(T = 8.0) Model
***********************************

Forest with 10 models

Forest with 10 trees(T = 10.0) Model
************************************

Forest with 10 models

Forest with 10 trees(T = 12.0) Model
************************************

Forest with 10 models

Forest with 10 trees(T = 14.0) Model
************************************

Forest with 10 models

Forest with 10 trees(T = 16.0) Model
************************************

Forest with 10 models

Forest with 10 trees(T = 18.0) Model
************************************

Forest with 10 models

Forest with 10 trees(T = 20.0) Model
************************************

Forest with 10 models

Forest with 10 trees(T = 22.0) Model
************************************

Forest with 10 models

Forest with 10 trees(T = 24.0) Model
************************************

Forest with 10 models

Forest with 10 trees(T = 26.0) Model
************************************

Forest with 10 models

Forest with 10 trees(T = 28.0) Model
************************************

Forest with 10 models

Forest with 10 trees(T = 30.0) Model
************************************

Forest with 10 models

Forest with 10 trees(T = 32.0) Model
************************************

Forest with 10 models

Forest with 10 trees(T = 34.0) Model
************************************

Forest with 10 models

Forest with 10 trees(T = 36.0) Model
************************************

Forest with 10 models

Forest with 10 trees(T = 38.0) Model
************************************

Forest with 10 models

Forest with 10 trees(T = 40.0) Model
************************************

Forest with 10 models

Forest with 10 trees(T = 42.0) Model
************************************

Forest with 10 models

Forest with 10 trees(T = 44.0) Model
************************************

Forest with 10 models

Forest with 10 trees(T = 46.0) Model
************************************

Forest with 10 models

Forest with 10 trees(T = 48.0) Model
************************************

Forest with 10 models

Forest with 10 trees(T = 50.0) Model
************************************

Forest with 10 models

Forest with 10 trees(T = 52.0) Model
************************************

Forest with 10 models

Forest with 10 trees(T = 54.0) Model
************************************

Forest with 10 models

Forest with 10 trees(T = 56.0) Model
************************************

Forest with 10 models

Forest with 10 trees(T = 58.0) Model
************************************

Forest with 10 models

Forest with 10 trees(T = 60.0) Model
************************************

Forest with 10 models

Forest with 10 trees(T = 62.0) Model
************************************

Forest with 10 models

Forest with 10 trees(T = 64.0) Model
************************************

Forest with 10 models

Forest with 10 trees(T = 66.0) Model
************************************

Forest with 10 models

Forest with 10 trees(T = 68.0) Model
************************************

Forest with 10 models

Forest with 10 trees(T = 70.0) Model
************************************

Forest with 10 models

Forest with 10 trees(T = 72.0) Model
************************************

Forest with 10 models

Forest with 10 trees(T = 74.0) Model
************************************

Forest with 10 models

Forest with 10 trees(T = 76.0) Model
************************************

Forest with 10 models

Forest with 10 trees(T = 78.0) Model
************************************

Forest with 10 models

Forest with 10 trees(T = 80.0) Model
************************************

Forest with 10 models

Forest with 10 trees(T = 82.0) Model
************************************

Forest with 10 models

Forest with 10 trees(T = 84.0) Model
************************************

Forest with 10 models

Forest with 10 trees(T = 86.0) Model
************************************

Forest with 10 models

Forest with 10 trees(T = 88.0) Model
************************************

Forest with 10 models

Forest with 10 trees(T = 90.0) Model
************************************

Forest with 10 models

Forest with 10 trees(T = 92.0) Model
************************************

Forest with 10 models

Forest with 10 trees(T = 94.0) Model
************************************

Forest with 10 models

Forest with 10 trees(T = 96.0) Model
************************************

Forest with 10 models

Forest with 10 trees(T = 98.0) Model
************************************

Forest with 10 models

Forest with 10 trees(T = 100.0) Model
*************************************

Forest with 10 models

